#
# A fatal error has been detected by the Java Runtime Environment:
#
#  SIGSEGV (0xb) at pc=0x00007fffc5e3b48f, pid=763, tid=0x0000000000000307
#
# JRE version: Java(TM) SE Runtime Environment (8.0_144-b01) (build 1.8.0_144-b01)
# Java VM: Java HotSpot(TM) 64-Bit Server VM (25.144-b01 mixed mode bsd-amd64 compressed oops)
# Problematic frame:
# C  [libobjc.A.dylib+0x948f]  objc_release+0xf
#
# Failed to write core dump. Core dumps have been disabled. To enable core dumping, try "ulimit -c unlimited" before starting Java again
#
# If you would like to submit a bug report, please visit:
#   http://bugreport.java.com/bugreport/crash.jsp
# The crash happened outside the Java Virtual Machine in native code.
# See problematic frame for where to report the bug.
#

---------------  T H R E A D  ---------------

Current thread (0x00007fab62959000):  JavaThread "AWT-AppKit" daemon [_thread_in_native, id=775, stack(0x00007fff5332d000,0x00007fff53b2d000)]

siginfo: si_signo: 11 (SIGSEGV), si_code: 0 (unknown), si_addr: 0x0000000000000000

Registers:
RAX=0x0000000000000008, RBX=0x0000000000000000, RCX=0x0000000000000004, RDX=0x00007fab6706d058
RSP=0x00007fff53b281d0, RBP=0x00007fff53b281d0, RSI=0x0000000115def010, RDI=0xd00007fab6721908
R8 =0x0000000000000001, R9 =0x0000000000000004, R10=0x0000000196c00840, R11=0x00007fab647d2bc0
R12=0x0000000000000000, R13=0x000000019ac132c8, R14=0x00007fab625cd5f0, R15=0x00007fab62959000
RIP=0x00007fffc5e3b48f, EFLAGS=0x0000000000010246, ERR=0x0000000000000000
  TRAPNO=0x000000000000000d

Top of Stack: (sp=0x00007fff53b281d0)
0x00007fff53b281d0:   00007fff53b28200 0000000115d76f5c
0x00007fff53b281e0:   00007fff53b28200 0000000196c00450
0x00007fff53b281f0:   0000000196c00440 00007fab62959000
0x00007fff53b28200:   00007fff53b282c0 0000000196bfe215
0x00007fff53b28210:   0000000196c00700 0000000196c006e0
0x00007fff53b28220:   0000000196c004b0 0000000000000000
0x00007fff53b28230:   000000019ac132c8 000000019ac132c8
0x00007fff53b28240:   00007fab6706d050 0000000196c006a0
0x00007fff53b28250:   0000000196c00710 00007fffcbe9e6d0
0x00007fff53b28260:   00007fffccace1e0 0000000196c00450
0x00007fff53b28270:   0000000196c00690 00007fab6706d050
0x00007fff53b28280:   00007fab625cd5f0 00007fab62566ea0
0x00007fff53b28290:   00007fab6706d050 00007fab625cd5f0
0x00007fff53b282a0:   00007fff53b28348 00007fab629591f8
0x00007fff53b282b0:   000000019ac132c8 00007fff53b28370
0x00007fff53b282c0:   00007fff53b28338 000000011b5ec9f4
0x00007fff53b282d0:   000000019ac132c8 00007fff53b28370
0x00007fff53b282e0:   00007fff53b28338 000000011b5ec787
0x00007fff53b282f0:   000000011b5ec742 00007fff53b282f8
0x00007fff53b28300:   000000019ac132c8 00007fff53b28370
0x00007fff53b28310:   000000019900cf78 0000000000000000
0x00007fff53b28320:   000000019ac132c8 0000000000000000
0x00007fff53b28330:   00007fff53b28358 00007fff53b283b8
0x00007fff53b28340:   000000011b5dd2bd 00000007404090f0
0x00007fff53b28350:   000000011b5e6538 00007fab6706d050
0x00007fff53b28360:   00007fff53b283b8 00007fab625cd5f0
0x00007fff53b28370:   000000011b5e7e02 00007fff53b28378
0x00007fff53b28380:   000000019ac13492 00007fff53b283e0
0x00007fff53b28390:   000000019900cf78 0000000000000000
0x00007fff53b283a0:   000000019ac134a0 00007fff53b28358
0x00007fff53b283b0:   00007fff53b283c8 00007fff53b28428
0x00007fff53b283c0:   000000011b5dd2bd 00007fab6706d050 

Instructions: (pc=0x00007fffc5e3b48f)
0x00007fffc5e3b46f:   e9 38 54 00 00 90 90 90 90 90 90 90 90 90 90 90
0x00007fffc5e3b47f:   90 55 48 89 e5 48 85 ff 74 67 40 f6 c7 01 75 61
0x00007fffc5e3b48f:   48 8b 07 48 b9 f8 ff ff ff ff 7f 00 00 48 21 c1
0x00007fffc5e3b49f:   f6 41 20 02 74 58 a8 01 74 49 48 b9 00 00 00 00 

Register to memory mapping:

RAX=0x0000000000000008 is an unknown value
RBX=0x0000000000000000 is an unknown value
RCX=0x0000000000000004 is an unknown value
RDX=0x00007fab6706d058 is an unknown value
RSP=0x00007fff53b281d0 is pointing into the stack for thread: 0x00007fab62959000
RBP=0x00007fff53b281d0 is pointing into the stack for thread: 0x00007fab62959000
RSI=0x0000000115def010: OBJC_IVAR_$_PrinterView.fCurPeekGraphics+0x1af0 in /Library/Java/JavaVirtualMachines/jdk1.8.0_144.jdk/Contents/Home/jre/lib/libawt_lwawt.dylib at 0x0000000115d72000
RDI=0xd00007fab6721908 is an unknown value
R8 =0x0000000000000001 is an unknown value
R9 =0x0000000000000004 is an unknown value
R10=0x0000000196c00840: OBJC_CLASS_$_MyCALayer+0 in /private/var/folders/4g/xxzpq2px2tg5jwrm0_jx44dc0000gn/T/jogamp_0000/file_cache/jln95042785845711729/jln8272175476675734423/libnativewindow_macosx.jnilib at 0x0000000196bf9000
R11=0x00007fab647d2bc0 is an unknown value
R12=0x0000000000000000 is an unknown value
R13={method} {0x000000019ac132c8} 'UnsetJAWTRootSurfaceLayer0' '(JJ)V' in 'jogamp/nativewindow/jawt/macosx/MacOSXJAWTWindow'
R14=0x00007fab625cd5f0 is an unknown value
R15=0x00007fab62959000 is a thread


Stack: [0x00007fff5332d000,0x00007fff53b2d000],  sp=0x00007fff53b281d0,  free space=8172k
Native frames: (J=compiled Java code, j=interpreted, Vv=VM code, C=native code)
C  [libobjc.A.dylib+0x948f]  objc_release+0xf
C  [libawt_lwawt.dylib+0x4f5c]  -[AWTSurfaceLayers setLayer:]+0x54
C  [libnativewindow_macosx.jnilib+0x5215]  Java_jogamp_nativewindow_jawt_macosx_MacOSXJAWTWindow_UnsetJAWTRootSurfaceLayer0+0x1a5
j  jogamp.nativewindow.jawt.macosx.MacOSXJAWTWindow.UnsetJAWTRootSurfaceLayer0(JJ)V+0
j  jogamp.nativewindow.jawt.macosx.MacOSXJAWTWindow.access$200(JJ)V+2
j  jogamp.nativewindow.jawt.macosx.MacOSXJAWTWindow$1.run()V+38
J 3126 C1 com.jogamp.common.util.RunnableTask.run()V (345 bytes) @ 0x000000011bf222b4 [0x000000011bf22120+0x194]
v  ~StubRoutines::call_stub
V  [libjvm.dylib+0x2ee70a]  JavaCalls::call_helper(JavaValue*, methodHandle*, JavaCallArguments*, Thread*)+0x6ae
V  [libjvm.dylib+0x3258b9]  jni_invoke_nonstatic(JNIEnv_*, JavaValue*, _jobject*, JNICallType, _jmethodID*, JNI_ArgumentPusher*, Thread*)+0x2ec
V  [libjvm.dylib+0x318087]  jni_CallVoidMethod+0x16b
C  [libnativewindow_macosx.jnilib+0x5326]  Java_jogamp_nativewindow_jawt_macosx_MacOSXJAWTWindow_UnsetJAWTRootSurfaceLayer0+0x2b6
C  [Foundation+0x7152a]  __NSThreadPerformPerform+0x146
C  [CoreFoundation+0xa7321]  __CFRUNLOOP_IS_CALLING_OUT_TO_A_SOURCE0_PERFORM_FUNCTION__+0x11
C  [CoreFoundation+0x88197]  __CFRunLoopDoSources0+0x1a7
C  [CoreFoundation+0x87716]  __CFRunLoopRun+0x3a6
C  [CoreFoundation+0x87114]  CFRunLoopRunSpecific+0x1a4
C  [HIToolbox+0x30ebc]  RunCurrentEventLoopInMode+0xf0
C  [HIToolbox+0x30bf9]  ReceiveNextEventCommon+0xb8
C  [HIToolbox+0x30b26]  _BlockUntilNextEventMatchingListInModeWithFilter+0x47
C  [AppKit+0x46a54]  _DPSNextEvent+0x460
C  [AppKit+0x7c27ee]  -[NSApplication(NSEvent) _nextEventMatchingEventMask:untilDate:inMode:dequeue:]+0xaec
C  [libosxapp.dylib+0x23aa]  -[NSApplicationAWT nextEventMatchingMask:untilDate:inMode:dequeue:]+0x7c
C  [AppKit+0x3b3db]  -[NSApplication run]+0x39e
C  [libosxapp.dylib+0x214d]  +[NSApplicationAWT runAWTLoopWithApp:]+0x9c
C  [libawt_lwawt.dylib+0x45edf]  -[AWTStarter starter:]+0x389
C  [Foundation+0x7152a]  __NSThreadPerformPerform+0x146
C  [CoreFoundation+0xa7321]  __CFRUNLOOP_IS_CALLING_OUT_TO_A_SOURCE0_PERFORM_FUNCTION__+0x11
C  [CoreFoundation+0x8821d]  __CFRunLoopDoSources0+0x22d
C  [CoreFoundation+0x87716]  __CFRunLoopRun+0x3a6
C  [CoreFoundation+0x87114]  CFRunLoopRunSpecific+0x1a4
C  [java+0x6465]  CreateExecutionEnvironment+0x367
C  [java+0x218c]  JLI_Launch+0x7a0
C  [java+0x84c2]  main+0x65
C  [java+0x19e4]  start+0x34
C  0x0000000000000007

Java frames: (J=compiled Java code, j=interpreted, Vv=VM code)
j  jogamp.nativewindow.jawt.macosx.MacOSXJAWTWindow.UnsetJAWTRootSurfaceLayer0(JJ)V+0
j  jogamp.nativewindow.jawt.macosx.MacOSXJAWTWindow.access$200(JJ)V+2
j  jogamp.nativewindow.jawt.macosx.MacOSXJAWTWindow$1.run()V+38
J 3126 C1 com.jogamp.common.util.RunnableTask.run()V (345 bytes) @ 0x000000011bf222b4 [0x000000011bf22120+0x194]
v  ~StubRoutines::call_stub

---------------  P R O C E S S  ---------------

Java Threads: ( => current thread )
  0x00007fab63ec4000 JavaThread "Thread-199" [_thread_blocked, id=72715, stack(0x0000700007d8d000,0x0000700007e8d000)]
  0x00007fab64482000 JavaThread "AWT-EventQueue-1" [_thread_in_native, id=68723, stack(0x0000700007c07000,0x0000700007d07000)]
  0x00007fab63a41800 JavaThread "DestroyJavaVM" [_thread_blocked, id=6915, stack(0x00007000065bf000,0x00007000066bf000)]
  0x00007fab629de000 JavaThread "AWT-EventQueue-0" [_thread_blocked, id=60419, stack(0x0000700007a01000,0x0000700007b01000)]
  0x00007fab629b0000 JavaThread "Java2D Disposer" daemon [_thread_blocked, id=57103, stack(0x0000700007778000,0x0000700007878000)]
  0x00007fab629e4000 JavaThread "Java2D Queue Flusher" daemon [_thread_blocked, id=47927, stack(0x0000700007675000,0x0000700007775000)]
  0x00007fab639c3000 JavaThread "AWT-Shutdown" [_thread_blocked, id=30495, stack(0x00007000074ef000,0x00007000075ef000)]
=>0x00007fab62959000 JavaThread "AWT-AppKit" daemon [_thread_in_native, id=775, stack(0x00007fff5332d000,0x00007fff53b2d000)]
  0x00007fab63832800 JavaThread "Service Thread" daemon [_thread_blocked, id=18691, stack(0x0000700007266000,0x0000700007366000)]
  0x00007fab63817000 JavaThread "C1 CompilerThread2" daemon [_thread_blocked, id=18179, stack(0x0000700007163000,0x0000700007263000)]
  0x00007fab63038000 JavaThread "C2 CompilerThread1" daemon [_thread_blocked, id=17667, stack(0x0000700007060000,0x0000700007160000)]
  0x00007fab63036800 JavaThread "C2 CompilerThread0" daemon [_thread_blocked, id=17155, stack(0x0000700006f5d000,0x000070000705d000)]
  0x00007fab63033800 JavaThread "Signal Dispatcher" daemon [_thread_blocked, id=16643, stack(0x0000700006e5a000,0x0000700006f5a000)]
  0x00007fab63003800 JavaThread "Finalizer" daemon [_thread_blocked, id=12291, stack(0x0000700006cd4000,0x0000700006dd4000)]
  0x00007fab6283b800 JavaThread "Reference Handler" daemon [_thread_blocked, id=11779, stack(0x0000700006bd1000,0x0000700006cd1000)]

Other Threads:
  0x00007fab62839000 VMThread [stack: 0x0000700006ace000,0x0000700006bce000] [id=11267]
  0x00007fab6380f800 WatcherThread [stack: 0x0000700007369000,0x0000700007469000] [id=19203]

VM state:not at safepoint (normal execution)

VM Mutex/Monitor currently owned by a thread: None

Heap:
 PSYoungGen      total 178688K, used 98695K [0x0000000795580000, 0x00000007a4b80000, 0x00000007c0000000)
  eden space 166912K, 52% used [0x0000000795580000,0x000000079aad9a50,0x000000079f880000)
  from space 11776K, 95% used [0x00000007a4000000,0x00000007a4b082b0,0x00000007a4b80000)
  to   space 18944K, 0% used [0x00000007a2680000,0x00000007a2680000,0x00000007a3900000)
 ParOldGen       total 129536K, used 53816K [0x0000000740000000, 0x0000000747e80000, 0x0000000795580000)
  object space 129536K, 41% used [0x0000000740000000,0x000000074348e1e8,0x0000000747e80000)
 Metaspace       used 25213K, capacity 25643K, committed 25984K, reserved 1073152K
  class space    used 2489K, capacity 2624K, committed 2688K, reserved 1048576K

Card table byte_map: [0x000000010dd67000,0x000000010e168000] byte_map_base: 0x000000010a367000

Marking Bits: (ParMarkBitMap*) 0x000000010d2f35d0
 Begin Bits: [0x000000010e413000, 0x0000000110413000)
 End Bits:   [0x0000000110413000, 0x0000000112413000)

Polling page: 0x000000010c193000

CodeCache: size=245760Kb used=11614Kb max_used=11775Kb free=234145Kb
 bounds [0x000000011b5d5000, 0x000000011c175000, 0x000000012a5d5000]
 total_blobs=4355 nmethods=3403 adapters=865
 compilation: enabled

Compilation events (10 events):
Event: 91.559 Thread 0x00007fab63817000 4046       3       sun.java2d.pipe.PixelToParallelogramConverter::normalize (15 bytes)
Event: 91.559 Thread 0x00007fab63817000 nmethod 4046 0x000000011b7ecfd0 code [0x000000011b7ed180, 0x000000011b7ed408]
Event: 91.562 Thread 0x00007fab63817000 4047       3       java.util.concurrent.locks.ReentrantReadWriteLock$Sync::exclusiveCount (5 bytes)
Event: 91.562 Thread 0x00007fab63817000 nmethod 4047 0x000000011b885c10 code [0x000000011b885d60, 0x000000011b885e90]
Event: 91.588 Thread 0x00007fab63038000 4049       4       java.util.HashMap::putVal (300 bytes)
Event: 91.588 Thread 0x00007fab63036800 4048       4       java.util.HashMap::put (13 bytes)
Event: 91.593 Thread 0x00007fab63817000 4051  s    2       sun.misc.URLClassPath::getNextLoader (88 bytes)
Event: 91.594 Thread 0x00007fab63817000 nmethod 4051 0x000000011be1dd90 code [0x000000011be1df40, 0x000000011be1e508]
Event: 91.604 Thread 0x00007fab63038000 nmethod 4049 0x000000011be92b50 code [0x000000011be92d20, 0x000000011be934e8]
Event: 91.604 Thread 0x00007fab63038000 4050  s!   4       sun.misc.URLClassPath::getLoader (243 bytes)

GC Heap History (10 events):
Event: 24.763 GC heap before
{Heap before GC invocations=10 (full 1):
 PSYoungGen      total 152576K, used 152480K [0x0000000795580000, 0x000000079fe00000, 0x00000007c0000000)
  eden space 137216K, 100% used [0x0000000795580000,0x000000079db80000,0x000000079db80000)
  from space 15360K, 99% used [0x000000079ef00000,0x000000079fde83e0,0x000000079fe00000)
  to   space 17408K, 0% used [0x000000079dc00000,0x000000079dc00000,0x000000079ed00000)
 ParOldGen       total 54272K, used 36028K [0x0000000740000000, 0x0000000743500000, 0x0000000795580000)
  object space 54272K, 66% used [0x0000000740000000,0x000000074232f018,0x0000000743500000)
 Metaspace       used 25133K, capacity 25547K, committed 25728K, reserved 1073152K
  class space    used 2479K, capacity 2592K, committed 2688K, reserved 1048576K
Event: 24.776 GC heap after
Heap after GC invocations=10 (full 1):
 PSYoungGen      total 155136K, used 17377K [0x0000000795580000, 0x00000007a2c00000, 0x00000007c0000000)
  eden space 137728K, 0% used [0x0000000795580000,0x0000000795580000,0x000000079dc00000)
  from space 17408K, 99% used [0x000000079dc00000,0x000000079ecf8460,0x000000079ed00000)
  to   space 20992K, 0% used [0x00000007a1780000,0x00000007a1780000,0x00000007a2c00000)
 ParOldGen       total 54272K, used 39304K [0x0000000740000000, 0x0000000743500000, 0x0000000795580000)
  object space 54272K, 72% used [0x0000000740000000,0x00000007426620f8,0x0000000743500000)
 Metaspace       used 25133K, capacity 25547K, committed 25728K, reserved 1073152K
  class space    used 2479K, capacity 2592K, committed 2688K, reserved 1048576K
}
Event: 37.332 GC heap before
{Heap before GC invocations=11 (full 1):
 PSYoungGen      total 155136K, used 155105K [0x0000000795580000, 0x00000007a2c00000, 0x00000007c0000000)
  eden space 137728K, 100% used [0x0000000795580000,0x000000079dc00000,0x000000079dc00000)
  from space 17408K, 99% used [0x000000079dc00000,0x000000079ecf8460,0x000000079ed00000)
  to   space 20992K, 0% used [0x00000007a1780000,0x00000007a1780000,0x00000007a2c00000)
 ParOldGen       total 54272K, used 39304K [0x0000000740000000, 0x0000000743500000, 0x0000000795580000)
  object space 54272K, 72% used [0x0000000740000000,0x00000007426620f8,0x0000000743500000)
 Metaspace       used 25138K, capacity 25547K, committed 25728K, reserved 1073152K
  class space    used 2479K, capacity 2592K, committed 2688K, reserved 1048576K
Event: 37.343 GC heap after
Heap after GC invocations=11 (full 1):
 PSYoungGen      total 187392K, used 9456K [0x0000000795580000, 0x00000007a2580000, 0x00000007c0000000)
  eden space 173056K, 0% used [0x0000000795580000,0x0000000795580000,0x000000079fe80000)
  from space 14336K, 65% used [0x00000007a1780000,0x00000007a20bc250,0x00000007a2580000)
  to   space 19968K, 0% used [0x000000079fe80000,0x000000079fe80000,0x00000007a1200000)
 ParOldGen       total 54272K, used 49400K [0x0000000740000000, 0x0000000743500000, 0x0000000795580000)
  object space 54272K, 91% used [0x0000000740000000,0x000000074303e368,0x0000000743500000)
 Metaspace       used 25138K, capacity 25547K, committed 25728K, reserved 1073152K
  class space    used 2479K, capacity 2592K, committed 2688K, reserved 1048576K
}
Event: 37.343 GC heap before
{Heap before GC invocations=12 (full 2):
 PSYoungGen      total 187392K, used 9456K [0x0000000795580000, 0x00000007a2580000, 0x00000007c0000000)
  eden space 173056K, 0% used [0x0000000795580000,0x0000000795580000,0x000000079fe80000)
  from space 14336K, 65% used [0x00000007a1780000,0x00000007a20bc250,0x00000007a2580000)
  to   space 19968K, 0% used [0x000000079fe80000,0x000000079fe80000,0x00000007a1200000)
 ParOldGen       total 54272K, used 49400K [0x0000000740000000, 0x0000000743500000, 0x0000000795580000)
  object space 54272K, 91% used [0x0000000740000000,0x000000074303e368,0x0000000743500000)
 Metaspace       used 25138K, capacity 25547K, committed 25728K, reserved 1073152K
  class space    used 2479K, capacity 2592K, committed 2688K, reserved 1048576K
Event: 37.440 GC heap after
Heap after GC invocations=12 (full 2):
 PSYoungGen      total 187392K, used 2052K [0x0000000795580000, 0x00000007a2580000, 0x00000007c0000000)
  eden space 173056K, 0% used [0x0000000795580000,0x0000000795580000,0x000000079fe80000)
  from space 14336K, 14% used [0x00000007a1780000,0x00000007a1981078,0x00000007a2580000)
  to   space 19968K, 0% used [0x000000079fe80000,0x000000079fe80000,0x00000007a1200000)
 ParOldGen       total 129536K, used 53808K [0x0000000740000000, 0x0000000747e80000, 0x0000000795580000)
  object space 129536K, 41% used [0x0000000740000000,0x000000074348c1e8,0x0000000747e80000)
 Metaspace       used 25138K, capacity 25547K, committed 25728K, reserved 1073152K
  class space    used 2479K, capacity 2592K, committed 2688K, reserved 1048576K
}
Event: 52.155 GC heap before
{Heap before GC invocations=13 (full 2):
 PSYoungGen      total 187392K, used 175108K [0x0000000795580000, 0x00000007a2580000, 0x00000007c0000000)
  eden space 173056K, 100% used [0x0000000795580000,0x000000079fe80000,0x000000079fe80000)
  from space 14336K, 14% used [0x00000007a1780000,0x00000007a1981078,0x00000007a2580000)
  to   space 19968K, 0% used [0x000000079fe80000,0x000000079fe80000,0x00000007a1200000)
 ParOldGen       total 129536K, used 53808K [0x0000000740000000, 0x0000000747e80000, 0x0000000795580000)
  object space 129536K, 41% used [0x0000000740000000,0x000000074348c1e8,0x0000000747e80000)
 Metaspace       used 25172K, capacity 25547K, committed 25728K, reserved 1073152K
  class space    used 2479K, capacity 2592K, committed 2688K, reserved 1048576K
Event: 52.166 GC heap after
Heap after GC invocations=13 (full 2):
 PSYoungGen      total 193024K, used 11200K [0x0000000795580000, 0x00000007a5300000, 0x00000007c0000000)
  eden space 173056K, 0% used [0x0000000795580000,0x0000000795580000,0x000000079fe80000)
  from space 19968K, 56% used [0x000000079fe80000,0x00000007a09702b0,0x00000007a1200000)
  to   space 19456K, 0% used [0x00000007a4000000,0x00000007a4000000,0x00000007a5300000)
 ParOldGen       total 129536K, used 53816K [0x0000000740000000, 0x0000000747e80000, 0x0000000795580000)
  object space 129536K, 41% used [0x0000000740000000,0x000000074348e1e8,0x0000000747e80000)
 Metaspace       used 25172K, capacity 25547K, committed 25728K, reserved 1073152K
  class space    used 2479K, capacity 2592K, committed 2688K, reserved 1048576K
}
Event: 77.649 GC heap before
{Heap before GC invocations=14 (full 2):
 PSYoungGen      total 193024K, used 184256K [0x0000000795580000, 0x00000007a5300000, 0x00000007c0000000)
  eden space 173056K, 100% used [0x0000000795580000,0x000000079fe80000,0x000000079fe80000)
  from space 19968K, 56% used [0x000000079fe80000,0x00000007a09702b0,0x00000007a1200000)
  to   space 19456K, 0% used [0x00000007a4000000,0x00000007a4000000,0x00000007a5300000)
 ParOldGen       total 129536K, used 53816K [0x0000000740000000, 0x0000000747e80000, 0x0000000795580000)
  object space 129536K, 41% used [0x0000000740000000,0x000000074348e1e8,0x0000000747e80000)
 Metaspace       used 25175K, capacity 25547K, committed 25728K, reserved 1073152K
  class space    used 2479K, capacity 2592K, committed 2688K, reserved 1048576K
Event: 77.659 GC heap after
Heap after GC invocations=14 (full 2):
 PSYoungGen      total 178688K, used 11296K [0x0000000795580000, 0x00000007a4b80000, 0x00000007c0000000)
  eden space 166912K, 0% used [0x0000000795580000,0x0000000795580000,0x000000079f880000)
  from space 11776K, 95% used [0x00000007a4000000,0x00000007a4b082b0,0x00000007a4b80000)
  to   space 18944K, 0% used [0x00000007a2680000,0x00000007a2680000,0x00000007a3900000)
 ParOldGen       total 129536K, used 53816K [0x0000000740000000, 0x0000000747e80000, 0x0000000795580000)
  object space 129536K, 41% used [0x0000000740000000,0x000000074348e1e8,0x0000000747e80000)
 Metaspace       used 25175K, capacity 25547K, committed 25728K, reserved 1073152K
  class space    used 2479K, capacity 2592K, committed 2688K, reserved 1048576K
}

Deoptimization events (10 events):
Event: 91.558 Thread 0x00007fab629de000 Uncommon trap: reason=unstable_if action=reinterpret pc=0x000000011c121a60 method=sun.java2d.pipe.Region.isInsideXYXY(IIII)Z @ 30
Event: 91.559 Thread 0x00007fab629de000 Uncommon trap: reason=unstable_if action=reinterpret pc=0x000000011bbf0714 method=java.awt.Font.equals(Ljava/lang/Object;)Z @ 2
Event: 91.587 Thread 0x00007fab63158000 Uncommon trap: reason=bimorphic action=maybe_recompile pc=0x000000011bb74d58 method=java.util.HashMap.putVal(ILjava/lang/Object;Ljava/lang/Object;ZZ)Ljava/lang/Object; @ 91
Event: 91.587 Thread 0x00007fab63158000 Uncommon trap: reason=bimorphic action=maybe_recompile pc=0x000000011bb74d58 method=java.util.HashMap.putVal(ILjava/lang/Object;Ljava/lang/Object;ZZ)Ljava/lang/Object; @ 91
Event: 91.587 Thread 0x00007fab63158000 Uncommon trap: reason=bimorphic action=maybe_recompile pc=0x000000011bb74d58 method=java.util.HashMap.putVal(ILjava/lang/Object;Ljava/lang/Object;ZZ)Ljava/lang/Object; @ 91
Event: 91.587 Thread 0x00007fab63158000 Uncommon trap: reason=bimorphic action=maybe_recompile pc=0x000000011bb74d58 method=java.util.HashMap.putVal(ILjava/lang/Object;Ljava/lang/Object;ZZ)Ljava/lang/Object; @ 91
Event: 91.588 Thread 0x00007fab63158000 Uncommon trap: reason=class_check action=maybe_recompile pc=0x000000011bae4e1c method=java.util.HashMap.putVal(ILjava/lang/Object;Ljava/lang/Object;ZZ)Ljava/lang/Object; @ 91
Event: 91.589 Thread 0x00007fab629de000 Uncommon trap: reason=unstable_if action=reinterpret pc=0x000000011c1042a8 method=sun.java2d.pipe.Region.isEmpty()Z @ 19
Event: 91.600 Thread 0x00007fab64482000 Uncommon trap: reason=unstable_if action=reinterpret pc=0x000000011c122558 method=java.util.LinkedList$ListItr.<init>(Ljava/util/LinkedList;I)V @ 26
Event: 91.602 Thread 0x00007fab64482000 Uncommon trap: reason=unstable_if action=reinterpret pc=0x000000011c122a84 method=java.util.LinkedList$ListItr.<init>(Ljava/util/LinkedList;I)V @ 26

Internal exceptions (10 events):
Event: 0.350 Thread 0x00007fab62808800 Exception <a 'java/io/FileNotFoundException'> (0x0000000795810ec0) thrown at [/Users/java_re/workspace/8-2-build-macosx-x86_64/jdk8u144/9417/hotspot/src/share/vm/prims/jni.cpp, line 709]
Event: 0.351 Thread 0x00007fab62808800 Exception <a 'java/io/FileNotFoundException'> (0x0000000795811a28) thrown at [/Users/java_re/workspace/8-2-build-macosx-x86_64/jdk8u144/9417/hotspot/src/share/vm/prims/jni.cpp, line 709]
Event: 0.486 Thread 0x00007fab62808800 Exception <a 'java/io/FileNotFoundException'> (0x0000000795958490) thrown at [/Users/java_re/workspace/8-2-build-macosx-x86_64/jdk8u144/9417/hotspot/src/share/vm/prims/jni.cpp, line 709]
Event: 2.788 Thread 0x00007fab64493800 Exception <a 'java/lang/UnsatisfiedLinkError': com.jogamp.common.util.JarUtil.fixNativeLibAttribs(Ljava/lang/String;)Z> (0x0000000796cdb680) thrown at [/Users/java_re/workspace/8-2-build-macosx-x86_64/jdk8u144/9417/hotspot/src/share/vm/prims/nativeLookup.
Event: 3.021 Thread 0x00007fab63003800 Exception <a 'java/lang/NullPointerException'> (0x00000007956a1870) thrown at [/Users/java_re/workspace/8-2-build-macosx-x86_64/jdk8u144/9417/hotspot/src/share/vm/interpreter/linkResolver.cpp, line 1197]
Event: 3.751 Thread 0x00007fab64482000 Exception <a 'java/io/FileNotFoundException'> (0x00000007961b2d48) thrown at [/Users/java_re/workspace/8-2-build-macosx-x86_64/jdk8u144/9417/hotspot/src/share/vm/prims/jni.cpp, line 709]
Event: 3.751 Thread 0x00007fab64482000 Exception <a 'java/io/FileNotFoundException'> (0x00000007961bc630) thrown at [/Users/java_re/workspace/8-2-build-macosx-x86_64/jdk8u144/9417/hotspot/src/share/vm/prims/jni.cpp, line 709]
Event: 3.751 Thread 0x00007fab64482000 Implicit null exception at 0x000000011b7b4474 to 0x000000011b7b48a9
Event: 4.148 Thread 0x00007fab64482000 Implicit null exception at 0x000000011b9d0246 to 0x000000011b9d048d
Event: 5.152 Thread 0x00007fab64482000 Implicit null exception at 0x000000011bcde565 to 0x000000011bcde6b9

Events (10 events):
Event: 91.601 Executing VM operation: Deoptimize
Event: 91.601 Executing VM operation: Deoptimize done
Event: 91.601 loading class java/awt/Toolkit$ToolkitEventMulticaster
Event: 91.601 loading class java/awt/Toolkit$ToolkitEventMulticaster done
Event: 91.602 Thread 0x00007fab64482000 Uncommon trap: trap_request=0xffffff65 fr.pc=0x000000011c122a84
Event: 91.602 Thread 0x00007fab64482000 DEOPT PACKING pc=0x000000011c122a84 sp=0x0000700007d04960
Event: 91.602 Thread 0x00007fab64482000 DEOPT UNPACKING pc=0x000000011b5da229 sp=0x0000700007d048b8 mode 2
Event: 91.602 Thread 0x00007fab63158000 Thread exited: 0x00007fab63158000
Event: 91.603 loading class java/awt/Window$1DisposeAction
Event: 91.603 loading class java/awt/Window$1DisposeAction done


Dynamic libraries:
0x000000003bba7000 	/System/Library/Frameworks/Cocoa.framework/Versions/A/Cocoa
0x000000003bba7000 	/System/Library/Frameworks/Security.framework/Versions/A/Security
0x000000003bba7000 	/System/Library/Frameworks/ApplicationServices.framework/Versions/A/ApplicationServices
0x000000003bba7000 	/usr/lib/libz.1.dylib
0x000000003bba7000 	/usr/lib/libSystem.B.dylib
0x000000003bba7000 	/usr/lib/libobjc.A.dylib
0x000000003bba7000 	/System/Library/Frameworks/CoreFoundation.framework/Versions/A/CoreFoundation
0x000000003bba7000 	/System/Library/Frameworks/Foundation.framework/Versions/C/Foundation
0x000000003bba7000 	/System/Library/Frameworks/AppKit.framework/Versions/C/AppKit
0x000000003bba7000 	/System/Library/Frameworks/CoreData.framework/Versions/A/CoreData
0x000000003bba7000 	/System/Library/PrivateFrameworks/RemoteViewServices.framework/Versions/A/RemoteViewServices
0x000000003bba7000 	/System/Library/PrivateFrameworks/UIFoundation.framework/Versions/A/UIFoundation
0x000000003bba7000 	/System/Library/PrivateFrameworks/DFRFoundation.framework/Versions/A/DFRFoundation
0x000000003bba7000 	/usr/lib/libenergytrace.dylib
0x000000003bba7000 	/System/Library/PrivateFrameworks/SkyLight.framework/Versions/A/SkyLight
0x000000003bba7000 	/System/Library/Frameworks/CoreGraphics.framework/Versions/A/CoreGraphics
0x000000003bba7000 	/usr/lib/libScreenReader.dylib
0x000000003bba7000 	/System/Library/Frameworks/Accelerate.framework/Versions/A/Accelerate
0x000000003bba7000 	/System/Library/Frameworks/IOSurface.framework/Versions/A/IOSurface
0x000000003bba7000 	/System/Library/Frameworks/AudioToolbox.framework/Versions/A/AudioToolbox
0x000000003bba7000 	/System/Library/Frameworks/AudioUnit.framework/Versions/A/AudioUnit
0x000000003bba7000 	/System/Library/PrivateFrameworks/DataDetectorsCore.framework/Versions/A/DataDetectorsCore
0x000000003bba7000 	/System/Library/PrivateFrameworks/DesktopServicesPriv.framework/Versions/A/DesktopServicesPriv
0x000000003bba7000 	/System/Library/Frameworks/Carbon.framework/Versions/A/Frameworks/HIToolbox.framework/Versions/A/HIToolbox
0x000000003bba7000 	/usr/lib/libicucore.A.dylib
0x000000003bba7000 	/System/Library/Frameworks/QuartzCore.framework/Versions/A/QuartzCore
0x000000003bba7000 	/System/Library/Frameworks/Carbon.framework/Versions/A/Frameworks/SpeechRecognition.framework/Versions/A/SpeechRecognition
0x000000003bba7000 	/usr/lib/libauto.dylib
0x000000003bba7000 	/usr/lib/libxml2.2.dylib
0x000000003bba7000 	/System/Library/PrivateFrameworks/CoreUI.framework/Versions/A/CoreUI
0x000000003bba7000 	/System/Library/Frameworks/CoreAudio.framework/Versions/A/CoreAudio
0x000000003bba7000 	/System/Library/Frameworks/DiskArbitration.framework/Versions/A/DiskArbitration
0x000000003bba7000 	/usr/lib/liblangid.dylib
0x000000003bba7000 	/System/Library/PrivateFrameworks/MultitouchSupport.framework/Versions/A/MultitouchSupport
0x000000003bba7000 	/System/Library/Frameworks/IOKit.framework/Versions/A/IOKit
0x000000003bba7000 	/usr/lib/libDiagnosticMessagesClient.dylib
0x000000003bba7000 	/System/Library/Frameworks/CoreServices.framework/Versions/A/CoreServices
0x000000003bba7000 	/System/Library/PrivateFrameworks/PerformanceAnalysis.framework/Versions/A/PerformanceAnalysis
0x000000003bba7000 	/System/Library/PrivateFrameworks/GenerationalStorage.framework/Versions/A/GenerationalStorage
0x000000003bba7000 	/System/Library/Frameworks/OpenGL.framework/Versions/A/OpenGL
0x000000003bba7000 	/System/Library/Frameworks/CoreImage.framework/Versions/A/CoreImage
0x000000003bba7000 	/System/Library/Frameworks/CoreText.framework/Versions/A/CoreText
0x000000003bba7000 	/System/Library/Frameworks/ImageIO.framework/Versions/A/ImageIO
0x000000003bba7000 	/System/Library/PrivateFrameworks/Backup.framework/Versions/A/Backup
0x000000003bba7000 	/usr/lib/libarchive.2.dylib
0x000000003bba7000 	/System/Library/Frameworks/CFNetwork.framework/Versions/A/CFNetwork
0x000000003bba7000 	/System/Library/Frameworks/SystemConfiguration.framework/Versions/A/SystemConfiguration
0x000000003bba7000 	/usr/lib/libCRFSuite.dylib
0x000000003bba7000 	/usr/lib/libc++.1.dylib
0x000000003bba7000 	/usr/lib/libc++abi.dylib
0x000000003bba7000 	/usr/lib/system/libcache.dylib
0x000000003bba7000 	/usr/lib/system/libcommonCrypto.dylib
0x000000003bba7000 	/usr/lib/system/libcompiler_rt.dylib
0x000000003bba7000 	/usr/lib/system/libcopyfile.dylib
0x000000003bba7000 	/usr/lib/system/libcorecrypto.dylib
0x000000003bba7000 	/usr/lib/system/libdispatch.dylib
0x000000003bba7000 	/usr/lib/system/libdyld.dylib
0x000000003bba7000 	/usr/lib/system/libkeymgr.dylib
0x000000003bba7000 	/usr/lib/system/liblaunch.dylib
0x000000003bba7000 	/usr/lib/system/libmacho.dylib
0x000000003bba7000 	/usr/lib/system/libquarantine.dylib
0x000000003bba7000 	/usr/lib/system/libremovefile.dylib
0x000000003bba7000 	/usr/lib/system/libsystem_asl.dylib
0x000000003bba7000 	/usr/lib/system/libsystem_blocks.dylib
0x000000003bba7000 	/usr/lib/system/libsystem_c.dylib
0x000000003bba7000 	/usr/lib/system/libsystem_configuration.dylib
0x000000003bba7000 	/usr/lib/system/libsystem_coreservices.dylib
0x000000003bba7000 	/usr/lib/system/libsystem_coretls.dylib
0x000000003bba7000 	/usr/lib/system/libsystem_dnssd.dylib
0x000000003bba7000 	/usr/lib/system/libsystem_info.dylib
0x000000003bba7000 	/usr/lib/system/libsystem_kernel.dylib
0x000000003bba7000 	/usr/lib/system/libsystem_m.dylib
0x000000003bba7000 	/usr/lib/system/libsystem_malloc.dylib
0x000000003bba7000 	/usr/lib/system/libsystem_network.dylib
0x000000003bba7000 	/usr/lib/system/libsystem_networkextension.dylib
0x000000003bba7000 	/usr/lib/system/libsystem_notify.dylib
0x000000003bba7000 	/usr/lib/system/libsystem_platform.dylib
0x000000003bba7000 	/usr/lib/system/libsystem_pthread.dylib
0x000000003bba7000 	/usr/lib/system/libsystem_sandbox.dylib
0x000000003bba7000 	/usr/lib/system/libsystem_secinit.dylib
0x000000003bba7000 	/usr/lib/system/libsystem_symptoms.dylib
0x000000003bba7000 	/usr/lib/system/libsystem_trace.dylib
0x000000003bba7000 	/usr/lib/system/libunwind.dylib
0x000000003bba7000 	/usr/lib/system/libxpc.dylib
0x000000003bba7000 	/usr/lib/libbsm.0.dylib
0x000000003bba7000 	/usr/lib/system/libkxld.dylib
0x000000003bba7000 	/usr/lib/libcoretls.dylib
0x000000003bba7000 	/usr/lib/libcoretls_cfhelpers.dylib
0x000000003bba7000 	/usr/lib/libOpenScriptingUtil.dylib
0x000000003bba7000 	/usr/lib/libpam.2.dylib
0x000000003bba7000 	/usr/lib/libsqlite3.dylib
0x000000003bba7000 	/usr/lib/libxar.1.dylib
0x000000003bba7000 	/usr/lib/libbz2.1.0.dylib
0x000000003bba7000 	/usr/lib/liblzma.5.dylib
0x000000003bba7000 	/usr/lib/libnetwork.dylib
0x000000003bba7000 	/usr/lib/libpcap.A.dylib
0x000000003bba7000 	/System/Library/Frameworks/CoreServices.framework/Versions/A/Frameworks/FSEvents.framework/Versions/A/FSEvents
0x000000003bba7000 	/System/Library/Frameworks/CoreServices.framework/Versions/A/Frameworks/CarbonCore.framework/Versions/A/CarbonCore
0x000000003bba7000 	/System/Library/Frameworks/CoreServices.framework/Versions/A/Frameworks/Metadata.framework/Versions/A/Metadata
0x000000003bba7000 	/System/Library/Frameworks/CoreServices.framework/Versions/A/Frameworks/OSServices.framework/Versions/A/OSServices
0x000000003bba7000 	/System/Library/Frameworks/CoreServices.framework/Versions/A/Frameworks/SearchKit.framework/Versions/A/SearchKit
0x000000003bba7000 	/System/Library/Frameworks/CoreServices.framework/Versions/A/Frameworks/AE.framework/Versions/A/AE
0x000000003bba7000 	/System/Library/Frameworks/CoreServices.framework/Versions/A/Frameworks/LaunchServices.framework/Versions/A/LaunchServices
0x000000003bba7000 	/System/Library/Frameworks/CoreServices.framework/Versions/A/Frameworks/DictionaryServices.framework/Versions/A/DictionaryServices
0x000000003bba7000 	/System/Library/Frameworks/CoreServices.framework/Versions/A/Frameworks/SharedFileList.framework/Versions/A/SharedFileList
0x000000003bba7000 	/System/Library/Frameworks/NetFS.framework/Versions/A/NetFS
0x000000003bba7000 	/System/Library/PrivateFrameworks/NetAuth.framework/Versions/A/NetAuth
0x000000003bba7000 	/System/Library/PrivateFrameworks/login.framework/Versions/A/Frameworks/loginsupport.framework/Versions/A/loginsupport
0x000000003bba7000 	/System/Library/PrivateFrameworks/TCC.framework/Versions/A/TCC
0x000000003bba7000 	/usr/lib/libmecabra.dylib
0x000000003bba7000 	/System/Library/Frameworks/ApplicationServices.framework/Versions/A/Frameworks/ATS.framework/Versions/A/ATS
0x000000003bba7000 	/System/Library/Frameworks/ApplicationServices.framework/Versions/A/Frameworks/ColorSync.framework/Versions/A/ColorSync
0x000000003bba7000 	/System/Library/Frameworks/ApplicationServices.framework/Versions/A/Frameworks/HIServices.framework/Versions/A/HIServices
0x000000003bba7000 	/System/Library/Frameworks/ApplicationServices.framework/Versions/A/Frameworks/LangAnalysis.framework/Versions/A/LangAnalysis
0x000000003bba7000 	/System/Library/Frameworks/ApplicationServices.framework/Versions/A/Frameworks/PrintCore.framework/Versions/A/PrintCore
0x000000003bba7000 	/System/Library/Frameworks/ApplicationServices.framework/Versions/A/Frameworks/QD.framework/Versions/A/QD
0x000000003bba7000 	/System/Library/Frameworks/ApplicationServices.framework/Versions/A/Frameworks/SpeechSynthesis.framework/Versions/A/SpeechSynthesis
0x000000003bba7000 	/System/Library/Frameworks/Accelerate.framework/Versions/A/Frameworks/vImage.framework/Versions/A/vImage
0x000000003bba7000 	/System/Library/Frameworks/Accelerate.framework/Versions/A/Frameworks/vecLib.framework/Versions/A/vecLib
0x000000003bba7000 	/System/Library/Frameworks/Accelerate.framework/Versions/A/Frameworks/vecLib.framework/Versions/A/libvDSP.dylib
0x000000003bba7000 	/System/Library/Frameworks/Accelerate.framework/Versions/A/Frameworks/vecLib.framework/Versions/A/libBNNS.dylib
0x000000003bba7000 	/System/Library/Frameworks/Accelerate.framework/Versions/A/Frameworks/vecLib.framework/Versions/A/libQuadrature.dylib
0x000000003bba7000 	/System/Library/Frameworks/Accelerate.framework/Versions/A/Frameworks/vecLib.framework/Versions/A/libvMisc.dylib
0x000000003bba7000 	/System/Library/Frameworks/Accelerate.framework/Versions/A/Frameworks/vecLib.framework/Versions/A/libLAPACK.dylib
0x000000003bba7000 	/System/Library/Frameworks/Accelerate.framework/Versions/A/Frameworks/vecLib.framework/Versions/A/libBLAS.dylib
0x000000003bba7000 	/System/Library/Frameworks/Accelerate.framework/Versions/A/Frameworks/vecLib.framework/Versions/A/libLinearAlgebra.dylib
0x000000003bba7000 	/System/Library/Frameworks/Accelerate.framework/Versions/A/Frameworks/vecLib.framework/Versions/A/libSparseBLAS.dylib
0x000000003bba7000 	/System/Library/Frameworks/ApplicationServices.framework/Versions/A/Frameworks/ATS.framework/Versions/A/Resources/libFontParser.dylib
0x000000003bba7000 	/System/Library/Frameworks/ApplicationServices.framework/Versions/A/Frameworks/ATS.framework/Versions/A/Resources/libFontRegistry.dylib
0x000000003bba7000 	/System/Library/Frameworks/ImageIO.framework/Versions/A/Resources/libJPEG.dylib
0x000000003bba7000 	/System/Library/Frameworks/ImageIO.framework/Versions/A/Resources/libTIFF.dylib
0x000000003bba7000 	/System/Library/Frameworks/ImageIO.framework/Versions/A/Resources/libPng.dylib
0x000000003bba7000 	/System/Library/Frameworks/ImageIO.framework/Versions/A/Resources/libGIF.dylib
0x000000003bba7000 	/System/Library/Frameworks/ImageIO.framework/Versions/A/Resources/libJP2.dylib
0x000000003bba7000 	/System/Library/Frameworks/ImageIO.framework/Versions/A/Resources/libRadiance.dylib
0x000000003bba7000 	/usr/lib/libcompression.dylib
0x000000003bba7000 	/System/Library/PrivateFrameworks/AppleJPEG.framework/Versions/A/AppleJPEG
0x000000003bba7000 	/usr/lib/libcups.2.dylib
0x000000003bba7000 	/System/Library/Frameworks/Kerberos.framework/Versions/A/Kerberos
0x000000003bba7000 	/System/Library/Frameworks/GSS.framework/Versions/A/GSS
0x000000003bba7000 	/usr/lib/libresolv.9.dylib
0x000000003bba7000 	/usr/lib/libiconv.2.dylib
0x000000003bba7000 	/System/Library/PrivateFrameworks/Heimdal.framework/Versions/A/Heimdal
0x000000003bba7000 	/usr/lib/libheimdal-asn1.dylib
0x000000003bba7000 	/System/Library/Frameworks/OpenDirectory.framework/Versions/A/OpenDirectory
0x000000003bba7000 	/System/Library/PrivateFrameworks/CommonAuth.framework/Versions/A/CommonAuth
0x000000003bba7000 	/System/Library/Frameworks/OpenDirectory.framework/Versions/A/Frameworks/CFOpenDirectory.framework/Versions/A/CFOpenDirectory
0x000000003bba7000 	/System/Library/Frameworks/SecurityFoundation.framework/Versions/A/SecurityFoundation
0x000000003bba7000 	/System/Library/PrivateFrameworks/LanguageModeling.framework/Versions/A/LanguageModeling
0x000000003bba7000 	/usr/lib/libmarisa.dylib
0x000000003bba7000 	/usr/lib/libChineseTokenizer.dylib
0x000000003bba7000 	/usr/lib/libcmph.dylib
0x000000003bba7000 	/System/Library/PrivateFrameworks/CoreEmoji.framework/Versions/A/CoreEmoji
0x000000003bba7000 	/System/Library/Frameworks/ServiceManagement.framework/Versions/A/ServiceManagement
0x000000003bba7000 	/usr/lib/libxslt.1.dylib
0x000000003bba7000 	/System/Library/Frameworks/Carbon.framework/Versions/A/Frameworks/Ink.framework/Versions/A/Ink
0x000000003bba7000 	/System/Library/PrivateFrameworks/TextureIO.framework/Versions/A/TextureIO
0x000000003bba7000 	/System/Library/Frameworks/Metal.framework/Versions/A/Metal
0x000000003bba7000 	/usr/lib/libate.dylib
0x000000003bba7000 	/System/Library/PrivateFrameworks/GPUCompiler.framework/libmetal_timestamp.dylib
0x000000003bba7000 	/System/Library/Frameworks/OpenGL.framework/Versions/A/Libraries/libCoreFSCache.dylib
0x000000003bba7000 	/System/Library/PrivateFrameworks/IOAccelerator.framework/Versions/A/IOAccelerator
0x000000003bba7000 	/System/Library/Frameworks/CoreVideo.framework/Versions/A/CoreVideo
0x000000003bba7000 	/usr/lib/libFosl_dynamic.dylib
0x000000003bba7000 	/System/Library/PrivateFrameworks/MetalPerformanceShaders.framework/Versions/A/MetalPerformanceShaders
0x000000003bba7000 	/System/Library/PrivateFrameworks/FaceCore.framework/Versions/A/FaceCore
0x000000003bba7000 	/System/Library/Frameworks/OpenCL.framework/Versions/A/OpenCL
0x000000003bba7000 	/System/Library/Frameworks/OpenGL.framework/Versions/A/Libraries/libGLU.dylib
0x000000003bba7000 	/System/Library/Frameworks/OpenGL.framework/Versions/A/Libraries/libGFXShared.dylib
0x000000003bba7000 	/System/Library/Frameworks/OpenGL.framework/Versions/A/Libraries/libGL.dylib
0x000000003bba7000 	/System/Library/Frameworks/OpenGL.framework/Versions/A/Libraries/libGLImage.dylib
0x000000003bba7000 	/System/Library/Frameworks/OpenGL.framework/Versions/A/Libraries/libCVMSPluginSupport.dylib
0x000000003bba7000 	/System/Library/Frameworks/OpenGL.framework/Versions/A/Libraries/libCoreVMClient.dylib
0x000000003bba7000 	/System/Library/PrivateFrameworks/CrashReporterSupport.framework/Versions/A/CrashReporterSupport
0x000000003bba7000 	/System/Library/PrivateFrameworks/Sharing.framework/Versions/A/Sharing
0x000000003bba7000 	/System/Library/PrivateFrameworks/IconServices.framework/Versions/A/IconServices
0x000000003bba7000 	/System/Library/PrivateFrameworks/ProtocolBuffer.framework/Versions/A/ProtocolBuffer
0x000000003bba7000 	/System/Library/PrivateFrameworks/Apple80211.framework/Versions/A/Apple80211
0x000000003bba7000 	/System/Library/Frameworks/CoreWLAN.framework/Versions/A/CoreWLAN
0x000000003bba7000 	/System/Library/PrivateFrameworks/CoreUtils.framework/Versions/A/CoreUtils
0x000000003bba7000 	/System/Library/Frameworks/IOBluetooth.framework/Versions/A/IOBluetooth
0x000000003bba7000 	/System/Library/PrivateFrameworks/CoreWiFi.framework/Versions/A/CoreWiFi
0x000000003bba7000 	/System/Library/Frameworks/CoreBluetooth.framework/Versions/A/CoreBluetooth
0x000000003bba7000 	/System/Library/Frameworks/CoreDisplay.framework/Versions/A/CoreDisplay
0x000000003bba7000 	/System/Library/PrivateFrameworks/IOPresentment.framework/Versions/A/IOPresentment
0x000000003bba7000 	/System/Library/PrivateFrameworks/DSExternalDisplay.framework/Versions/A/DSExternalDisplay
0x000000003bba7000 	/System/Library/PrivateFrameworks/DebugSymbols.framework/Versions/A/DebugSymbols
0x000000003bba7000 	/System/Library/PrivateFrameworks/CoreSymbolication.framework/Versions/A/CoreSymbolication
0x000000003bba7000 	/System/Library/PrivateFrameworks/Symbolication.framework/Versions/A/Symbolication
0x000000003bba7000 	/System/Library/PrivateFrameworks/AppleFSCompression.framework/Versions/A/AppleFSCompression
0x000000003bba7000 	/System/Library/PrivateFrameworks/SpeechRecognitionCore.framework/Versions/A/SpeechRecognitionCore
0x000000003bba7000 	/System/Library/PrivateFrameworks/ChunkingLibrary.framework/Versions/A/ChunkingLibrary
0x000000010ca00000 	/Library/Java/JavaVirtualMachines/jdk1.8.0_144.jdk/Contents/Home/jre/lib/server/libjvm.dylib
0x000000003bba7000 	/usr/lib/libstdc++.6.dylib
0x000000010c150000 	/Library/Java/JavaVirtualMachines/jdk1.8.0_144.jdk/Contents/Home/jre/lib/libverify.dylib
0x000000010c15e000 	/Library/Java/JavaVirtualMachines/jdk1.8.0_144.jdk/Contents/Home/jre/lib/libjava.dylib
0x000000010c19d000 	/Library/Java/JavaVirtualMachines/jdk1.8.0_144.jdk/Contents/Home/jre/lib/libzip.dylib
0x00000001142bb000 	/System/Library/Frameworks/JavaVM.framework/Frameworks/JavaRuntimeSupport.framework/JavaRuntimeSupport
0x00000001142d5000 	/System/Library/Frameworks/JavaVM.framework/Versions/A/Frameworks/JavaNativeFoundation.framework/Versions/A/JavaNativeFoundation
0x00000001142ea000 	/System/Library/Frameworks/JavaVM.framework/Versions/A/JavaVM
0x000000003bba7000 	/System/Library/Frameworks/Carbon.framework/Versions/A/Carbon
0x00000001142f7000 	/System/Library/PrivateFrameworks/JavaLaunching.framework/Versions/A/JavaLaunching
0x000000003bba7000 	/System/Library/Frameworks/Carbon.framework/Versions/A/Frameworks/CommonPanels.framework/Versions/A/CommonPanels
0x000000003bba7000 	/System/Library/Frameworks/Carbon.framework/Versions/A/Frameworks/Help.framework/Versions/A/Help
0x000000003bba7000 	/System/Library/Frameworks/Carbon.framework/Versions/A/Frameworks/ImageCapture.framework/Versions/A/ImageCapture
0x000000003bba7000 	/System/Library/Frameworks/Carbon.framework/Versions/A/Frameworks/OpenScripting.framework/Versions/A/OpenScripting
0x000000003bba7000 	/System/Library/Frameworks/Carbon.framework/Versions/A/Frameworks/Print.framework/Versions/A/Print
0x000000003bba7000 	/System/Library/Frameworks/Carbon.framework/Versions/A/Frameworks/SecurityHI.framework/Versions/A/SecurityHI
0x0000000115bfe000 	/Library/Java/JavaVirtualMachines/jdk1.8.0_144.jdk/Contents/Home/jre/lib/libawt.dylib
0x0000000115ca6000 	/Library/Java/JavaVirtualMachines/jdk1.8.0_144.jdk/Contents/Home/jre/lib/./libmlib_image.dylib
0x0000000115d72000 	/Library/Java/JavaVirtualMachines/jdk1.8.0_144.jdk/Contents/Home/jre/lib/libawt_lwawt.dylib
0x0000000115e29000 	/Library/Java/JavaVirtualMachines/jdk1.8.0_144.jdk/Contents/Home/jre/lib/./libosxapp.dylib
0x000000003bba7000 	/System/Library/Frameworks/ExceptionHandling.framework/Versions/A/ExceptionHandling
0x000000003bba7000 	/System/Library/PrivateFrameworks/CoreServicesInternal.framework/Versions/A/CoreServicesInternal
0x000000003bba7000 	/System/Library/CoreServices/RawCamera.bundle/Contents/MacOS/RawCamera
0x000000003bba7000 	/System/Library/Frameworks/Accelerate.framework/Versions/A/Frameworks/vImage.framework/Versions/A/Libraries/libCGInterfaces.dylib
0x000000003bba7000 	/System/Library/Frameworks/ApplicationServices.framework/Versions/A/Frameworks/ATS.framework/Versions/A/Resources/libTrueTypeScaler.dylib
0x0000000117ef6000 	/System/Library/Frameworks/OpenGL.framework/Resources/GLEngine.bundle/GLEngine
0x000000003bba7000 	/System/Library/Frameworks/OpenGL.framework/Versions/A/Libraries/libGLProgrammability.dylib
0x00000001180db000 	/System/Library/Extensions/AppleIntelBDWGraphicsGLDriver.bundle/Contents/MacOS/AppleIntelBDWGraphicsGLDriver
0x000000003bba7000 	/System/Library/PrivateFrameworks/GPUSupport.framework/Versions/A/Libraries/libGPUSupportMercury.dylib
0x0000000118847000 	/System/Library/Frameworks/OpenGL.framework/Resources//GLRendererFloat.bundle/GLRendererFloat
0x000000003bba7000 	/System/Library/Frameworks/OpenCL.framework/Versions/A/Libraries/libcldcpuengine.dylib
0x000000003bba7000 	/usr/lib/libcrypto.0.9.8.dylib
0x000000003bba7000 	/System/Library/PrivateFrameworks/TrustEvaluationAgent.framework/Versions/A/TrustEvaluationAgent
0x000000011887b000 	/System/Library/Extensions/AppleIntelBDWGraphicsMTLDriver.bundle/Contents/MacOS/AppleIntelBDWGraphicsMTLDriver
0x000000003bba7000 	/System/Library/PrivateFrameworks/FamilyControls.framework/Versions/A/FamilyControls
0x000000003bba7000 	/System/Library/PrivateFrameworks/CommerceKit.framework/Versions/A/Frameworks/CommerceCore.framework/Versions/A/CommerceCore
0x000000003bba7000 	/System/Library/PrivateFrameworks/SystemAdministration.framework/Versions/A/SystemAdministration
0x000000003bba7000 	/System/Library/PrivateFrameworks/AppContainer.framework/Versions/A/AppContainer
0x000000003bba7000 	/System/Library/PrivateFrameworks/SecCodeWrapper.framework/Versions/A/SecCodeWrapper
0x000000003bba7000 	/System/Library/Frameworks/DirectoryService.framework/Versions/A/DirectoryService
0x000000003bba7000 	/System/Library/PrivateFrameworks/DiskImages.framework/Versions/A/DiskImages
0x000000003bba7000 	/System/Library/PrivateFrameworks/LoginUIKit.framework/Versions/A/Frameworks/LoginUICore.framework/Versions/A/LoginUICore
0x000000003bba7000 	/usr/lib/libCoreStorage.dylib
0x000000003bba7000 	/usr/lib/libcsfde.dylib
0x000000003bba7000 	/usr/lib/libodfde.dylib
0x000000003bba7000 	/System/Library/Frameworks/DiscRecording.framework/Versions/A/DiscRecording
0x000000003bba7000 	/usr/lib/libcurl.4.dylib
0x000000003bba7000 	/System/Library/PrivateFrameworks/MediaKit.framework/Versions/A/MediaKit
0x000000003bba7000 	/System/Library/PrivateFrameworks/ProtectedCloudStorage.framework/Versions/A/ProtectedCloudStorage
0x000000003bba7000 	/System/Library/PrivateFrameworks/EFILogin.framework/Versions/A/EFILogin
0x000000003bba7000 	/usr/lib/libutil.dylib
0x000000003bba7000 	/System/Library/Frameworks/LDAP.framework/Versions/A/LDAP
0x000000003bba7000 	/usr/lib/libsasl2.2.dylib
0x000000003bba7000 	/System/Library/PrivateFrameworks/CoreDaemon.framework/Versions/B/CoreDaemon
0x000000003bba7000 	/System/Library/PrivateFrameworks/AppleSRP.framework/Versions/A/AppleSRP
0x000000003bba7000 	/System/Library/PrivateFrameworks/APFS.framework/Versions/A/APFS
0x000000011a85c000 	/Library/Java/JavaVirtualMachines/jdk1.8.0_144.jdk/Contents/Home/jre/lib/libfontmanager.dylib
0x000000012ad6b000 	/Library/Java/JavaVirtualMachines/jdk1.8.0_144.jdk/Contents/Home/jre/lib/libosxui.dylib
0x000000003bba7000 	/System/Library/PrivateFrameworks/ViewBridge.framework/Versions/A/ViewBridge
0x000000003bba7000 	/System/Library/PrivateFrameworks/XPCService.framework/Versions/A/XPCService
0x000000003bba7000 	/System/Library/PrivateFrameworks/AppSandbox.framework/Versions/A/AppSandbox
0x000000003bba7000 	/usr/lib/libsandbox.1.dylib
0x000000003bba7000 	/usr/lib/libMatch.1.dylib
0x000000012b91f000 	/Library/Java/JavaVirtualMachines/jdk1.8.0_144.jdk/Contents/Home/jre/lib/libnet.dylib
0x000000012b936000 	/Library/Java/JavaVirtualMachines/jdk1.8.0_144.jdk/Contents/Home/jre/lib/libnio.dylib
0x0000000196bef000 	/private/var/folders/4g/xxzpq2px2tg5jwrm0_jx44dc0000gn/T/jogamp_0000/file_cache/jln95042785845711729/jln8272175476675734423/libgluegen-rt.jnilib
0x0000000196bf3000 	/private/var/folders/4g/xxzpq2px2tg5jwrm0_jx44dc0000gn/T/jogamp_0000/file_cache/jln95042785845711729/jln8272175476675734423/libnativewindow_awt.jnilib
0x0000000196bf6000 	/Library/Java/JavaVirtualMachines/jdk1.8.0_144.jdk/Contents/Home/jre/lib/libjawt.dylib
0x0000000196bf9000 	/private/var/folders/4g/xxzpq2px2tg5jwrm0_jx44dc0000gn/T/jogamp_0000/file_cache/jln95042785845711729/jln8272175476675734423/libnativewindow_macosx.jnilib
0x000000019ad35000 	/private/var/folders/4g/xxzpq2px2tg5jwrm0_jx44dc0000gn/T/jogamp_0000/file_cache/jln95042785845711729/jln8272175476675734423/libjogl_desktop.jnilib
0x00000001974c1000 	/Library/Java/JavaVirtualMachines/jdk1.8.0_144.jdk/Contents/Home/jre/lib/libsunec.dylib
0x0000000196fe6000 	/Library/Java/JavaVirtualMachines/jdk1.8.0_144.jdk/Contents/Home/jre/lib/libt2k.dylib
0x00000001972ab000 	/Library/Java/JavaVirtualMachines/jdk1.8.0_144.jdk/Contents/Home/jre/lib/libjpeg.dylib

VM Arguments:
jvm_args: -Djava.security.policy=java.policy.applet -Dfile.encoding=UTF-8 
java_command: sun.applet.AppletViewer module5.EarthquakeCityMap1506631021961.html
java_class_path (initial): /Users/BeenWu/Library/Mobile Documents/com~apple~CloudDocs/Eclipse Project/UCSDUnfoldingMaps/build:/Users/BeenWu/Library/Mobile Documents/com~apple~CloudDocs/Eclipse Project/UCSDUnfoldingMaps/lib/core.jar:/Users/BeenWu/Library/Mobile Documents/com~apple~CloudDocs/Eclipse Project/UCSDUnfoldingMaps/lib/gluegen-rt.jar:/Users/BeenWu/Library/Mobile Documents/com~apple~CloudDocs/Eclipse Project/UCSDUnfoldingMaps/lib/jogl-all.jar:/Users/BeenWu/Library/Mobile Documents/com~apple~CloudDocs/Eclipse Project/UCSDUnfoldingMaps/lib/log4j-1.2.15.jar:/Users/BeenWu/Library/Mobile Documents/com~apple~CloudDocs/Eclipse Project/UCSDUnfoldingMaps/lib/sqlite-jdbc-3.7.2.jar:/Users/BeenWu/Library/Mobile Documents/com~apple~CloudDocs/Eclipse Project/UCSDUnfoldingMaps/lib/json4processing.jar:/Users/BeenWu/Library/Mobile Documents/com~apple~CloudDocs/Eclipse Project/UCSDUnfoldingMaps/lib/libTUIO.jar:/Users/BeenWu/Library/Mobile Documents/com~apple~CloudDocs/Eclipse Project/UCSDUnfoldingMaps/lib/unfolding.0.9.7-uscd.jar
Launcher Type: SUN_STANDARD

Environment Variables:
PATH=/usr/bin:/bin:/usr/sbin:/sbin
SHELL=/bin/zsh

Signal Handlers:
SIGSEGV: [libjvm.dylib+0x5b26e5], sa_mask[0]=11111111011111110111111111111111, sa_flags=SA_ONSTACK|SA_RESTART|SA_SIGINFO
SIGBUS: [libjvm.dylib+0x5b26e5], sa_mask[0]=11111111011111110111111111111111, sa_flags=SA_RESTART|SA_SIGINFO
SIGFPE: [libjvm.dylib+0x489100], sa_mask[0]=11111111011111110111111111111111, sa_flags=SA_RESTART|SA_SIGINFO
SIGPIPE: [libjvm.dylib+0x489100], sa_mask[0]=11111111011111110111111111111111, sa_flags=SA_RESTART|SA_SIGINFO
SIGXFSZ: [libjvm.dylib+0x489100], sa_mask[0]=11111111011111110111111111111111, sa_flags=SA_RESTART|SA_SIGINFO
SIGILL: [libjvm.dylib+0x489100], sa_mask[0]=11111111011111110111111111111111, sa_flags=SA_RESTART|SA_SIGINFO
SIGUSR1: SIG_DFL, sa_mask[0]=00000000000000000000000000000000, sa_flags=none
SIGUSR2: [libjvm.dylib+0x488c1e], sa_mask[0]=00100000000000000000000000000000, sa_flags=SA_RESTART|SA_SIGINFO
SIGHUP: [libjvm.dylib+0x4871f5], sa_mask[0]=11111111011111110111111111111111, sa_flags=SA_RESTART|SA_SIGINFO
SIGINT: [libjvm.dylib+0x4871f5], sa_mask[0]=11111111011111110111111111111111, sa_flags=SA_RESTART|SA_SIGINFO
SIGTERM: [libjvm.dylib+0x4871f5], sa_mask[0]=11111111011111110111111111111111, sa_flags=SA_RESTART|SA_SIGINFO
SIGQUIT: [libjvm.dylib+0x4871f5], sa_mask[0]=11111111011111110111111111111111, sa_flags=SA_RESTART|SA_SIGINFO


---------------  S Y S T E M  ---------------

OS:Bsduname:Darwin 16.7.0 Darwin Kernel Version 16.7.0: Thu Jun 15 17:36:27 PDT 2017; root:xnu-3789.70.16~2/RELEASE_X86_64 x86_64
rlimit: STACK 8192k, CORE 0k, NPROC 709, NOFILE 10240, AS infinity
load average:2.05 1.62 1.44

CPU:total 4 (initial active 4) (2 cores per cpu, 2 threads per core) family 6 model 61 stepping 4, cmov, cx8, fxsr, mmx, sse, sse2, sse3, ssse3, sse4.1, sse4.2, popcnt, avx, avx2, aes, clmul, erms, 3dnowpref, lzcnt, ht, tsc, tscinvbit, bmi1, bmi2, adx

Memory: 4k page, physical 8388608k(37404k free)

/proc/meminfo:


vm_info: Java HotSpot(TM) 64-Bit Server VM (25.144-b01) for bsd-amd64 JRE (1.8.0_144-b01), built on Jul 21 2017 22:07:42 by "java_re" with gcc 4.2.1 (Based on Apple Inc. build 5658) (LLVM build 2336.11.00)

time: Thu Sep 28 16:38:33 2017
elapsed time: 91 seconds (0d 0h 1m 31s)

