#
# A fatal error has been detected by the Java Runtime Environment:
#
#  SIGSEGV (0xb) at pc=0x00007fffa9ec205d, pid=566, tid=0x0000000000000307
#
# JRE version: Java(TM) SE Runtime Environment (8.0_144-b01) (build 1.8.0_144-b01)
# Java VM: Java HotSpot(TM) 64-Bit Server VM (25.144-b01 mixed mode bsd-amd64 compressed oops)
# Problematic frame:
# C  [libobjc.A.dylib+0x705d]  objc_msgSend+0x1d
#
# Failed to write core dump. Core dumps have been disabled. To enable core dumping, try "ulimit -c unlimited" before starting Java again
#
# If you would like to submit a bug report, please visit:
#   http://bugreport.java.com/bugreport/crash.jsp
# The crash happened outside the Java Virtual Machine in native code.
# See problematic frame for where to report the bug.
#

---------------  T H R E A D  ---------------

Current thread (0x00007f9ccc02f000):  JavaThread "AWT-AppKit" daemon [_thread_in_native, id=775, stack(0x00007fff5dbd8000,0x00007fff5e3d8000)]

siginfo: si_signo: 11 (SIGSEGV), si_code: 1 (SEGV_MAPERR), si_addr: 0x0000000000000018

Registers:
RAX=0x00007f9cd091b0e0, RBX=0x000000018c53a450, RCX=0x00007f9cce400f30, RDX=0x0000000000000000
RSP=0x00007fff5e3d3208, RBP=0x00007fff5e3d32c0, RSI=0x00007fff9374e116, RDI=0x00007f9cd0922c70
R8 =0x0000000000000018, R9 =0x00007f9cce4000b0, R10=0x0000000000000000, R11=0x00007fff9374e116
R12=0x0000000000000000, R13=0x0000000190480678, R14=0x000000018c53a440, R15=0x00007f9ccc02f000
RIP=0x00007fffa9ec205d, EFLAGS=0x0000000000010246, ERR=0x0000000000000004
  TRAPNO=0x000000000000000e

Top of Stack: (sp=0x00007fff5e3d3208)
0x00007fff5e3d3208:   000000018c538157 00007fff5e3d3260
0x00007fff5e3d3218:   0000000000000003 00007fff5e3d3240
0x00007fff5e3d3228:   00000001023f368e 0000000190480678
0x00007fff5e3d3238:   0000000190480678 00007f9cd091b0e0
0x00007fff5e3d3248:   000000018c53a6a0 000000018c53a710
0x00007fff5e3d3258:   00007fffaff276d0 00007fffb0b571e0
0x00007fff5e3d3268:   000000018c53a450 000000018c53a690
0x00007fff5e3d3278:   00007f9cd091b0e0 00007f9cd0922c70
0x00007fff5e3d3288:   00007f9ccbd87530 00007f9cd091b0e0
0x00007fff5e3d3298:   00007f9cd0922c70 00007fff5e3d3348
0x00007fff5e3d32a8:   00007f9ccc02f1f8 0000000190480678
0x00007fff5e3d32b8:   00007fff5e3d3370 00007fff5e3d3338
0x00007fff5e3d32c8:   000000010d0a69f4 0000000190480678
0x00007fff5e3d32d8:   00007fff5e3d3370 00007fff5e3d3338
0x00007fff5e3d32e8:   000000010d0a6787 000000010d0a6742
0x00007fff5e3d32f8:   00007fff5e3d32f8 0000000190480678
0x00007fff5e3d3308:   00007fff5e3d3370 00000001904832b0
0x00007fff5e3d3318:   0000000000000000 0000000190480678
0x00007fff5e3d3328:   0000000000000000 00007fff5e3d3358
0x00007fff5e3d3338:   00007fff5e3d33b8 000000010d0972bd
0x00007fff5e3d3348:   00000007404e89b0 000000010d0a0538
0x00007fff5e3d3358:   00007f9cd091b0e0 00007fff5e3d33b8
0x00007fff5e3d3368:   00007f9cd0922c70 000000010d0a1e02
0x00007fff5e3d3378:   00007fff5e3d3378 0000000190480842
0x00007fff5e3d3388:   00007fff5e3d33e0 00000001904832b0
0x00007fff5e3d3398:   0000000000000000 0000000190480850
0x00007fff5e3d33a8:   00007fff5e3d3358 00007fff5e3d33c8
0x00007fff5e3d33b8:   00007fff5e3d3428 000000010d0972bd
0x00007fff5e3d33c8:   00007f9cd091b0e0 0000000740368b50
0x00007fff5e3d33d8:   00007f9cd0922c70 0000000740368b50
0x00007fff5e3d33e8:   00007fff5e3d33e8 000000019834f9b6
0x00007fff5e3d33f8:   00007fff5e3d3438 000000019834fa70 

Instructions: (pc=0x00007fffa9ec205d)
0x00007fffa9ec203d:   0f 1f 00 48 85 ff 2e 74 62 40 f6 c7 01 2e 75 66
0x00007fffa9ec204d:   49 ba f8 ff ff ff ff 7f 00 00 4c 23 17 49 89 f3
0x00007fffa9ec205d:   45 23 5a 18 49 c1 e3 04 4d 03 5a 10 49 3b 33 75
0x00007fffa9ec206d:   04 41 ff 63 08 49 83 3b 01 76 0d 49 83 c3 10 49 

Register to memory mapping:

RAX=0x00007f9cd091b0e0 is an unknown value
RBX=0x000000018c53a450: Java_jogamp_nativewindow_macosx_OSXUtil_GetScreenRefreshRate0+0x1cf0 in /private/var/folders/4g/xxzpq2px2tg5jwrm0_jx44dc0000gn/T/jogamp_0000/file_cache/jln3305317681173365882/jln1608427400426465647/libnativewindow_macosx.jnilib at 0x000000018c533000
RCX=0x00007f9cce400f30 is an unknown value
RDX=0x0000000000000000 is an unknown value
RSP=0x00007fff5e3d3208 is pointing into the stack for thread: 0x00007f9ccc02f000
RBP=0x00007fff5e3d32c0 is pointing into the stack for thread: 0x00007f9ccc02f000
RSI=0x00007fff9374e116: __NSStyleNameIndexTable+0x7fd5e in /System/Library/Frameworks/AppKit.framework/Versions/C/AppKit at 0x00007fff92ae1000
RDI=0x00007f9cd0922c70 is an unknown value
R8 =0x0000000000000018 is an unknown value
R9 =0x00007f9cce4000b0 is an unknown value
R10=0x0000000000000000 is an unknown value
R11=0x00007fff9374e116: __NSStyleNameIndexTable+0x7fd5e in /System/Library/Frameworks/AppKit.framework/Versions/C/AppKit at 0x00007fff92ae1000
R12=0x0000000000000000 is an unknown value
R13={method} {0x0000000190480678} 'UnsetJAWTRootSurfaceLayer0' '(JJ)V' in 'jogamp/nativewindow/jawt/macosx/MacOSXJAWTWindow'
R14=0x000000018c53a440: Java_jogamp_nativewindow_macosx_OSXUtil_GetScreenRefreshRate0+0x1ce0 in /private/var/folders/4g/xxzpq2px2tg5jwrm0_jx44dc0000gn/T/jogamp_0000/file_cache/jln3305317681173365882/jln1608427400426465647/libnativewindow_macosx.jnilib at 0x000000018c533000
R15=0x00007f9ccc02f000 is a thread


Stack: [0x00007fff5dbd8000,0x00007fff5e3d8000],  sp=0x00007fff5e3d3208,  free space=8172k
Native frames: (J=compiled Java code, j=interpreted, Vv=VM code, C=native code)
C  [libobjc.A.dylib+0x705d]  objc_msgSend+0x1d
j  jogamp.nativewindow.jawt.macosx.MacOSXJAWTWindow.UnsetJAWTRootSurfaceLayer0(JJ)V+0
j  jogamp.nativewindow.jawt.macosx.MacOSXJAWTWindow.access$200(JJ)V+2
j  jogamp.nativewindow.jawt.macosx.MacOSXJAWTWindow$1.run()V+38
J 3068 C1 com.jogamp.common.util.RunnableTask.run()V (345 bytes) @ 0x000000010d9b9bf4 [0x000000010d9b9a60+0x194]
v  ~StubRoutines::call_stub
V  [libjvm.dylib+0x2ee70a]  JavaCalls::call_helper(JavaValue*, methodHandle*, JavaCallArguments*, Thread*)+0x6ae
V  [libjvm.dylib+0x3258b9]  jni_invoke_nonstatic(JNIEnv_*, JavaValue*, _jobject*, JNICallType, _jmethodID*, JNI_ArgumentPusher*, Thread*)+0x2ec
V  [libjvm.dylib+0x318087]  jni_CallVoidMethod+0x16b
C  [libnativewindow_macosx.jnilib+0x5326]  Java_jogamp_nativewindow_jawt_macosx_MacOSXJAWTWindow_UnsetJAWTRootSurfaceLayer0+0x2b6
C  [Foundation+0x7152a]  __NSThreadPerformPerform+0x146
C  [CoreFoundation+0xa7321]  __CFRUNLOOP_IS_CALLING_OUT_TO_A_SOURCE0_PERFORM_FUNCTION__+0x11
C  [CoreFoundation+0x8821d]  __CFRunLoopDoSources0+0x22d
C  [CoreFoundation+0x87716]  __CFRunLoopRun+0x3a6
C  [CoreFoundation+0x87114]  CFRunLoopRunSpecific+0x1a4
C  [HIToolbox+0x30ebc]  RunCurrentEventLoopInMode+0xf0
C  [HIToolbox+0x30bf9]  ReceiveNextEventCommon+0xb8
C  [HIToolbox+0x30b26]  _BlockUntilNextEventMatchingListInModeWithFilter+0x47
C  [AppKit+0x46a54]  _DPSNextEvent+0x460
C  [AppKit+0x7c27ee]  -[NSApplication(NSEvent) _nextEventMatchingEventMask:untilDate:inMode:dequeue:]+0xaec
C  [libosxapp.dylib+0x23aa]  -[NSApplicationAWT nextEventMatchingMask:untilDate:inMode:dequeue:]+0x7c
C  [AppKit+0x3b3db]  -[NSApplication run]+0x39e
C  [libosxapp.dylib+0x214d]  +[NSApplicationAWT runAWTLoopWithApp:]+0x9c
C  [libawt_lwawt.dylib+0x45edf]  -[AWTStarter starter:]+0x389
C  [Foundation+0x7152a]  __NSThreadPerformPerform+0x146
C  [CoreFoundation+0xa7321]  __CFRUNLOOP_IS_CALLING_OUT_TO_A_SOURCE0_PERFORM_FUNCTION__+0x11
C  [CoreFoundation+0x8821d]  __CFRunLoopDoSources0+0x22d
C  [CoreFoundation+0x87716]  __CFRunLoopRun+0x3a6
C  [CoreFoundation+0x87114]  CFRunLoopRunSpecific+0x1a4
C  [java+0x6465]  CreateExecutionEnvironment+0x367
C  [java+0x218c]  JLI_Launch+0x7a0
C  [java+0x84c2]  main+0x65
C  [java+0x19e4]  start+0x34
C  0x0000000000000007

Java frames: (J=compiled Java code, j=interpreted, Vv=VM code)
j  jogamp.nativewindow.jawt.macosx.MacOSXJAWTWindow.UnsetJAWTRootSurfaceLayer0(JJ)V+0
j  jogamp.nativewindow.jawt.macosx.MacOSXJAWTWindow.access$200(JJ)V+2
j  jogamp.nativewindow.jawt.macosx.MacOSXJAWTWindow$1.run()V+38
J 3068 C1 com.jogamp.common.util.RunnableTask.run()V (345 bytes) @ 0x000000010d9b9bf4 [0x000000010d9b9a60+0x194]
v  ~StubRoutines::call_stub

---------------  P R O C E S S  ---------------

Java Threads: ( => current thread )
  0x00007f9ccc0d2000 JavaThread "Thread-124" [_thread_blocked, id=76047, stack(0x000070000ebaf000,0x000070000ecaf000)]
  0x00007f9ccd239000 JavaThread "AWT-EventQueue-1" [_thread_in_native, id=68895, stack(0x000070000ea29000,0x000070000eb29000)]
  0x00007f9ccd801800 JavaThread "DestroyJavaVM" [_thread_blocked, id=7171, stack(0x000070000d3e1000,0x000070000d4e1000)]
  0x00007f9ccd1bd000 JavaThread "AWT-EventQueue-0" [_thread_blocked, id=58147, stack(0x000070000e7a0000,0x000070000e8a0000)]
  0x00007f9ccd96a000 JavaThread "Java2D Disposer" daemon [_thread_blocked, id=57103, stack(0x000070000e517000,0x000070000e617000)]
  0x00007f9ccd969800 JavaThread "Java2D Queue Flusher" daemon [_thread_blocked, id=55047, stack(0x000070000e414000,0x000070000e514000)]
  0x00007f9ccc0b8800 JavaThread "AWT-Shutdown" [_thread_blocked, id=30239, stack(0x000070000e28e000,0x000070000e38e000)]
=>0x00007f9ccc02f000 JavaThread "AWT-AppKit" daemon [_thread_in_native, id=775, stack(0x00007fff5dbd8000,0x00007fff5e3d8000)]
  0x00007f9ccc871000 JavaThread "Service Thread" daemon [_thread_blocked, id=18691, stack(0x000070000e005000,0x000070000e105000)]
  0x00007f9ccc876000 JavaThread "C1 CompilerThread2" daemon [_thread_blocked, id=18179, stack(0x000070000df02000,0x000070000e002000)]
  0x00007f9ccc875800 JavaThread "C2 CompilerThread1" daemon [_thread_blocked, id=17667, stack(0x000070000ddff000,0x000070000deff000)]
  0x00007f9ccc874000 JavaThread "C2 CompilerThread0" daemon [_thread_blocked, id=17155, stack(0x000070000dcfc000,0x000070000ddfc000)]
  0x00007f9ccc870000 JavaThread "Signal Dispatcher" daemon [_thread_blocked, id=16643, stack(0x000070000dbf9000,0x000070000dcf9000)]
  0x00007f9ccc817000 JavaThread "Finalizer" daemon [_thread_blocked, id=12547, stack(0x000070000daf6000,0x000070000dbf6000)]
  0x00007f9ccc814000 JavaThread "Reference Handler" daemon [_thread_blocked, id=12035, stack(0x000070000d9f3000,0x000070000daf3000)]

Other Threads:
  0x00007f9ccc000800 VMThread [stack: 0x000070000d8f0000,0x000070000d9f0000] [id=11523]
  0x00007f9ccc87f000 WatcherThread [stack: 0x000070000e108000,0x000070000e208000] [id=19203]

VM state:not at safepoint (normal execution)

VM Mutex/Monitor currently owned by a thread: None

Heap:
 PSYoungGen      total 188928K, used 54547K [0x0000000795580000, 0x00000007a4300000, 0x00000007c0000000)
  eden space 169984K, 20% used [0x0000000795580000,0x0000000797845798,0x000000079fb80000)
  from space 18944K, 99% used [0x000000079fb80000,0x00000007a0dff7d0,0x00000007a0e00000)
  to   space 21504K, 0% used [0x00000007a2e00000,0x00000007a2e00000,0x00000007a4300000)
 ParOldGen       total 52736K, used 30091K [0x0000000740000000, 0x0000000743380000, 0x0000000795580000)
  object space 52736K, 57% used [0x0000000740000000,0x0000000741d62f70,0x0000000743380000)
 Metaspace       used 25161K, capacity 25585K, committed 25728K, reserved 1073152K
  class space    used 2498K, capacity 2627K, committed 2688K, reserved 1048576K

Card table byte_map: [0x0000000103567000,0x0000000103968000] byte_map_base: 0x00000000ffb67000

Marking Bits: (ParMarkBitMap*) 0x0000000102af35d0
 Begin Bits: [0x0000000103c13000, 0x0000000105c13000)
 End Bits:   [0x0000000105c13000, 0x0000000107c13000)

Polling page: 0x00000001018e8000

CodeCache: size=245760Kb used=11335Kb max_used=11380Kb free=234424Kb
 bounds [0x000000010d08f000, 0x000000010dc1f000, 0x000000011c08f000]
 total_blobs=4203 nmethods=3251 adapters=865
 compilation: enabled

Compilation events (10 events):
Event: 69.385 Thread 0x00007f9ccc876000 nmethod 3919 0x000000010d947610 code [0x000000010d9477a0, 0x000000010d947cd0]
Event: 69.389 Thread 0x00007f9ccc876000 3920       3       sun.java2d.pipe.PixelToParallelogramConverter::normalize (15 bytes)
Event: 69.392 Thread 0x00007f9ccc876000 nmethod 3920 0x000000010d2a3f10 code [0x000000010d2a40c0, 0x000000010d2a4348]
Event: 69.406 Thread 0x00007f9ccc875800 nmethod 3921 0x000000010d8e5090 code [0x000000010d8e52c0, 0x000000010d8e5b20]
Event: 69.432 Thread 0x00007f9ccc874000 3922       4       java.util.HashMap::putVal (300 bytes)
Event: 69.435 Thread 0x00007f9ccc875800 3923  s!   4       sun.misc.URLClassPath::getLoader (243 bytes)
Event: 69.441 Thread 0x00007f9ccc876000 3924       3       java.util.LinkedHashMap::afterNodeRemoval (65 bytes)
Event: 69.441 Thread 0x00007f9ccc876000 nmethod 3924 0x000000010d946fd0 code [0x000000010d947140, 0x000000010d9474f0]
Event: 69.442 Thread 0x00007f9ccc875800 nmethod 3923 0x000000010d849c90 code [0x000000010d849e00, 0x000000010d84a5d8]
Event: 69.444 Thread 0x00007f9ccc874000 nmethod 3922 0x000000010d2d0590 code [0x000000010d2d0760, 0x000000010d2d0e50]

GC Heap History (10 events):
Event: 21.480 GC heap before
{Heap before GC invocations=8 (full 1):
 PSYoungGen      total 108032K, used 100221K [0x0000000795580000, 0x000000079d480000, 0x00000007c0000000)
  eden space 95232K, 100% used [0x0000000795580000,0x000000079b280000,0x000000079b280000)
  from space 12800K, 38% used [0x000000079be80000,0x000000079c35f460,0x000000079cb00000)
  to   space 12288K, 0% used [0x000000079b280000,0x000000079b280000,0x000000079be80000)
 ParOldGen       total 52736K, used 16747K [0x0000000740000000, 0x0000000743380000, 0x0000000795580000)
  object space 52736K, 31% used [0x0000000740000000,0x000000074105ac30,0x0000000743380000)
 Metaspace       used 24950K, capacity 25361K, committed 25728K, reserved 1073152K
  class space    used 2486K, capacity 2595K, committed 2688K, reserved 1048576K
Event: 21.489 GC heap after
Heap after GC invocations=8 (full 1):
 PSYoungGen      total 107520K, used 11709K [0x0000000795580000, 0x000000079fe80000, 0x00000007c0000000)
  eden space 95232K, 0% used [0x0000000795580000,0x0000000795580000,0x000000079b280000)
  from space 12288K, 95% used [0x000000079b280000,0x000000079bdef650,0x000000079be80000)
  to   space 13824K, 0% used [0x000000079f100000,0x000000079f100000,0x000000079fe80000)
 ParOldGen       total 52736K, used 16755K [0x0000000740000000, 0x0000000743380000, 0x0000000795580000)
  object space 52736K, 31% used [0x0000000740000000,0x000000074105cc30,0x0000000743380000)
 Metaspace       used 24950K, capacity 25361K, committed 25728K, reserved 1073152K
  class space    used 2486K, capacity 2595K, committed 2688K, reserved 1048576K
}
Event: 32.886 GC heap before
{Heap before GC invocations=9 (full 1):
 PSYoungGen      total 107520K, used 106941K [0x0000000795580000, 0x000000079fe80000, 0x00000007c0000000)
  eden space 95232K, 100% used [0x0000000795580000,0x000000079b280000,0x000000079b280000)
  from space 12288K, 95% used [0x000000079b280000,0x000000079bdef650,0x000000079be80000)
  to   space 13824K, 0% used [0x000000079f100000,0x000000079f100000,0x000000079fe80000)
 ParOldGen       total 52736K, used 16755K [0x0000000740000000, 0x0000000743380000, 0x0000000795580000)
  object space 52736K, 31% used [0x0000000740000000,0x000000074105cc30,0x0000000743380000)
 Metaspace       used 24951K, capacity 25361K, committed 25728K, reserved 1073152K
  class space    used 2486K, capacity 2595K, committed 2688K, reserved 1048576K
Event: 32.895 GC heap after
Heap after GC invocations=9 (full 1):
 PSYoungGen      total 150528K, used 11501K [0x0000000795580000, 0x000000079fc80000, 0x00000007c0000000)
  eden space 138752K, 0% used [0x0000000795580000,0x0000000795580000,0x000000079dd00000)
  from space 11776K, 97% used [0x000000079f100000,0x000000079fc3b600,0x000000079fc80000)
  to   space 14848K, 0% used [0x000000079df80000,0x000000079df80000,0x000000079ee00000)
 ParOldGen       total 52736K, used 16755K [0x0000000740000000, 0x0000000743380000, 0x0000000795580000)
  object space 52736K, 31% used [0x0000000740000000,0x000000074105cc30,0x0000000743380000)
 Metaspace       used 24951K, capacity 25361K, committed 25728K, reserved 1073152K
  class space    used 2486K, capacity 2595K, committed 2688K, reserved 1048576K
}
Event: 41.738 GC heap before
{Heap before GC invocations=10 (full 1):
 PSYoungGen      total 150528K, used 150253K [0x0000000795580000, 0x000000079fc80000, 0x00000007c0000000)
  eden space 138752K, 100% used [0x0000000795580000,0x000000079dd00000,0x000000079dd00000)
  from space 11776K, 97% used [0x000000079f100000,0x000000079fc3b600,0x000000079fc80000)
  to   space 14848K, 0% used [0x000000079df80000,0x000000079df80000,0x000000079ee00000)
 ParOldGen       total 52736K, used 16755K [0x0000000740000000, 0x0000000743380000, 0x0000000795580000)
  object space 52736K, 31% used [0x0000000740000000,0x000000074105cc30,0x0000000743380000)
 Metaspace       used 24999K, capacity 25361K, committed 25728K, reserved 1073152K
  class space    used 2486K, capacity 2595K, committed 2688K, reserved 1048576K
Event: 41.750 GC heap after
Heap after GC invocations=10 (full 1):
 PSYoungGen      total 156160K, used 14717K [0x0000000795580000, 0x00000007a1e80000, 0x00000007c0000000)
  eden space 141312K, 0% used [0x0000000795580000,0x0000000795580000,0x000000079df80000)
  from space 14848K, 99% used [0x000000079df80000,0x000000079eddf700,0x000000079ee00000)
  to   space 16896K, 0% used [0x00000007a0e00000,0x00000007a0e00000,0x00000007a1e80000)
 ParOldGen       total 52736K, used 22395K [0x0000000740000000, 0x0000000743380000, 0x0000000795580000)
  object space 52736K, 42% used [0x0000000740000000,0x00000007415ded90,0x0000000743380000)
 Metaspace       used 24999K, capacity 25361K, committed 25728K, reserved 1073152K
  class space    used 2486K, capacity 2595K, committed 2688K, reserved 1048576K
}
Event: 52.543 GC heap before
{Heap before GC invocations=11 (full 1):
 PSYoungGen      total 156160K, used 156029K [0x0000000795580000, 0x00000007a1e80000, 0x00000007c0000000)
  eden space 141312K, 100% used [0x0000000795580000,0x000000079df80000,0x000000079df80000)
  from space 14848K, 99% used [0x000000079df80000,0x000000079eddf700,0x000000079ee00000)
  to   space 16896K, 0% used [0x00000007a0e00000,0x00000007a0e00000,0x00000007a1e80000)
 ParOldGen       total 52736K, used 22395K [0x0000000740000000, 0x0000000743380000, 0x0000000795580000)
  object space 52736K, 42% used [0x0000000740000000,0x00000007415ded90,0x0000000743380000)
 Metaspace       used 25102K, capacity 25489K, committed 25728K, reserved 1073152K
  class space    used 2487K, capacity 2595K, committed 2688K, reserved 1048576K
Event: 52.556 GC heap after
Heap after GC invocations=11 (full 1):
 PSYoungGen      total 186880K, used 16765K [0x0000000795580000, 0x00000007a2100000, 0x00000007c0000000)
  eden space 169984K, 0% used [0x0000000795580000,0x0000000795580000,0x000000079fb80000)
  from space 16896K, 99% used [0x00000007a0e00000,0x00000007a1e5f730,0x00000007a1e80000)
  to   space 18944K, 0% used [0x000000079fb80000,0x000000079fb80000,0x00000007a0e00000)
 ParOldGen       total 52736K, used 26755K [0x0000000740000000, 0x0000000743380000, 0x0000000795580000)
  object space 52736K, 50% used [0x0000000740000000,0x0000000741a20ea0,0x0000000743380000)
 Metaspace       used 25102K, capacity 25489K, committed 25728K, reserved 1073152K
  class space    used 2487K, capacity 2595K, committed 2688K, reserved 1048576K
}
Event: 66.469 GC heap before
{Heap before GC invocations=12 (full 1):
 PSYoungGen      total 186880K, used 186749K [0x0000000795580000, 0x00000007a2100000, 0x00000007c0000000)
  eden space 169984K, 100% used [0x0000000795580000,0x000000079fb80000,0x000000079fb80000)
  from space 16896K, 99% used [0x00000007a0e00000,0x00000007a1e5f730,0x00000007a1e80000)
  to   space 18944K, 0% used [0x000000079fb80000,0x000000079fb80000,0x00000007a0e00000)
 ParOldGen       total 52736K, used 26755K [0x0000000740000000, 0x0000000743380000, 0x0000000795580000)
  object space 52736K, 50% used [0x0000000740000000,0x0000000741a20ea0,0x0000000743380000)
 Metaspace       used 25125K, capacity 25489K, committed 25728K, reserved 1073152K
  class space    used 2490K, capacity 2595K, committed 2688K, reserved 1048576K
Event: 66.483 GC heap after
Heap after GC invocations=12 (full 1):
 PSYoungGen      total 188928K, used 18941K [0x0000000795580000, 0x00000007a4300000, 0x00000007c0000000)
  eden space 169984K, 0% used [0x0000000795580000,0x0000000795580000,0x000000079fb80000)
  from space 18944K, 99% used [0x000000079fb80000,0x00000007a0dff7d0,0x00000007a0e00000)
  to   space 21504K, 0% used [0x00000007a2e00000,0x00000007a2e00000,0x00000007a4300000)
 ParOldGen       total 52736K, used 30091K [0x0000000740000000, 0x0000000743380000, 0x0000000795580000)
  object space 52736K, 57% used [0x0000000740000000,0x0000000741d62f70,0x0000000743380000)
 Metaspace       used 25125K, capacity 25489K, committed 25728K, reserved 1073152K
  class space    used 2490K, capacity 2595K, committed 2688K, reserved 1048576K
}

Deoptimization events (10 events):
Event: 69.386 Thread 0x00007f9ccd1bd000 Uncommon trap: reason=class_check action=maybe_recompile pc=0x000000010dc0ea80 method=java.awt.EventQueue.dispatchEventImpl(Ljava/awt/AWTEvent;Ljava/lang/Object;)V @ 30
Event: 69.387 Thread 0x00007f9ccd1bd000 Uncommon trap: reason=unstable_if action=reinterpret pc=0x000000010dbbb30c method=sun.java2d.pipe.Region.isEmpty()Z @ 19
Event: 69.387 Thread 0x00007f9ccd1bd000 Uncommon trap: reason=unstable_if action=reinterpret pc=0x000000010d2abce0 method=sun.java2d.pipe.Region.isInsideXYXY(IIII)Z @ 30
Event: 69.388 Thread 0x00007f9ccd1bd000 Uncommon trap: reason=unstable_if action=reinterpret pc=0x000000010d8b1f14 method=java.awt.Font.equals(Ljava/lang/Object;)Z @ 2
Event: 69.415 Thread 0x00007f9ccd239000 Uncommon trap: reason=class_check action=maybe_recompile pc=0x000000010dc0ea80 method=java.awt.EventQueue.dispatchEventImpl(Ljava/awt/AWTEvent;Ljava/lang/Object;)V @ 30
Event: 69.432 Thread 0x00007f9ccc0fb000 Uncommon trap: reason=class_check action=maybe_recompile pc=0x000000010d5b933c method=java.util.HashMap.putVal(ILjava/lang/Object;Ljava/lang/Object;ZZ)Ljava/lang/Object; @ 91
Event: 69.432 Thread 0x00007f9ccc0fb000 Uncommon trap: reason=class_check action=maybe_recompile pc=0x000000010d542870 method=java.util.HashMap.putVal(ILjava/lang/Object;Ljava/lang/Object;ZZ)Ljava/lang/Object; @ 91
Event: 69.433 Thread 0x00007f9ccd1bd000 Uncommon trap: reason=unstable_if action=reinterpret pc=0x000000010d74f5a8 method=sun.java2d.pipe.Region.isEmpty()Z @ 19
Event: 69.443 Thread 0x00007f9ccd239000 Uncommon trap: reason=unstable_if action=reinterpret pc=0x000000010d857958 method=java.util.LinkedList$ListItr.<init>(Ljava/util/LinkedList;I)V @ 26
Event: 69.445 Thread 0x00007f9ccd239000 Uncommon trap: reason=unstable_if action=reinterpret pc=0x000000010d6eef84 method=java.util.LinkedList$ListItr.<init>(Ljava/util/LinkedList;I)V @ 26

Internal exceptions (10 events):
Event: 0.411 Thread 0x00007f9ccd801800 Exception <a 'java/io/FileNotFoundException'> (0x0000000795810ec0) thrown at [/Users/java_re/workspace/8-2-build-macosx-x86_64/jdk8u144/9417/hotspot/src/share/vm/prims/jni.cpp, line 709]
Event: 0.411 Thread 0x00007f9ccd801800 Exception <a 'java/io/FileNotFoundException'> (0x0000000795811a28) thrown at [/Users/java_re/workspace/8-2-build-macosx-x86_64/jdk8u144/9417/hotspot/src/share/vm/prims/jni.cpp, line 709]
Event: 0.546 Thread 0x00007f9ccd801800 Exception <a 'java/io/FileNotFoundException'> (0x0000000795958490) thrown at [/Users/java_re/workspace/8-2-build-macosx-x86_64/jdk8u144/9417/hotspot/src/share/vm/prims/jni.cpp, line 709]
Event: 2.977 Thread 0x00007f9ccd1fa800 Exception <a 'java/lang/UnsatisfiedLinkError': com.jogamp.common.util.JarUtil.fixNativeLibAttribs(Ljava/lang/String;)Z> (0x0000000796cdbaa0) thrown at [/Users/java_re/workspace/8-2-build-macosx-x86_64/jdk8u144/9417/hotspot/src/share/vm/prims/nativeLookup.
Event: 3.183 Thread 0x00007f9ccc817000 Exception <a 'java/lang/NullPointerException'> (0x00000007956a9818) thrown at [/Users/java_re/workspace/8-2-build-macosx-x86_64/jdk8u144/9417/hotspot/src/share/vm/interpreter/linkResolver.cpp, line 1197]
Event: 3.858 Thread 0x00007f9ccd239000 Exception <a 'java/io/FileNotFoundException'> (0x000000079613a370) thrown at [/Users/java_re/workspace/8-2-build-macosx-x86_64/jdk8u144/9417/hotspot/src/share/vm/prims/jni.cpp, line 709]
Event: 3.859 Thread 0x00007f9ccd239000 Exception <a 'java/io/FileNotFoundException'> (0x0000000796143c98) thrown at [/Users/java_re/workspace/8-2-build-macosx-x86_64/jdk8u144/9417/hotspot/src/share/vm/prims/jni.cpp, line 709]
Event: 3.859 Thread 0x00007f9ccd239000 Implicit null exception at 0x000000010d273d34 to 0x000000010d274169
Event: 4.237 Thread 0x00007f9ccd239000 Implicit null exception at 0x000000010d476506 to 0x000000010d47674d
Event: 56.197 Thread 0x00007f9ccd483800 Exception <a 'java/security/PrivilegedActionException'> (0x00000007991de8f8) thrown at [/Users/java_re/workspace/8-2-build-macosx-x86_64/jdk8u144/9417/hotspot/src/share/vm/prims/jvm.cpp, line 1390]

Events (10 events):
Event: 69.444 Executing VM operation: Deoptimize
Event: 69.445 Executing VM operation: Deoptimize done
Event: 69.445 loading class java/awt/Toolkit$ToolkitEventMulticaster
Event: 69.445 loading class java/awt/Toolkit$ToolkitEventMulticaster done
Event: 69.445 Thread 0x00007f9ccd239000 Uncommon trap: trap_request=0xffffff65 fr.pc=0x000000010d6eef84
Event: 69.445 Thread 0x00007f9ccd239000 DEOPT PACKING pc=0x000000010d6eef84 sp=0x000070000eb26a10
Event: 69.445 Thread 0x00007f9ccd239000 DEOPT UNPACKING pc=0x000000010d094229 sp=0x000070000eb26968 mode 2
Event: 69.446 Thread 0x00007f9ccc0fb000 Thread exited: 0x00007f9ccc0fb000
Event: 69.446 loading class java/awt/Window$1DisposeAction
Event: 69.446 loading class java/awt/Window$1DisposeAction done


Dynamic libraries:
0x000000001fc30000 	/System/Library/Frameworks/Cocoa.framework/Versions/A/Cocoa
0x000000001fc30000 	/System/Library/Frameworks/Security.framework/Versions/A/Security
0x000000001fc30000 	/System/Library/Frameworks/ApplicationServices.framework/Versions/A/ApplicationServices
0x000000001fc30000 	/usr/lib/libz.1.dylib
0x000000001fc30000 	/usr/lib/libSystem.B.dylib
0x000000001fc30000 	/usr/lib/libobjc.A.dylib
0x000000001fc30000 	/System/Library/Frameworks/CoreFoundation.framework/Versions/A/CoreFoundation
0x000000001fc30000 	/System/Library/Frameworks/Foundation.framework/Versions/C/Foundation
0x000000001fc30000 	/System/Library/Frameworks/AppKit.framework/Versions/C/AppKit
0x000000001fc30000 	/System/Library/Frameworks/CoreData.framework/Versions/A/CoreData
0x000000001fc30000 	/System/Library/PrivateFrameworks/RemoteViewServices.framework/Versions/A/RemoteViewServices
0x000000001fc30000 	/System/Library/PrivateFrameworks/UIFoundation.framework/Versions/A/UIFoundation
0x000000001fc30000 	/System/Library/PrivateFrameworks/DFRFoundation.framework/Versions/A/DFRFoundation
0x000000001fc30000 	/usr/lib/libenergytrace.dylib
0x000000001fc30000 	/System/Library/PrivateFrameworks/SkyLight.framework/Versions/A/SkyLight
0x000000001fc30000 	/System/Library/Frameworks/CoreGraphics.framework/Versions/A/CoreGraphics
0x000000001fc30000 	/usr/lib/libScreenReader.dylib
0x000000001fc30000 	/System/Library/Frameworks/Accelerate.framework/Versions/A/Accelerate
0x000000001fc30000 	/System/Library/Frameworks/IOSurface.framework/Versions/A/IOSurface
0x000000001fc30000 	/System/Library/Frameworks/AudioToolbox.framework/Versions/A/AudioToolbox
0x000000001fc30000 	/System/Library/Frameworks/AudioUnit.framework/Versions/A/AudioUnit
0x000000001fc30000 	/System/Library/PrivateFrameworks/DataDetectorsCore.framework/Versions/A/DataDetectorsCore
0x000000001fc30000 	/System/Library/PrivateFrameworks/DesktopServicesPriv.framework/Versions/A/DesktopServicesPriv
0x000000001fc30000 	/System/Library/Frameworks/Carbon.framework/Versions/A/Frameworks/HIToolbox.framework/Versions/A/HIToolbox
0x000000001fc30000 	/usr/lib/libicucore.A.dylib
0x000000001fc30000 	/System/Library/Frameworks/QuartzCore.framework/Versions/A/QuartzCore
0x000000001fc30000 	/System/Library/Frameworks/Carbon.framework/Versions/A/Frameworks/SpeechRecognition.framework/Versions/A/SpeechRecognition
0x000000001fc30000 	/usr/lib/libauto.dylib
0x000000001fc30000 	/usr/lib/libxml2.2.dylib
0x000000001fc30000 	/System/Library/PrivateFrameworks/CoreUI.framework/Versions/A/CoreUI
0x000000001fc30000 	/System/Library/Frameworks/CoreAudio.framework/Versions/A/CoreAudio
0x000000001fc30000 	/System/Library/Frameworks/DiskArbitration.framework/Versions/A/DiskArbitration
0x000000001fc30000 	/usr/lib/liblangid.dylib
0x000000001fc30000 	/System/Library/PrivateFrameworks/MultitouchSupport.framework/Versions/A/MultitouchSupport
0x000000001fc30000 	/System/Library/Frameworks/IOKit.framework/Versions/A/IOKit
0x000000001fc30000 	/usr/lib/libDiagnosticMessagesClient.dylib
0x000000001fc30000 	/System/Library/Frameworks/CoreServices.framework/Versions/A/CoreServices
0x000000001fc30000 	/System/Library/PrivateFrameworks/PerformanceAnalysis.framework/Versions/A/PerformanceAnalysis
0x000000001fc30000 	/System/Library/PrivateFrameworks/GenerationalStorage.framework/Versions/A/GenerationalStorage
0x000000001fc30000 	/System/Library/Frameworks/OpenGL.framework/Versions/A/OpenGL
0x000000001fc30000 	/System/Library/Frameworks/CoreImage.framework/Versions/A/CoreImage
0x000000001fc30000 	/System/Library/Frameworks/CoreText.framework/Versions/A/CoreText
0x000000001fc30000 	/System/Library/Frameworks/ImageIO.framework/Versions/A/ImageIO
0x000000001fc30000 	/System/Library/PrivateFrameworks/Backup.framework/Versions/A/Backup
0x000000001fc30000 	/usr/lib/libarchive.2.dylib
0x000000001fc30000 	/System/Library/Frameworks/CFNetwork.framework/Versions/A/CFNetwork
0x000000001fc30000 	/System/Library/Frameworks/SystemConfiguration.framework/Versions/A/SystemConfiguration
0x000000001fc30000 	/usr/lib/libCRFSuite.dylib
0x000000001fc30000 	/usr/lib/libc++.1.dylib
0x000000001fc30000 	/usr/lib/libc++abi.dylib
0x000000001fc30000 	/usr/lib/system/libcache.dylib
0x000000001fc30000 	/usr/lib/system/libcommonCrypto.dylib
0x000000001fc30000 	/usr/lib/system/libcompiler_rt.dylib
0x000000001fc30000 	/usr/lib/system/libcopyfile.dylib
0x000000001fc30000 	/usr/lib/system/libcorecrypto.dylib
0x000000001fc30000 	/usr/lib/system/libdispatch.dylib
0x000000001fc30000 	/usr/lib/system/libdyld.dylib
0x000000001fc30000 	/usr/lib/system/libkeymgr.dylib
0x000000001fc30000 	/usr/lib/system/liblaunch.dylib
0x000000001fc30000 	/usr/lib/system/libmacho.dylib
0x000000001fc30000 	/usr/lib/system/libquarantine.dylib
0x000000001fc30000 	/usr/lib/system/libremovefile.dylib
0x000000001fc30000 	/usr/lib/system/libsystem_asl.dylib
0x000000001fc30000 	/usr/lib/system/libsystem_blocks.dylib
0x000000001fc30000 	/usr/lib/system/libsystem_c.dylib
0x000000001fc30000 	/usr/lib/system/libsystem_configuration.dylib
0x000000001fc30000 	/usr/lib/system/libsystem_coreservices.dylib
0x000000001fc30000 	/usr/lib/system/libsystem_coretls.dylib
0x000000001fc30000 	/usr/lib/system/libsystem_dnssd.dylib
0x000000001fc30000 	/usr/lib/system/libsystem_info.dylib
0x000000001fc30000 	/usr/lib/system/libsystem_kernel.dylib
0x000000001fc30000 	/usr/lib/system/libsystem_m.dylib
0x000000001fc30000 	/usr/lib/system/libsystem_malloc.dylib
0x000000001fc30000 	/usr/lib/system/libsystem_network.dylib
0x000000001fc30000 	/usr/lib/system/libsystem_networkextension.dylib
0x000000001fc30000 	/usr/lib/system/libsystem_notify.dylib
0x000000001fc30000 	/usr/lib/system/libsystem_platform.dylib
0x000000001fc30000 	/usr/lib/system/libsystem_pthread.dylib
0x000000001fc30000 	/usr/lib/system/libsystem_sandbox.dylib
0x000000001fc30000 	/usr/lib/system/libsystem_secinit.dylib
0x000000001fc30000 	/usr/lib/system/libsystem_symptoms.dylib
0x000000001fc30000 	/usr/lib/system/libsystem_trace.dylib
0x000000001fc30000 	/usr/lib/system/libunwind.dylib
0x000000001fc30000 	/usr/lib/system/libxpc.dylib
0x000000001fc30000 	/usr/lib/libbsm.0.dylib
0x000000001fc30000 	/usr/lib/system/libkxld.dylib
0x000000001fc30000 	/usr/lib/libcoretls.dylib
0x000000001fc30000 	/usr/lib/libcoretls_cfhelpers.dylib
0x000000001fc30000 	/usr/lib/libOpenScriptingUtil.dylib
0x000000001fc30000 	/usr/lib/libpam.2.dylib
0x000000001fc30000 	/usr/lib/libsqlite3.dylib
0x000000001fc30000 	/usr/lib/libxar.1.dylib
0x000000001fc30000 	/usr/lib/libbz2.1.0.dylib
0x000000001fc30000 	/usr/lib/liblzma.5.dylib
0x000000001fc30000 	/usr/lib/libnetwork.dylib
0x000000001fc30000 	/usr/lib/libpcap.A.dylib
0x000000001fc30000 	/System/Library/Frameworks/CoreServices.framework/Versions/A/Frameworks/FSEvents.framework/Versions/A/FSEvents
0x000000001fc30000 	/System/Library/Frameworks/CoreServices.framework/Versions/A/Frameworks/CarbonCore.framework/Versions/A/CarbonCore
0x000000001fc30000 	/System/Library/Frameworks/CoreServices.framework/Versions/A/Frameworks/Metadata.framework/Versions/A/Metadata
0x000000001fc30000 	/System/Library/Frameworks/CoreServices.framework/Versions/A/Frameworks/OSServices.framework/Versions/A/OSServices
0x000000001fc30000 	/System/Library/Frameworks/CoreServices.framework/Versions/A/Frameworks/SearchKit.framework/Versions/A/SearchKit
0x000000001fc30000 	/System/Library/Frameworks/CoreServices.framework/Versions/A/Frameworks/AE.framework/Versions/A/AE
0x000000001fc30000 	/System/Library/Frameworks/CoreServices.framework/Versions/A/Frameworks/LaunchServices.framework/Versions/A/LaunchServices
0x000000001fc30000 	/System/Library/Frameworks/CoreServices.framework/Versions/A/Frameworks/DictionaryServices.framework/Versions/A/DictionaryServices
0x000000001fc30000 	/System/Library/Frameworks/CoreServices.framework/Versions/A/Frameworks/SharedFileList.framework/Versions/A/SharedFileList
0x000000001fc30000 	/System/Library/Frameworks/NetFS.framework/Versions/A/NetFS
0x000000001fc30000 	/System/Library/PrivateFrameworks/NetAuth.framework/Versions/A/NetAuth
0x000000001fc30000 	/System/Library/PrivateFrameworks/login.framework/Versions/A/Frameworks/loginsupport.framework/Versions/A/loginsupport
0x000000001fc30000 	/System/Library/PrivateFrameworks/TCC.framework/Versions/A/TCC
0x000000001fc30000 	/usr/lib/libmecabra.dylib
0x000000001fc30000 	/System/Library/Frameworks/ApplicationServices.framework/Versions/A/Frameworks/ATS.framework/Versions/A/ATS
0x000000001fc30000 	/System/Library/Frameworks/ApplicationServices.framework/Versions/A/Frameworks/ColorSync.framework/Versions/A/ColorSync
0x000000001fc30000 	/System/Library/Frameworks/ApplicationServices.framework/Versions/A/Frameworks/HIServices.framework/Versions/A/HIServices
0x000000001fc30000 	/System/Library/Frameworks/ApplicationServices.framework/Versions/A/Frameworks/LangAnalysis.framework/Versions/A/LangAnalysis
0x000000001fc30000 	/System/Library/Frameworks/ApplicationServices.framework/Versions/A/Frameworks/PrintCore.framework/Versions/A/PrintCore
0x000000001fc30000 	/System/Library/Frameworks/ApplicationServices.framework/Versions/A/Frameworks/QD.framework/Versions/A/QD
0x000000001fc30000 	/System/Library/Frameworks/ApplicationServices.framework/Versions/A/Frameworks/SpeechSynthesis.framework/Versions/A/SpeechSynthesis
0x000000001fc30000 	/System/Library/Frameworks/Accelerate.framework/Versions/A/Frameworks/vImage.framework/Versions/A/vImage
0x000000001fc30000 	/System/Library/Frameworks/Accelerate.framework/Versions/A/Frameworks/vecLib.framework/Versions/A/vecLib
0x000000001fc30000 	/System/Library/Frameworks/Accelerate.framework/Versions/A/Frameworks/vecLib.framework/Versions/A/libvDSP.dylib
0x000000001fc30000 	/System/Library/Frameworks/Accelerate.framework/Versions/A/Frameworks/vecLib.framework/Versions/A/libBNNS.dylib
0x000000001fc30000 	/System/Library/Frameworks/Accelerate.framework/Versions/A/Frameworks/vecLib.framework/Versions/A/libQuadrature.dylib
0x000000001fc30000 	/System/Library/Frameworks/Accelerate.framework/Versions/A/Frameworks/vecLib.framework/Versions/A/libvMisc.dylib
0x000000001fc30000 	/System/Library/Frameworks/Accelerate.framework/Versions/A/Frameworks/vecLib.framework/Versions/A/libLAPACK.dylib
0x000000001fc30000 	/System/Library/Frameworks/Accelerate.framework/Versions/A/Frameworks/vecLib.framework/Versions/A/libBLAS.dylib
0x000000001fc30000 	/System/Library/Frameworks/Accelerate.framework/Versions/A/Frameworks/vecLib.framework/Versions/A/libLinearAlgebra.dylib
0x000000001fc30000 	/System/Library/Frameworks/Accelerate.framework/Versions/A/Frameworks/vecLib.framework/Versions/A/libSparseBLAS.dylib
0x000000001fc30000 	/System/Library/Frameworks/ApplicationServices.framework/Versions/A/Frameworks/ATS.framework/Versions/A/Resources/libFontParser.dylib
0x000000001fc30000 	/System/Library/Frameworks/ApplicationServices.framework/Versions/A/Frameworks/ATS.framework/Versions/A/Resources/libFontRegistry.dylib
0x000000001fc30000 	/System/Library/Frameworks/ImageIO.framework/Versions/A/Resources/libJPEG.dylib
0x000000001fc30000 	/System/Library/Frameworks/ImageIO.framework/Versions/A/Resources/libTIFF.dylib
0x000000001fc30000 	/System/Library/Frameworks/ImageIO.framework/Versions/A/Resources/libPng.dylib
0x000000001fc30000 	/System/Library/Frameworks/ImageIO.framework/Versions/A/Resources/libGIF.dylib
0x000000001fc30000 	/System/Library/Frameworks/ImageIO.framework/Versions/A/Resources/libJP2.dylib
0x000000001fc30000 	/System/Library/Frameworks/ImageIO.framework/Versions/A/Resources/libRadiance.dylib
0x000000001fc30000 	/usr/lib/libcompression.dylib
0x000000001fc30000 	/System/Library/PrivateFrameworks/AppleJPEG.framework/Versions/A/AppleJPEG
0x000000001fc30000 	/usr/lib/libcups.2.dylib
0x000000001fc30000 	/System/Library/Frameworks/Kerberos.framework/Versions/A/Kerberos
0x000000001fc30000 	/System/Library/Frameworks/GSS.framework/Versions/A/GSS
0x000000001fc30000 	/usr/lib/libresolv.9.dylib
0x000000001fc30000 	/usr/lib/libiconv.2.dylib
0x000000001fc30000 	/System/Library/PrivateFrameworks/Heimdal.framework/Versions/A/Heimdal
0x000000001fc30000 	/usr/lib/libheimdal-asn1.dylib
0x000000001fc30000 	/System/Library/Frameworks/OpenDirectory.framework/Versions/A/OpenDirectory
0x000000001fc30000 	/System/Library/PrivateFrameworks/CommonAuth.framework/Versions/A/CommonAuth
0x000000001fc30000 	/System/Library/Frameworks/OpenDirectory.framework/Versions/A/Frameworks/CFOpenDirectory.framework/Versions/A/CFOpenDirectory
0x000000001fc30000 	/System/Library/Frameworks/SecurityFoundation.framework/Versions/A/SecurityFoundation
0x000000001fc30000 	/System/Library/PrivateFrameworks/LanguageModeling.framework/Versions/A/LanguageModeling
0x000000001fc30000 	/usr/lib/libmarisa.dylib
0x000000001fc30000 	/usr/lib/libChineseTokenizer.dylib
0x000000001fc30000 	/usr/lib/libcmph.dylib
0x000000001fc30000 	/System/Library/PrivateFrameworks/CoreEmoji.framework/Versions/A/CoreEmoji
0x000000001fc30000 	/System/Library/Frameworks/ServiceManagement.framework/Versions/A/ServiceManagement
0x000000001fc30000 	/usr/lib/libxslt.1.dylib
0x000000001fc30000 	/System/Library/Frameworks/Carbon.framework/Versions/A/Frameworks/Ink.framework/Versions/A/Ink
0x000000001fc30000 	/System/Library/PrivateFrameworks/TextureIO.framework/Versions/A/TextureIO
0x000000001fc30000 	/System/Library/Frameworks/Metal.framework/Versions/A/Metal
0x000000001fc30000 	/usr/lib/libate.dylib
0x000000001fc30000 	/System/Library/PrivateFrameworks/GPUCompiler.framework/libmetal_timestamp.dylib
0x000000001fc30000 	/System/Library/Frameworks/OpenGL.framework/Versions/A/Libraries/libCoreFSCache.dylib
0x000000001fc30000 	/System/Library/PrivateFrameworks/IOAccelerator.framework/Versions/A/IOAccelerator
0x000000001fc30000 	/System/Library/Frameworks/CoreVideo.framework/Versions/A/CoreVideo
0x000000001fc30000 	/usr/lib/libFosl_dynamic.dylib
0x000000001fc30000 	/System/Library/PrivateFrameworks/MetalPerformanceShaders.framework/Versions/A/MetalPerformanceShaders
0x000000001fc30000 	/System/Library/PrivateFrameworks/FaceCore.framework/Versions/A/FaceCore
0x000000001fc30000 	/System/Library/Frameworks/OpenCL.framework/Versions/A/OpenCL
0x000000001fc30000 	/System/Library/Frameworks/OpenGL.framework/Versions/A/Libraries/libGLU.dylib
0x000000001fc30000 	/System/Library/Frameworks/OpenGL.framework/Versions/A/Libraries/libGFXShared.dylib
0x000000001fc30000 	/System/Library/Frameworks/OpenGL.framework/Versions/A/Libraries/libGL.dylib
0x000000001fc30000 	/System/Library/Frameworks/OpenGL.framework/Versions/A/Libraries/libGLImage.dylib
0x000000001fc30000 	/System/Library/Frameworks/OpenGL.framework/Versions/A/Libraries/libCVMSPluginSupport.dylib
0x000000001fc30000 	/System/Library/Frameworks/OpenGL.framework/Versions/A/Libraries/libCoreVMClient.dylib
0x000000001fc30000 	/System/Library/PrivateFrameworks/CrashReporterSupport.framework/Versions/A/CrashReporterSupport
0x000000001fc30000 	/System/Library/PrivateFrameworks/Sharing.framework/Versions/A/Sharing
0x000000001fc30000 	/System/Library/PrivateFrameworks/IconServices.framework/Versions/A/IconServices
0x000000001fc30000 	/System/Library/PrivateFrameworks/ProtocolBuffer.framework/Versions/A/ProtocolBuffer
0x000000001fc30000 	/System/Library/PrivateFrameworks/Apple80211.framework/Versions/A/Apple80211
0x000000001fc30000 	/System/Library/Frameworks/CoreWLAN.framework/Versions/A/CoreWLAN
0x000000001fc30000 	/System/Library/PrivateFrameworks/CoreUtils.framework/Versions/A/CoreUtils
0x000000001fc30000 	/System/Library/Frameworks/IOBluetooth.framework/Versions/A/IOBluetooth
0x000000001fc30000 	/System/Library/PrivateFrameworks/CoreWiFi.framework/Versions/A/CoreWiFi
0x000000001fc30000 	/System/Library/Frameworks/CoreBluetooth.framework/Versions/A/CoreBluetooth
0x000000001fc30000 	/System/Library/Frameworks/CoreDisplay.framework/Versions/A/CoreDisplay
0x000000001fc30000 	/System/Library/PrivateFrameworks/IOPresentment.framework/Versions/A/IOPresentment
0x000000001fc30000 	/System/Library/PrivateFrameworks/DSExternalDisplay.framework/Versions/A/DSExternalDisplay
0x000000001fc30000 	/System/Library/PrivateFrameworks/DebugSymbols.framework/Versions/A/DebugSymbols
0x000000001fc30000 	/System/Library/PrivateFrameworks/CoreSymbolication.framework/Versions/A/CoreSymbolication
0x000000001fc30000 	/System/Library/PrivateFrameworks/Symbolication.framework/Versions/A/Symbolication
0x000000001fc30000 	/System/Library/PrivateFrameworks/AppleFSCompression.framework/Versions/A/AppleFSCompression
0x000000001fc30000 	/System/Library/PrivateFrameworks/SpeechRecognitionCore.framework/Versions/A/SpeechRecognitionCore
0x000000001fc30000 	/System/Library/PrivateFrameworks/ChunkingLibrary.framework/Versions/A/ChunkingLibrary
0x0000000102200000 	/Library/Java/JavaVirtualMachines/jdk1.8.0_144.jdk/Contents/Home/jre/lib/server/libjvm.dylib
0x000000001fc30000 	/usr/lib/libstdc++.6.dylib
0x00000001018a5000 	/Library/Java/JavaVirtualMachines/jdk1.8.0_144.jdk/Contents/Home/jre/lib/libverify.dylib
0x00000001018b3000 	/Library/Java/JavaVirtualMachines/jdk1.8.0_144.jdk/Contents/Home/jre/lib/libjava.dylib
0x00000001018f2000 	/Library/Java/JavaVirtualMachines/jdk1.8.0_144.jdk/Contents/Home/jre/lib/libzip.dylib
0x0000000109a0f000 	/System/Library/Frameworks/JavaVM.framework/Frameworks/JavaRuntimeSupport.framework/JavaRuntimeSupport
0x0000000109a29000 	/System/Library/Frameworks/JavaVM.framework/Versions/A/Frameworks/JavaNativeFoundation.framework/Versions/A/JavaNativeFoundation
0x0000000109a3e000 	/System/Library/Frameworks/JavaVM.framework/Versions/A/JavaVM
0x000000001fc30000 	/System/Library/Frameworks/Carbon.framework/Versions/A/Carbon
0x0000000109a4b000 	/System/Library/PrivateFrameworks/JavaLaunching.framework/Versions/A/JavaLaunching
0x000000001fc30000 	/System/Library/Frameworks/Carbon.framework/Versions/A/Frameworks/CommonPanels.framework/Versions/A/CommonPanels
0x000000001fc30000 	/System/Library/Frameworks/Carbon.framework/Versions/A/Frameworks/Help.framework/Versions/A/Help
0x000000001fc30000 	/System/Library/Frameworks/Carbon.framework/Versions/A/Frameworks/ImageCapture.framework/Versions/A/ImageCapture
0x000000001fc30000 	/System/Library/Frameworks/Carbon.framework/Versions/A/Frameworks/OpenScripting.framework/Versions/A/OpenScripting
0x000000001fc30000 	/System/Library/Frameworks/Carbon.framework/Versions/A/Frameworks/Print.framework/Versions/A/Print
0x000000001fc30000 	/System/Library/Frameworks/Carbon.framework/Versions/A/Frameworks/SecurityHI.framework/Versions/A/SecurityHI
0x000000010b352000 	/Library/Java/JavaVirtualMachines/jdk1.8.0_144.jdk/Contents/Home/jre/lib/libawt.dylib
0x000000010b3fa000 	/Library/Java/JavaVirtualMachines/jdk1.8.0_144.jdk/Contents/Home/jre/lib/./libmlib_image.dylib
0x000000010b4c6000 	/Library/Java/JavaVirtualMachines/jdk1.8.0_144.jdk/Contents/Home/jre/lib/libawt_lwawt.dylib
0x000000010b57d000 	/Library/Java/JavaVirtualMachines/jdk1.8.0_144.jdk/Contents/Home/jre/lib/./libosxapp.dylib
0x000000001fc30000 	/System/Library/Frameworks/ExceptionHandling.framework/Versions/A/ExceptionHandling
0x000000001fc30000 	/System/Library/PrivateFrameworks/CoreServicesInternal.framework/Versions/A/CoreServicesInternal
0x000000001fc30000 	/System/Library/CoreServices/RawCamera.bundle/Contents/MacOS/RawCamera
0x000000001fc30000 	/System/Library/Frameworks/Accelerate.framework/Versions/A/Frameworks/vImage.framework/Versions/A/Libraries/libCGInterfaces.dylib
0x000000001fc30000 	/System/Library/Frameworks/ApplicationServices.framework/Versions/A/Frameworks/ATS.framework/Versions/A/Resources/libTrueTypeScaler.dylib
0x000000011c7c8000 	/System/Library/Frameworks/OpenGL.framework/Resources/GLEngine.bundle/GLEngine
0x000000001fc30000 	/System/Library/Frameworks/OpenGL.framework/Versions/A/Libraries/libGLProgrammability.dylib
0x000000011c9ad000 	/System/Library/Extensions/AppleIntelBDWGraphicsGLDriver.bundle/Contents/MacOS/AppleIntelBDWGraphicsGLDriver
0x000000001fc30000 	/System/Library/PrivateFrameworks/GPUSupport.framework/Versions/A/Libraries/libGPUSupportMercury.dylib
0x000000010c8a4000 	/System/Library/Frameworks/OpenGL.framework/Resources//GLRendererFloat.bundle/GLRendererFloat
0x000000001fc30000 	/System/Library/Frameworks/OpenCL.framework/Versions/A/Libraries/libcldcpuengine.dylib
0x000000001fc30000 	/usr/lib/libcrypto.0.9.8.dylib
0x000000001fc30000 	/System/Library/PrivateFrameworks/TrustEvaluationAgent.framework/Versions/A/TrustEvaluationAgent
0x000000011d117000 	/System/Library/Extensions/AppleIntelBDWGraphicsMTLDriver.bundle/Contents/MacOS/AppleIntelBDWGraphicsMTLDriver
0x000000001fc30000 	/System/Library/PrivateFrameworks/FamilyControls.framework/Versions/A/FamilyControls
0x000000001fc30000 	/System/Library/PrivateFrameworks/CommerceKit.framework/Versions/A/Frameworks/CommerceCore.framework/Versions/A/CommerceCore
0x000000001fc30000 	/System/Library/PrivateFrameworks/SystemAdministration.framework/Versions/A/SystemAdministration
0x000000001fc30000 	/System/Library/PrivateFrameworks/AppContainer.framework/Versions/A/AppContainer
0x000000001fc30000 	/System/Library/PrivateFrameworks/SecCodeWrapper.framework/Versions/A/SecCodeWrapper
0x000000001fc30000 	/System/Library/Frameworks/DirectoryService.framework/Versions/A/DirectoryService
0x000000001fc30000 	/System/Library/PrivateFrameworks/DiskImages.framework/Versions/A/DiskImages
0x000000001fc30000 	/System/Library/PrivateFrameworks/LoginUIKit.framework/Versions/A/Frameworks/LoginUICore.framework/Versions/A/LoginUICore
0x000000001fc30000 	/usr/lib/libCoreStorage.dylib
0x000000001fc30000 	/usr/lib/libcsfde.dylib
0x000000001fc30000 	/usr/lib/libodfde.dylib
0x000000001fc30000 	/System/Library/Frameworks/DiscRecording.framework/Versions/A/DiscRecording
0x000000001fc30000 	/usr/lib/libcurl.4.dylib
0x000000001fc30000 	/System/Library/PrivateFrameworks/MediaKit.framework/Versions/A/MediaKit
0x000000001fc30000 	/System/Library/PrivateFrameworks/ProtectedCloudStorage.framework/Versions/A/ProtectedCloudStorage
0x000000001fc30000 	/System/Library/PrivateFrameworks/EFILogin.framework/Versions/A/EFILogin
0x000000001fc30000 	/usr/lib/libutil.dylib
0x000000001fc30000 	/System/Library/Frameworks/LDAP.framework/Versions/A/LDAP
0x000000001fc30000 	/usr/lib/libsasl2.2.dylib
0x000000001fc30000 	/System/Library/PrivateFrameworks/CoreDaemon.framework/Versions/B/CoreDaemon
0x000000001fc30000 	/System/Library/PrivateFrameworks/AppleSRP.framework/Versions/A/AppleSRP
0x000000001fc30000 	/System/Library/PrivateFrameworks/APFS.framework/Versions/A/APFS
0x000000011f020000 	/Library/Java/JavaVirtualMachines/jdk1.8.0_144.jdk/Contents/Home/jre/lib/libfontmanager.dylib
0x00000001204a3000 	/Library/Java/JavaVirtualMachines/jdk1.8.0_144.jdk/Contents/Home/jre/lib/libosxui.dylib
0x000000001fc30000 	/System/Library/PrivateFrameworks/ViewBridge.framework/Versions/A/ViewBridge
0x000000001fc30000 	/System/Library/PrivateFrameworks/XPCService.framework/Versions/A/XPCService
0x000000001fc30000 	/System/Library/PrivateFrameworks/AppSandbox.framework/Versions/A/AppSandbox
0x000000001fc30000 	/usr/lib/libsandbox.1.dylib
0x000000001fc30000 	/usr/lib/libMatch.1.dylib
0x0000000121053000 	/Library/Java/JavaVirtualMachines/jdk1.8.0_144.jdk/Contents/Home/jre/lib/libnet.dylib
0x000000012106a000 	/Library/Java/JavaVirtualMachines/jdk1.8.0_144.jdk/Contents/Home/jre/lib/libnio.dylib
0x0000000120168000 	/private/var/folders/4g/xxzpq2px2tg5jwrm0_jx44dc0000gn/T/jogamp_0000/file_cache/jln3305317681173365882/jln1608427400426465647/libgluegen-rt.jnilib
0x0000000120196000 	/private/var/folders/4g/xxzpq2px2tg5jwrm0_jx44dc0000gn/T/jogamp_0000/file_cache/jln3305317681173365882/jln1608427400426465647/libnativewindow_awt.jnilib
0x0000000120199000 	/Library/Java/JavaVirtualMachines/jdk1.8.0_144.jdk/Contents/Home/jre/lib/libjawt.dylib
0x000000018c533000 	/private/var/folders/4g/xxzpq2px2tg5jwrm0_jx44dc0000gn/T/jogamp_0000/file_cache/jln3305317681173365882/jln1608427400426465647/libnativewindow_macosx.jnilib
0x000000018c570000 	/private/var/folders/4g/xxzpq2px2tg5jwrm0_jx44dc0000gn/T/jogamp_0000/file_cache/jln3305317681173365882/jln1608427400426465647/libjogl_desktop.jnilib
0x00000001927e4000 	/Library/Java/JavaVirtualMachines/jdk1.8.0_144.jdk/Contents/Home/jre/lib/libsunec.dylib
0x0000000192470000 	/Library/Java/JavaVirtualMachines/jdk1.8.0_144.jdk/Contents/Home/jre/lib/libt2k.dylib
0x00000001924bd000 	/Library/Java/JavaVirtualMachines/jdk1.8.0_144.jdk/Contents/Home/jre/lib/libjpeg.dylib

VM Arguments:
jvm_args: -Djava.security.policy=java.policy.applet -Dfile.encoding=UTF-8 
java_command: sun.applet.AppletViewer module5.EarthquakeCityMap1506352169537.html
java_class_path (initial): /Users/BeenWu/Library/Mobile Documents/com~apple~CloudDocs/Eclipse Project/UCSDUnfoldingMaps/build:/Users/BeenWu/Library/Mobile Documents/com~apple~CloudDocs/Eclipse Project/UCSDUnfoldingMaps/lib/core.jar:/Users/BeenWu/Library/Mobile Documents/com~apple~CloudDocs/Eclipse Project/UCSDUnfoldingMaps/lib/gluegen-rt.jar:/Users/BeenWu/Library/Mobile Documents/com~apple~CloudDocs/Eclipse Project/UCSDUnfoldingMaps/lib/jogl-all.jar:/Users/BeenWu/Library/Mobile Documents/com~apple~CloudDocs/Eclipse Project/UCSDUnfoldingMaps/lib/log4j-1.2.15.jar:/Users/BeenWu/Library/Mobile Documents/com~apple~CloudDocs/Eclipse Project/UCSDUnfoldingMaps/lib/sqlite-jdbc-3.7.2.jar:/Users/BeenWu/Library/Mobile Documents/com~apple~CloudDocs/Eclipse Project/UCSDUnfoldingMaps/lib/json4processing.jar:/Users/BeenWu/Library/Mobile Documents/com~apple~CloudDocs/Eclipse Project/UCSDUnfoldingMaps/lib/libTUIO.jar:/Users/BeenWu/Library/Mobile Documents/com~apple~CloudDocs/Eclipse Project/UCSDUnfoldingMaps/lib/unfolding.0.9.7-uscd.jar
Launcher Type: SUN_STANDARD

Environment Variables:
PATH=/usr/bin:/bin:/usr/sbin:/sbin
SHELL=/bin/zsh

Signal Handlers:
SIGSEGV: [libjvm.dylib+0x5b26e5], sa_mask[0]=11111111011111110111111111111111, sa_flags=SA_ONSTACK|SA_RESTART|SA_SIGINFO
SIGBUS: [libjvm.dylib+0x5b26e5], sa_mask[0]=11111111011111110111111111111111, sa_flags=SA_RESTART|SA_SIGINFO
SIGFPE: [libjvm.dylib+0x489100], sa_mask[0]=11111111011111110111111111111111, sa_flags=SA_RESTART|SA_SIGINFO
SIGPIPE: [libjvm.dylib+0x489100], sa_mask[0]=11111111011111110111111111111111, sa_flags=SA_RESTART|SA_SIGINFO
SIGXFSZ: [libjvm.dylib+0x489100], sa_mask[0]=11111111011111110111111111111111, sa_flags=SA_RESTART|SA_SIGINFO
SIGILL: [libjvm.dylib+0x489100], sa_mask[0]=11111111011111110111111111111111, sa_flags=SA_RESTART|SA_SIGINFO
SIGUSR1: SIG_DFL, sa_mask[0]=00000000000000000000000000000000, sa_flags=none
SIGUSR2: [libjvm.dylib+0x488c1e], sa_mask[0]=00100000000000000000000000000000, sa_flags=SA_RESTART|SA_SIGINFO
SIGHUP: [libjvm.dylib+0x4871f5], sa_mask[0]=11111111011111110111111111111111, sa_flags=SA_RESTART|SA_SIGINFO
SIGINT: [libjvm.dylib+0x4871f5], sa_mask[0]=11111111011111110111111111111111, sa_flags=SA_RESTART|SA_SIGINFO
SIGTERM: [libjvm.dylib+0x4871f5], sa_mask[0]=11111111011111110111111111111111, sa_flags=SA_RESTART|SA_SIGINFO
SIGQUIT: [libjvm.dylib+0x4871f5], sa_mask[0]=11111111011111110111111111111111, sa_flags=SA_RESTART|SA_SIGINFO


---------------  S Y S T E M  ---------------

OS:Bsduname:Darwin 16.7.0 Darwin Kernel Version 16.7.0: Thu Jun 15 17:36:27 PDT 2017; root:xnu-3789.70.16~2/RELEASE_X86_64 x86_64
rlimit: STACK 8192k, CORE 0k, NPROC 709, NOFILE 10240, AS infinity
load average:2.01 1.48 1.47

CPU:total 4 (initial active 4) (2 cores per cpu, 2 threads per core) family 6 model 61 stepping 4, cmov, cx8, fxsr, mmx, sse, sse2, sse3, ssse3, sse4.1, sse4.2, popcnt, avx, avx2, aes, clmul, erms, 3dnowpref, lzcnt, ht, tsc, tscinvbit, bmi1, bmi2, adx

Memory: 4k page, physical 8388608k(547240k free)

/proc/meminfo:


vm_info: Java HotSpot(TM) 64-Bit Server VM (25.144-b01) for bsd-amd64 JRE (1.8.0_144-b01), built on Jul 21 2017 22:07:42 by "java_re" with gcc 4.2.1 (Based on Apple Inc. build 5658) (LLVM build 2336.11.00)

time: Mon Sep 25 11:10:39 2017
elapsed time: 69 seconds (0d 0h 1m 9s)

