#
# A fatal error has been detected by the Java Runtime Environment:
#
#  SIGSEGV (0xb) at pc=0x00007fffac02505d, pid=823, tid=0x0000000000000307
#
# JRE version: Java(TM) SE Runtime Environment (8.0_144-b01) (build 1.8.0_144-b01)
# Java VM: Java HotSpot(TM) 64-Bit Server VM (25.144-b01 mixed mode bsd-amd64 compressed oops)
# Problematic frame:
# C  [libobjc.A.dylib+0x705d]  objc_msgSend+0x1d
#
# Failed to write core dump. Core dumps have been disabled. To enable core dumping, try "ulimit -c unlimited" before starting Java again
#
# If you would like to submit a bug report, please visit:
#   http://bugreport.java.com/bugreport/crash.jsp
# The crash happened outside the Java Virtual Machine in native code.
# See problematic frame for where to report the bug.
#

---------------  T H R E A D  ---------------

Current thread (0x00007f88e70b9000):  JavaThread "AWT-AppKit" daemon [_thread_in_native, id=775, stack(0x00007fff5dace000,0x00007fff5e2ce000)]

siginfo: si_signo: 11 (SIGSEGV), si_code: 1 (SEGV_MAPERR), si_addr: 0x000007f88ebf0c68

Registers:
RAX=0x00007f88ebbe7490, RBX=0x000000018c6ff450, RCX=0x00007f88e8100f90, RDX=0x0000000000000000
RSP=0x00007fff5e2c9208, RBP=0x00007fff5e2c92c0, RSI=0x00007fff958b1116, RDI=0x00007f88ebbefe00
R8 =0x0000000000000018, R9 =0x00007f88e8100cf0, R10=0x000007f88ebf0c50, R11=0x00007fff958b1116
R12=0x0000000000000000, R13=0x000000019054cac0, R14=0x000000018c6ff440, R15=0x00007f88e70b9000
RIP=0x00007fffac02505d, EFLAGS=0x0000000000010206, ERR=0x0000000000000004
  TRAPNO=0x000000000000000e

Top of Stack: (sp=0x00007fff5e2c9208)
0x00007fff5e2c9208:   000000018c6fd157 00007fff5e2c9260
0x00007fff5e2c9218:   0000000000000003 00007fff5e2c9240
0x00007fff5e2c9228:   00000001023f368e 000000019054cac0
0x00007fff5e2c9238:   000000019054cac0 00007f88ebbe7490
0x00007fff5e2c9248:   000000018c6ff6a0 000000018c6ff710
0x00007fff5e2c9258:   00007fffb208a6d0 00007fffb2cba1e0
0x00007fff5e2c9268:   000000018c6ff450 000000018c6ff690
0x00007fff5e2c9278:   00007f88ebbe7490 00007f88ebbefe00
0x00007fff5e2c9288:   00007f88e5c46ed0 00007f88ebbe7490
0x00007fff5e2c9298:   00007f88ebbefe00 00007fff5e2c9348
0x00007fff5e2c92a8:   00007f88e70b91f8 000000019054cac0
0x00007fff5e2c92b8:   00007fff5e2c9370 00007fff5e2c9338
0x00007fff5e2c92c8:   00000001042279f4 000000019054cac0
0x00007fff5e2c92d8:   00007fff5e2c9370 00007fff5e2c9338
0x00007fff5e2c92e8:   0000000104227787 0000000104227742
0x00007fff5e2c92f8:   00007fff5e2c92f8 000000019054cac0
0x00007fff5e2c9308:   00007fff5e2c9370 000000019054f6f8
0x00007fff5e2c9318:   0000000000000000 000000019054cac0
0x00007fff5e2c9328:   0000000000000000 00007fff5e2c9358
0x00007fff5e2c9338:   00007fff5e2c93b8 00000001042182bd
0x00007fff5e2c9348:   0000000740ea6628 0000000104221538
0x00007fff5e2c9358:   00007f88ebbe7490 00007fff5e2c93b8
0x00007fff5e2c9368:   00007f88ebbefe00 0000000104222e02
0x00007fff5e2c9378:   00007fff5e2c9378 000000019054cc8a
0x00007fff5e2c9388:   00007fff5e2c93e0 000000019054f6f8
0x00007fff5e2c9398:   0000000000000000 000000019054cc98
0x00007fff5e2c93a8:   00007fff5e2c9358 00007fff5e2c93c8
0x00007fff5e2c93b8:   00007fff5e2c9428 00000001042182bd
0x00007fff5e2c93c8:   00007f88ebbe7490 0000000740b9b120
0x00007fff5e2c93d8:   00007f88ebbefe00 0000000740b9b120
0x00007fff5e2c93e8:   00007fff5e2c93e8 0000000196d26ae6
0x00007fff5e2c93f8:   00007fff5e2c9438 0000000196d26ba0 

Instructions: (pc=0x00007fffac02505d)
0x00007fffac02503d:   0f 1f 00 48 85 ff 2e 74 62 40 f6 c7 01 2e 75 66
0x00007fffac02504d:   49 ba f8 ff ff ff ff 7f 00 00 4c 23 17 49 89 f3
0x00007fffac02505d:   45 23 5a 18 49 c1 e3 04 4d 03 5a 10 49 3b 33 75
0x00007fffac02506d:   04 41 ff 63 08 49 83 3b 01 76 0d 49 83 c3 10 49 

Register to memory mapping:

RAX=0x00007f88ebbe7490 is an unknown value
RBX=0x000000018c6ff450: Java_jogamp_nativewindow_macosx_OSXUtil_GetScreenRefreshRate0+0x1cf0 in /private/var/folders/4g/xxzpq2px2tg5jwrm0_jx44dc0000gn/T/jogamp_0000/file_cache/jln6813206607514966015/jln5651542806073008222/libnativewindow_macosx.jnilib at 0x000000018c6f8000
RCX=0x00007f88e8100f90 is an unknown value
RDX=0x0000000000000000 is an unknown value
RSP=0x00007fff5e2c9208 is pointing into the stack for thread: 0x00007f88e70b9000
RBP=0x00007fff5e2c92c0 is pointing into the stack for thread: 0x00007f88e70b9000
RSI=0x00007fff958b1116: __NSStyleNameIndexTable+0x7fd5e in /System/Library/Frameworks/AppKit.framework/Versions/C/AppKit at 0x00007fff94c44000
RDI=0x00007f88ebbefe00 is an unknown value
R8 =0x0000000000000018 is an unknown value
R9 =0x00007f88e8100cf0 is an unknown value
R10=0x000007f88ebf0c50 is an unknown value
R11=0x00007fff958b1116: __NSStyleNameIndexTable+0x7fd5e in /System/Library/Frameworks/AppKit.framework/Versions/C/AppKit at 0x00007fff94c44000
R12=0x0000000000000000 is an unknown value
R13={method} {0x000000019054cac0} 'UnsetJAWTRootSurfaceLayer0' '(JJ)V' in 'jogamp/nativewindow/jawt/macosx/MacOSXJAWTWindow'
R14=0x000000018c6ff440: Java_jogamp_nativewindow_macosx_OSXUtil_GetScreenRefreshRate0+0x1ce0 in /private/var/folders/4g/xxzpq2px2tg5jwrm0_jx44dc0000gn/T/jogamp_0000/file_cache/jln6813206607514966015/jln5651542806073008222/libnativewindow_macosx.jnilib at 0x000000018c6f8000
R15=0x00007f88e70b9000 is a thread


Stack: [0x00007fff5dace000,0x00007fff5e2ce000],  sp=0x00007fff5e2c9208,  free space=8172k
Native frames: (J=compiled Java code, j=interpreted, Vv=VM code, C=native code)
C  [libobjc.A.dylib+0x705d]  objc_msgSend+0x1d
j  jogamp.nativewindow.jawt.macosx.MacOSXJAWTWindow.UnsetJAWTRootSurfaceLayer0(JJ)V+0
j  jogamp.nativewindow.jawt.macosx.MacOSXJAWTWindow.access$200(JJ)V+2
j  jogamp.nativewindow.jawt.macosx.MacOSXJAWTWindow$1.run()V+38
J 2377 C1 com.jogamp.common.util.RunnableTask.run()V (345 bytes) @ 0x0000000104a0bfa4 [0x0000000104a0be00+0x1a4]
v  ~StubRoutines::call_stub
V  [libjvm.dylib+0x2ee70a]  JavaCalls::call_helper(JavaValue*, methodHandle*, JavaCallArguments*, Thread*)+0x6ae
V  [libjvm.dylib+0x3258b9]  jni_invoke_nonstatic(JNIEnv_*, JavaValue*, _jobject*, JNICallType, _jmethodID*, JNI_ArgumentPusher*, Thread*)+0x2ec
V  [libjvm.dylib+0x318087]  jni_CallVoidMethod+0x16b
C  [libnativewindow_macosx.jnilib+0x5326]  Java_jogamp_nativewindow_jawt_macosx_MacOSXJAWTWindow_UnsetJAWTRootSurfaceLayer0+0x2b6
C  [Foundation+0x7152a]  __NSThreadPerformPerform+0x146
C  [CoreFoundation+0xa7321]  __CFRUNLOOP_IS_CALLING_OUT_TO_A_SOURCE0_PERFORM_FUNCTION__+0x11
C  [CoreFoundation+0x8821d]  __CFRunLoopDoSources0+0x22d
C  [CoreFoundation+0x87716]  __CFRunLoopRun+0x3a6
C  [CoreFoundation+0x87114]  CFRunLoopRunSpecific+0x1a4
C  [HIToolbox+0x30ebc]  RunCurrentEventLoopInMode+0xf0
C  [HIToolbox+0x30bf9]  ReceiveNextEventCommon+0xb8
C  [HIToolbox+0x30b26]  _BlockUntilNextEventMatchingListInModeWithFilter+0x47
C  [AppKit+0x46a54]  _DPSNextEvent+0x460
C  [AppKit+0x7c27ee]  -[NSApplication(NSEvent) _nextEventMatchingEventMask:untilDate:inMode:dequeue:]+0xaec
C  [libosxapp.dylib+0x23aa]  -[NSApplicationAWT nextEventMatchingMask:untilDate:inMode:dequeue:]+0x7c
C  [AppKit+0x3b3db]  -[NSApplication run]+0x39e
C  [libosxapp.dylib+0x214d]  +[NSApplicationAWT runAWTLoopWithApp:]+0x9c
C  [libawt_lwawt.dylib+0x45edf]  -[AWTStarter starter:]+0x389
C  [Foundation+0x7152a]  __NSThreadPerformPerform+0x146
C  [CoreFoundation+0xa7321]  __CFRUNLOOP_IS_CALLING_OUT_TO_A_SOURCE0_PERFORM_FUNCTION__+0x11
C  [CoreFoundation+0x8821d]  __CFRunLoopDoSources0+0x22d
C  [CoreFoundation+0x87716]  __CFRunLoopRun+0x3a6
C  [CoreFoundation+0x87114]  CFRunLoopRunSpecific+0x1a4
C  [java+0x6465]  CreateExecutionEnvironment+0x367
C  [java+0x218c]  JLI_Launch+0x7a0
C  [java+0x84c2]  main+0x65
C  [java+0x19e4]  start+0x34
C  0x0000000000000007

Java frames: (J=compiled Java code, j=interpreted, Vv=VM code)
j  jogamp.nativewindow.jawt.macosx.MacOSXJAWTWindow.UnsetJAWTRootSurfaceLayer0(JJ)V+0
j  jogamp.nativewindow.jawt.macosx.MacOSXJAWTWindow.access$200(JJ)V+2
j  jogamp.nativewindow.jawt.macosx.MacOSXJAWTWindow$1.run()V+38
J 2377 C1 com.jogamp.common.util.RunnableTask.run()V (345 bytes) @ 0x0000000104a0bfa4 [0x0000000104a0be00+0x1a4]
v  ~StubRoutines::call_stub

---------------  P R O C E S S  ---------------

Java Threads: ( => current thread )
  0x00007f88ec923000 JavaThread "Thread-19" [_thread_blocked, id=74207, stack(0x000070000ae48000,0x000070000af48000)]
  0x00007f88ed06d800 JavaThread "Keep-Alive-Timer" daemon [_thread_blocked, id=73487, stack(0x000070000b151000,0x000070000b251000)]
  0x00007f88e79e9000 JavaThread "AWT-EventQueue-1" [_thread_in_native, id=69335, stack(0x000070000acc2000,0x000070000adc2000)]
  0x00007f88e62f0800 JavaThread "DestroyJavaVM" [_thread_blocked, id=7171, stack(0x000070000967a000,0x000070000977a000)]
  0x00007f88e7940800 JavaThread "AWT-EventQueue-0" [_thread_blocked, id=60947, stack(0x000070000aabc000,0x000070000abbc000)]
  0x00007f88e7879000 JavaThread "Java2D Disposer" daemon [_thread_blocked, id=57615, stack(0x000070000a833000,0x000070000a933000)]
  0x00007f88e610a800 JavaThread "Java2D Queue Flusher" daemon [_thread_blocked, id=55559, stack(0x000070000a730000,0x000070000a830000)]
  0x00007f88e69fd800 JavaThread "AWT-Shutdown" [_thread_blocked, id=30495, stack(0x000070000a527000,0x000070000a627000)]
=>0x00007f88e70b9000 JavaThread "AWT-AppKit" daemon [_thread_in_native, id=775, stack(0x00007fff5dace000,0x00007fff5e2ce000)]
  0x00007f88e6007800 JavaThread "Service Thread" daemon [_thread_blocked, id=18435, stack(0x000070000a29e000,0x000070000a39e000)]
  0x00007f88e6870000 JavaThread "C1 CompilerThread2" daemon [_thread_blocked, id=17923, stack(0x000070000a19b000,0x000070000a29b000)]
  0x00007f88e685e000 JavaThread "C2 CompilerThread1" daemon [_thread_blocked, id=17411, stack(0x000070000a098000,0x000070000a198000)]
  0x00007f88e685d800 JavaThread "C2 CompilerThread0" daemon [_thread_blocked, id=16899, stack(0x0000700009f95000,0x000070000a095000)]
  0x00007f88e6850000 JavaThread "Signal Dispatcher" daemon [_thread_blocked, id=16387, stack(0x0000700009e92000,0x0000700009f92000)]
  0x00007f88e601f800 JavaThread "Finalizer" daemon [_thread_blocked, id=12547, stack(0x0000700009d8f000,0x0000700009e8f000)]
  0x00007f88e601c800 JavaThread "Reference Handler" daemon [_thread_blocked, id=12035, stack(0x0000700009c8c000,0x0000700009d8c000)]

Other Threads:
  0x00007f88e6018000 VMThread [stack: 0x0000700009b89000,0x0000700009c89000] [id=11523]
  0x00007f88e6827000 WatcherThread [stack: 0x000070000a3a1000,0x000070000a4a1000] [id=18947]

VM state:not at safepoint (normal execution)

VM Mutex/Monitor currently owned by a thread: None

Heap:
 PSYoungGen      total 38400K, used 11371K [0x0000000795580000, 0x0000000798000000, 0x00000007c0000000)
  eden space 33280K, 34% used [0x0000000795580000,0x000000079609ac48,0x0000000797600000)
  from space 5120K, 0% used [0x0000000797600000,0x0000000797600000,0x0000000797b00000)
  to   space 5120K, 0% used [0x0000000797b00000,0x0000000797b00000,0x0000000798000000)
 ParOldGen       total 77312K, used 16811K [0x0000000740000000, 0x0000000744b80000, 0x0000000795580000)
  object space 77312K, 21% used [0x0000000740000000,0x000000074106afb8,0x0000000744b80000)
 Metaspace       used 20940K, capacity 21267K, committed 21504K, reserved 1069056K
  class space    used 2100K, capacity 2184K, committed 2304K, reserved 1048576K

Card table byte_map: [0x0000000103570000,0x0000000103971000] byte_map_base: 0x00000000ffb70000

Marking Bits: (ParMarkBitMap*) 0x0000000102af35d0
 Begin Bits: [0x0000000113210000, 0x0000000115210000)
 End Bits:   [0x0000000115210000, 0x0000000117210000)

Polling page: 0x00000001019f2000

CodeCache: size=245760Kb used=8206Kb max_used=8219Kb free=237553Kb
 bounds [0x0000000104210000, 0x0000000104a20000, 0x0000000113210000]
 total_blobs=3293 nmethods=2386 adapters=820
 compilation: enabled

Compilation events (10 events):
Event: 7.969 Thread 0x00007f88e6870000 2387       3       sun.net.www.protocol.jar.Handler::parseURL (201 bytes)
Event: 7.971 Thread 0x00007f88e6870000 nmethod 2387 0x0000000104a15250 code [0x0000000104a15500, 0x0000000104a16968]
Event: 7.971 Thread 0x00007f88e6870000 2388       3       java.net.URLStreamHandler::setURL (159 bytes)
Event: 7.972 Thread 0x00007f88e6870000 nmethod 2388 0x0000000104a17350 code [0x0000000104a175e0, 0x0000000104a18948]
Event: 7.972 Thread 0x00007f88e6870000 2390       3       java.awt.geom.AffineTransform::getScaleY (5 bytes)
Event: 7.972 Thread 0x00007f88e6870000 nmethod 2390 0x0000000104a08810 code [0x0000000104a08960, 0x0000000104a08ab0]
Event: 7.972 Thread 0x00007f88e6870000 2389       3       java.util.concurrent.locks.AbstractQueuedSynchronizer$ConditionObject::doSignalAll (36 bytes)
Event: 7.973 Thread 0x00007f88e6870000 nmethod 2389 0x0000000104a191d0 code [0x0000000104a19340, 0x0000000104a19648]
Event: 7.973 Thread 0x00007f88e6870000 2391       3       java.awt.geom.AffineTransform::getScaleX (5 bytes)
Event: 7.974 Thread 0x00007f88e6870000 nmethod 2391 0x0000000104a19790 code [0x0000000104a198e0, 0x0000000104a19a30]

GC Heap History (8 events):
Event: 2.941 GC heap before
{Heap before GC invocations=1 (full 0):
 PSYoungGen      total 38400K, used 33280K [0x0000000795580000, 0x0000000798000000, 0x00000007c0000000)
  eden space 33280K, 100% used [0x0000000795580000,0x0000000797600000,0x0000000797600000)
  from space 5120K, 0% used [0x0000000797b00000,0x0000000797b00000,0x0000000798000000)
  to   space 5120K, 0% used [0x0000000797600000,0x0000000797600000,0x0000000797b00000)
 ParOldGen       total 87552K, used 0K [0x0000000740000000, 0x0000000745580000, 0x0000000795580000)
  object space 87552K, 0% used [0x0000000740000000,0x0000000740000000,0x0000000745580000)
 Metaspace       used 15904K, capacity 16263K, committed 16384K, reserved 1064960K
  class space    used 1635K, capacity 1760K, committed 1792K, reserved 1048576K
Event: 2.947 GC heap after
Heap after GC invocations=1 (full 0):
 PSYoungGen      total 38400K, used 4942K [0x0000000795580000, 0x0000000798000000, 0x00000007c0000000)
  eden space 33280K, 0% used [0x0000000795580000,0x0000000795580000,0x0000000797600000)
  from space 5120K, 96% used [0x0000000797600000,0x0000000797ad3908,0x0000000797b00000)
  to   space 5120K, 0% used [0x0000000797b00000,0x0000000797b00000,0x0000000798000000)
 ParOldGen       total 87552K, used 8K [0x0000000740000000, 0x0000000745580000, 0x0000000795580000)
  object space 87552K, 0% used [0x0000000740000000,0x0000000740002000,0x0000000745580000)
 Metaspace       used 15904K, capacity 16263K, committed 16384K, reserved 1064960K
  class space    used 1635K, capacity 1760K, committed 1792K, reserved 1048576K
}
Event: 4.053 GC heap before
{Heap before GC invocations=2 (full 0):
 PSYoungGen      total 38400K, used 38159K [0x0000000795580000, 0x0000000798000000, 0x00000007c0000000)
  eden space 33280K, 99% used [0x0000000795580000,0x00000007975f0658,0x0000000797600000)
  from space 5120K, 96% used [0x0000000797600000,0x0000000797ad3908,0x0000000797b00000)
  to   space 5120K, 0% used [0x0000000797b00000,0x0000000797b00000,0x0000000798000000)
 ParOldGen       total 87552K, used 8K [0x0000000740000000, 0x0000000745580000, 0x0000000795580000)
  object space 87552K, 0% used [0x0000000740000000,0x0000000740002000,0x0000000745580000)
 Metaspace       used 19635K, capacity 19971K, committed 20096K, reserved 1067008K
  class space    used 2020K, capacity 2118K, committed 2176K, reserved 1048576K
Event: 4.072 GC heap after
Heap after GC invocations=2 (full 0):
 PSYoungGen      total 38400K, used 5101K [0x0000000795580000, 0x0000000798000000, 0x00000007c0000000)
  eden space 33280K, 0% used [0x0000000795580000,0x0000000795580000,0x0000000797600000)
  from space 5120K, 99% used [0x0000000797b00000,0x0000000797ffb450,0x0000000798000000)
  to   space 5120K, 0% used [0x0000000797600000,0x0000000797600000,0x0000000797b00000)
 ParOldGen       total 87552K, used 7483K [0x0000000740000000, 0x0000000745580000, 0x0000000795580000)
  object space 87552K, 8% used [0x0000000740000000,0x000000074074ed08,0x0000000745580000)
 Metaspace       used 19635K, capacity 19971K, committed 20096K, reserved 1067008K
  class space    used 2020K, capacity 2118K, committed 2176K, reserved 1048576K
}
Event: 6.062 GC heap before
{Heap before GC invocations=3 (full 0):
 PSYoungGen      total 38400K, used 37747K [0x0000000795580000, 0x0000000798000000, 0x00000007c0000000)
  eden space 33280K, 98% used [0x0000000795580000,0x00000007975617c8,0x0000000797600000)
  from space 5120K, 99% used [0x0000000797b00000,0x0000000797ffb450,0x0000000798000000)
  to   space 5120K, 0% used [0x0000000797600000,0x0000000797600000,0x0000000797b00000)
 ParOldGen       total 87552K, used 7483K [0x0000000740000000, 0x0000000745580000, 0x0000000795580000)
  object space 87552K, 8% used [0x0000000740000000,0x000000074074ed08,0x0000000745580000)
 Metaspace       used 20766K, capacity 21069K, committed 21248K, reserved 1069056K
  class space    used 2089K, capacity 2183K, committed 2304K, reserved 1048576K
Event: 6.072 GC heap after
Heap after GC invocations=3 (full 0):
 PSYoungGen      total 38400K, used 5117K [0x0000000795580000, 0x0000000798000000, 0x00000007c0000000)
  eden space 33280K, 0% used [0x0000000795580000,0x0000000795580000,0x0000000797600000)
  from space 5120K, 99% used [0x0000000797600000,0x0000000797aff460,0x0000000797b00000)
  to   space 5120K, 0% used [0x0000000797b00000,0x0000000797b00000,0x0000000798000000)
 ParOldGen       total 87552K, used 11865K [0x0000000740000000, 0x0000000745580000, 0x0000000795580000)
  object space 87552K, 13% used [0x0000000740000000,0x0000000740b965b8,0x0000000745580000)
 Metaspace       used 20766K, capacity 21069K, committed 21248K, reserved 1069056K
  class space    used 2089K, capacity 2183K, committed 2304K, reserved 1048576K
}
Event: 6.072 GC heap before
{Heap before GC invocations=4 (full 1):
 PSYoungGen      total 38400K, used 5117K [0x0000000795580000, 0x0000000798000000, 0x00000007c0000000)
  eden space 33280K, 0% used [0x0000000795580000,0x0000000795580000,0x0000000797600000)
  from space 5120K, 99% used [0x0000000797600000,0x0000000797aff460,0x0000000797b00000)
  to   space 5120K, 0% used [0x0000000797b00000,0x0000000797b00000,0x0000000798000000)
 ParOldGen       total 87552K, used 11865K [0x0000000740000000, 0x0000000745580000, 0x0000000795580000)
  object space 87552K, 13% used [0x0000000740000000,0x0000000740b965b8,0x0000000745580000)
 Metaspace       used 20766K, capacity 21069K, committed 21248K, reserved 1069056K
  class space    used 2089K, capacity 2183K, committed 2304K, reserved 1048576K
Event: 6.135 GC heap after
Heap after GC invocations=4 (full 1):
 PSYoungGen      total 38400K, used 0K [0x0000000795580000, 0x0000000798000000, 0x00000007c0000000)
  eden space 33280K, 0% used [0x0000000795580000,0x0000000795580000,0x0000000797600000)
  from space 5120K, 0% used [0x0000000797600000,0x0000000797600000,0x0000000797b00000)
  to   space 5120K, 0% used [0x0000000797b00000,0x0000000797b00000,0x0000000798000000)
 ParOldGen       total 77312K, used 16811K [0x0000000740000000, 0x0000000744b80000, 0x0000000795580000)
  object space 77312K, 21% used [0x0000000740000000,0x000000074106afb8,0x0000000744b80000)
 Metaspace       used 20766K, capacity 21069K, committed 21248K, reserved 1069056K
  class space    used 2089K, capacity 2183K, committed 2304K, reserved 1048576K
}

Deoptimization events (10 events):
Event: 4.089 Thread 0x00007f88e79e9000 Uncommon trap: reason=unstable_if action=reinterpret pc=0x0000000104622710 method=java.lang.String.trim()Ljava/lang/String; @ 23
Event: 4.988 Thread 0x00007f88e79e9000 Uncommon trap: reason=unstable_if action=reinterpret pc=0x000000010480af78 method=processing.opengl.PGraphicsOpenGL$InGeometry.addVertex(FFFIFFFFFIFIIIFIZ)I @ 218
Event: 5.721 Thread 0x00007f88e79e9000 Uncommon trap: reason=unstable_if action=reinterpret pc=0x00000001048b5714 method=processing.opengl.PGraphicsOpenGL$TessGeometry.polyIndexCheck(I)V @ 13
Event: 6.027 Thread 0x00007f88e79e9000 Uncommon trap: reason=unstable_if action=reinterpret pc=0x0000000104881d98 method=processing.opengl.PGraphicsOpenGL$TessGeometry.polyVertexCheck(I)V @ 15
Event: 7.942 Thread 0x00007f88e79e9000 Uncommon trap: reason=unstable_if action=reinterpret pc=0x00000001048f91e8 method=com.jogamp.common.util.VersionNumber.compareTo(Lcom/jogamp/common/util/VersionNumber;)I @ 21
Event: 7.944 Thread 0x00007f88e7940800 Uncommon trap: reason=unstable_if action=reinterpret pc=0x00000001049190b8 method=java.awt.font.FontRenderContext.equals(Ljava/awt/font/FontRenderContext;)Z @ 2
Event: 7.945 Thread 0x00007f88e7940800 Uncommon trap: reason=unstable_if action=reinterpret pc=0x000000010493c2d4 method=java.awt.Font.equals(Ljava/lang/Object;)Z @ 2
Event: 7.957 Thread 0x00007f88e6a19800 Uncommon trap: reason=unstable_if action=reinterpret pc=0x00000001047055a8 method=java.util.HashMap.putVal(ILjava/lang/Object;Ljava/lang/Object;ZZ)Ljava/lang/Object; @ 81
Event: 7.957 Thread 0x00007f88e6a19800 Uncommon trap: reason=unstable_if action=reinterpret pc=0x00000001047081c0 method=java.util.HashMap.putVal(ILjava/lang/Object;Ljava/lang/Object;ZZ)Ljava/lang/Object; @ 81
Event: 7.973 Thread 0x00007f88ec923000 Uncommon trap: reason=predicate action=maybe_recompile pc=0x0000000104960f40 method=java.util.Vector.indexOf(Ljava/lang/Object;I)I @ 44

Internal exceptions (10 events):
Event: 5.336 Thread 0x00007f88e6b19000 Exception <a 'java/security/PrivilegedActionException'> (0x000000079654e378) thrown at [/Users/java_re/workspace/8-2-build-macosx-x86_64/jdk8u144/9417/hotspot/src/share/vm/prims/jvm.cpp, line 1390]
Event: 5.399 Thread 0x00007f88e73d6000 Exception <a 'java/security/PrivilegedActionException'> (0x00000007965c53b0) thrown at [/Users/java_re/workspace/8-2-build-macosx-x86_64/jdk8u144/9417/hotspot/src/share/vm/prims/jvm.cpp, line 1390]
Event: 5.639 Thread 0x00007f88ec814800 Exception <a 'java/security/PrivilegedActionException'> (0x0000000796acd530) thrown at [/Users/java_re/workspace/8-2-build-macosx-x86_64/jdk8u144/9417/hotspot/src/share/vm/prims/jvm.cpp, line 1390]
Event: 5.711 Thread 0x00007f88e78cd000 Exception <a 'java/security/PrivilegedActionException'> (0x0000000796a16500) thrown at [/Users/java_re/workspace/8-2-build-macosx-x86_64/jdk8u144/9417/hotspot/src/share/vm/prims/jvm.cpp, line 1390]
Event: 5.744 Thread 0x00007f88ec816000 Exception <a 'java/security/PrivilegedActionException'> (0x0000000796c04580) thrown at [/Users/java_re/workspace/8-2-build-macosx-x86_64/jdk8u144/9417/hotspot/src/share/vm/prims/jvm.cpp, line 1390]
Event: 6.025 Thread 0x00007f88ec2fd800 Exception <a 'java/security/PrivilegedActionException'> (0x0000000796cd69c0) thrown at [/Users/java_re/workspace/8-2-build-macosx-x86_64/jdk8u144/9417/hotspot/src/share/vm/prims/jvm.cpp, line 1390]
Event: 6.025 Thread 0x00007f88e66f5000 Exception <a 'java/security/PrivilegedActionException'> (0x0000000796fb1228) thrown at [/Users/java_re/workspace/8-2-build-macosx-x86_64/jdk8u144/9417/hotspot/src/share/vm/prims/jvm.cpp, line 1390]
Event: 6.255 Thread 0x00007f88ec14b800 Exception <a 'java/security/PrivilegedActionException'> (0x0000000795739140) thrown at [/Users/java_re/workspace/8-2-build-macosx-x86_64/jdk8u144/9417/hotspot/src/share/vm/prims/jvm.cpp, line 1390]
Event: 6.271 Thread 0x00007f88e78cd000 Exception <a 'java/security/PrivilegedActionException'> (0x0000000795786f50) thrown at [/Users/java_re/workspace/8-2-build-macosx-x86_64/jdk8u144/9417/hotspot/src/share/vm/prims/jvm.cpp, line 1390]
Event: 6.608 Thread 0x00007f88e66f5000 Exception <a 'java/security/PrivilegedActionException'> (0x000000079558c660) thrown at [/Users/java_re/workspace/8-2-build-macosx-x86_64/jdk8u144/9417/hotspot/src/share/vm/prims/jvm.cpp, line 1390]

Events (10 events):
Event: 7.971 loading class java/awt/event/AWTEventListenerProxy
Event: 7.971 loading class java/awt/event/AWTEventListenerProxy done
Event: 7.971 loading class java/awt/Toolkit$ToolkitEventMulticaster
Event: 7.971 loading class java/awt/Toolkit$ToolkitEventMulticaster done
Event: 7.972 Thread 0x00007f88e6a19800 Thread exited: 0x00007f88e6a19800
Event: 7.973 Thread 0x00007f88ec923000 Uncommon trap: trap_request=0xffffff86 fr.pc=0x0000000104960f40
Event: 7.973 Thread 0x00007f88ec923000 DEOPT PACKING pc=0x0000000104960f40 sp=0x000070000af477e0
Event: 7.973 Thread 0x00007f88ec923000 DEOPT UNPACKING pc=0x0000000104215229 sp=0x000070000af477a0 mode 2
Event: 7.973 loading class java/awt/Window$1DisposeAction
Event: 7.973 loading class java/awt/Window$1DisposeAction done


Dynamic libraries:
0x0000000021d93000 	/System/Library/Frameworks/Cocoa.framework/Versions/A/Cocoa
0x0000000021d93000 	/System/Library/Frameworks/Security.framework/Versions/A/Security
0x0000000021d93000 	/System/Library/Frameworks/ApplicationServices.framework/Versions/A/ApplicationServices
0x0000000021d93000 	/usr/lib/libz.1.dylib
0x0000000021d93000 	/usr/lib/libSystem.B.dylib
0x0000000021d93000 	/usr/lib/libobjc.A.dylib
0x0000000021d93000 	/System/Library/Frameworks/CoreFoundation.framework/Versions/A/CoreFoundation
0x0000000021d93000 	/System/Library/Frameworks/Foundation.framework/Versions/C/Foundation
0x0000000021d93000 	/System/Library/Frameworks/AppKit.framework/Versions/C/AppKit
0x0000000021d93000 	/System/Library/Frameworks/CoreData.framework/Versions/A/CoreData
0x0000000021d93000 	/System/Library/PrivateFrameworks/RemoteViewServices.framework/Versions/A/RemoteViewServices
0x0000000021d93000 	/System/Library/PrivateFrameworks/UIFoundation.framework/Versions/A/UIFoundation
0x0000000021d93000 	/System/Library/PrivateFrameworks/DFRFoundation.framework/Versions/A/DFRFoundation
0x0000000021d93000 	/usr/lib/libenergytrace.dylib
0x0000000021d93000 	/System/Library/PrivateFrameworks/SkyLight.framework/Versions/A/SkyLight
0x0000000021d93000 	/System/Library/Frameworks/CoreGraphics.framework/Versions/A/CoreGraphics
0x0000000021d93000 	/usr/lib/libScreenReader.dylib
0x0000000021d93000 	/System/Library/Frameworks/Accelerate.framework/Versions/A/Accelerate
0x0000000021d93000 	/System/Library/Frameworks/IOSurface.framework/Versions/A/IOSurface
0x0000000021d93000 	/System/Library/Frameworks/AudioToolbox.framework/Versions/A/AudioToolbox
0x0000000021d93000 	/System/Library/Frameworks/AudioUnit.framework/Versions/A/AudioUnit
0x0000000021d93000 	/System/Library/PrivateFrameworks/DataDetectorsCore.framework/Versions/A/DataDetectorsCore
0x0000000021d93000 	/System/Library/PrivateFrameworks/DesktopServicesPriv.framework/Versions/A/DesktopServicesPriv
0x0000000021d93000 	/System/Library/Frameworks/Carbon.framework/Versions/A/Frameworks/HIToolbox.framework/Versions/A/HIToolbox
0x0000000021d93000 	/usr/lib/libicucore.A.dylib
0x0000000021d93000 	/System/Library/Frameworks/QuartzCore.framework/Versions/A/QuartzCore
0x0000000021d93000 	/System/Library/Frameworks/Carbon.framework/Versions/A/Frameworks/SpeechRecognition.framework/Versions/A/SpeechRecognition
0x0000000021d93000 	/usr/lib/libauto.dylib
0x0000000021d93000 	/usr/lib/libxml2.2.dylib
0x0000000021d93000 	/System/Library/PrivateFrameworks/CoreUI.framework/Versions/A/CoreUI
0x0000000021d93000 	/System/Library/Frameworks/CoreAudio.framework/Versions/A/CoreAudio
0x0000000021d93000 	/System/Library/Frameworks/DiskArbitration.framework/Versions/A/DiskArbitration
0x0000000021d93000 	/usr/lib/liblangid.dylib
0x0000000021d93000 	/System/Library/PrivateFrameworks/MultitouchSupport.framework/Versions/A/MultitouchSupport
0x0000000021d93000 	/System/Library/Frameworks/IOKit.framework/Versions/A/IOKit
0x0000000021d93000 	/usr/lib/libDiagnosticMessagesClient.dylib
0x0000000021d93000 	/System/Library/Frameworks/CoreServices.framework/Versions/A/CoreServices
0x0000000021d93000 	/System/Library/PrivateFrameworks/PerformanceAnalysis.framework/Versions/A/PerformanceAnalysis
0x0000000021d93000 	/System/Library/PrivateFrameworks/GenerationalStorage.framework/Versions/A/GenerationalStorage
0x0000000021d93000 	/System/Library/Frameworks/OpenGL.framework/Versions/A/OpenGL
0x0000000021d93000 	/System/Library/Frameworks/CoreImage.framework/Versions/A/CoreImage
0x0000000021d93000 	/System/Library/Frameworks/CoreText.framework/Versions/A/CoreText
0x0000000021d93000 	/System/Library/Frameworks/ImageIO.framework/Versions/A/ImageIO
0x0000000021d93000 	/System/Library/PrivateFrameworks/Backup.framework/Versions/A/Backup
0x0000000021d93000 	/usr/lib/libarchive.2.dylib
0x0000000021d93000 	/System/Library/Frameworks/CFNetwork.framework/Versions/A/CFNetwork
0x0000000021d93000 	/System/Library/Frameworks/SystemConfiguration.framework/Versions/A/SystemConfiguration
0x0000000021d93000 	/usr/lib/libCRFSuite.dylib
0x0000000021d93000 	/usr/lib/libc++.1.dylib
0x0000000021d93000 	/usr/lib/libc++abi.dylib
0x0000000021d93000 	/usr/lib/system/libcache.dylib
0x0000000021d93000 	/usr/lib/system/libcommonCrypto.dylib
0x0000000021d93000 	/usr/lib/system/libcompiler_rt.dylib
0x0000000021d93000 	/usr/lib/system/libcopyfile.dylib
0x0000000021d93000 	/usr/lib/system/libcorecrypto.dylib
0x0000000021d93000 	/usr/lib/system/libdispatch.dylib
0x0000000021d93000 	/usr/lib/system/libdyld.dylib
0x0000000021d93000 	/usr/lib/system/libkeymgr.dylib
0x0000000021d93000 	/usr/lib/system/liblaunch.dylib
0x0000000021d93000 	/usr/lib/system/libmacho.dylib
0x0000000021d93000 	/usr/lib/system/libquarantine.dylib
0x0000000021d93000 	/usr/lib/system/libremovefile.dylib
0x0000000021d93000 	/usr/lib/system/libsystem_asl.dylib
0x0000000021d93000 	/usr/lib/system/libsystem_blocks.dylib
0x0000000021d93000 	/usr/lib/system/libsystem_c.dylib
0x0000000021d93000 	/usr/lib/system/libsystem_configuration.dylib
0x0000000021d93000 	/usr/lib/system/libsystem_coreservices.dylib
0x0000000021d93000 	/usr/lib/system/libsystem_coretls.dylib
0x0000000021d93000 	/usr/lib/system/libsystem_dnssd.dylib
0x0000000021d93000 	/usr/lib/system/libsystem_info.dylib
0x0000000021d93000 	/usr/lib/system/libsystem_kernel.dylib
0x0000000021d93000 	/usr/lib/system/libsystem_m.dylib
0x0000000021d93000 	/usr/lib/system/libsystem_malloc.dylib
0x0000000021d93000 	/usr/lib/system/libsystem_network.dylib
0x0000000021d93000 	/usr/lib/system/libsystem_networkextension.dylib
0x0000000021d93000 	/usr/lib/system/libsystem_notify.dylib
0x0000000021d93000 	/usr/lib/system/libsystem_platform.dylib
0x0000000021d93000 	/usr/lib/system/libsystem_pthread.dylib
0x0000000021d93000 	/usr/lib/system/libsystem_sandbox.dylib
0x0000000021d93000 	/usr/lib/system/libsystem_secinit.dylib
0x0000000021d93000 	/usr/lib/system/libsystem_symptoms.dylib
0x0000000021d93000 	/usr/lib/system/libsystem_trace.dylib
0x0000000021d93000 	/usr/lib/system/libunwind.dylib
0x0000000021d93000 	/usr/lib/system/libxpc.dylib
0x0000000021d93000 	/usr/lib/libbsm.0.dylib
0x0000000021d93000 	/usr/lib/system/libkxld.dylib
0x0000000021d93000 	/usr/lib/libcoretls.dylib
0x0000000021d93000 	/usr/lib/libcoretls_cfhelpers.dylib
0x0000000021d93000 	/usr/lib/libOpenScriptingUtil.dylib
0x0000000021d93000 	/usr/lib/libpam.2.dylib
0x0000000021d93000 	/usr/lib/libsqlite3.dylib
0x0000000021d93000 	/usr/lib/libxar.1.dylib
0x0000000021d93000 	/usr/lib/libbz2.1.0.dylib
0x0000000021d93000 	/usr/lib/liblzma.5.dylib
0x0000000021d93000 	/usr/lib/libnetwork.dylib
0x0000000021d93000 	/usr/lib/libpcap.A.dylib
0x0000000021d93000 	/System/Library/Frameworks/CoreServices.framework/Versions/A/Frameworks/FSEvents.framework/Versions/A/FSEvents
0x0000000021d93000 	/System/Library/Frameworks/CoreServices.framework/Versions/A/Frameworks/CarbonCore.framework/Versions/A/CarbonCore
0x0000000021d93000 	/System/Library/Frameworks/CoreServices.framework/Versions/A/Frameworks/Metadata.framework/Versions/A/Metadata
0x0000000021d93000 	/System/Library/Frameworks/CoreServices.framework/Versions/A/Frameworks/OSServices.framework/Versions/A/OSServices
0x0000000021d93000 	/System/Library/Frameworks/CoreServices.framework/Versions/A/Frameworks/SearchKit.framework/Versions/A/SearchKit
0x0000000021d93000 	/System/Library/Frameworks/CoreServices.framework/Versions/A/Frameworks/AE.framework/Versions/A/AE
0x0000000021d93000 	/System/Library/Frameworks/CoreServices.framework/Versions/A/Frameworks/LaunchServices.framework/Versions/A/LaunchServices
0x0000000021d93000 	/System/Library/Frameworks/CoreServices.framework/Versions/A/Frameworks/DictionaryServices.framework/Versions/A/DictionaryServices
0x0000000021d93000 	/System/Library/Frameworks/CoreServices.framework/Versions/A/Frameworks/SharedFileList.framework/Versions/A/SharedFileList
0x0000000021d93000 	/System/Library/Frameworks/NetFS.framework/Versions/A/NetFS
0x0000000021d93000 	/System/Library/PrivateFrameworks/NetAuth.framework/Versions/A/NetAuth
0x0000000021d93000 	/System/Library/PrivateFrameworks/login.framework/Versions/A/Frameworks/loginsupport.framework/Versions/A/loginsupport
0x0000000021d93000 	/System/Library/PrivateFrameworks/TCC.framework/Versions/A/TCC
0x0000000021d93000 	/usr/lib/libmecabra.dylib
0x0000000021d93000 	/System/Library/Frameworks/ApplicationServices.framework/Versions/A/Frameworks/ATS.framework/Versions/A/ATS
0x0000000021d93000 	/System/Library/Frameworks/ApplicationServices.framework/Versions/A/Frameworks/ColorSync.framework/Versions/A/ColorSync
0x0000000021d93000 	/System/Library/Frameworks/ApplicationServices.framework/Versions/A/Frameworks/HIServices.framework/Versions/A/HIServices
0x0000000021d93000 	/System/Library/Frameworks/ApplicationServices.framework/Versions/A/Frameworks/LangAnalysis.framework/Versions/A/LangAnalysis
0x0000000021d93000 	/System/Library/Frameworks/ApplicationServices.framework/Versions/A/Frameworks/PrintCore.framework/Versions/A/PrintCore
0x0000000021d93000 	/System/Library/Frameworks/ApplicationServices.framework/Versions/A/Frameworks/QD.framework/Versions/A/QD
0x0000000021d93000 	/System/Library/Frameworks/ApplicationServices.framework/Versions/A/Frameworks/SpeechSynthesis.framework/Versions/A/SpeechSynthesis
0x0000000021d93000 	/System/Library/Frameworks/Accelerate.framework/Versions/A/Frameworks/vImage.framework/Versions/A/vImage
0x0000000021d93000 	/System/Library/Frameworks/Accelerate.framework/Versions/A/Frameworks/vecLib.framework/Versions/A/vecLib
0x0000000021d93000 	/System/Library/Frameworks/Accelerate.framework/Versions/A/Frameworks/vecLib.framework/Versions/A/libvDSP.dylib
0x0000000021d93000 	/System/Library/Frameworks/Accelerate.framework/Versions/A/Frameworks/vecLib.framework/Versions/A/libBNNS.dylib
0x0000000021d93000 	/System/Library/Frameworks/Accelerate.framework/Versions/A/Frameworks/vecLib.framework/Versions/A/libQuadrature.dylib
0x0000000021d93000 	/System/Library/Frameworks/Accelerate.framework/Versions/A/Frameworks/vecLib.framework/Versions/A/libvMisc.dylib
0x0000000021d93000 	/System/Library/Frameworks/Accelerate.framework/Versions/A/Frameworks/vecLib.framework/Versions/A/libLAPACK.dylib
0x0000000021d93000 	/System/Library/Frameworks/Accelerate.framework/Versions/A/Frameworks/vecLib.framework/Versions/A/libBLAS.dylib
0x0000000021d93000 	/System/Library/Frameworks/Accelerate.framework/Versions/A/Frameworks/vecLib.framework/Versions/A/libLinearAlgebra.dylib
0x0000000021d93000 	/System/Library/Frameworks/Accelerate.framework/Versions/A/Frameworks/vecLib.framework/Versions/A/libSparseBLAS.dylib
0x0000000021d93000 	/System/Library/Frameworks/ApplicationServices.framework/Versions/A/Frameworks/ATS.framework/Versions/A/Resources/libFontParser.dylib
0x0000000021d93000 	/System/Library/Frameworks/ApplicationServices.framework/Versions/A/Frameworks/ATS.framework/Versions/A/Resources/libFontRegistry.dylib
0x0000000021d93000 	/System/Library/Frameworks/ImageIO.framework/Versions/A/Resources/libJPEG.dylib
0x0000000021d93000 	/System/Library/Frameworks/ImageIO.framework/Versions/A/Resources/libTIFF.dylib
0x0000000021d93000 	/System/Library/Frameworks/ImageIO.framework/Versions/A/Resources/libPng.dylib
0x0000000021d93000 	/System/Library/Frameworks/ImageIO.framework/Versions/A/Resources/libGIF.dylib
0x0000000021d93000 	/System/Library/Frameworks/ImageIO.framework/Versions/A/Resources/libJP2.dylib
0x0000000021d93000 	/System/Library/Frameworks/ImageIO.framework/Versions/A/Resources/libRadiance.dylib
0x0000000021d93000 	/usr/lib/libcompression.dylib
0x0000000021d93000 	/System/Library/PrivateFrameworks/AppleJPEG.framework/Versions/A/AppleJPEG
0x0000000021d93000 	/usr/lib/libcups.2.dylib
0x0000000021d93000 	/System/Library/Frameworks/Kerberos.framework/Versions/A/Kerberos
0x0000000021d93000 	/System/Library/Frameworks/GSS.framework/Versions/A/GSS
0x0000000021d93000 	/usr/lib/libresolv.9.dylib
0x0000000021d93000 	/usr/lib/libiconv.2.dylib
0x0000000021d93000 	/System/Library/PrivateFrameworks/Heimdal.framework/Versions/A/Heimdal
0x0000000021d93000 	/usr/lib/libheimdal-asn1.dylib
0x0000000021d93000 	/System/Library/Frameworks/OpenDirectory.framework/Versions/A/OpenDirectory
0x0000000021d93000 	/System/Library/PrivateFrameworks/CommonAuth.framework/Versions/A/CommonAuth
0x0000000021d93000 	/System/Library/Frameworks/OpenDirectory.framework/Versions/A/Frameworks/CFOpenDirectory.framework/Versions/A/CFOpenDirectory
0x0000000021d93000 	/System/Library/Frameworks/SecurityFoundation.framework/Versions/A/SecurityFoundation
0x0000000021d93000 	/System/Library/PrivateFrameworks/LanguageModeling.framework/Versions/A/LanguageModeling
0x0000000021d93000 	/usr/lib/libmarisa.dylib
0x0000000021d93000 	/usr/lib/libChineseTokenizer.dylib
0x0000000021d93000 	/usr/lib/libcmph.dylib
0x0000000021d93000 	/System/Library/PrivateFrameworks/CoreEmoji.framework/Versions/A/CoreEmoji
0x0000000021d93000 	/System/Library/Frameworks/ServiceManagement.framework/Versions/A/ServiceManagement
0x0000000021d93000 	/usr/lib/libxslt.1.dylib
0x0000000021d93000 	/System/Library/Frameworks/Carbon.framework/Versions/A/Frameworks/Ink.framework/Versions/A/Ink
0x0000000021d93000 	/System/Library/PrivateFrameworks/TextureIO.framework/Versions/A/TextureIO
0x0000000021d93000 	/System/Library/Frameworks/Metal.framework/Versions/A/Metal
0x0000000021d93000 	/usr/lib/libate.dylib
0x0000000021d93000 	/System/Library/PrivateFrameworks/GPUCompiler.framework/libmetal_timestamp.dylib
0x0000000021d93000 	/System/Library/Frameworks/OpenGL.framework/Versions/A/Libraries/libCoreFSCache.dylib
0x0000000021d93000 	/System/Library/PrivateFrameworks/IOAccelerator.framework/Versions/A/IOAccelerator
0x0000000021d93000 	/System/Library/Frameworks/CoreVideo.framework/Versions/A/CoreVideo
0x0000000021d93000 	/usr/lib/libFosl_dynamic.dylib
0x0000000021d93000 	/System/Library/PrivateFrameworks/MetalPerformanceShaders.framework/Versions/A/MetalPerformanceShaders
0x0000000021d93000 	/System/Library/PrivateFrameworks/FaceCore.framework/Versions/A/FaceCore
0x0000000021d93000 	/System/Library/Frameworks/OpenCL.framework/Versions/A/OpenCL
0x0000000021d93000 	/System/Library/Frameworks/OpenGL.framework/Versions/A/Libraries/libGLU.dylib
0x0000000021d93000 	/System/Library/Frameworks/OpenGL.framework/Versions/A/Libraries/libGFXShared.dylib
0x0000000021d93000 	/System/Library/Frameworks/OpenGL.framework/Versions/A/Libraries/libGL.dylib
0x0000000021d93000 	/System/Library/Frameworks/OpenGL.framework/Versions/A/Libraries/libGLImage.dylib
0x0000000021d93000 	/System/Library/Frameworks/OpenGL.framework/Versions/A/Libraries/libCVMSPluginSupport.dylib
0x0000000021d93000 	/System/Library/Frameworks/OpenGL.framework/Versions/A/Libraries/libCoreVMClient.dylib
0x0000000021d93000 	/System/Library/PrivateFrameworks/CrashReporterSupport.framework/Versions/A/CrashReporterSupport
0x0000000021d93000 	/System/Library/PrivateFrameworks/Sharing.framework/Versions/A/Sharing
0x0000000021d93000 	/System/Library/PrivateFrameworks/IconServices.framework/Versions/A/IconServices
0x0000000021d93000 	/System/Library/PrivateFrameworks/ProtocolBuffer.framework/Versions/A/ProtocolBuffer
0x0000000021d93000 	/System/Library/PrivateFrameworks/Apple80211.framework/Versions/A/Apple80211
0x0000000021d93000 	/System/Library/Frameworks/CoreWLAN.framework/Versions/A/CoreWLAN
0x0000000021d93000 	/System/Library/PrivateFrameworks/CoreUtils.framework/Versions/A/CoreUtils
0x0000000021d93000 	/System/Library/Frameworks/IOBluetooth.framework/Versions/A/IOBluetooth
0x0000000021d93000 	/System/Library/PrivateFrameworks/CoreWiFi.framework/Versions/A/CoreWiFi
0x0000000021d93000 	/System/Library/Frameworks/CoreBluetooth.framework/Versions/A/CoreBluetooth
0x0000000021d93000 	/System/Library/Frameworks/CoreDisplay.framework/Versions/A/CoreDisplay
0x0000000021d93000 	/System/Library/PrivateFrameworks/IOPresentment.framework/Versions/A/IOPresentment
0x0000000021d93000 	/System/Library/PrivateFrameworks/DSExternalDisplay.framework/Versions/A/DSExternalDisplay
0x0000000021d93000 	/System/Library/PrivateFrameworks/DebugSymbols.framework/Versions/A/DebugSymbols
0x0000000021d93000 	/System/Library/PrivateFrameworks/CoreSymbolication.framework/Versions/A/CoreSymbolication
0x0000000021d93000 	/System/Library/PrivateFrameworks/Symbolication.framework/Versions/A/Symbolication
0x0000000021d93000 	/System/Library/PrivateFrameworks/AppleFSCompression.framework/Versions/A/AppleFSCompression
0x0000000021d93000 	/System/Library/PrivateFrameworks/SpeechRecognitionCore.framework/Versions/A/SpeechRecognitionCore
0x0000000021d93000 	/System/Library/PrivateFrameworks/ChunkingLibrary.framework/Versions/A/ChunkingLibrary
0x0000000102200000 	/Library/Java/JavaVirtualMachines/jdk1.8.0_144.jdk/Contents/Home/jre/lib/server/libjvm.dylib
0x0000000021d93000 	/usr/lib/libstdc++.6.dylib
0x00000001019af000 	/Library/Java/JavaVirtualMachines/jdk1.8.0_144.jdk/Contents/Home/jre/lib/libverify.dylib
0x00000001019bd000 	/Library/Java/JavaVirtualMachines/jdk1.8.0_144.jdk/Contents/Home/jre/lib/libjava.dylib
0x00000001031a7000 	/Library/Java/JavaVirtualMachines/jdk1.8.0_144.jdk/Contents/Home/jre/lib/libzip.dylib
0x0000000118ba7000 	/System/Library/Frameworks/JavaVM.framework/Frameworks/JavaRuntimeSupport.framework/JavaRuntimeSupport
0x0000000118bc1000 	/System/Library/Frameworks/JavaVM.framework/Versions/A/Frameworks/JavaNativeFoundation.framework/Versions/A/JavaNativeFoundation
0x0000000118bd6000 	/System/Library/Frameworks/JavaVM.framework/Versions/A/JavaVM
0x0000000021d93000 	/System/Library/Frameworks/Carbon.framework/Versions/A/Carbon
0x0000000118be3000 	/System/Library/PrivateFrameworks/JavaLaunching.framework/Versions/A/JavaLaunching
0x0000000021d93000 	/System/Library/Frameworks/Carbon.framework/Versions/A/Frameworks/CommonPanels.framework/Versions/A/CommonPanels
0x0000000021d93000 	/System/Library/Frameworks/Carbon.framework/Versions/A/Frameworks/Help.framework/Versions/A/Help
0x0000000021d93000 	/System/Library/Frameworks/Carbon.framework/Versions/A/Frameworks/ImageCapture.framework/Versions/A/ImageCapture
0x0000000021d93000 	/System/Library/Frameworks/Carbon.framework/Versions/A/Frameworks/OpenScripting.framework/Versions/A/OpenScripting
0x0000000021d93000 	/System/Library/Frameworks/Carbon.framework/Versions/A/Frameworks/Print.framework/Versions/A/Print
0x0000000021d93000 	/System/Library/Frameworks/Carbon.framework/Versions/A/Frameworks/SecurityHI.framework/Versions/A/SecurityHI
0x000000011a4e8000 	/Library/Java/JavaVirtualMachines/jdk1.8.0_144.jdk/Contents/Home/jre/lib/libawt.dylib
0x000000011a590000 	/Library/Java/JavaVirtualMachines/jdk1.8.0_144.jdk/Contents/Home/jre/lib/./libmlib_image.dylib
0x000000011a65c000 	/Library/Java/JavaVirtualMachines/jdk1.8.0_144.jdk/Contents/Home/jre/lib/libawt_lwawt.dylib
0x000000011a713000 	/Library/Java/JavaVirtualMachines/jdk1.8.0_144.jdk/Contents/Home/jre/lib/./libosxapp.dylib
0x0000000021d93000 	/System/Library/Frameworks/ExceptionHandling.framework/Versions/A/ExceptionHandling
0x0000000021d93000 	/System/Library/PrivateFrameworks/CoreServicesInternal.framework/Versions/A/CoreServicesInternal
0x0000000021d93000 	/System/Library/CoreServices/RawCamera.bundle/Contents/MacOS/RawCamera
0x0000000021d93000 	/System/Library/Frameworks/Accelerate.framework/Versions/A/Frameworks/vImage.framework/Versions/A/Libraries/libCGInterfaces.dylib
0x0000000021d93000 	/System/Library/Frameworks/ApplicationServices.framework/Versions/A/Frameworks/ATS.framework/Versions/A/Resources/libTrueTypeScaler.dylib
0x000000011c82f000 	/System/Library/Frameworks/OpenGL.framework/Resources/GLEngine.bundle/GLEngine
0x0000000021d93000 	/System/Library/Frameworks/OpenGL.framework/Versions/A/Libraries/libGLProgrammability.dylib
0x000000011ca14000 	/System/Library/Extensions/AppleIntelBDWGraphicsGLDriver.bundle/Contents/MacOS/AppleIntelBDWGraphicsGLDriver
0x0000000021d93000 	/System/Library/PrivateFrameworks/GPUSupport.framework/Versions/A/Libraries/libGPUSupportMercury.dylib
0x000000011d180000 	/System/Library/Frameworks/OpenGL.framework/Resources//GLRendererFloat.bundle/GLRendererFloat
0x0000000021d93000 	/System/Library/Frameworks/OpenCL.framework/Versions/A/Libraries/libcldcpuengine.dylib
0x0000000021d93000 	/usr/lib/libcrypto.0.9.8.dylib
0x0000000021d93000 	/System/Library/PrivateFrameworks/TrustEvaluationAgent.framework/Versions/A/TrustEvaluationAgent
0x000000011d1b4000 	/System/Library/Extensions/AppleIntelBDWGraphicsMTLDriver.bundle/Contents/MacOS/AppleIntelBDWGraphicsMTLDriver
0x0000000021d93000 	/System/Library/PrivateFrameworks/FamilyControls.framework/Versions/A/FamilyControls
0x0000000021d93000 	/System/Library/PrivateFrameworks/CommerceKit.framework/Versions/A/Frameworks/CommerceCore.framework/Versions/A/CommerceCore
0x0000000021d93000 	/System/Library/PrivateFrameworks/SystemAdministration.framework/Versions/A/SystemAdministration
0x0000000021d93000 	/System/Library/PrivateFrameworks/AppContainer.framework/Versions/A/AppContainer
0x0000000021d93000 	/System/Library/PrivateFrameworks/SecCodeWrapper.framework/Versions/A/SecCodeWrapper
0x0000000021d93000 	/System/Library/Frameworks/DirectoryService.framework/Versions/A/DirectoryService
0x0000000021d93000 	/System/Library/PrivateFrameworks/DiskImages.framework/Versions/A/DiskImages
0x0000000021d93000 	/System/Library/PrivateFrameworks/LoginUIKit.framework/Versions/A/Frameworks/LoginUICore.framework/Versions/A/LoginUICore
0x0000000021d93000 	/usr/lib/libCoreStorage.dylib
0x0000000021d93000 	/usr/lib/libcsfde.dylib
0x0000000021d93000 	/usr/lib/libodfde.dylib
0x0000000021d93000 	/System/Library/Frameworks/DiscRecording.framework/Versions/A/DiscRecording
0x0000000021d93000 	/usr/lib/libcurl.4.dylib
0x0000000021d93000 	/System/Library/PrivateFrameworks/MediaKit.framework/Versions/A/MediaKit
0x0000000021d93000 	/System/Library/PrivateFrameworks/ProtectedCloudStorage.framework/Versions/A/ProtectedCloudStorage
0x0000000021d93000 	/System/Library/PrivateFrameworks/EFILogin.framework/Versions/A/EFILogin
0x0000000021d93000 	/usr/lib/libutil.dylib
0x0000000021d93000 	/System/Library/Frameworks/LDAP.framework/Versions/A/LDAP
0x0000000021d93000 	/usr/lib/libsasl2.2.dylib
0x0000000021d93000 	/System/Library/PrivateFrameworks/CoreDaemon.framework/Versions/B/CoreDaemon
0x0000000021d93000 	/System/Library/PrivateFrameworks/AppleSRP.framework/Versions/A/AppleSRP
0x0000000021d93000 	/System/Library/PrivateFrameworks/APFS.framework/Versions/A/APFS
0x000000011f191000 	/Library/Java/JavaVirtualMachines/jdk1.8.0_144.jdk/Contents/Home/jre/lib/libfontmanager.dylib
0x0000000120617000 	/Library/Java/JavaVirtualMachines/jdk1.8.0_144.jdk/Contents/Home/jre/lib/libosxui.dylib
0x0000000021d93000 	/System/Library/PrivateFrameworks/ViewBridge.framework/Versions/A/ViewBridge
0x0000000021d93000 	/System/Library/PrivateFrameworks/XPCService.framework/Versions/A/XPCService
0x0000000021d93000 	/System/Library/PrivateFrameworks/AppSandbox.framework/Versions/A/AppSandbox
0x0000000021d93000 	/usr/lib/libsandbox.1.dylib
0x0000000021d93000 	/usr/lib/libMatch.1.dylib
0x00000001211c9000 	/Library/Java/JavaVirtualMachines/jdk1.8.0_144.jdk/Contents/Home/jre/lib/libnet.dylib
0x00000001211e0000 	/Library/Java/JavaVirtualMachines/jdk1.8.0_144.jdk/Contents/Home/jre/lib/libnio.dylib
0x00000001202dc000 	/private/var/folders/4g/xxzpq2px2tg5jwrm0_jx44dc0000gn/T/jogamp_0000/file_cache/jln6813206607514966015/jln5651542806073008222/libgluegen-rt.jnilib
0x000000012030a000 	/private/var/folders/4g/xxzpq2px2tg5jwrm0_jx44dc0000gn/T/jogamp_0000/file_cache/jln6813206607514966015/jln5651542806073008222/libnativewindow_awt.jnilib
0x000000012030d000 	/Library/Java/JavaVirtualMachines/jdk1.8.0_144.jdk/Contents/Home/jre/lib/libjawt.dylib
0x000000018c6f8000 	/private/var/folders/4g/xxzpq2px2tg5jwrm0_jx44dc0000gn/T/jogamp_0000/file_cache/jln6813206607514966015/jln5651542806073008222/libnativewindow_macosx.jnilib
0x0000000190682000 	/private/var/folders/4g/xxzpq2px2tg5jwrm0_jx44dc0000gn/T/jogamp_0000/file_cache/jln6813206607514966015/jln5651542806073008222/libjogl_desktop.jnilib
0x0000000195e58000 	/Library/Java/JavaVirtualMachines/jdk1.8.0_144.jdk/Contents/Home/jre/lib/libt2k.dylib

VM Arguments:
jvm_args: -Djava.security.policy=java.policy.applet -Dfile.encoding=UTF-8 
java_command: sun.applet.AppletViewer module4.EarthquakeCityMap1505935125729.html
java_class_path (initial): /Users/BeenWu/Library/Mobile Documents/com~apple~CloudDocs/Eclipse Project/UCSDUnfoldingMaps/build:/Users/BeenWu/Library/Mobile Documents/com~apple~CloudDocs/Eclipse Project/UCSDUnfoldingMaps/lib/core.jar:/Users/BeenWu/Library/Mobile Documents/com~apple~CloudDocs/Eclipse Project/UCSDUnfoldingMaps/lib/gluegen-rt.jar:/Users/BeenWu/Library/Mobile Documents/com~apple~CloudDocs/Eclipse Project/UCSDUnfoldingMaps/lib/jogl-all.jar:/Users/BeenWu/Library/Mobile Documents/com~apple~CloudDocs/Eclipse Project/UCSDUnfoldingMaps/lib/log4j-1.2.15.jar:/Users/BeenWu/Library/Mobile Documents/com~apple~CloudDocs/Eclipse Project/UCSDUnfoldingMaps/lib/sqlite-jdbc-3.7.2.jar:/Users/BeenWu/Library/Mobile Documents/com~apple~CloudDocs/Eclipse Project/UCSDUnfoldingMaps/lib/json4processing.jar:/Users/BeenWu/Library/Mobile Documents/com~apple~CloudDocs/Eclipse Project/UCSDUnfoldingMaps/lib/libTUIO.jar:/Users/BeenWu/Library/Mobile Documents/com~apple~CloudDocs/Eclipse Project/UCSDUnfoldingMaps/lib/unfolding.0.9.7-uscd.jar
Launcher Type: SUN_STANDARD

Environment Variables:
PATH=/usr/bin:/bin:/usr/sbin:/sbin
SHELL=/bin/bash

Signal Handlers:
SIGSEGV: [libjvm.dylib+0x5b26e5], sa_mask[0]=11111111011111110111111111111111, sa_flags=SA_ONSTACK|SA_RESTART|SA_SIGINFO
SIGBUS: [libjvm.dylib+0x5b26e5], sa_mask[0]=11111111011111110111111111111111, sa_flags=SA_RESTART|SA_SIGINFO
SIGFPE: [libjvm.dylib+0x489100], sa_mask[0]=11111111011111110111111111111111, sa_flags=SA_RESTART|SA_SIGINFO
SIGPIPE: [libjvm.dylib+0x489100], sa_mask[0]=11111111011111110111111111111111, sa_flags=SA_RESTART|SA_SIGINFO
SIGXFSZ: [libjvm.dylib+0x489100], sa_mask[0]=11111111011111110111111111111111, sa_flags=SA_RESTART|SA_SIGINFO
SIGILL: [libjvm.dylib+0x489100], sa_mask[0]=11111111011111110111111111111111, sa_flags=SA_RESTART|SA_SIGINFO
SIGUSR1: SIG_DFL, sa_mask[0]=00000000000000000000000000000000, sa_flags=none
SIGUSR2: [libjvm.dylib+0x488c1e], sa_mask[0]=00100000000000000000000000000000, sa_flags=SA_RESTART|SA_SIGINFO
SIGHUP: [libjvm.dylib+0x4871f5], sa_mask[0]=11111111011111110111111111111111, sa_flags=SA_RESTART|SA_SIGINFO
SIGINT: [libjvm.dylib+0x4871f5], sa_mask[0]=11111111011111110111111111111111, sa_flags=SA_RESTART|SA_SIGINFO
SIGTERM: [libjvm.dylib+0x4871f5], sa_mask[0]=11111111011111110111111111111111, sa_flags=SA_RESTART|SA_SIGINFO
SIGQUIT: [libjvm.dylib+0x4871f5], sa_mask[0]=11111111011111110111111111111111, sa_flags=SA_RESTART|SA_SIGINFO


---------------  S Y S T E M  ---------------

OS:Bsduname:Darwin 16.7.0 Darwin Kernel Version 16.7.0: Thu Jun 15 17:36:27 PDT 2017; root:xnu-3789.70.16~2/RELEASE_X86_64 x86_64
rlimit: STACK 8192k, CORE 0k, NPROC 709, NOFILE 10240, AS infinity
load average:1.66 1.37 1.29

CPU:total 4 (initial active 4) (2 cores per cpu, 2 threads per core) family 6 model 61 stepping 4, cmov, cx8, fxsr, mmx, sse, sse2, sse3, ssse3, sse4.1, sse4.2, popcnt, avx, avx2, aes, clmul, erms, 3dnowpref, lzcnt, ht, tsc, tscinvbit, bmi1, bmi2, adx

Memory: 4k page, physical 8388608k(553928k free)

/proc/meminfo:


vm_info: Java HotSpot(TM) 64-Bit Server VM (25.144-b01) for bsd-amd64 JRE (1.8.0_144-b01), built on Jul 21 2017 22:07:42 by "java_re" with gcc 4.2.1 (Based on Apple Inc. build 5658) (LLVM build 2336.11.00)

time: Wed Sep 20 15:18:53 2017
elapsed time: 7 seconds (0d 0h 0m 7s)

