#
# A fatal error has been detected by the Java Runtime Environment:
#
#  SIGSEGV (0xb) at pc=0x00007fffc5e39069, pid=771, tid=0x0000000000000307
#
# JRE version: Java(TM) SE Runtime Environment (8.0_144-b01) (build 1.8.0_144-b01)
# Java VM: Java HotSpot(TM) 64-Bit Server VM (25.144-b01 mixed mode bsd-amd64 compressed oops)
# Problematic frame:
# C  [libobjc.A.dylib+0x7069]  objc_msgSend+0x29
#
# Failed to write core dump. Core dumps have been disabled. To enable core dumping, try "ulimit -c unlimited" before starting Java again
#
# If you would like to submit a bug report, please visit:
#   http://bugreport.java.com/bugreport/crash.jsp
# The crash happened outside the Java Virtual Machine in native code.
# See problematic frame for where to report the bug.
#

---------------  T H R E A D  ---------------

Current thread (0x00007f84b6942000):  JavaThread "AWT-AppKit" daemon [_thread_in_native, id=775, stack(0x00007fff55d75000,0x00007fff56575000)]

siginfo: si_signo: 11 (SIGSEGV), si_code: 1 (SEGV_MAPERR), si_addr: 0x0000012800000db8

Registers:
RAX=0x00007f84b667f2d0, RBX=0x0000000194413450, RCX=0x00007f84b8d00530, RDX=0x0000000000000000
RSP=0x00007fff56570208, RBP=0x00007fff565702c0, RSI=0x00007fffaf6c5116, RDI=0x00007f84bb8ddcf0
R8 =0x0000000000000018, R9 =0x00007f84b8d01750, R10=0x00000001145a8e10, R11=0x0000012800000db8
R12=0x0000000000000000, R13=0x000000019830f3d8, R14=0x0000000194413440, R15=0x00007f84b6942000
RIP=0x00007fffc5e39069, EFLAGS=0x0000000000010206, ERR=0x0000000000000004
  TRAPNO=0x000000000000000e

Top of Stack: (sp=0x00007fff56570208)
0x00007fff56570208:   0000000194411157 00007fff56570260
0x00007fff56570218:   0000000000000003 00007fff56570240
0x00007fff56570228:   000000010a1f368e 000000019830f3d8
0x00007fff56570238:   000000019830f3d8 00007f84b667f2d0
0x00007fff56570248:   00000001944136a0 0000000194413710
0x00007fff56570258:   00007fffcbe9e6d0 00007fffccace1e0
0x00007fff56570268:   0000000194413450 0000000194413690
0x00007fff56570278:   00007f84b667f2d0 00007f84bb8ddcf0
0x00007fff56570288:   00007f84b67f0320 00007f84b667f2d0
0x00007fff56570298:   00007f84bb8ddcf0 00007fff56570348
0x00007fff565702a8:   00007f84b69421f8 000000019830f3d8
0x00007fff565702b8:   00007fff56570370 00007fff56570338
0x00007fff565702c8:   0000000113da79f4 000000019830f3d8
0x00007fff565702d8:   00007fff56570370 00007fff56570338
0x00007fff565702e8:   0000000113da7787 0000000113da7742
0x00007fff565702f8:   00007fff565702f8 000000019830f3d8
0x00007fff56570308:   00007fff56570370 000000019478c220
0x00007fff56570318:   0000000000000000 000000019830f3d8
0x00007fff56570328:   0000000000000000 00007fff56570358
0x00007fff56570338:   00007fff565703b8 0000000113d982bd
0x00007fff56570348:   00000007403fb538 0000000113da1538
0x00007fff56570358:   00007f84b667f2d0 00007fff565703b8
0x00007fff56570368:   00007f84bb8ddcf0 0000000113da2e02
0x00007fff56570378:   00007fff56570378 000000019830f5a2
0x00007fff56570388:   00007fff565703e0 000000019478c220
0x00007fff56570398:   0000000000000000 000000019830f5b0
0x00007fff565703a8:   00007fff56570358 00007fff565703c8
0x00007fff565703b8:   00007fff56570428 0000000113d982bd
0x00007fff565703c8:   00007f84b667f2d0 0000000740339c50
0x00007fff565703d8:   00007f84bb8ddcf0 0000000740339c50
0x00007fff565703e8:   00007fff565703e8 000000019f4d6a76
0x00007fff565703f8:   00007fff56570438 000000019f4d6b30 

Instructions: (pc=0x00007fffc5e39069)
0x00007fffc5e39049:   01 2e 75 66 49 ba f8 ff ff ff ff 7f 00 00 4c 23
0x00007fffc5e39059:   17 49 89 f3 45 23 5a 18 49 c1 e3 04 4d 03 5a 10
0x00007fffc5e39069:   49 3b 33 75 04 41 ff 63 08 49 83 3b 01 76 0d 49
0x00007fffc5e39079:   83 c3 10 49 3b 33 75 f1 41 ff 63 08 72 64 4d 8b 

Register to memory mapping:

RAX=0x00007f84b667f2d0 is an unknown value
RBX=0x0000000194413450: Java_jogamp_nativewindow_macosx_OSXUtil_GetScreenRefreshRate0+0x1cf0 in /private/var/folders/4g/xxzpq2px2tg5jwrm0_jx44dc0000gn/T/jogamp_0000/file_cache/jln2735683970615656456/jln7554908828882544165/libnativewindow_macosx.jnilib at 0x000000019440c000
RCX=0x00007f84b8d00530 is an unknown value
RDX=0x0000000000000000 is an unknown value
RSP=0x00007fff56570208 is pointing into the stack for thread: 0x00007f84b6942000
RBP=0x00007fff565702c0 is pointing into the stack for thread: 0x00007f84b6942000
RSI=0x00007fffaf6c5116: __NSStyleNameIndexTable+0x7fd5e in /System/Library/Frameworks/AppKit.framework/Versions/C/AppKit at 0x00007fffaea58000
RDI=0x00007f84bb8ddcf0 is an unknown value
R8 =0x0000000000000018 is an unknown value
R9 =0x00007f84b8d01750 is an unknown value
R10=0x00000001145a8e10 is at entry_point+-368 in (nmethod*)0x00000001145a8e10
R11=0x0000012800000db8 is an unknown value
R12=0x0000000000000000 is an unknown value
R13={method} {0x000000019830f3d8} 'UnsetJAWTRootSurfaceLayer0' '(JJ)V' in 'jogamp/nativewindow/jawt/macosx/MacOSXJAWTWindow'
R14=0x0000000194413440: Java_jogamp_nativewindow_macosx_OSXUtil_GetScreenRefreshRate0+0x1ce0 in /private/var/folders/4g/xxzpq2px2tg5jwrm0_jx44dc0000gn/T/jogamp_0000/file_cache/jln2735683970615656456/jln7554908828882544165/libnativewindow_macosx.jnilib at 0x000000019440c000
R15=0x00007f84b6942000 is a thread


Stack: [0x00007fff55d75000,0x00007fff56575000],  sp=0x00007fff56570208,  free space=8172k
Native frames: (J=compiled Java code, j=interpreted, Vv=VM code, C=native code)
C  [libobjc.A.dylib+0x7069]  objc_msgSend+0x29
j  jogamp.nativewindow.jawt.macosx.MacOSXJAWTWindow.UnsetJAWTRootSurfaceLayer0(JJ)V+0
j  jogamp.nativewindow.jawt.macosx.MacOSXJAWTWindow.access$200(JJ)V+2
j  jogamp.nativewindow.jawt.macosx.MacOSXJAWTWindow$1.run()V+38
J 3176 C1 com.jogamp.common.util.RunnableTask.run()V (345 bytes) @ 0x0000000114711474 [0x00000001147112e0+0x194]
v  ~StubRoutines::call_stub
V  [libjvm.dylib+0x2ee70a]
V  [libjvm.dylib+0x3258b9]
V  [libjvm.dylib+0x318087]
C  [libnativewindow_macosx.jnilib+0x5326]  Java_jogamp_nativewindow_jawt_macosx_MacOSXJAWTWindow_UnsetJAWTRootSurfaceLayer0+0x2b6
C  [Foundation+0x7152a]  __NSThreadPerformPerform+0x146
C  [CoreFoundation+0xa7321]  __CFRUNLOOP_IS_CALLING_OUT_TO_A_SOURCE0_PERFORM_FUNCTION__+0x11
C  [CoreFoundation+0x88197]  __CFRunLoopDoSources0+0x1a7
C  [CoreFoundation+0x87716]  __CFRunLoopRun+0x3a6
C  [CoreFoundation+0x87114]  CFRunLoopRunSpecific+0x1a4
C  [HIToolbox+0x30ebc]  RunCurrentEventLoopInMode+0xf0
C  [HIToolbox+0x30bf9]  ReceiveNextEventCommon+0xb8
C  [HIToolbox+0x30b26]  _BlockUntilNextEventMatchingListInModeWithFilter+0x47
C  [AppKit+0x46a54]  _DPSNextEvent+0x460
C  [AppKit+0x7c27ee]  -[NSApplication(NSEvent) _nextEventMatchingEventMask:untilDate:inMode:dequeue:]+0xaec
C  [libosxapp.dylib+0x23aa]  -[NSApplicationAWT nextEventMatchingMask:untilDate:inMode:dequeue:]+0x7c
C  [AppKit+0x3b3db]  -[NSApplication run]+0x39e
C  [libosxapp.dylib+0x214d]  +[NSApplicationAWT runAWTLoopWithApp:]+0x9c
C  [libawt_lwawt.dylib+0x45edf]  -[AWTStarter starter:]+0x389
C  [Foundation+0x7152a]  __NSThreadPerformPerform+0x146
C  [CoreFoundation+0xa7321]  __CFRUNLOOP_IS_CALLING_OUT_TO_A_SOURCE0_PERFORM_FUNCTION__+0x11
C  [CoreFoundation+0x8821d]  __CFRunLoopDoSources0+0x22d
C  [CoreFoundation+0x87716]  __CFRunLoopRun+0x3a6
C  [CoreFoundation+0x87114]  CFRunLoopRunSpecific+0x1a4
C  [java+0x6465]  CreateExecutionEnvironment+0x367
C  [java+0x218c]  JLI_Launch+0x7a0
C  [java+0x84c2]  main+0x65
C  [java+0x19e4]  start+0x34
C  0x0000000000000007

Java frames: (J=compiled Java code, j=interpreted, Vv=VM code)
j  jogamp.nativewindow.jawt.macosx.MacOSXJAWTWindow.UnsetJAWTRootSurfaceLayer0(JJ)V+0
j  jogamp.nativewindow.jawt.macosx.MacOSXJAWTWindow.access$200(JJ)V+2
j  jogamp.nativewindow.jawt.macosx.MacOSXJAWTWindow$1.run()V+38
J 3176 C1 com.jogamp.common.util.RunnableTask.run()V (345 bytes) @ 0x0000000114711474 [0x00000001147112e0+0x194]
v  ~StubRoutines::call_stub

---------------  P R O C E S S  ---------------

Java Threads: ( => current thread )
  0x00007f84b7261000 JavaThread "Thread-209" [_thread_blocked, id=4707, stack(0x000070000a9f5000,0x000070000aaf5000)]
  0x00007f84b831c000 JavaThread "AWT-EventQueue-1" [_thread_in_native, id=66815, stack(0x000070000a7ec000,0x000070000a8ec000)]
  0x00007f84b7c59800 JavaThread "DestroyJavaVM" [_thread_blocked, id=7171, stack(0x0000700009227000,0x0000700009327000)]
  0x00007f84b699a800 JavaThread "AWT-EventQueue-0" [_thread_blocked, id=58131, stack(0x000070000a5e6000,0x000070000a6e6000)]
  0x00007f84b7198800 JavaThread "Java2D Disposer" daemon [_thread_blocked, id=55315, stack(0x000070000a35d000,0x000070000a45d000)]
  0x00007f84b7966000 JavaThread "Java2D Queue Flusher" daemon [_thread_blocked, id=55047, stack(0x000070000a25a000,0x000070000a35a000)]
  0x00007f84b78d9800 JavaThread "AWT-Shutdown" [_thread_blocked, id=30495, stack(0x000070000a0d4000,0x000070000a1d4000)]
=>0x00007f84b6942000 JavaThread "AWT-AppKit" daemon [_thread_in_native, id=775, stack(0x00007fff55d75000,0x00007fff56575000)]
  0x00007f84b6800000 JavaThread "Service Thread" daemon [_thread_blocked, id=18691, stack(0x0000700009e4b000,0x0000700009f4b000)]
  0x00007f84b6810800 JavaThread "C1 CompilerThread2" daemon [_thread_blocked, id=18179, stack(0x0000700009d48000,0x0000700009e48000)]
  0x00007f84b781d000 JavaThread "C2 CompilerThread1" daemon [_thread_blocked, id=17667, stack(0x0000700009c45000,0x0000700009d45000)]
  0x00007f84b781c800 JavaThread "C2 CompilerThread0" daemon [_thread_blocked, id=17155, stack(0x0000700009b42000,0x0000700009c42000)]
  0x00007f84b8063800 JavaThread "Signal Dispatcher" daemon [_thread_blocked, id=16643, stack(0x0000700009a3f000,0x0000700009b3f000)]
  0x00007f84b6802800 JavaThread "Finalizer" daemon [_thread_blocked, id=12547, stack(0x000070000993c000,0x0000700009a3c000)]
  0x00007f84b780d800 JavaThread "Reference Handler" daemon [_thread_blocked, id=12035, stack(0x0000700009839000,0x0000700009939000)]

Other Threads:
  0x00007f84b7809000 VMThread [stack: 0x0000700009736000,0x0000700009836000] [id=11523]
  0x00007f84b6834000 WatcherThread [stack: 0x0000700009f4e000,0x000070000a04e000] [id=19203]

VM state:not at safepoint (normal execution)

VM Mutex/Monitor currently owned by a thread: None

Heap:
 PSYoungGen      total 170496K, used 65021K [0x0000000795580000, 0x00000007a3b80000, 0x00000007c0000000)
  eden space 156672K, 32% used [0x0000000795580000,0x0000000798787248,0x000000079ee80000)
  from space 13824K, 99% used [0x000000079ee80000,0x000000079fbf8350,0x000000079fc00000)
  to   space 15360K, 0% used [0x00000007a2c80000,0x00000007a2c80000,0x00000007a3b80000)
 ParOldGen       total 130048K, used 55329K [0x0000000740000000, 0x0000000747f00000, 0x0000000795580000)
  object space 130048K, 42% used [0x0000000740000000,0x0000000743608438,0x0000000747f00000)
 Metaspace       used 25174K, capacity 25579K, committed 25728K, reserved 1073152K
  class space    used 2489K, capacity 2624K, committed 2688K, reserved 1048576K

Card table byte_map: [0x000000010b367000,0x000000010b768000] byte_map_base: 0x0000000107967000

Marking Bits: (ParMarkBitMap*) 0x000000010a8f35d0
 Begin Bits: [0x000000010ba13000, 0x000000010da13000)
 End Bits:   [0x000000010da13000, 0x000000010fa13000)

Polling page: 0x000000010974b000

CodeCache: size=245760Kb used=11444Kb max_used=11460Kb free=234315Kb
 bounds [0x0000000113d90000, 0x00000001148f0000, 0x0000000122d90000]
 total_blobs=4256 nmethods=3304 adapters=865
 compilation: enabled

Compilation events (10 events):
Event: 56.520 Thread 0x00007f84b6810800 3982       3       sun.java2d.pipe.PixelToParallelogramConverter::normalize (15 bytes)
Event: 56.521 Thread 0x00007f84b6810800 nmethod 3982 0x00000001145aa790 code [0x00000001145aa940, 0x00000001145aabc8]
Event: 56.522 Thread 0x00007f84b6810800 3981       1       java.awt.AWTEvent::isConsumed (5 bytes)
Event: 56.522 Thread 0x00007f84b6810800 nmethod 3981 0x00000001147ce9d0 code [0x00000001147ceb20, 0x00000001147cec30]
Event: 56.550 Thread 0x00007f84b6810800 3983       3       java.util.LinkedHashMap::afterNodeRemoval (65 bytes)
Event: 56.550 Thread 0x00007f84b6810800 nmethod 3983 0x000000011446de50 code [0x000000011446dfc0, 0x000000011446e370]
Event: 56.551 Thread 0x00007f84b781d000 3984  s!   4       sun.misc.URLClassPath::getLoader (243 bytes)
Event: 56.555 Thread 0x00007f84b781c800 3985  s    4       sun.misc.URLClassPath::getNextLoader (88 bytes)
Event: 56.556 Thread 0x00007f84b781d000 nmethod 3984 0x0000000114195310 code [0x0000000114195480, 0x0000000114195c58]
Event: 56.563 Thread 0x00007f84b781c800 nmethod 3985 0x00000001145a8e10 code [0x00000001145a8f80, 0x00000001145a96f8]

GC Heap History (10 events):
Event: 37.793 GC heap before
{Heap before GC invocations=9 (full 1):
 PSYoungGen      total 101376K, used 94504K [0x0000000795580000, 0x000000079ed00000, 0x00000007c0000000)
  eden space 89600K, 100% used [0x0000000795580000,0x000000079ad00000,0x000000079ad00000)
  from space 11776K, 41% used [0x000000079ad00000,0x000000079b1ca1c0,0x000000079b880000)
  to   space 11776K, 0% used [0x000000079e180000,0x000000079e180000,0x000000079ed00000)
 ParOldGen       total 54272K, used 16206K [0x0000000740000000, 0x0000000743500000, 0x0000000795580000)
  object space 54272K, 29% used [0x0000000740000000,0x0000000740fd3940,0x0000000743500000)
 Metaspace       used 24781K, capacity 25227K, committed 25472K, reserved 1073152K
  class space    used 2480K, capacity 2592K, committed 2688K, reserved 1048576K
Event: 37.801 GC heap after
Heap after GC invocations=9 (full 1):
 PSYoungGen      total 132096K, used 6120K [0x0000000795580000, 0x000000079e780000, 0x00000007c0000000)
  eden space 125952K, 0% used [0x0000000795580000,0x0000000795580000,0x000000079d080000)
  from space 6144K, 99% used [0x000000079e180000,0x000000079e77a220,0x000000079e780000)
  to   space 11264K, 0% used [0x000000079d180000,0x000000079d180000,0x000000079dc80000)
 ParOldGen       total 54272K, used 16214K [0x0000000740000000, 0x0000000743500000, 0x0000000795580000)
  object space 54272K, 29% used [0x0000000740000000,0x0000000740fd5940,0x0000000743500000)
 Metaspace       used 24781K, capacity 25227K, committed 25472K, reserved 1073152K
  class space    used 2480K, capacity 2592K, committed 2688K, reserved 1048576K
}
Event: 39.526 GC heap before
{Heap before GC invocations=10 (full 1):
 PSYoungGen      total 132096K, used 132072K [0x0000000795580000, 0x000000079e780000, 0x00000007c0000000)
  eden space 125952K, 100% used [0x0000000795580000,0x000000079d080000,0x000000079d080000)
  from space 6144K, 99% used [0x000000079e180000,0x000000079e77a220,0x000000079e780000)
  to   space 11264K, 0% used [0x000000079d180000,0x000000079d180000,0x000000079dc80000)
 ParOldGen       total 54272K, used 16214K [0x0000000740000000, 0x0000000743500000, 0x0000000795580000)
  object space 54272K, 29% used [0x0000000740000000,0x0000000740fd5940,0x0000000743500000)
 Metaspace       used 24869K, capacity 25291K, committed 25472K, reserved 1073152K
  class space    used 2480K, capacity 2592K, committed 2688K, reserved 1048576K
Event: 39.542 GC heap after
Heap after GC invocations=10 (full 1):
 PSYoungGen      total 138240K, used 11048K [0x0000000795580000, 0x00000007a0800000, 0x00000007c0000000)
  eden space 126976K, 0% used [0x0000000795580000,0x0000000795580000,0x000000079d180000)
  from space 11264K, 98% used [0x000000079d180000,0x000000079dc4a340,0x000000079dc80000)
  to   space 12288K, 0% used [0x000000079fc00000,0x000000079fc00000,0x00000007a0800000)
 ParOldGen       total 54272K, used 29023K [0x0000000740000000, 0x0000000743500000, 0x0000000795580000)
  object space 54272K, 53% used [0x0000000740000000,0x0000000741c57c60,0x0000000743500000)
 Metaspace       used 24869K, capacity 25291K, committed 25472K, reserved 1073152K
  class space    used 2480K, capacity 2592K, committed 2688K, reserved 1048576K
}
Event: 41.260 GC heap before
{Heap before GC invocations=11 (full 1):
 PSYoungGen      total 138240K, used 138024K [0x0000000795580000, 0x00000007a0800000, 0x00000007c0000000)
  eden space 126976K, 100% used [0x0000000795580000,0x000000079d180000,0x000000079d180000)
  from space 11264K, 98% used [0x000000079d180000,0x000000079dc4a340,0x000000079dc80000)
  to   space 12288K, 0% used [0x000000079fc00000,0x000000079fc00000,0x00000007a0800000)
 ParOldGen       total 54272K, used 29023K [0x0000000740000000, 0x0000000743500000, 0x0000000795580000)
  object space 54272K, 53% used [0x0000000740000000,0x0000000741c57c60,0x0000000743500000)
 Metaspace       used 25036K, capacity 25483K, committed 25728K, reserved 1073152K
  class space    used 2480K, capacity 2592K, committed 2688K, reserved 1048576K
Event: 41.278 GC heap after
Heap after GC invocations=11 (full 1):
 PSYoungGen      total 168960K, used 12184K [0x0000000795580000, 0x00000007a0e00000, 0x00000007c0000000)
  eden space 156672K, 0% used [0x0000000795580000,0x0000000795580000,0x000000079ee80000)
  from space 12288K, 99% used [0x000000079fc00000,0x00000007a07e63b0,0x00000007a0800000)
  to   space 13824K, 0% used [0x000000079ee80000,0x000000079ee80000,0x000000079fc00000)
 ParOldGen       total 54272K, used 43880K [0x0000000740000000, 0x0000000743500000, 0x0000000795580000)
  object space 54272K, 80% used [0x0000000740000000,0x0000000742ada000,0x0000000743500000)
 Metaspace       used 25036K, capacity 25483K, committed 25728K, reserved 1073152K
  class space    used 2480K, capacity 2592K, committed 2688K, reserved 1048576K
}
Event: 41.278 GC heap before
{Heap before GC invocations=12 (full 2):
 PSYoungGen      total 168960K, used 12184K [0x0000000795580000, 0x00000007a0e00000, 0x00000007c0000000)
  eden space 156672K, 0% used [0x0000000795580000,0x0000000795580000,0x000000079ee80000)
  from space 12288K, 99% used [0x000000079fc00000,0x00000007a07e63b0,0x00000007a0800000)
  to   space 13824K, 0% used [0x000000079ee80000,0x000000079ee80000,0x000000079fc00000)
 ParOldGen       total 54272K, used 43880K [0x0000000740000000, 0x0000000743500000, 0x0000000795580000)
  object space 54272K, 80% used [0x0000000740000000,0x0000000742ada000,0x0000000743500000)
 Metaspace       used 25036K, capacity 25483K, committed 25728K, reserved 1073152K
  class space    used 2480K, capacity 2592K, committed 2688K, reserved 1048576K
Event: 41.372 GC heap after
Heap after GC invocations=12 (full 2):
 PSYoungGen      total 168960K, used 0K [0x0000000795580000, 0x00000007a0e00000, 0x00000007c0000000)
  eden space 156672K, 0% used [0x0000000795580000,0x0000000795580000,0x000000079ee80000)
  from space 12288K, 0% used [0x000000079fc00000,0x000000079fc00000,0x00000007a0800000)
  to   space 13824K, 0% used [0x000000079ee80000,0x000000079ee80000,0x000000079fc00000)
 ParOldGen       total 130048K, used 53272K [0x0000000740000000, 0x0000000747f00000, 0x0000000795580000)
  object space 130048K, 40% used [0x0000000740000000,0x00000007434063b8,0x0000000747f00000)
 Metaspace       used 25036K, capacity 25483K, committed 25728K, reserved 1073152K
  class space    used 2480K, capacity 2592K, committed 2688K, reserved 1048576K
}
Event: 48.197 GC heap before
{Heap before GC invocations=13 (full 2):
 PSYoungGen      total 168960K, used 156672K [0x0000000795580000, 0x00000007a0e00000, 0x00000007c0000000)
  eden space 156672K, 100% used [0x0000000795580000,0x000000079ee80000,0x000000079ee80000)
  from space 12288K, 0% used [0x000000079fc00000,0x000000079fc00000,0x00000007a0800000)
  to   space 13824K, 0% used [0x000000079ee80000,0x000000079ee80000,0x000000079fc00000)
 ParOldGen       total 130048K, used 53272K [0x0000000740000000, 0x0000000747f00000, 0x0000000795580000)
  object space 130048K, 40% used [0x0000000740000000,0x00000007434063b8,0x0000000747f00000)
 Metaspace       used 25137K, capacity 25547K, committed 25728K, reserved 1073152K
  class space    used 2480K, capacity 2592K, committed 2688K, reserved 1048576K
Event: 48.209 GC heap after
Heap after GC invocations=13 (full 2):
 PSYoungGen      total 170496K, used 13792K [0x0000000795580000, 0x00000007a3b80000, 0x00000007c0000000)
  eden space 156672K, 0% used [0x0000000795580000,0x0000000795580000,0x000000079ee80000)
  from space 13824K, 99% used [0x000000079ee80000,0x000000079fbf8350,0x000000079fc00000)
  to   space 15360K, 0% used [0x00000007a2c80000,0x00000007a2c80000,0x00000007a3b80000)
 ParOldGen       total 130048K, used 55329K [0x0000000740000000, 0x0000000747f00000, 0x0000000795580000)
  object space 130048K, 42% used [0x0000000740000000,0x0000000743608438,0x0000000747f00000)
 Metaspace       used 25137K, capacity 25547K, committed 25728K, reserved 1073152K
  class space    used 2480K, capacity 2592K, committed 2688K, reserved 1048576K
}

Deoptimization events (10 events):
Event: 56.518 Thread 0x00007f84b699a800 Uncommon trap: reason=unstable_if action=reinterpret pc=0x00000001146910a4 method=java.awt.EventQueue.getPriority(Ljava/awt/AWTEvent;)I @ 71
Event: 56.518 Thread 0x00007f84b699a800 Uncommon trap: reason=unstable_if action=reinterpret pc=0x000000011400ec58 method=sun.lwawt.LWContainerPeer.cutChildren(Lsun/java2d/pipe/Region;Lsun/lwawt/LWComponentPeer;)Lsun/java2d/pipe/Region; @ 67
Event: 56.518 Thread 0x00007f84b699a800 Uncommon trap: reason=unstable_if action=reinterpret pc=0x00000001145f8aac method=sun.java2d.SunGraphics2D.validateCompClip()V @ 9
Event: 56.518 Thread 0x00007f84b831c000 Uncommon trap: reason=unstable_if action=reinterpret pc=0x0000000113ffb4bc method=java.awt.EventQueue.uncacheEQItem(Lsun/awt/EventQueueItem;)V @ 23
Event: 56.520 Thread 0x00007f84b699a800 Uncommon trap: reason=unstable_if action=reinterpret pc=0x0000000114852a24 method=sun.java2d.pipe.Region.isEmpty()Z @ 19
Event: 56.520 Thread 0x00007f84b699a800 Uncommon trap: reason=unstable_if action=reinterpret pc=0x0000000114824660 method=sun.java2d.pipe.Region.isInsideXYXY(IIII)Z @ 30
Event: 56.521 Thread 0x00007f84b699a800 Uncommon trap: reason=unstable_if action=reinterpret pc=0x00000001144c9454 method=java.awt.Font.equals(Ljava/lang/Object;)Z @ 2
Event: 56.549 Thread 0x00007f84b7197800 Uncommon trap: reason=class_check action=maybe_recompile pc=0x00000001142686c4 method=java.util.HashMap.putVal(ILjava/lang/Object;Ljava/lang/Object;ZZ)Ljava/lang/Object; @ 91
Event: 56.549 Thread 0x00007f84b7197800 Uncommon trap: reason=class_check action=maybe_recompile pc=0x0000000114229904 method=java.util.HashMap.putVal(ILjava/lang/Object;Ljava/lang/Object;ZZ)Ljava/lang/Object; @ 91
Event: 56.549 Thread 0x00007f84b699a800 Uncommon trap: reason=unstable_if action=reinterpret pc=0x000000011481f068 method=sun.java2d.pipe.Region.isEmpty()Z @ 19

Internal exceptions (10 events):
Event: 0.174 Thread 0x00007f84b8006800 Exception <a 'java/lang/NoSuchFieldError': method resolution failed> (0x00000007957959f8) thrown at [/Users/java_re/workspace/8-2-build-macosx-x86_64/jdk8u144/9417/hotspot/src/share/vm/prims/methodHandles.cpp, line 1146]
Event: 0.355 Thread 0x00007f84b8006800 Exception <a 'java/io/FileNotFoundException'> (0x0000000795810ec0) thrown at [/Users/java_re/workspace/8-2-build-macosx-x86_64/jdk8u144/9417/hotspot/src/share/vm/prims/jni.cpp, line 709]
Event: 0.355 Thread 0x00007f84b8006800 Exception <a 'java/io/FileNotFoundException'> (0x0000000795811a28) thrown at [/Users/java_re/workspace/8-2-build-macosx-x86_64/jdk8u144/9417/hotspot/src/share/vm/prims/jni.cpp, line 709]
Event: 0.489 Thread 0x00007f84b8006800 Exception <a 'java/io/FileNotFoundException'> (0x0000000795958490) thrown at [/Users/java_re/workspace/8-2-build-macosx-x86_64/jdk8u144/9417/hotspot/src/share/vm/prims/jni.cpp, line 709]
Event: 2.731 Thread 0x00007f84b7c83800 Exception <a 'java/lang/UnsatisfiedLinkError': com.jogamp.common.util.JarUtil.fixNativeLibAttribs(Ljava/lang/String;)Z> (0x0000000796cf74e8) thrown at [/Users/java_re/workspace/8-2-build-macosx-x86_64/jdk8u144/9417/hotspot/src/share/vm/prims/nativeLookup.
Event: 2.944 Thread 0x00007f84b6802800 Exception <a 'java/lang/NullPointerException'> (0x00000007956a15e0) thrown at [/Users/java_re/workspace/8-2-build-macosx-x86_64/jdk8u144/9417/hotspot/src/share/vm/interpreter/linkResolver.cpp, line 1197]
Event: 3.666 Thread 0x00007f84b831c000 Exception <a 'java/io/FileNotFoundException'> (0x000000079619ecb0) thrown at [/Users/java_re/workspace/8-2-build-macosx-x86_64/jdk8u144/9417/hotspot/src/share/vm/prims/jni.cpp, line 709]
Event: 3.667 Thread 0x00007f84b831c000 Exception <a 'java/io/FileNotFoundException'> (0x00000007961a85d8) thrown at [/Users/java_re/workspace/8-2-build-macosx-x86_64/jdk8u144/9417/hotspot/src/share/vm/prims/jni.cpp, line 709]
Event: 3.667 Thread 0x00007f84b831c000 Implicit null exception at 0x0000000113f72bf6 to 0x0000000113f72fb9
Event: 4.001 Thread 0x00007f84b831c000 Implicit null exception at 0x000000011417f046 to 0x000000011417f28d

Events (10 events):
Event: 56.557 loading class java/awt/LightweightDispatcher$2 done
Event: 56.557 loading class java/awt/event/AWTEventListenerProxy
Event: 56.558 loading class java/awt/event/AWTEventListenerProxy done
Event: 56.558 Executing VM operation: Deoptimize
Event: 56.559 Executing VM operation: Deoptimize done
Event: 56.559 loading class java/awt/Toolkit$ToolkitEventMulticaster
Event: 56.560 loading class java/awt/Toolkit$ToolkitEventMulticaster done
Event: 56.561 Thread 0x00007f84b7197800 Thread exited: 0x00007f84b7197800
Event: 56.561 loading class java/awt/Window$1DisposeAction
Event: 56.561 loading class java/awt/Window$1DisposeAction done


Dynamic libraries:
0x000000003bba7000 	/System/Library/Frameworks/Cocoa.framework/Versions/A/Cocoa
0x000000003bba7000 	/System/Library/Frameworks/Security.framework/Versions/A/Security
0x000000003bba7000 	/System/Library/Frameworks/ApplicationServices.framework/Versions/A/ApplicationServices
0x000000003bba7000 	/usr/lib/libz.1.dylib
0x000000003bba7000 	/usr/lib/libSystem.B.dylib
0x000000003bba7000 	/usr/lib/libobjc.A.dylib
0x000000003bba7000 	/System/Library/Frameworks/CoreFoundation.framework/Versions/A/CoreFoundation
0x000000003bba7000 	/System/Library/Frameworks/Foundation.framework/Versions/C/Foundation
0x000000003bba7000 	/System/Library/Frameworks/AppKit.framework/Versions/C/AppKit
0x000000003bba7000 	/System/Library/Frameworks/CoreData.framework/Versions/A/CoreData
0x000000003bba7000 	/System/Library/PrivateFrameworks/RemoteViewServices.framework/Versions/A/RemoteViewServices
0x000000003bba7000 	/System/Library/PrivateFrameworks/UIFoundation.framework/Versions/A/UIFoundation
0x000000003bba7000 	/System/Library/PrivateFrameworks/DFRFoundation.framework/Versions/A/DFRFoundation
0x000000003bba7000 	/usr/lib/libenergytrace.dylib
0x000000003bba7000 	/System/Library/PrivateFrameworks/SkyLight.framework/Versions/A/SkyLight
0x000000003bba7000 	/System/Library/Frameworks/CoreGraphics.framework/Versions/A/CoreGraphics
0x000000003bba7000 	/usr/lib/libScreenReader.dylib
0x000000003bba7000 	/System/Library/Frameworks/Accelerate.framework/Versions/A/Accelerate
0x000000003bba7000 	/System/Library/Frameworks/IOSurface.framework/Versions/A/IOSurface
0x000000003bba7000 	/System/Library/Frameworks/AudioToolbox.framework/Versions/A/AudioToolbox
0x000000003bba7000 	/System/Library/Frameworks/AudioUnit.framework/Versions/A/AudioUnit
0x000000003bba7000 	/System/Library/PrivateFrameworks/DataDetectorsCore.framework/Versions/A/DataDetectorsCore
0x000000003bba7000 	/System/Library/PrivateFrameworks/DesktopServicesPriv.framework/Versions/A/DesktopServicesPriv
0x000000003bba7000 	/System/Library/Frameworks/Carbon.framework/Versions/A/Frameworks/HIToolbox.framework/Versions/A/HIToolbox
0x000000003bba7000 	/usr/lib/libicucore.A.dylib
0x000000003bba7000 	/System/Library/Frameworks/QuartzCore.framework/Versions/A/QuartzCore
0x000000003bba7000 	/System/Library/Frameworks/Carbon.framework/Versions/A/Frameworks/SpeechRecognition.framework/Versions/A/SpeechRecognition
0x000000003bba7000 	/usr/lib/libauto.dylib
0x000000003bba7000 	/usr/lib/libxml2.2.dylib
0x000000003bba7000 	/System/Library/PrivateFrameworks/CoreUI.framework/Versions/A/CoreUI
0x000000003bba7000 	/System/Library/Frameworks/CoreAudio.framework/Versions/A/CoreAudio
0x000000003bba7000 	/System/Library/Frameworks/DiskArbitration.framework/Versions/A/DiskArbitration
0x000000003bba7000 	/usr/lib/liblangid.dylib
0x000000003bba7000 	/System/Library/PrivateFrameworks/MultitouchSupport.framework/Versions/A/MultitouchSupport
0x000000003bba7000 	/System/Library/Frameworks/IOKit.framework/Versions/A/IOKit
0x000000003bba7000 	/usr/lib/libDiagnosticMessagesClient.dylib
0x000000003bba7000 	/System/Library/Frameworks/CoreServices.framework/Versions/A/CoreServices
0x000000003bba7000 	/System/Library/PrivateFrameworks/PerformanceAnalysis.framework/Versions/A/PerformanceAnalysis
0x000000003bba7000 	/System/Library/PrivateFrameworks/GenerationalStorage.framework/Versions/A/GenerationalStorage
0x000000003bba7000 	/System/Library/Frameworks/OpenGL.framework/Versions/A/OpenGL
0x000000003bba7000 	/System/Library/Frameworks/CoreImage.framework/Versions/A/CoreImage
0x000000003bba7000 	/System/Library/Frameworks/CoreText.framework/Versions/A/CoreText
0x000000003bba7000 	/System/Library/Frameworks/ImageIO.framework/Versions/A/ImageIO
0x000000003bba7000 	/System/Library/PrivateFrameworks/Backup.framework/Versions/A/Backup
0x000000003bba7000 	/usr/lib/libarchive.2.dylib
0x000000003bba7000 	/System/Library/Frameworks/CFNetwork.framework/Versions/A/CFNetwork
0x000000003bba7000 	/System/Library/Frameworks/SystemConfiguration.framework/Versions/A/SystemConfiguration
0x000000003bba7000 	/usr/lib/libCRFSuite.dylib
0x000000003bba7000 	/usr/lib/libc++.1.dylib
0x000000003bba7000 	/usr/lib/libc++abi.dylib
0x000000003bba7000 	/usr/lib/system/libcache.dylib
0x000000003bba7000 	/usr/lib/system/libcommonCrypto.dylib
0x000000003bba7000 	/usr/lib/system/libcompiler_rt.dylib
0x000000003bba7000 	/usr/lib/system/libcopyfile.dylib
0x000000003bba7000 	/usr/lib/system/libcorecrypto.dylib
0x000000003bba7000 	/usr/lib/system/libdispatch.dylib
0x000000003bba7000 	/usr/lib/system/libdyld.dylib
0x000000003bba7000 	/usr/lib/system/libkeymgr.dylib
0x000000003bba7000 	/usr/lib/system/liblaunch.dylib
0x000000003bba7000 	/usr/lib/system/libmacho.dylib
0x000000003bba7000 	/usr/lib/system/libquarantine.dylib
0x000000003bba7000 	/usr/lib/system/libremovefile.dylib
0x000000003bba7000 	/usr/lib/system/libsystem_asl.dylib
0x000000003bba7000 	/usr/lib/system/libsystem_blocks.dylib
0x000000003bba7000 	/usr/lib/system/libsystem_c.dylib
0x000000003bba7000 	/usr/lib/system/libsystem_configuration.dylib
0x000000003bba7000 	/usr/lib/system/libsystem_coreservices.dylib
0x000000003bba7000 	/usr/lib/system/libsystem_coretls.dylib
0x000000003bba7000 	/usr/lib/system/libsystem_dnssd.dylib
0x000000003bba7000 	/usr/lib/system/libsystem_info.dylib
0x000000003bba7000 	/usr/lib/system/libsystem_kernel.dylib
0x000000003bba7000 	/usr/lib/system/libsystem_m.dylib
0x000000003bba7000 	/usr/lib/system/libsystem_malloc.dylib
0x000000003bba7000 	/usr/lib/system/libsystem_network.dylib
0x000000003bba7000 	/usr/lib/system/libsystem_networkextension.dylib
0x000000003bba7000 	/usr/lib/system/libsystem_notify.dylib
0x000000003bba7000 	/usr/lib/system/libsystem_platform.dylib
0x000000003bba7000 	/usr/lib/system/libsystem_pthread.dylib
0x000000003bba7000 	/usr/lib/system/libsystem_sandbox.dylib
0x000000003bba7000 	/usr/lib/system/libsystem_secinit.dylib
0x000000003bba7000 	/usr/lib/system/libsystem_symptoms.dylib
0x000000003bba7000 	/usr/lib/system/libsystem_trace.dylib
0x000000003bba7000 	/usr/lib/system/libunwind.dylib
0x000000003bba7000 	/usr/lib/system/libxpc.dylib
0x000000003bba7000 	/usr/lib/libbsm.0.dylib
0x000000003bba7000 	/usr/lib/system/libkxld.dylib
0x000000003bba7000 	/usr/lib/libcoretls.dylib
0x000000003bba7000 	/usr/lib/libcoretls_cfhelpers.dylib
0x000000003bba7000 	/usr/lib/libOpenScriptingUtil.dylib
0x000000003bba7000 	/usr/lib/libpam.2.dylib
0x000000003bba7000 	/usr/lib/libsqlite3.dylib
0x000000003bba7000 	/usr/lib/libxar.1.dylib
0x000000003bba7000 	/usr/lib/libbz2.1.0.dylib
0x000000003bba7000 	/usr/lib/liblzma.5.dylib
0x000000003bba7000 	/usr/lib/libnetwork.dylib
0x000000003bba7000 	/usr/lib/libpcap.A.dylib
0x000000003bba7000 	/System/Library/Frameworks/CoreServices.framework/Versions/A/Frameworks/FSEvents.framework/Versions/A/FSEvents
0x000000003bba7000 	/System/Library/Frameworks/CoreServices.framework/Versions/A/Frameworks/CarbonCore.framework/Versions/A/CarbonCore
0x000000003bba7000 	/System/Library/Frameworks/CoreServices.framework/Versions/A/Frameworks/Metadata.framework/Versions/A/Metadata
0x000000003bba7000 	/System/Library/Frameworks/CoreServices.framework/Versions/A/Frameworks/OSServices.framework/Versions/A/OSServices
0x000000003bba7000 	/System/Library/Frameworks/CoreServices.framework/Versions/A/Frameworks/SearchKit.framework/Versions/A/SearchKit
0x000000003bba7000 	/System/Library/Frameworks/CoreServices.framework/Versions/A/Frameworks/AE.framework/Versions/A/AE
0x000000003bba7000 	/System/Library/Frameworks/CoreServices.framework/Versions/A/Frameworks/LaunchServices.framework/Versions/A/LaunchServices
0x000000003bba7000 	/System/Library/Frameworks/CoreServices.framework/Versions/A/Frameworks/DictionaryServices.framework/Versions/A/DictionaryServices
0x000000003bba7000 	/System/Library/Frameworks/CoreServices.framework/Versions/A/Frameworks/SharedFileList.framework/Versions/A/SharedFileList
0x000000003bba7000 	/System/Library/Frameworks/NetFS.framework/Versions/A/NetFS
0x000000003bba7000 	/System/Library/PrivateFrameworks/NetAuth.framework/Versions/A/NetAuth
0x000000003bba7000 	/System/Library/PrivateFrameworks/login.framework/Versions/A/Frameworks/loginsupport.framework/Versions/A/loginsupport
0x000000003bba7000 	/System/Library/PrivateFrameworks/TCC.framework/Versions/A/TCC
0x000000003bba7000 	/usr/lib/libmecabra.dylib
0x000000003bba7000 	/System/Library/Frameworks/ApplicationServices.framework/Versions/A/Frameworks/ATS.framework/Versions/A/ATS
0x000000003bba7000 	/System/Library/Frameworks/ApplicationServices.framework/Versions/A/Frameworks/ColorSync.framework/Versions/A/ColorSync
0x000000003bba7000 	/System/Library/Frameworks/ApplicationServices.framework/Versions/A/Frameworks/HIServices.framework/Versions/A/HIServices
0x000000003bba7000 	/System/Library/Frameworks/ApplicationServices.framework/Versions/A/Frameworks/LangAnalysis.framework/Versions/A/LangAnalysis
0x000000003bba7000 	/System/Library/Frameworks/ApplicationServices.framework/Versions/A/Frameworks/PrintCore.framework/Versions/A/PrintCore
0x000000003bba7000 	/System/Library/Frameworks/ApplicationServices.framework/Versions/A/Frameworks/QD.framework/Versions/A/QD
0x000000003bba7000 	/System/Library/Frameworks/ApplicationServices.framework/Versions/A/Frameworks/SpeechSynthesis.framework/Versions/A/SpeechSynthesis
0x000000003bba7000 	/System/Library/Frameworks/Accelerate.framework/Versions/A/Frameworks/vImage.framework/Versions/A/vImage
0x000000003bba7000 	/System/Library/Frameworks/Accelerate.framework/Versions/A/Frameworks/vecLib.framework/Versions/A/vecLib
0x000000003bba7000 	/System/Library/Frameworks/Accelerate.framework/Versions/A/Frameworks/vecLib.framework/Versions/A/libvDSP.dylib
0x000000003bba7000 	/System/Library/Frameworks/Accelerate.framework/Versions/A/Frameworks/vecLib.framework/Versions/A/libBNNS.dylib
0x000000003bba7000 	/System/Library/Frameworks/Accelerate.framework/Versions/A/Frameworks/vecLib.framework/Versions/A/libQuadrature.dylib
0x000000003bba7000 	/System/Library/Frameworks/Accelerate.framework/Versions/A/Frameworks/vecLib.framework/Versions/A/libvMisc.dylib
0x000000003bba7000 	/System/Library/Frameworks/Accelerate.framework/Versions/A/Frameworks/vecLib.framework/Versions/A/libLAPACK.dylib
0x000000003bba7000 	/System/Library/Frameworks/Accelerate.framework/Versions/A/Frameworks/vecLib.framework/Versions/A/libBLAS.dylib
0x000000003bba7000 	/System/Library/Frameworks/Accelerate.framework/Versions/A/Frameworks/vecLib.framework/Versions/A/libLinearAlgebra.dylib
0x000000003bba7000 	/System/Library/Frameworks/Accelerate.framework/Versions/A/Frameworks/vecLib.framework/Versions/A/libSparseBLAS.dylib
0x000000003bba7000 	/System/Library/Frameworks/ApplicationServices.framework/Versions/A/Frameworks/ATS.framework/Versions/A/Resources/libFontParser.dylib
0x000000003bba7000 	/System/Library/Frameworks/ApplicationServices.framework/Versions/A/Frameworks/ATS.framework/Versions/A/Resources/libFontRegistry.dylib
0x000000003bba7000 	/System/Library/Frameworks/ImageIO.framework/Versions/A/Resources/libJPEG.dylib
0x000000003bba7000 	/System/Library/Frameworks/ImageIO.framework/Versions/A/Resources/libTIFF.dylib
0x000000003bba7000 	/System/Library/Frameworks/ImageIO.framework/Versions/A/Resources/libPng.dylib
0x000000003bba7000 	/System/Library/Frameworks/ImageIO.framework/Versions/A/Resources/libGIF.dylib
0x000000003bba7000 	/System/Library/Frameworks/ImageIO.framework/Versions/A/Resources/libJP2.dylib
0x000000003bba7000 	/System/Library/Frameworks/ImageIO.framework/Versions/A/Resources/libRadiance.dylib
0x000000003bba7000 	/usr/lib/libcompression.dylib
0x000000003bba7000 	/System/Library/PrivateFrameworks/AppleJPEG.framework/Versions/A/AppleJPEG
0x000000003bba7000 	/usr/lib/libcups.2.dylib
0x000000003bba7000 	/System/Library/Frameworks/Kerberos.framework/Versions/A/Kerberos
0x000000003bba7000 	/System/Library/Frameworks/GSS.framework/Versions/A/GSS
0x000000003bba7000 	/usr/lib/libresolv.9.dylib
0x000000003bba7000 	/usr/lib/libiconv.2.dylib
0x000000003bba7000 	/System/Library/PrivateFrameworks/Heimdal.framework/Versions/A/Heimdal
0x000000003bba7000 	/usr/lib/libheimdal-asn1.dylib
0x000000003bba7000 	/System/Library/Frameworks/OpenDirectory.framework/Versions/A/OpenDirectory
0x000000003bba7000 	/System/Library/PrivateFrameworks/CommonAuth.framework/Versions/A/CommonAuth
0x000000003bba7000 	/System/Library/Frameworks/OpenDirectory.framework/Versions/A/Frameworks/CFOpenDirectory.framework/Versions/A/CFOpenDirectory
0x000000003bba7000 	/System/Library/Frameworks/SecurityFoundation.framework/Versions/A/SecurityFoundation
0x000000003bba7000 	/System/Library/PrivateFrameworks/LanguageModeling.framework/Versions/A/LanguageModeling
0x000000003bba7000 	/usr/lib/libmarisa.dylib
0x000000003bba7000 	/usr/lib/libChineseTokenizer.dylib
0x000000003bba7000 	/usr/lib/libcmph.dylib
0x000000003bba7000 	/System/Library/PrivateFrameworks/CoreEmoji.framework/Versions/A/CoreEmoji
0x000000003bba7000 	/System/Library/Frameworks/ServiceManagement.framework/Versions/A/ServiceManagement
0x000000003bba7000 	/usr/lib/libxslt.1.dylib
0x000000003bba7000 	/System/Library/Frameworks/Carbon.framework/Versions/A/Frameworks/Ink.framework/Versions/A/Ink
0x000000003bba7000 	/System/Library/PrivateFrameworks/TextureIO.framework/Versions/A/TextureIO
0x000000003bba7000 	/System/Library/Frameworks/Metal.framework/Versions/A/Metal
0x000000003bba7000 	/usr/lib/libate.dylib
0x000000003bba7000 	/System/Library/PrivateFrameworks/GPUCompiler.framework/libmetal_timestamp.dylib
0x000000003bba7000 	/System/Library/Frameworks/OpenGL.framework/Versions/A/Libraries/libCoreFSCache.dylib
0x000000003bba7000 	/System/Library/PrivateFrameworks/IOAccelerator.framework/Versions/A/IOAccelerator
0x000000003bba7000 	/System/Library/Frameworks/CoreVideo.framework/Versions/A/CoreVideo
0x000000003bba7000 	/usr/lib/libFosl_dynamic.dylib
0x000000003bba7000 	/System/Library/PrivateFrameworks/MetalPerformanceShaders.framework/Versions/A/MetalPerformanceShaders
0x000000003bba7000 	/System/Library/PrivateFrameworks/FaceCore.framework/Versions/A/FaceCore
0x000000003bba7000 	/System/Library/Frameworks/OpenCL.framework/Versions/A/OpenCL
0x000000003bba7000 	/System/Library/Frameworks/OpenGL.framework/Versions/A/Libraries/libGLU.dylib
0x000000003bba7000 	/System/Library/Frameworks/OpenGL.framework/Versions/A/Libraries/libGFXShared.dylib
0x000000003bba7000 	/System/Library/Frameworks/OpenGL.framework/Versions/A/Libraries/libGL.dylib
0x000000003bba7000 	/System/Library/Frameworks/OpenGL.framework/Versions/A/Libraries/libGLImage.dylib
0x000000003bba7000 	/System/Library/Frameworks/OpenGL.framework/Versions/A/Libraries/libCVMSPluginSupport.dylib
0x000000003bba7000 	/System/Library/Frameworks/OpenGL.framework/Versions/A/Libraries/libCoreVMClient.dylib
0x000000003bba7000 	/System/Library/PrivateFrameworks/CrashReporterSupport.framework/Versions/A/CrashReporterSupport
0x000000003bba7000 	/System/Library/PrivateFrameworks/Sharing.framework/Versions/A/Sharing
0x000000003bba7000 	/System/Library/PrivateFrameworks/IconServices.framework/Versions/A/IconServices
0x000000003bba7000 	/System/Library/PrivateFrameworks/ProtocolBuffer.framework/Versions/A/ProtocolBuffer
0x000000003bba7000 	/System/Library/PrivateFrameworks/Apple80211.framework/Versions/A/Apple80211
0x000000003bba7000 	/System/Library/Frameworks/CoreWLAN.framework/Versions/A/CoreWLAN
0x000000003bba7000 	/System/Library/PrivateFrameworks/CoreUtils.framework/Versions/A/CoreUtils
0x000000003bba7000 	/System/Library/Frameworks/IOBluetooth.framework/Versions/A/IOBluetooth
0x000000003bba7000 	/System/Library/PrivateFrameworks/CoreWiFi.framework/Versions/A/CoreWiFi
0x000000003bba7000 	/System/Library/Frameworks/CoreBluetooth.framework/Versions/A/CoreBluetooth
0x000000003bba7000 	/System/Library/Frameworks/CoreDisplay.framework/Versions/A/CoreDisplay
0x000000003bba7000 	/System/Library/PrivateFrameworks/IOPresentment.framework/Versions/A/IOPresentment
0x000000003bba7000 	/System/Library/PrivateFrameworks/DSExternalDisplay.framework/Versions/A/DSExternalDisplay
0x000000003bba7000 	/System/Library/PrivateFrameworks/DebugSymbols.framework/Versions/A/DebugSymbols
0x000000003bba7000 	/System/Library/PrivateFrameworks/CoreSymbolication.framework/Versions/A/CoreSymbolication
0x000000003bba7000 	/System/Library/PrivateFrameworks/Symbolication.framework/Versions/A/Symbolication
0x000000003bba7000 	/System/Library/PrivateFrameworks/AppleFSCompression.framework/Versions/A/AppleFSCompression
0x000000003bba7000 	/System/Library/PrivateFrameworks/SpeechRecognitionCore.framework/Versions/A/SpeechRecognitionCore
0x000000003bba7000 	/System/Library/PrivateFrameworks/ChunkingLibrary.framework/Versions/A/ChunkingLibrary
0x000000010a000000 	/Library/Java/JavaVirtualMachines/jdk1.8.0_144.jdk/Contents/Home/jre/lib/server/libjvm.dylib
0x000000003bba7000 	/usr/lib/libstdc++.6.dylib
0x0000000109708000 	/Library/Java/JavaVirtualMachines/jdk1.8.0_144.jdk/Contents/Home/jre/lib/libverify.dylib
0x0000000109716000 	/Library/Java/JavaVirtualMachines/jdk1.8.0_144.jdk/Contents/Home/jre/lib/libjava.dylib
0x0000000109755000 	/Library/Java/JavaVirtualMachines/jdk1.8.0_144.jdk/Contents/Home/jre/lib/libzip.dylib
0x000000011186a000 	/System/Library/Frameworks/JavaVM.framework/Frameworks/JavaRuntimeSupport.framework/JavaRuntimeSupport
0x0000000111884000 	/System/Library/Frameworks/JavaVM.framework/Versions/A/Frameworks/JavaNativeFoundation.framework/Versions/A/JavaNativeFoundation
0x0000000111899000 	/System/Library/Frameworks/JavaVM.framework/Versions/A/JavaVM
0x000000003bba7000 	/System/Library/Frameworks/Carbon.framework/Versions/A/Carbon
0x00000001118a6000 	/System/Library/PrivateFrameworks/JavaLaunching.framework/Versions/A/JavaLaunching
0x000000003bba7000 	/System/Library/Frameworks/Carbon.framework/Versions/A/Frameworks/CommonPanels.framework/Versions/A/CommonPanels
0x000000003bba7000 	/System/Library/Frameworks/Carbon.framework/Versions/A/Frameworks/Help.framework/Versions/A/Help
0x000000003bba7000 	/System/Library/Frameworks/Carbon.framework/Versions/A/Frameworks/ImageCapture.framework/Versions/A/ImageCapture
0x000000003bba7000 	/System/Library/Frameworks/Carbon.framework/Versions/A/Frameworks/OpenScripting.framework/Versions/A/OpenScripting
0x000000003bba7000 	/System/Library/Frameworks/Carbon.framework/Versions/A/Frameworks/Print.framework/Versions/A/Print
0x000000003bba7000 	/System/Library/Frameworks/Carbon.framework/Versions/A/Frameworks/SecurityHI.framework/Versions/A/SecurityHI
0x00000001131b5000 	/Library/Java/JavaVirtualMachines/jdk1.8.0_144.jdk/Contents/Home/jre/lib/libawt.dylib
0x000000011325d000 	/Library/Java/JavaVirtualMachines/jdk1.8.0_144.jdk/Contents/Home/jre/lib/./libmlib_image.dylib
0x0000000113329000 	/Library/Java/JavaVirtualMachines/jdk1.8.0_144.jdk/Contents/Home/jre/lib/libawt_lwawt.dylib
0x00000001133e0000 	/Library/Java/JavaVirtualMachines/jdk1.8.0_144.jdk/Contents/Home/jre/lib/./libosxapp.dylib
0x000000003bba7000 	/System/Library/Frameworks/ExceptionHandling.framework/Versions/A/ExceptionHandling
0x000000003bba7000 	/System/Library/PrivateFrameworks/CoreServicesInternal.framework/Versions/A/CoreServicesInternal
0x000000003bba7000 	/System/Library/CoreServices/RawCamera.bundle/Contents/MacOS/RawCamera
0x000000003bba7000 	/System/Library/Frameworks/Accelerate.framework/Versions/A/Frameworks/vImage.framework/Versions/A/Libraries/libCGInterfaces.dylib
0x000000003bba7000 	/System/Library/Frameworks/ApplicationServices.framework/Versions/A/Frameworks/ATS.framework/Versions/A/Resources/libTrueTypeScaler.dylib
0x0000000124605000 	/System/Library/Frameworks/OpenGL.framework/Resources/GLEngine.bundle/GLEngine
0x000000003bba7000 	/System/Library/Frameworks/OpenGL.framework/Versions/A/Libraries/libGLProgrammability.dylib
0x00000001247ea000 	/System/Library/Extensions/AppleIntelBDWGraphicsGLDriver.bundle/Contents/MacOS/AppleIntelBDWGraphicsGLDriver
0x000000003bba7000 	/System/Library/PrivateFrameworks/GPUSupport.framework/Versions/A/Libraries/libGPUSupportMercury.dylib
0x0000000113c3b000 	/System/Library/Frameworks/OpenGL.framework/Resources//GLRendererFloat.bundle/GLRendererFloat
0x000000003bba7000 	/System/Library/Frameworks/OpenCL.framework/Versions/A/Libraries/libcldcpuengine.dylib
0x000000003bba7000 	/usr/lib/libcrypto.0.9.8.dylib
0x000000003bba7000 	/System/Library/PrivateFrameworks/TrustEvaluationAgent.framework/Versions/A/TrustEvaluationAgent
0x0000000124f54000 	/System/Library/Extensions/AppleIntelBDWGraphicsMTLDriver.bundle/Contents/MacOS/AppleIntelBDWGraphicsMTLDriver
0x000000003bba7000 	/System/Library/PrivateFrameworks/FamilyControls.framework/Versions/A/FamilyControls
0x000000003bba7000 	/System/Library/PrivateFrameworks/CommerceKit.framework/Versions/A/Frameworks/CommerceCore.framework/Versions/A/CommerceCore
0x000000003bba7000 	/System/Library/PrivateFrameworks/SystemAdministration.framework/Versions/A/SystemAdministration
0x000000003bba7000 	/System/Library/PrivateFrameworks/AppContainer.framework/Versions/A/AppContainer
0x000000003bba7000 	/System/Library/PrivateFrameworks/SecCodeWrapper.framework/Versions/A/SecCodeWrapper
0x000000003bba7000 	/System/Library/Frameworks/DirectoryService.framework/Versions/A/DirectoryService
0x000000003bba7000 	/System/Library/PrivateFrameworks/DiskImages.framework/Versions/A/DiskImages
0x000000003bba7000 	/System/Library/PrivateFrameworks/LoginUIKit.framework/Versions/A/Frameworks/LoginUICore.framework/Versions/A/LoginUICore
0x000000003bba7000 	/usr/lib/libCoreStorage.dylib
0x000000003bba7000 	/usr/lib/libcsfde.dylib
0x000000003bba7000 	/usr/lib/libodfde.dylib
0x000000003bba7000 	/System/Library/Frameworks/DiscRecording.framework/Versions/A/DiscRecording
0x000000003bba7000 	/usr/lib/libcurl.4.dylib
0x000000003bba7000 	/System/Library/PrivateFrameworks/MediaKit.framework/Versions/A/MediaKit
0x000000003bba7000 	/System/Library/PrivateFrameworks/ProtectedCloudStorage.framework/Versions/A/ProtectedCloudStorage
0x000000003bba7000 	/System/Library/PrivateFrameworks/EFILogin.framework/Versions/A/EFILogin
0x000000003bba7000 	/usr/lib/libutil.dylib
0x000000003bba7000 	/System/Library/Frameworks/LDAP.framework/Versions/A/LDAP
0x000000003bba7000 	/usr/lib/libsasl2.2.dylib
0x000000003bba7000 	/System/Library/PrivateFrameworks/CoreDaemon.framework/Versions/B/CoreDaemon
0x000000003bba7000 	/System/Library/PrivateFrameworks/AppleSRP.framework/Versions/A/AppleSRP
0x000000003bba7000 	/System/Library/PrivateFrameworks/APFS.framework/Versions/A/APFS
0x0000000126e9f000 	/Library/Java/JavaVirtualMachines/jdk1.8.0_144.jdk/Contents/Home/jre/lib/libfontmanager.dylib
0x0000000128320000 	/Library/Java/JavaVirtualMachines/jdk1.8.0_144.jdk/Contents/Home/jre/lib/libosxui.dylib
0x000000003bba7000 	/System/Library/PrivateFrameworks/ViewBridge.framework/Versions/A/ViewBridge
0x000000003bba7000 	/System/Library/PrivateFrameworks/XPCService.framework/Versions/A/XPCService
0x000000003bba7000 	/System/Library/PrivateFrameworks/AppSandbox.framework/Versions/A/AppSandbox
0x000000003bba7000 	/usr/lib/libsandbox.1.dylib
0x000000003bba7000 	/usr/lib/libMatch.1.dylib
0x0000000128ed9000 	/Library/Java/JavaVirtualMachines/jdk1.8.0_144.jdk/Contents/Home/jre/lib/libnet.dylib
0x0000000128ef0000 	/Library/Java/JavaVirtualMachines/jdk1.8.0_144.jdk/Contents/Home/jre/lib/libnio.dylib
0x0000000128014000 	/private/var/folders/4g/xxzpq2px2tg5jwrm0_jx44dc0000gn/T/jogamp_0000/file_cache/jln2735683970615656456/jln7554908828882544165/libgluegen-rt.jnilib
0x0000000128e45000 	/private/var/folders/4g/xxzpq2px2tg5jwrm0_jx44dc0000gn/T/jogamp_0000/file_cache/jln2735683970615656456/jln7554908828882544165/libnativewindow_awt.jnilib
0x0000000194409000 	/Library/Java/JavaVirtualMachines/jdk1.8.0_144.jdk/Contents/Home/jre/lib/libjawt.dylib
0x000000019440c000 	/private/var/folders/4g/xxzpq2px2tg5jwrm0_jx44dc0000gn/T/jogamp_0000/file_cache/jln2735683970615656456/jln7554908828882544165/libnativewindow_macosx.jnilib
0x0000000194a9f000 	/private/var/folders/4g/xxzpq2px2tg5jwrm0_jx44dc0000gn/T/jogamp_0000/file_cache/jln2735683970615656456/jln7554908828882544165/libjogl_desktop.jnilib
0x0000000113be1000 	/Library/Java/JavaVirtualMachines/jdk1.8.0_144.jdk/Contents/Home/jre/lib/libsunec.dylib
0x00000001945a0000 	/Library/Java/JavaVirtualMachines/jdk1.8.0_144.jdk/Contents/Home/jre/lib/libt2k.dylib
0x00000001948bf000 	/Library/Java/JavaVirtualMachines/jdk1.8.0_144.jdk/Contents/Home/jre/lib/libjpeg.dylib

VM Arguments:
jvm_args: -Djava.security.policy=java.policy.applet -Dfile.encoding=UTF-8 
java_command: sun.applet.AppletViewer module5.EarthquakeCityMap1506631334071.html
java_class_path (initial): /Users/BeenWu/Library/Mobile Documents/com~apple~CloudDocs/Eclipse Project/UCSDUnfoldingMaps/build:/Users/BeenWu/Library/Mobile Documents/com~apple~CloudDocs/Eclipse Project/UCSDUnfoldingMaps/lib/core.jar:/Users/BeenWu/Library/Mobile Documents/com~apple~CloudDocs/Eclipse Project/UCSDUnfoldingMaps/lib/gluegen-rt.jar:/Users/BeenWu/Library/Mobile Documents/com~apple~CloudDocs/Eclipse Project/UCSDUnfoldingMaps/lib/jogl-all.jar:/Users/BeenWu/Library/Mobile Documents/com~apple~CloudDocs/Eclipse Project/UCSDUnfoldingMaps/lib/log4j-1.2.15.jar:/Users/BeenWu/Library/Mobile Documents/com~apple~CloudDocs/Eclipse Project/UCSDUnfoldingMaps/lib/sqlite-jdbc-3.7.2.jar:/Users/BeenWu/Library/Mobile Documents/com~apple~CloudDocs/Eclipse Project/UCSDUnfoldingMaps/lib/json4processing.jar:/Users/BeenWu/Library/Mobile Documents/com~apple~CloudDocs/Eclipse Project/UCSDUnfoldingMaps/lib/libTUIO.jar:/Users/BeenWu/Library/Mobile Documents/com~apple~CloudDocs/Eclipse Project/UCSDUnfoldingMaps/lib/unfolding.0.9.7-uscd.jar
Launcher Type: SUN_STANDARD

Environment Variables:
PATH=/usr/bin:/bin:/usr/sbin:/sbin
SHELL=/bin/zsh

Signal Handlers:
SIGSEGV: [libjvm.dylib+0x5b26e5], sa_mask[0]=11111111011111110111111111111111, sa_flags=SA_ONSTACK|SA_RESTART|SA_SIGINFO
SIGBUS: [libjvm.dylib+0x5b26e5], sa_mask[0]=11111111011111110111111111111111, sa_flags=SA_RESTART|SA_SIGINFO
SIGFPE: [libjvm.dylib+0x489100], sa_mask[0]=11111111011111110111111111111111, sa_flags=SA_RESTART|SA_SIGINFO
SIGPIPE: [libjvm.dylib+0x489100], sa_mask[0]=11111111011111110111111111111111, sa_flags=SA_RESTART|SA_SIGINFO
SIGXFSZ: [libjvm.dylib+0x489100], sa_mask[0]=11111111011111110111111111111111, sa_flags=SA_RESTART|SA_SIGINFO
SIGILL: [libjvm.dylib+0x489100], sa_mask[0]=11111111011111110111111111111111, sa_flags=SA_RESTART|SA_SIGINFO
SIGUSR1: SIG_DFL, sa_mask[0]=00000000000000000000000000000000, sa_flags=none
SIGUSR2: [libjvm.dylib+0x488c1e], sa_mask[0]=00100000000000000000000000000000, sa_flags=SA_RESTART|SA_SIGINFO
SIGHUP: [libjvm.dylib+0x4871f5], sa_mask[0]=11111111011111110111111111111111, sa_flags=SA_RESTART|SA_SIGINFO
SIGINT: [libjvm.dylib+0x4871f5], sa_mask[0]=11111111011111110111111111111111, sa_flags=SA_RESTART|SA_SIGINFO
SIGTERM: [libjvm.dylib+0x4871f5], sa_mask[0]=11111111011111110111111111111111, sa_flags=SA_RESTART|SA_SIGINFO
SIGQUIT: [libjvm.dylib+0x4871f5], sa_mask[0]=11111111011111110111111111111111, sa_flags=SA_RESTART|SA_SIGINFO


---------------  S Y S T E M  ---------------

OS:Bsduname:Darwin 16.7.0 Darwin Kernel Version 16.7.0: Thu Jun 15 17:36:27 PDT 2017; root:xnu-3789.70.16~2/RELEASE_X86_64 x86_64
rlimit: STACK 8192k, CORE 0k, NPROC 709, NOFILE 10240, AS infinity
load average:1.89 1.63 1.47

CPU:total 4 (initial active 4) (2 cores per cpu, 2 threads per core) family 6 model 61 stepping 4, cmov, cx8, fxsr, mmx, sse, sse2, sse3, ssse3, sse4.1, sse4.2, popcnt, avx, avx2, aes, clmul, erms, 3dnowpref, lzcnt, ht, tsc, tscinvbit, bmi1, bmi2, adx

Memory: 4k page, physical 8388608k(29792k free)

/proc/meminfo:


vm_info: Java HotSpot(TM) 64-Bit Server VM (25.144-b01) for bsd-amd64 JRE (1.8.0_144-b01), built on Jul 21 2017 22:07:42 by "java_re" with gcc 4.2.1 (Based on Apple Inc. build 5658) (LLVM build 2336.11.00)

time: Thu Sep 28 16:43:10 2017
elapsed time: 56 seconds (0d 0h 0m 56s)

