#
# A fatal error has been detected by the Java Runtime Environment:
#
#  SIGSEGV (0xb) at pc=0x00007fff90df2069, pid=741, tid=0x0000000000000307
#
# JRE version: Java(TM) SE Runtime Environment (8.0_144-b01) (build 1.8.0_144-b01)
# Java VM: Java HotSpot(TM) 64-Bit Server VM (25.144-b01 mixed mode bsd-amd64 compressed oops)
# Problematic frame:
# C  [libobjc.A.dylib+0x7069]  objc_msgSend+0x29
#
# Failed to write core dump. Core dumps have been disabled. To enable core dumping, try "ulimit -c unlimited" before starting Java again
#
# If you would like to submit a bug report, please visit:
#   http://bugreport.java.com/bugreport/crash.jsp
# The crash happened outside the Java Virtual Machine in native code.
# See problematic frame for where to report the bug.
#

---------------  T H R E A D  ---------------

Current thread (0x00007f97d594e000):  JavaThread "AWT-AppKit" daemon [_thread_in_native, id=775, stack(0x00007fff5beb3000,0x00007fff5c6b3000)]

siginfo: si_signo: 11 (SIGSEGV), si_code: 1 (SEGV_MAPERR), si_addr: 0x0000000000000000

Registers:
RAX=0x00007f97d6f475c0, RBX=0x000000018e068450, RCX=0x00007f97d6900030, RDX=0x0000000000000000
RSP=0x00007fff5c6ae208, RBP=0x00007fff5c6ae2c0, RSI=0x00007fff7a67e116, RDI=0x00007f97d4592560
R8 =0x0000000000000018, R9 =0x00007f97d6900050, R10=0x00007f97d4c8c000, R11=0x0000000000000000
R12=0x0000000000000000, R13=0x0000000192b43010, R14=0x000000018e068440, R15=0x00007f97d594e000
RIP=0x00007fff90df2069, EFLAGS=0x0000000000010246, ERR=0x0000000000000004
  TRAPNO=0x000000000000000e

Top of Stack: (sp=0x00007fff5c6ae208)
0x00007fff5c6ae208:   000000018e066157 00007fff5c6ae260
0x00007fff5c6ae218:   0000000000000003 00007fff5c6ae240
0x00007fff5c6ae228:   0000000103ff368e 0000000192b43010
0x00007fff5c6ae238:   0000000192b43010 00007f97d6f475c0
0x00007fff5c6ae248:   000000018e0686a0 000000018e068710
0x00007fff5c6ae258:   00007fff96e576d0 00007fff97a871e0
0x00007fff5c6ae268:   000000018e068450 000000018e068690
0x00007fff5c6ae278:   00007f97d6f475c0 00007f97d4592560
0x00007fff5c6ae288:   00007f97d46219a0 00007f97d6f475c0
0x00007fff5c6ae298:   00007f97d4592560 00007fff5c6ae348
0x00007fff5c6ae2a8:   00007f97d594e1f8 0000000192b43010
0x00007fff5c6ae2b8:   00007fff5c6ae370 00007fff5c6ae338
0x00007fff5c6ae2c8:   000000010bf879f4 0000000192b43010
0x00007fff5c6ae2d8:   00007fff5c6ae370 00007fff5c6ae338
0x00007fff5c6ae2e8:   000000010bf87787 000000010bf87742
0x00007fff5c6ae2f8:   00007fff5c6ae2f8 0000000192b43010
0x00007fff5c6ae308:   00007fff5c6ae370 0000000192b55ce0
0x00007fff5c6ae318:   0000000000000000 0000000192b43010
0x00007fff5c6ae328:   0000000000000000 00007fff5c6ae358
0x00007fff5c6ae338:   00007fff5c6ae3b8 000000010bf782bd
0x00007fff5c6ae348:   00000007404b7618 000000010bf81538
0x00007fff5c6ae358:   00007f97d6f475c0 00007fff5c6ae3b8
0x00007fff5c6ae368:   00007f97d4592560 000000010bf82e02
0x00007fff5c6ae378:   00007fff5c6ae378 0000000192b431da
0x00007fff5c6ae388:   00007fff5c6ae3e0 0000000192b55ce0
0x00007fff5c6ae398:   0000000000000000 0000000192b431e8
0x00007fff5c6ae3a8:   00007fff5c6ae358 00007fff5c6ae3c8
0x00007fff5c6ae3b8:   00007fff5c6ae428 000000010bf782bd
0x00007fff5c6ae3c8:   00007f97d6f475c0 00000007403fa1a8
0x00007fff5c6ae3d8:   00007f97d4592560 00000007403fa1a8
0x00007fff5c6ae3e8:   00007fff5c6ae3e8 0000000199138fe6
0x00007fff5c6ae3f8:   00007fff5c6ae438 00000001991390a0 

Instructions: (pc=0x00007fff90df2069)
0x00007fff90df2049:   01 2e 75 66 49 ba f8 ff ff ff ff 7f 00 00 4c 23
0x00007fff90df2059:   17 49 89 f3 45 23 5a 18 49 c1 e3 04 4d 03 5a 10
0x00007fff90df2069:   49 3b 33 75 04 41 ff 63 08 49 83 3b 01 76 0d 49
0x00007fff90df2079:   83 c3 10 49 3b 33 75 f1 41 ff 63 08 72 64 4d 8b 

Register to memory mapping:

RAX=0x00007f97d6f475c0 is an unknown value
RBX=0x000000018e068450: Java_jogamp_nativewindow_macosx_OSXUtil_GetScreenRefreshRate0+0x1cf0 in /private/var/folders/4g/xxzpq2px2tg5jwrm0_jx44dc0000gn/T/jogamp_0000/file_cache/jln5955541671905684713/jln4576683595160023263/libnativewindow_macosx.jnilib at 0x000000018e061000
RCX=0x00007f97d6900030 is an unknown value
RDX=0x0000000000000000 is an unknown value
RSP=0x00007fff5c6ae208 is pointing into the stack for thread: 0x00007f97d594e000
RBP=0x00007fff5c6ae2c0 is pointing into the stack for thread: 0x00007f97d594e000
RSI=0x00007fff7a67e116: __NSStyleNameIndexTable+0x7fd5e in /System/Library/Frameworks/AppKit.framework/Versions/C/AppKit at 0x00007fff79a11000
RDI=0x00007f97d4592560 is an unknown value
R8 =0x0000000000000018 is an unknown value
R9 =0x00007f97d6900050 is an unknown value
R10=0x00007f97d4c8c000 is a thread
R11=0x0000000000000000 is an unknown value
R12=0x0000000000000000 is an unknown value
R13={method} {0x0000000192b43010} 'UnsetJAWTRootSurfaceLayer0' '(JJ)V' in 'jogamp/nativewindow/jawt/macosx/MacOSXJAWTWindow'
R14=0x000000018e068440: Java_jogamp_nativewindow_macosx_OSXUtil_GetScreenRefreshRate0+0x1ce0 in /private/var/folders/4g/xxzpq2px2tg5jwrm0_jx44dc0000gn/T/jogamp_0000/file_cache/jln5955541671905684713/jln4576683595160023263/libnativewindow_macosx.jnilib at 0x000000018e061000
R15=0x00007f97d594e000 is a thread


Stack: [0x00007fff5beb3000,0x00007fff5c6b3000],  sp=0x00007fff5c6ae208,  free space=8172k
Native frames: (J=compiled Java code, j=interpreted, Vv=VM code, C=native code)
C  [libobjc.A.dylib+0x7069]  objc_msgSend+0x29
j  jogamp.nativewindow.jawt.macosx.MacOSXJAWTWindow.UnsetJAWTRootSurfaceLayer0(JJ)V+0
j  jogamp.nativewindow.jawt.macosx.MacOSXJAWTWindow.access$200(JJ)V+2
j  jogamp.nativewindow.jawt.macosx.MacOSXJAWTWindow$1.run()V+38
J 3055 C1 com.jogamp.common.util.RunnableTask.run()V (345 bytes) @ 0x000000010c88bd74 [0x000000010c88bbe0+0x194]
v  ~StubRoutines::call_stub
V  [libjvm.dylib+0x2ee70a]
V  [libjvm.dylib+0x3258b9]
V  [libjvm.dylib+0x318087]
C  [libnativewindow_macosx.jnilib+0x5326]  Java_jogamp_nativewindow_jawt_macosx_MacOSXJAWTWindow_UnsetJAWTRootSurfaceLayer0+0x2b6
C  [Foundation+0x7152a]  __NSThreadPerformPerform+0x146
C  [CoreFoundation+0xa7321]  __CFRUNLOOP_IS_CALLING_OUT_TO_A_SOURCE0_PERFORM_FUNCTION__+0x11
C  [CoreFoundation+0x8821d]  __CFRunLoopDoSources0+0x22d
C  [CoreFoundation+0x87716]  __CFRunLoopRun+0x3a6
C  [CoreFoundation+0x87114]  CFRunLoopRunSpecific+0x1a4
C  [HIToolbox+0x30ebc]  RunCurrentEventLoopInMode+0xf0
C  [HIToolbox+0x30bf9]  ReceiveNextEventCommon+0xb8
C  [HIToolbox+0x30b26]  _BlockUntilNextEventMatchingListInModeWithFilter+0x47
C  [AppKit+0x46a54]  _DPSNextEvent+0x460
C  [AppKit+0x7c27ee]  -[NSApplication(NSEvent) _nextEventMatchingEventMask:untilDate:inMode:dequeue:]+0xaec
C  [libosxapp.dylib+0x23aa]  -[NSApplicationAWT nextEventMatchingMask:untilDate:inMode:dequeue:]+0x7c
C  [AppKit+0x3b3db]  -[NSApplication run]+0x39e
C  [libosxapp.dylib+0x214d]  +[NSApplicationAWT runAWTLoopWithApp:]+0x9c
C  [libawt_lwawt.dylib+0x45edf]  -[AWTStarter starter:]+0x389
C  [Foundation+0x7152a]  __NSThreadPerformPerform+0x146
C  [CoreFoundation+0xa7321]  __CFRUNLOOP_IS_CALLING_OUT_TO_A_SOURCE0_PERFORM_FUNCTION__+0x11
C  [CoreFoundation+0x8821d]  __CFRunLoopDoSources0+0x22d
C  [CoreFoundation+0x87716]  __CFRunLoopRun+0x3a6
C  [CoreFoundation+0x87114]  CFRunLoopRunSpecific+0x1a4
C  [java+0x6465]  CreateExecutionEnvironment+0x367
C  [java+0x218c]  JLI_Launch+0x7a0
C  [java+0x84c2]  main+0x65
C  [java+0x19e4]  start+0x34
C  0x0000000000000007

Java frames: (J=compiled Java code, j=interpreted, Vv=VM code)
j  jogamp.nativewindow.jawt.macosx.MacOSXJAWTWindow.UnsetJAWTRootSurfaceLayer0(JJ)V+0
j  jogamp.nativewindow.jawt.macosx.MacOSXJAWTWindow.access$200(JJ)V+2
j  jogamp.nativewindow.jawt.macosx.MacOSXJAWTWindow$1.run()V+38
J 3055 C1 com.jogamp.common.util.RunnableTask.run()V (345 bytes) @ 0x000000010c88bd74 [0x000000010c88bbe0+0x194]
v  ~StubRoutines::call_stub

---------------  P R O C E S S  ---------------

Java Threads: ( => current thread )
  0x00007f97d4a05800 JavaThread "Thread-88" [_thread_blocked, id=5391, stack(0x0000700005e86000,0x0000700005f86000)]
  0x00007f97d4c8c000 JavaThread "AWT-EventQueue-1" [_thread_in_native, id=69363, stack(0x0000700005f89000,0x0000700006089000)]
  0x00007f97d5803000 JavaThread "DestroyJavaVM" [_thread_blocked, id=7171, stack(0x0000700004941000,0x0000700004a41000)]
  0x00007f97d4a76000 JavaThread "AWT-EventQueue-0" [_thread_blocked, id=60951, stack(0x0000700005d83000,0x0000700005e83000)]
  0x00007f97d516e800 JavaThread "Java2D Disposer" daemon [_thread_blocked, id=57615, stack(0x0000700005afa000,0x0000700005bfa000)]
  0x00007f97d5195000 JavaThread "Java2D Queue Flusher" daemon [_thread_blocked, id=47923, stack(0x00007000059f7000,0x0000700005af7000)]
  0x00007f97d497a800 JavaThread "AWT-Shutdown" [_thread_blocked, id=30495, stack(0x00007000057ee000,0x00007000058ee000)]
=>0x00007f97d594e000 JavaThread "AWT-AppKit" daemon [_thread_in_native, id=775, stack(0x00007fff5beb3000,0x00007fff5c6b3000)]
  0x00007f97d4873000 JavaThread "Service Thread" daemon [_thread_blocked, id=18691, stack(0x0000700005565000,0x0000700005665000)]
  0x00007f97d4872000 JavaThread "C1 CompilerThread2" daemon [_thread_blocked, id=18179, stack(0x0000700005462000,0x0000700005562000)]
  0x00007f97d487a000 JavaThread "C2 CompilerThread1" daemon [_thread_blocked, id=17667, stack(0x000070000535f000,0x000070000545f000)]
  0x00007f97d4871800 JavaThread "C2 CompilerThread0" daemon [_thread_blocked, id=17155, stack(0x000070000525c000,0x000070000535c000)]
  0x00007f97d4879000 JavaThread "Signal Dispatcher" daemon [_thread_blocked, id=16643, stack(0x0000700005159000,0x0000700005259000)]
  0x00007f97d6050800 JavaThread "Finalizer" daemon [_thread_blocked, id=12547, stack(0x0000700005056000,0x0000700005156000)]
  0x00007f97d4810000 JavaThread "Reference Handler" daemon [_thread_blocked, id=12035, stack(0x0000700004f53000,0x0000700005053000)]

Other Threads:
  0x00007f97d604e000 VMThread [stack: 0x0000700004e50000,0x0000700004f50000] [id=11523]
  0x00007f97d4873800 WatcherThread [stack: 0x0000700005668000,0x0000700005768000] [id=19203]

VM state:not at safepoint (normal execution)

VM Mutex/Monitor currently owned by a thread: None

Heap:
 PSYoungGen      total 102400K, used 36891K [0x0000000795580000, 0x000000079fe00000, 0x00000007c0000000)
  eden space 87040K, 24% used [0x0000000795580000,0x0000000796a8f688,0x000000079aa80000)
  from space 15360K, 99% used [0x000000079aa80000,0x000000079b9776f0,0x000000079b980000)
  to   space 17920K, 0% used [0x000000079ec80000,0x000000079ec80000,0x000000079fe00000)
 ParOldGen       total 54784K, used 23908K [0x0000000740000000, 0x0000000743580000, 0x0000000795580000)
  object space 54784K, 43% used [0x0000000740000000,0x00000007417590c0,0x0000000743580000)
 Metaspace       used 25079K, capacity 25511K, committed 25728K, reserved 1073152K
  class space    used 2495K, capacity 2624K, committed 2688K, reserved 1048576K

Card table byte_map: [0x000000010519c000,0x000000010559d000] byte_map_base: 0x000000010179c000

Marking Bits: (ParMarkBitMap*) 0x00000001046f35d0
 Begin Bits: [0x0000000105848000, 0x0000000107848000)
 End Bits:   [0x0000000107848000, 0x0000000109848000)

Polling page: 0x00000001035d8000

CodeCache: size=245760Kb used=10640Kb max_used=10650Kb free=235119Kb
 bounds [0x000000010bf70000, 0x000000010c9f0000, 0x000000011af70000]
 total_blobs=4113 nmethods=3161 adapters=865
 compilation: enabled

Compilation events (10 events):
Event: 50.932 Thread 0x00007f97d4872000 3696       3       java.awt.Rectangle::intersection (180 bytes)
Event: 50.932 Thread 0x00007f97d4872000 nmethod 3696 0x000000010c9e04d0 code [0x000000010c9e0660, 0x000000010c9e0b90]
Event: 50.932 Thread 0x00007f97d4872000 3697       3       sun.java2d.SunGraphics2D::setColor (108 bytes)
Event: 50.934 Thread 0x00007f97d4872000 nmethod 3697 0x000000010c9dfd50 code [0x000000010c9dfee0, 0x000000010c9e0418]
Event: 50.947 Thread 0x00007f97d487a000 3698  s!   4       sun.misc.URLClassPath::getLoader (243 bytes)
Event: 50.949 Thread 0x00007f97d4871800 3699  s    4       sun.misc.URLClassPath::getNextLoader (88 bytes)
Event: 50.955 Thread 0x00007f97d487a000 nmethod 3698 0x000000010c9dcc10 code [0x000000010c9dcd80, 0x000000010c9dd558]
Event: 50.956 Thread 0x00007f97d4871800 nmethod 3699 0x000000010c9e3b90 code [0x000000010c9e3d00, 0x000000010c9e4478]
Event: 50.956 Thread 0x00007f97d4872000 3700       3       java.util.LinkedHashMap::afterNodeRemoval (65 bytes)
Event: 50.957 Thread 0x00007f97d4872000 nmethod 3700 0x000000010c9df6d0 code [0x000000010c9df840, 0x000000010c9dfbf0]

GC Heap History (10 events):
Event: 4.205 GC heap before
{Heap before GC invocations=4 (full 1):
 PSYoungGen      total 38400K, used 5104K [0x0000000795580000, 0x000000079a080000, 0x00000007c0000000)
  eden space 33280K, 0% used [0x0000000795580000,0x0000000795580000,0x0000000797600000)
  from space 5120K, 99% used [0x0000000797600000,0x0000000797afc290,0x0000000797b00000)
  to   space 5120K, 0% used [0x0000000799b80000,0x0000000799b80000,0x000000079a080000)
 ParOldGen       total 87552K, used 3580K [0x0000000740000000, 0x0000000745580000, 0x0000000795580000)
  object space 87552K, 4% used [0x0000000740000000,0x000000074037f220,0x0000000745580000)
 Metaspace       used 20825K, capacity 21227K, committed 21248K, reserved 1069056K
  class space    used 2163K, capacity 2294K, committed 2304K, reserved 1048576K
Event: 4.239 GC heap after
Heap after GC invocations=4 (full 1):
 PSYoungGen      total 38400K, used 0K [0x0000000795580000, 0x000000079a080000, 0x00000007c0000000)
  eden space 33280K, 0% used [0x0000000795580000,0x0000000795580000,0x0000000797600000)
  from space 5120K, 0% used [0x0000000797600000,0x0000000797600000,0x0000000797b00000)
  to   space 5120K, 0% used [0x0000000799b80000,0x0000000799b80000,0x000000079a080000)
 ParOldGen       total 54784K, used 7393K [0x0000000740000000, 0x0000000743580000, 0x0000000795580000)
  object space 54784K, 13% used [0x0000000740000000,0x0000000740738410,0x0000000743580000)
 Metaspace       used 20825K, capacity 21227K, committed 21248K, reserved 1069056K
  class space    used 2163K, capacity 2294K, committed 2304K, reserved 1048576K
}
Event: 5.273 GC heap before
{Heap before GC invocations=5 (full 1):
 PSYoungGen      total 38400K, used 33280K [0x0000000795580000, 0x000000079a080000, 0x00000007c0000000)
  eden space 33280K, 100% used [0x0000000795580000,0x0000000797600000,0x0000000797600000)
  from space 5120K, 0% used [0x0000000797600000,0x0000000797600000,0x0000000797b00000)
  to   space 5120K, 0% used [0x0000000799b80000,0x0000000799b80000,0x000000079a080000)
 ParOldGen       total 54784K, used 7393K [0x0000000740000000, 0x0000000743580000, 0x0000000795580000)
  object space 54784K, 13% used [0x0000000740000000,0x0000000740738410,0x0000000743580000)
 Metaspace       used 23905K, capacity 24277K, committed 24576K, reserved 1071104K
  class space    used 2448K, capacity 2557K, committed 2560K, reserved 1048576K
Event: 5.282 GC heap after
Heap after GC invocations=5 (full 1):
 PSYoungGen      total 60416K, used 5117K [0x0000000795580000, 0x000000079a080000, 0x00000007c0000000)
  eden space 55296K, 0% used [0x0000000795580000,0x0000000795580000,0x0000000798b80000)
  from space 5120K, 99% used [0x0000000799b80000,0x000000079a07f470,0x000000079a080000)
  to   space 5120K, 0% used [0x0000000799680000,0x0000000799680000,0x0000000799b80000)
 ParOldGen       total 54784K, used 14395K [0x0000000740000000, 0x0000000743580000, 0x0000000795580000)
  object space 54784K, 26% used [0x0000000740000000,0x0000000740e0ee70,0x0000000743580000)
 Metaspace       used 23905K, capacity 24277K, committed 24576K, reserved 1071104K
  class space    used 2448K, capacity 2557K, committed 2560K, reserved 1048576K
}
Event: 7.588 GC heap before
{Heap before GC invocations=6 (full 1):
 PSYoungGen      total 60416K, used 60413K [0x0000000795580000, 0x000000079a080000, 0x00000007c0000000)
  eden space 55296K, 100% used [0x0000000795580000,0x0000000798b80000,0x0000000798b80000)
  from space 5120K, 99% used [0x0000000799b80000,0x000000079a07f470,0x000000079a080000)
  to   space 5120K, 0% used [0x0000000799680000,0x0000000799680000,0x0000000799b80000)
 ParOldGen       total 54784K, used 14395K [0x0000000740000000, 0x0000000743580000, 0x0000000795580000)
  object space 54784K, 26% used [0x0000000740000000,0x0000000740e0ee70,0x0000000743580000)
 Metaspace       used 24308K, capacity 24673K, committed 24832K, reserved 1071104K
  class space    used 2451K, capacity 2559K, committed 2560K, reserved 1048576K
Event: 7.596 GC heap after
Heap after GC invocations=6 (full 1):
 PSYoungGen      total 71680K, used 5101K [0x0000000795580000, 0x000000079c680000, 0x00000007c0000000)
  eden space 66560K, 0% used [0x0000000795580000,0x0000000795580000,0x0000000799680000)
  from space 5120K, 99% used [0x0000000799680000,0x0000000799b7b470,0x0000000799b80000)
  to   space 13312K, 0% used [0x000000079b980000,0x000000079b980000,0x000000079c680000)
 ParOldGen       total 54784K, used 19283K [0x0000000740000000, 0x0000000743580000, 0x0000000795580000)
  object space 54784K, 35% used [0x0000000740000000,0x00000007412d4fa0,0x0000000743580000)
 Metaspace       used 24308K, capacity 24673K, committed 24832K, reserved 1071104K
  class space    used 2451K, capacity 2559K, committed 2560K, reserved 1048576K
}
Event: 8.197 GC heap before
{Heap before GC invocations=7 (full 1):
 PSYoungGen      total 71680K, used 71661K [0x0000000795580000, 0x000000079c680000, 0x00000007c0000000)
  eden space 66560K, 100% used [0x0000000795580000,0x0000000799680000,0x0000000799680000)
  from space 5120K, 99% used [0x0000000799680000,0x0000000799b7b470,0x0000000799b80000)
  to   space 13312K, 0% used [0x000000079b980000,0x000000079b980000,0x000000079c680000)
 ParOldGen       total 54784K, used 19283K [0x0000000740000000, 0x0000000743580000, 0x0000000795580000)
  object space 54784K, 35% used [0x0000000740000000,0x00000007412d4fa0,0x0000000743580000)
 Metaspace       used 24390K, capacity 24801K, committed 25088K, reserved 1071104K
  class space    used 2451K, capacity 2559K, committed 2560K, reserved 1048576K
Event: 8.207 GC heap after
Heap after GC invocations=7 (full 1):
 PSYoungGen      total 100352K, used 13181K [0x0000000795580000, 0x000000079dd00000, 0x00000007c0000000)
  eden space 87040K, 0% used [0x0000000795580000,0x0000000795580000,0x000000079aa80000)
  from space 13312K, 99% used [0x000000079b980000,0x000000079c65f650,0x000000079c680000)
  to   space 15360K, 0% used [0x000000079aa80000,0x000000079aa80000,0x000000079b980000)
 ParOldGen       total 54784K, used 21340K [0x0000000740000000, 0x0000000743580000, 0x0000000795580000)
  object space 54784K, 38% used [0x0000000740000000,0x00000007414d7020,0x0000000743580000)
 Metaspace       used 24390K, capacity 24801K, committed 25088K, reserved 1071104K
  class space    used 2451K, capacity 2559K, committed 2560K, reserved 1048576K
}
Event: 12.481 GC heap before
{Heap before GC invocations=8 (full 1):
 PSYoungGen      total 100352K, used 100221K [0x0000000795580000, 0x000000079dd00000, 0x00000007c0000000)
  eden space 87040K, 100% used [0x0000000795580000,0x000000079aa80000,0x000000079aa80000)
  from space 13312K, 99% used [0x000000079b980000,0x000000079c65f650,0x000000079c680000)
  to   space 15360K, 0% used [0x000000079aa80000,0x000000079aa80000,0x000000079b980000)
 ParOldGen       total 54784K, used 21340K [0x0000000740000000, 0x0000000743580000, 0x0000000795580000)
  object space 54784K, 38% used [0x0000000740000000,0x00000007414d7020,0x0000000743580000)
 Metaspace       used 24933K, capacity 25351K, committed 25728K, reserved 1073152K
  class space    used 2484K, capacity 2592K, committed 2688K, reserved 1048576K
Event: 12.492 GC heap after
Heap after GC invocations=8 (full 1):
 PSYoungGen      total 102400K, used 15325K [0x0000000795580000, 0x000000079fe00000, 0x00000007c0000000)
  eden space 87040K, 0% used [0x0000000795580000,0x0000000795580000,0x000000079aa80000)
  from space 15360K, 99% used [0x000000079aa80000,0x000000079b9776f0,0x000000079b980000)
  to   space 17920K, 0% used [0x000000079ec80000,0x000000079ec80000,0x000000079fe00000)
 ParOldGen       total 54784K, used 23908K [0x0000000740000000, 0x0000000743580000, 0x0000000795580000)
  object space 54784K, 43% used [0x0000000740000000,0x00000007417590c0,0x0000000743580000)
 Metaspace       used 24933K, capacity 25351K, committed 25728K, reserved 1073152K
  class space    used 2484K, capacity 2592K, committed 2688K, reserved 1048576K
}

Deoptimization events (10 events):
Event: 14.065 Thread 0x00007f97d4c8c000 Uncommon trap: reason=unstable_if action=reinterpret pc=0x000000010c78aeec method=module5.OceanQuakeMarker.drawEarthquake(Lprocessing/core/PGraphics;FF)V @ 114
Event: 14.065 Thread 0x00007f97d4c8c000 Uncommon trap: reason=unstable_if action=reinterpret pc=0x000000010c611ff0 method=sun.misc.FloatingDecimal.getBinaryToASCIIConverter(F)Lsun/misc/FloatingDecimal$BinaryToASCIIConverter; @ 9
Event: 14.065 Thread 0x00007f97d4c8c000 Uncommon trap: reason=unstable_if action=reinterpret pc=0x000000010c2633f4 method=sun.misc.FloatingDecimal$BinaryToASCIIBuffer.getChars([C)I @ 33
Event: 14.065 Thread 0x00007f97d4c8c000 Uncommon trap: reason=unstable_if action=reinterpret pc=0x000000010c54def8 method=sun.misc.FloatingDecimal.readJavaFormatString(Ljava/lang/String;)Lsun/misc/FloatingDecimal$ASCIIToBinaryConverter; @ 373
Event: 50.934 Thread 0x00007f97d4a76000 Uncommon trap: reason=unstable_if action=reinterpret pc=0x000000010c7c1bd4 method=java.awt.Font.equals(Ljava/lang/Object;)Z @ 2
Event: 50.944 Thread 0x00007f97d516d000 Uncommon trap: reason=bimorphic action=maybe_recompile pc=0x000000010c504818 method=java.util.HashMap.putVal(ILjava/lang/Object;Ljava/lang/Object;ZZ)Ljava/lang/Object; @ 91
Event: 50.944 Thread 0x00007f97d516d000 Uncommon trap: reason=bimorphic action=maybe_recompile pc=0x000000010c504818 method=java.util.HashMap.putVal(ILjava/lang/Object;Ljava/lang/Object;ZZ)Ljava/lang/Object; @ 91
Event: 50.944 Thread 0x00007f97d516d000 Uncommon trap: reason=bimorphic action=maybe_recompile pc=0x000000010c504818 method=java.util.HashMap.putVal(ILjava/lang/Object;Ljava/lang/Object;ZZ)Ljava/lang/Object; @ 91
Event: 50.944 Thread 0x00007f97d516d000 Uncommon trap: reason=bimorphic action=maybe_recompile pc=0x000000010c504818 method=java.util.HashMap.putVal(ILjava/lang/Object;Ljava/lang/Object;ZZ)Ljava/lang/Object; @ 91
Event: 50.944 Thread 0x00007f97d516d000 Uncommon trap: reason=class_check action=maybe_recompile pc=0x000000010c46987c method=java.util.HashMap.putVal(ILjava/lang/Object;Ljava/lang/Object;ZZ)Ljava/lang/Object; @ 91

Internal exceptions (10 events):
Event: 0.212 Thread 0x00007f97d5803000 Exception <a 'java/lang/NoSuchFieldError': method resolution failed> (0x00000007957959f8) thrown at [/Users/java_re/workspace/8-2-build-macosx-x86_64/jdk8u144/9417/hotspot/src/share/vm/prims/methodHandles.cpp, line 1146]
Event: 0.413 Thread 0x00007f97d5803000 Exception <a 'java/io/FileNotFoundException'> (0x0000000795810ec0) thrown at [/Users/java_re/workspace/8-2-build-macosx-x86_64/jdk8u144/9417/hotspot/src/share/vm/prims/jni.cpp, line 709]
Event: 0.413 Thread 0x00007f97d5803000 Exception <a 'java/io/FileNotFoundException'> (0x0000000795811a28) thrown at [/Users/java_re/workspace/8-2-build-macosx-x86_64/jdk8u144/9417/hotspot/src/share/vm/prims/jni.cpp, line 709]
Event: 0.522 Thread 0x00007f97d5803000 Exception <a 'java/io/FileNotFoundException'> (0x0000000795958490) thrown at [/Users/java_re/workspace/8-2-build-macosx-x86_64/jdk8u144/9417/hotspot/src/share/vm/prims/jni.cpp, line 709]
Event: 2.778 Thread 0x00007f97d52bf800 Exception <a 'java/lang/UnsatisfiedLinkError': com.jogamp.common.util.JarUtil.fixNativeLibAttribs(Ljava/lang/String;)Z> (0x0000000796cfce18) thrown at [/Users/java_re/workspace/8-2-build-macosx-x86_64/jdk8u144/9417/hotspot/src/share/vm/prims/nativeLookup.
Event: 2.986 Thread 0x00007f97d6050800 Exception <a 'java/lang/NullPointerException'> (0x00000007956a3d38) thrown at [/Users/java_re/workspace/8-2-build-macosx-x86_64/jdk8u144/9417/hotspot/src/share/vm/interpreter/linkResolver.cpp, line 1197]
Event: 3.660 Thread 0x00007f97d4c8c000 Exception <a 'java/io/FileNotFoundException'> (0x00000007961b8588) thrown at [/Users/java_re/workspace/8-2-build-macosx-x86_64/jdk8u144/9417/hotspot/src/share/vm/prims/jni.cpp, line 709]
Event: 3.660 Thread 0x00007f97d4c8c000 Exception <a 'java/io/FileNotFoundException'> (0x00000007961c1ea8) thrown at [/Users/java_re/workspace/8-2-build-macosx-x86_64/jdk8u144/9417/hotspot/src/share/vm/prims/jni.cpp, line 709]
Event: 3.661 Thread 0x00007f97d4c8c000 Implicit null exception at 0x000000010c147ef6 to 0x000000010c1482b9
Event: 4.017 Thread 0x00007f97d4c8c000 Implicit null exception at 0x000000010c3579c6 to 0x000000010c357c0d

Events (10 events):
Event: 50.956 loading class com/jogamp/nativewindow/awt/JAWTWindow$JAWTComponentListener$2 done
Event: 50.957 loading class jogamp/nativewindow/jawt/macosx/MacOSXJAWTWindow$1
Event: 50.957 loading class jogamp/nativewindow/jawt/macosx/MacOSXJAWTWindow$1 done
Event: 50.959 loading class java/awt/LightweightDispatcher$2
Event: 50.959 loading class java/awt/LightweightDispatcher$2 done
Event: 50.959 loading class java/awt/event/AWTEventListenerProxy
Event: 50.959 loading class java/awt/event/AWTEventListenerProxy done
Event: 50.959 Executing VM operation: Deoptimize
Event: 50.960 Executing VM operation: Deoptimize done
Event: 50.960 loading class java/awt/Toolkit$ToolkitEventMulticaster


Dynamic libraries:
0x0000000006b60000 	/System/Library/Frameworks/Cocoa.framework/Versions/A/Cocoa
0x0000000006b60000 	/System/Library/Frameworks/Security.framework/Versions/A/Security
0x0000000006b60000 	/System/Library/Frameworks/ApplicationServices.framework/Versions/A/ApplicationServices
0x0000000006b60000 	/usr/lib/libz.1.dylib
0x0000000006b60000 	/usr/lib/libSystem.B.dylib
0x0000000006b60000 	/usr/lib/libobjc.A.dylib
0x0000000006b60000 	/System/Library/Frameworks/CoreFoundation.framework/Versions/A/CoreFoundation
0x0000000006b60000 	/System/Library/Frameworks/Foundation.framework/Versions/C/Foundation
0x0000000006b60000 	/System/Library/Frameworks/AppKit.framework/Versions/C/AppKit
0x0000000006b60000 	/System/Library/Frameworks/CoreData.framework/Versions/A/CoreData
0x0000000006b60000 	/System/Library/PrivateFrameworks/RemoteViewServices.framework/Versions/A/RemoteViewServices
0x0000000006b60000 	/System/Library/PrivateFrameworks/UIFoundation.framework/Versions/A/UIFoundation
0x0000000006b60000 	/System/Library/PrivateFrameworks/DFRFoundation.framework/Versions/A/DFRFoundation
0x0000000006b60000 	/usr/lib/libenergytrace.dylib
0x0000000006b60000 	/System/Library/PrivateFrameworks/SkyLight.framework/Versions/A/SkyLight
0x0000000006b60000 	/System/Library/Frameworks/CoreGraphics.framework/Versions/A/CoreGraphics
0x0000000006b60000 	/usr/lib/libScreenReader.dylib
0x0000000006b60000 	/System/Library/Frameworks/Accelerate.framework/Versions/A/Accelerate
0x0000000006b60000 	/System/Library/Frameworks/IOSurface.framework/Versions/A/IOSurface
0x0000000006b60000 	/System/Library/Frameworks/AudioToolbox.framework/Versions/A/AudioToolbox
0x0000000006b60000 	/System/Library/Frameworks/AudioUnit.framework/Versions/A/AudioUnit
0x0000000006b60000 	/System/Library/PrivateFrameworks/DataDetectorsCore.framework/Versions/A/DataDetectorsCore
0x0000000006b60000 	/System/Library/PrivateFrameworks/DesktopServicesPriv.framework/Versions/A/DesktopServicesPriv
0x0000000006b60000 	/System/Library/Frameworks/Carbon.framework/Versions/A/Frameworks/HIToolbox.framework/Versions/A/HIToolbox
0x0000000006b60000 	/usr/lib/libicucore.A.dylib
0x0000000006b60000 	/System/Library/Frameworks/QuartzCore.framework/Versions/A/QuartzCore
0x0000000006b60000 	/System/Library/Frameworks/Carbon.framework/Versions/A/Frameworks/SpeechRecognition.framework/Versions/A/SpeechRecognition
0x0000000006b60000 	/usr/lib/libauto.dylib
0x0000000006b60000 	/usr/lib/libxml2.2.dylib
0x0000000006b60000 	/System/Library/PrivateFrameworks/CoreUI.framework/Versions/A/CoreUI
0x0000000006b60000 	/System/Library/Frameworks/CoreAudio.framework/Versions/A/CoreAudio
0x0000000006b60000 	/System/Library/Frameworks/DiskArbitration.framework/Versions/A/DiskArbitration
0x0000000006b60000 	/usr/lib/liblangid.dylib
0x0000000006b60000 	/System/Library/PrivateFrameworks/MultitouchSupport.framework/Versions/A/MultitouchSupport
0x0000000006b60000 	/System/Library/Frameworks/IOKit.framework/Versions/A/IOKit
0x0000000006b60000 	/usr/lib/libDiagnosticMessagesClient.dylib
0x0000000006b60000 	/System/Library/Frameworks/CoreServices.framework/Versions/A/CoreServices
0x0000000006b60000 	/System/Library/PrivateFrameworks/PerformanceAnalysis.framework/Versions/A/PerformanceAnalysis
0x0000000006b60000 	/System/Library/PrivateFrameworks/GenerationalStorage.framework/Versions/A/GenerationalStorage
0x0000000006b60000 	/System/Library/Frameworks/OpenGL.framework/Versions/A/OpenGL
0x0000000006b60000 	/System/Library/Frameworks/CoreImage.framework/Versions/A/CoreImage
0x0000000006b60000 	/System/Library/Frameworks/CoreText.framework/Versions/A/CoreText
0x0000000006b60000 	/System/Library/Frameworks/ImageIO.framework/Versions/A/ImageIO
0x0000000006b60000 	/System/Library/PrivateFrameworks/Backup.framework/Versions/A/Backup
0x0000000006b60000 	/usr/lib/libarchive.2.dylib
0x0000000006b60000 	/System/Library/Frameworks/CFNetwork.framework/Versions/A/CFNetwork
0x0000000006b60000 	/System/Library/Frameworks/SystemConfiguration.framework/Versions/A/SystemConfiguration
0x0000000006b60000 	/usr/lib/libCRFSuite.dylib
0x0000000006b60000 	/usr/lib/libc++.1.dylib
0x0000000006b60000 	/usr/lib/libc++abi.dylib
0x0000000006b60000 	/usr/lib/system/libcache.dylib
0x0000000006b60000 	/usr/lib/system/libcommonCrypto.dylib
0x0000000006b60000 	/usr/lib/system/libcompiler_rt.dylib
0x0000000006b60000 	/usr/lib/system/libcopyfile.dylib
0x0000000006b60000 	/usr/lib/system/libcorecrypto.dylib
0x0000000006b60000 	/usr/lib/system/libdispatch.dylib
0x0000000006b60000 	/usr/lib/system/libdyld.dylib
0x0000000006b60000 	/usr/lib/system/libkeymgr.dylib
0x0000000006b60000 	/usr/lib/system/liblaunch.dylib
0x0000000006b60000 	/usr/lib/system/libmacho.dylib
0x0000000006b60000 	/usr/lib/system/libquarantine.dylib
0x0000000006b60000 	/usr/lib/system/libremovefile.dylib
0x0000000006b60000 	/usr/lib/system/libsystem_asl.dylib
0x0000000006b60000 	/usr/lib/system/libsystem_blocks.dylib
0x0000000006b60000 	/usr/lib/system/libsystem_c.dylib
0x0000000006b60000 	/usr/lib/system/libsystem_configuration.dylib
0x0000000006b60000 	/usr/lib/system/libsystem_coreservices.dylib
0x0000000006b60000 	/usr/lib/system/libsystem_coretls.dylib
0x0000000006b60000 	/usr/lib/system/libsystem_dnssd.dylib
0x0000000006b60000 	/usr/lib/system/libsystem_info.dylib
0x0000000006b60000 	/usr/lib/system/libsystem_kernel.dylib
0x0000000006b60000 	/usr/lib/system/libsystem_m.dylib
0x0000000006b60000 	/usr/lib/system/libsystem_malloc.dylib
0x0000000006b60000 	/usr/lib/system/libsystem_network.dylib
0x0000000006b60000 	/usr/lib/system/libsystem_networkextension.dylib
0x0000000006b60000 	/usr/lib/system/libsystem_notify.dylib
0x0000000006b60000 	/usr/lib/system/libsystem_platform.dylib
0x0000000006b60000 	/usr/lib/system/libsystem_pthread.dylib
0x0000000006b60000 	/usr/lib/system/libsystem_sandbox.dylib
0x0000000006b60000 	/usr/lib/system/libsystem_secinit.dylib
0x0000000006b60000 	/usr/lib/system/libsystem_symptoms.dylib
0x0000000006b60000 	/usr/lib/system/libsystem_trace.dylib
0x0000000006b60000 	/usr/lib/system/libunwind.dylib
0x0000000006b60000 	/usr/lib/system/libxpc.dylib
0x0000000006b60000 	/usr/lib/libbsm.0.dylib
0x0000000006b60000 	/usr/lib/system/libkxld.dylib
0x0000000006b60000 	/usr/lib/libcoretls.dylib
0x0000000006b60000 	/usr/lib/libcoretls_cfhelpers.dylib
0x0000000006b60000 	/usr/lib/libOpenScriptingUtil.dylib
0x0000000006b60000 	/usr/lib/libpam.2.dylib
0x0000000006b60000 	/usr/lib/libsqlite3.dylib
0x0000000006b60000 	/usr/lib/libxar.1.dylib
0x0000000006b60000 	/usr/lib/libbz2.1.0.dylib
0x0000000006b60000 	/usr/lib/liblzma.5.dylib
0x0000000006b60000 	/usr/lib/libnetwork.dylib
0x0000000006b60000 	/usr/lib/libpcap.A.dylib
0x0000000006b60000 	/System/Library/Frameworks/CoreServices.framework/Versions/A/Frameworks/FSEvents.framework/Versions/A/FSEvents
0x0000000006b60000 	/System/Library/Frameworks/CoreServices.framework/Versions/A/Frameworks/CarbonCore.framework/Versions/A/CarbonCore
0x0000000006b60000 	/System/Library/Frameworks/CoreServices.framework/Versions/A/Frameworks/Metadata.framework/Versions/A/Metadata
0x0000000006b60000 	/System/Library/Frameworks/CoreServices.framework/Versions/A/Frameworks/OSServices.framework/Versions/A/OSServices
0x0000000006b60000 	/System/Library/Frameworks/CoreServices.framework/Versions/A/Frameworks/SearchKit.framework/Versions/A/SearchKit
0x0000000006b60000 	/System/Library/Frameworks/CoreServices.framework/Versions/A/Frameworks/AE.framework/Versions/A/AE
0x0000000006b60000 	/System/Library/Frameworks/CoreServices.framework/Versions/A/Frameworks/LaunchServices.framework/Versions/A/LaunchServices
0x0000000006b60000 	/System/Library/Frameworks/CoreServices.framework/Versions/A/Frameworks/DictionaryServices.framework/Versions/A/DictionaryServices
0x0000000006b60000 	/System/Library/Frameworks/CoreServices.framework/Versions/A/Frameworks/SharedFileList.framework/Versions/A/SharedFileList
0x0000000006b60000 	/System/Library/Frameworks/NetFS.framework/Versions/A/NetFS
0x0000000006b60000 	/System/Library/PrivateFrameworks/NetAuth.framework/Versions/A/NetAuth
0x0000000006b60000 	/System/Library/PrivateFrameworks/login.framework/Versions/A/Frameworks/loginsupport.framework/Versions/A/loginsupport
0x0000000006b60000 	/System/Library/PrivateFrameworks/TCC.framework/Versions/A/TCC
0x0000000006b60000 	/usr/lib/libmecabra.dylib
0x0000000006b60000 	/System/Library/Frameworks/ApplicationServices.framework/Versions/A/Frameworks/ATS.framework/Versions/A/ATS
0x0000000006b60000 	/System/Library/Frameworks/ApplicationServices.framework/Versions/A/Frameworks/ColorSync.framework/Versions/A/ColorSync
0x0000000006b60000 	/System/Library/Frameworks/ApplicationServices.framework/Versions/A/Frameworks/HIServices.framework/Versions/A/HIServices
0x0000000006b60000 	/System/Library/Frameworks/ApplicationServices.framework/Versions/A/Frameworks/LangAnalysis.framework/Versions/A/LangAnalysis
0x0000000006b60000 	/System/Library/Frameworks/ApplicationServices.framework/Versions/A/Frameworks/PrintCore.framework/Versions/A/PrintCore
0x0000000006b60000 	/System/Library/Frameworks/ApplicationServices.framework/Versions/A/Frameworks/QD.framework/Versions/A/QD
0x0000000006b60000 	/System/Library/Frameworks/ApplicationServices.framework/Versions/A/Frameworks/SpeechSynthesis.framework/Versions/A/SpeechSynthesis
0x0000000006b60000 	/System/Library/Frameworks/Accelerate.framework/Versions/A/Frameworks/vImage.framework/Versions/A/vImage
0x0000000006b60000 	/System/Library/Frameworks/Accelerate.framework/Versions/A/Frameworks/vecLib.framework/Versions/A/vecLib
0x0000000006b60000 	/System/Library/Frameworks/Accelerate.framework/Versions/A/Frameworks/vecLib.framework/Versions/A/libvDSP.dylib
0x0000000006b60000 	/System/Library/Frameworks/Accelerate.framework/Versions/A/Frameworks/vecLib.framework/Versions/A/libBNNS.dylib
0x0000000006b60000 	/System/Library/Frameworks/Accelerate.framework/Versions/A/Frameworks/vecLib.framework/Versions/A/libQuadrature.dylib
0x0000000006b60000 	/System/Library/Frameworks/Accelerate.framework/Versions/A/Frameworks/vecLib.framework/Versions/A/libvMisc.dylib
0x0000000006b60000 	/System/Library/Frameworks/Accelerate.framework/Versions/A/Frameworks/vecLib.framework/Versions/A/libLAPACK.dylib
0x0000000006b60000 	/System/Library/Frameworks/Accelerate.framework/Versions/A/Frameworks/vecLib.framework/Versions/A/libBLAS.dylib
0x0000000006b60000 	/System/Library/Frameworks/Accelerate.framework/Versions/A/Frameworks/vecLib.framework/Versions/A/libLinearAlgebra.dylib
0x0000000006b60000 	/System/Library/Frameworks/Accelerate.framework/Versions/A/Frameworks/vecLib.framework/Versions/A/libSparseBLAS.dylib
0x0000000006b60000 	/System/Library/Frameworks/ApplicationServices.framework/Versions/A/Frameworks/ATS.framework/Versions/A/Resources/libFontParser.dylib
0x0000000006b60000 	/System/Library/Frameworks/ApplicationServices.framework/Versions/A/Frameworks/ATS.framework/Versions/A/Resources/libFontRegistry.dylib
0x0000000006b60000 	/System/Library/Frameworks/ImageIO.framework/Versions/A/Resources/libJPEG.dylib
0x0000000006b60000 	/System/Library/Frameworks/ImageIO.framework/Versions/A/Resources/libTIFF.dylib
0x0000000006b60000 	/System/Library/Frameworks/ImageIO.framework/Versions/A/Resources/libPng.dylib
0x0000000006b60000 	/System/Library/Frameworks/ImageIO.framework/Versions/A/Resources/libGIF.dylib
0x0000000006b60000 	/System/Library/Frameworks/ImageIO.framework/Versions/A/Resources/libJP2.dylib
0x0000000006b60000 	/System/Library/Frameworks/ImageIO.framework/Versions/A/Resources/libRadiance.dylib
0x0000000006b60000 	/usr/lib/libcompression.dylib
0x0000000006b60000 	/System/Library/PrivateFrameworks/AppleJPEG.framework/Versions/A/AppleJPEG
0x0000000006b60000 	/usr/lib/libcups.2.dylib
0x0000000006b60000 	/System/Library/Frameworks/Kerberos.framework/Versions/A/Kerberos
0x0000000006b60000 	/System/Library/Frameworks/GSS.framework/Versions/A/GSS
0x0000000006b60000 	/usr/lib/libresolv.9.dylib
0x0000000006b60000 	/usr/lib/libiconv.2.dylib
0x0000000006b60000 	/System/Library/PrivateFrameworks/Heimdal.framework/Versions/A/Heimdal
0x0000000006b60000 	/usr/lib/libheimdal-asn1.dylib
0x0000000006b60000 	/System/Library/Frameworks/OpenDirectory.framework/Versions/A/OpenDirectory
0x0000000006b60000 	/System/Library/PrivateFrameworks/CommonAuth.framework/Versions/A/CommonAuth
0x0000000006b60000 	/System/Library/Frameworks/OpenDirectory.framework/Versions/A/Frameworks/CFOpenDirectory.framework/Versions/A/CFOpenDirectory
0x0000000006b60000 	/System/Library/Frameworks/SecurityFoundation.framework/Versions/A/SecurityFoundation
0x0000000006b60000 	/System/Library/PrivateFrameworks/LanguageModeling.framework/Versions/A/LanguageModeling
0x0000000006b60000 	/usr/lib/libmarisa.dylib
0x0000000006b60000 	/usr/lib/libChineseTokenizer.dylib
0x0000000006b60000 	/usr/lib/libcmph.dylib
0x0000000006b60000 	/System/Library/PrivateFrameworks/CoreEmoji.framework/Versions/A/CoreEmoji
0x0000000006b60000 	/System/Library/Frameworks/ServiceManagement.framework/Versions/A/ServiceManagement
0x0000000006b60000 	/usr/lib/libxslt.1.dylib
0x0000000006b60000 	/System/Library/Frameworks/Carbon.framework/Versions/A/Frameworks/Ink.framework/Versions/A/Ink
0x0000000006b60000 	/System/Library/PrivateFrameworks/TextureIO.framework/Versions/A/TextureIO
0x0000000006b60000 	/System/Library/Frameworks/Metal.framework/Versions/A/Metal
0x0000000006b60000 	/usr/lib/libate.dylib
0x0000000006b60000 	/System/Library/PrivateFrameworks/GPUCompiler.framework/libmetal_timestamp.dylib
0x0000000006b60000 	/System/Library/Frameworks/OpenGL.framework/Versions/A/Libraries/libCoreFSCache.dylib
0x0000000006b60000 	/System/Library/PrivateFrameworks/IOAccelerator.framework/Versions/A/IOAccelerator
0x0000000006b60000 	/System/Library/Frameworks/CoreVideo.framework/Versions/A/CoreVideo
0x0000000006b60000 	/usr/lib/libFosl_dynamic.dylib
0x0000000006b60000 	/System/Library/PrivateFrameworks/MetalPerformanceShaders.framework/Versions/A/MetalPerformanceShaders
0x0000000006b60000 	/System/Library/PrivateFrameworks/FaceCore.framework/Versions/A/FaceCore
0x0000000006b60000 	/System/Library/Frameworks/OpenCL.framework/Versions/A/OpenCL
0x0000000006b60000 	/System/Library/Frameworks/OpenGL.framework/Versions/A/Libraries/libGLU.dylib
0x0000000006b60000 	/System/Library/Frameworks/OpenGL.framework/Versions/A/Libraries/libGFXShared.dylib
0x0000000006b60000 	/System/Library/Frameworks/OpenGL.framework/Versions/A/Libraries/libGL.dylib
0x0000000006b60000 	/System/Library/Frameworks/OpenGL.framework/Versions/A/Libraries/libGLImage.dylib
0x0000000006b60000 	/System/Library/Frameworks/OpenGL.framework/Versions/A/Libraries/libCVMSPluginSupport.dylib
0x0000000006b60000 	/System/Library/Frameworks/OpenGL.framework/Versions/A/Libraries/libCoreVMClient.dylib
0x0000000006b60000 	/System/Library/PrivateFrameworks/CrashReporterSupport.framework/Versions/A/CrashReporterSupport
0x0000000006b60000 	/System/Library/PrivateFrameworks/Sharing.framework/Versions/A/Sharing
0x0000000006b60000 	/System/Library/PrivateFrameworks/IconServices.framework/Versions/A/IconServices
0x0000000006b60000 	/System/Library/PrivateFrameworks/ProtocolBuffer.framework/Versions/A/ProtocolBuffer
0x0000000006b60000 	/System/Library/PrivateFrameworks/Apple80211.framework/Versions/A/Apple80211
0x0000000006b60000 	/System/Library/Frameworks/CoreWLAN.framework/Versions/A/CoreWLAN
0x0000000006b60000 	/System/Library/PrivateFrameworks/CoreUtils.framework/Versions/A/CoreUtils
0x0000000006b60000 	/System/Library/Frameworks/IOBluetooth.framework/Versions/A/IOBluetooth
0x0000000006b60000 	/System/Library/PrivateFrameworks/CoreWiFi.framework/Versions/A/CoreWiFi
0x0000000006b60000 	/System/Library/Frameworks/CoreBluetooth.framework/Versions/A/CoreBluetooth
0x0000000006b60000 	/System/Library/Frameworks/CoreDisplay.framework/Versions/A/CoreDisplay
0x0000000006b60000 	/System/Library/PrivateFrameworks/IOPresentment.framework/Versions/A/IOPresentment
0x0000000006b60000 	/System/Library/PrivateFrameworks/DSExternalDisplay.framework/Versions/A/DSExternalDisplay
0x0000000006b60000 	/System/Library/PrivateFrameworks/DebugSymbols.framework/Versions/A/DebugSymbols
0x0000000006b60000 	/System/Library/PrivateFrameworks/CoreSymbolication.framework/Versions/A/CoreSymbolication
0x0000000006b60000 	/System/Library/PrivateFrameworks/Symbolication.framework/Versions/A/Symbolication
0x0000000006b60000 	/System/Library/PrivateFrameworks/AppleFSCompression.framework/Versions/A/AppleFSCompression
0x0000000006b60000 	/System/Library/PrivateFrameworks/SpeechRecognitionCore.framework/Versions/A/SpeechRecognitionCore
0x0000000006b60000 	/System/Library/PrivateFrameworks/ChunkingLibrary.framework/Versions/A/ChunkingLibrary
0x0000000103e00000 	/Library/Java/JavaVirtualMachines/jdk1.8.0_144.jdk/Contents/Home/jre/lib/server/libjvm.dylib
0x0000000006b60000 	/usr/lib/libstdc++.6.dylib
0x00000001035ca000 	/Library/Java/JavaVirtualMachines/jdk1.8.0_144.jdk/Contents/Home/jre/lib/libverify.dylib
0x0000000104da7000 	/Library/Java/JavaVirtualMachines/jdk1.8.0_144.jdk/Contents/Home/jre/lib/libjava.dylib
0x00000001035e2000 	/Library/Java/JavaVirtualMachines/jdk1.8.0_144.jdk/Contents/Home/jre/lib/libzip.dylib
0x000000010b740000 	/System/Library/Frameworks/JavaVM.framework/Frameworks/JavaRuntimeSupport.framework/JavaRuntimeSupport
0x000000010b75a000 	/System/Library/Frameworks/JavaVM.framework/Versions/A/Frameworks/JavaNativeFoundation.framework/Versions/A/JavaNativeFoundation
0x00000001035ec000 	/System/Library/Frameworks/JavaVM.framework/Versions/A/JavaVM
0x0000000006b60000 	/System/Library/Frameworks/Carbon.framework/Versions/A/Carbon
0x000000010b76f000 	/System/Library/PrivateFrameworks/JavaLaunching.framework/Versions/A/JavaLaunching
0x0000000006b60000 	/System/Library/Frameworks/Carbon.framework/Versions/A/Frameworks/CommonPanels.framework/Versions/A/CommonPanels
0x0000000006b60000 	/System/Library/Frameworks/Carbon.framework/Versions/A/Frameworks/Help.framework/Versions/A/Help
0x0000000006b60000 	/System/Library/Frameworks/Carbon.framework/Versions/A/Frameworks/ImageCapture.framework/Versions/A/ImageCapture
0x0000000006b60000 	/System/Library/Frameworks/Carbon.framework/Versions/A/Frameworks/OpenScripting.framework/Versions/A/OpenScripting
0x0000000006b60000 	/System/Library/Frameworks/Carbon.framework/Versions/A/Frameworks/Print.framework/Versions/A/Print
0x0000000006b60000 	/System/Library/Frameworks/Carbon.framework/Versions/A/Frameworks/SecurityHI.framework/Versions/A/SecurityHI
0x000000010b7bf000 	/Library/Java/JavaVirtualMachines/jdk1.8.0_144.jdk/Contents/Home/jre/lib/libawt.dylib
0x000000010b867000 	/Library/Java/JavaVirtualMachines/jdk1.8.0_144.jdk/Contents/Home/jre/lib/./libmlib_image.dylib
0x000000010b933000 	/Library/Java/JavaVirtualMachines/jdk1.8.0_144.jdk/Contents/Home/jre/lib/libawt_lwawt.dylib
0x000000010b9ea000 	/Library/Java/JavaVirtualMachines/jdk1.8.0_144.jdk/Contents/Home/jre/lib/./libosxapp.dylib
0x0000000006b60000 	/System/Library/Frameworks/ExceptionHandling.framework/Versions/A/ExceptionHandling
0x0000000006b60000 	/System/Library/PrivateFrameworks/CoreServicesInternal.framework/Versions/A/CoreServicesInternal
0x0000000006b60000 	/System/Library/CoreServices/RawCamera.bundle/Contents/MacOS/RawCamera
0x0000000006b60000 	/System/Library/Frameworks/Accelerate.framework/Versions/A/Frameworks/vImage.framework/Versions/A/Libraries/libCGInterfaces.dylib
0x0000000006b60000 	/System/Library/Frameworks/ApplicationServices.framework/Versions/A/Frameworks/ATS.framework/Versions/A/Resources/libTrueTypeScaler.dylib
0x000000011e3f9000 	/System/Library/Frameworks/OpenGL.framework/Resources/GLEngine.bundle/GLEngine
0x0000000006b60000 	/System/Library/Frameworks/OpenGL.framework/Versions/A/Libraries/libGLProgrammability.dylib
0x000000011e5de000 	/System/Library/Extensions/AppleIntelBDWGraphicsGLDriver.bundle/Contents/MacOS/AppleIntelBDWGraphicsGLDriver
0x0000000006b60000 	/System/Library/PrivateFrameworks/GPUSupport.framework/Versions/A/Libraries/libGPUSupportMercury.dylib
0x000000011ed48000 	/System/Library/Frameworks/OpenGL.framework/Resources//GLRendererFloat.bundle/GLRendererFloat
0x0000000006b60000 	/System/Library/Frameworks/OpenCL.framework/Versions/A/Libraries/libcldcpuengine.dylib
0x0000000006b60000 	/usr/lib/libcrypto.0.9.8.dylib
0x0000000006b60000 	/System/Library/PrivateFrameworks/TrustEvaluationAgent.framework/Versions/A/TrustEvaluationAgent
0x000000011ed7c000 	/System/Library/Extensions/AppleIntelBDWGraphicsMTLDriver.bundle/Contents/MacOS/AppleIntelBDWGraphicsMTLDriver
0x0000000006b60000 	/System/Library/PrivateFrameworks/FamilyControls.framework/Versions/A/FamilyControls
0x0000000006b60000 	/System/Library/PrivateFrameworks/CommerceKit.framework/Versions/A/Frameworks/CommerceCore.framework/Versions/A/CommerceCore
0x0000000006b60000 	/System/Library/PrivateFrameworks/SystemAdministration.framework/Versions/A/SystemAdministration
0x0000000006b60000 	/System/Library/PrivateFrameworks/AppContainer.framework/Versions/A/AppContainer
0x0000000006b60000 	/System/Library/PrivateFrameworks/SecCodeWrapper.framework/Versions/A/SecCodeWrapper
0x0000000006b60000 	/System/Library/Frameworks/DirectoryService.framework/Versions/A/DirectoryService
0x0000000006b60000 	/System/Library/PrivateFrameworks/DiskImages.framework/Versions/A/DiskImages
0x0000000006b60000 	/System/Library/PrivateFrameworks/LoginUIKit.framework/Versions/A/Frameworks/LoginUICore.framework/Versions/A/LoginUICore
0x0000000006b60000 	/usr/lib/libCoreStorage.dylib
0x0000000006b60000 	/usr/lib/libcsfde.dylib
0x0000000006b60000 	/usr/lib/libodfde.dylib
0x0000000006b60000 	/System/Library/Frameworks/DiscRecording.framework/Versions/A/DiscRecording
0x0000000006b60000 	/usr/lib/libcurl.4.dylib
0x0000000006b60000 	/System/Library/PrivateFrameworks/MediaKit.framework/Versions/A/MediaKit
0x0000000006b60000 	/System/Library/PrivateFrameworks/ProtectedCloudStorage.framework/Versions/A/ProtectedCloudStorage
0x0000000006b60000 	/System/Library/PrivateFrameworks/EFILogin.framework/Versions/A/EFILogin
0x0000000006b60000 	/usr/lib/libutil.dylib
0x0000000006b60000 	/System/Library/Frameworks/LDAP.framework/Versions/A/LDAP
0x0000000006b60000 	/usr/lib/libsasl2.2.dylib
0x0000000006b60000 	/System/Library/PrivateFrameworks/CoreDaemon.framework/Versions/B/CoreDaemon
0x0000000006b60000 	/System/Library/PrivateFrameworks/AppleSRP.framework/Versions/A/AppleSRP
0x0000000006b60000 	/System/Library/PrivateFrameworks/APFS.framework/Versions/A/APFS
0x0000000120d4a000 	/Library/Java/JavaVirtualMachines/jdk1.8.0_144.jdk/Contents/Home/jre/lib/libfontmanager.dylib
0x00000001221d0000 	/Library/Java/JavaVirtualMachines/jdk1.8.0_144.jdk/Contents/Home/jre/lib/libosxui.dylib
0x0000000006b60000 	/System/Library/PrivateFrameworks/ViewBridge.framework/Versions/A/ViewBridge
0x0000000006b60000 	/System/Library/PrivateFrameworks/XPCService.framework/Versions/A/XPCService
0x0000000006b60000 	/System/Library/PrivateFrameworks/AppSandbox.framework/Versions/A/AppSandbox
0x0000000006b60000 	/usr/lib/libsandbox.1.dylib
0x0000000006b60000 	/usr/lib/libMatch.1.dylib
0x0000000122d82000 	/Library/Java/JavaVirtualMachines/jdk1.8.0_144.jdk/Contents/Home/jre/lib/libnet.dylib
0x0000000122d99000 	/Library/Java/JavaVirtualMachines/jdk1.8.0_144.jdk/Contents/Home/jre/lib/libnio.dylib
0x0000000121e95000 	/private/var/folders/4g/xxzpq2px2tg5jwrm0_jx44dc0000gn/T/jogamp_0000/file_cache/jln5955541671905684713/jln4576683595160023263/libgluegen-rt.jnilib
0x0000000121ec3000 	/private/var/folders/4g/xxzpq2px2tg5jwrm0_jx44dc0000gn/T/jogamp_0000/file_cache/jln5955541671905684713/jln4576683595160023263/libnativewindow_awt.jnilib
0x0000000121ec6000 	/Library/Java/JavaVirtualMachines/jdk1.8.0_144.jdk/Contents/Home/jre/lib/libjawt.dylib
0x000000018e061000 	/private/var/folders/4g/xxzpq2px2tg5jwrm0_jx44dc0000gn/T/jogamp_0000/file_cache/jln5955541671905684713/jln4576683595160023263/libnativewindow_macosx.jnilib
0x000000018e29e000 	/private/var/folders/4g/xxzpq2px2tg5jwrm0_jx44dc0000gn/T/jogamp_0000/file_cache/jln5955541671905684713/jln4576683595160023263/libjogl_desktop.jnilib
0x000000011ce49000 	/Library/Java/JavaVirtualMachines/jdk1.8.0_144.jdk/Contents/Home/jre/lib/libsunec.dylib
0x000000018e959000 	/Library/Java/JavaVirtualMachines/jdk1.8.0_144.jdk/Contents/Home/jre/lib/libt2k.dylib
0x000000018e26b000 	/Library/Java/JavaVirtualMachines/jdk1.8.0_144.jdk/Contents/Home/jre/lib/libjpeg.dylib

VM Arguments:
jvm_args: -Djava.security.policy=java.policy.applet -Dfile.encoding=UTF-8 
java_command: sun.applet.AppletViewer module5.EarthquakeCityMap1506373108537.html
java_class_path (initial): /Users/BeenWu/Library/Mobile Documents/com~apple~CloudDocs/Eclipse Project/UCSDUnfoldingMaps/build:/Users/BeenWu/Library/Mobile Documents/com~apple~CloudDocs/Eclipse Project/UCSDUnfoldingMaps/lib/core.jar:/Users/BeenWu/Library/Mobile Documents/com~apple~CloudDocs/Eclipse Project/UCSDUnfoldingMaps/lib/gluegen-rt.jar:/Users/BeenWu/Library/Mobile Documents/com~apple~CloudDocs/Eclipse Project/UCSDUnfoldingMaps/lib/jogl-all.jar:/Users/BeenWu/Library/Mobile Documents/com~apple~CloudDocs/Eclipse Project/UCSDUnfoldingMaps/lib/log4j-1.2.15.jar:/Users/BeenWu/Library/Mobile Documents/com~apple~CloudDocs/Eclipse Project/UCSDUnfoldingMaps/lib/sqlite-jdbc-3.7.2.jar:/Users/BeenWu/Library/Mobile Documents/com~apple~CloudDocs/Eclipse Project/UCSDUnfoldingMaps/lib/json4processing.jar:/Users/BeenWu/Library/Mobile Documents/com~apple~CloudDocs/Eclipse Project/UCSDUnfoldingMaps/lib/libTUIO.jar:/Users/BeenWu/Library/Mobile Documents/com~apple~CloudDocs/Eclipse Project/UCSDUnfoldingMaps/lib/unfolding.0.9.7-uscd.jar
Launcher Type: SUN_STANDARD

Environment Variables:
PATH=/usr/bin:/bin:/usr/sbin:/sbin
SHELL=/bin/zsh

Signal Handlers:
SIGSEGV: [libjvm.dylib+0x5b26e5], sa_mask[0]=11111111011111110111111111111111, sa_flags=SA_ONSTACK|SA_RESTART|SA_SIGINFO
SIGBUS: [libjvm.dylib+0x5b26e5], sa_mask[0]=11111111011111110111111111111111, sa_flags=SA_RESTART|SA_SIGINFO
SIGFPE: [libjvm.dylib+0x489100], sa_mask[0]=11111111011111110111111111111111, sa_flags=SA_RESTART|SA_SIGINFO
SIGPIPE: [libjvm.dylib+0x489100], sa_mask[0]=11111111011111110111111111111111, sa_flags=SA_RESTART|SA_SIGINFO
SIGXFSZ: [libjvm.dylib+0x489100], sa_mask[0]=11111111011111110111111111111111, sa_flags=SA_RESTART|SA_SIGINFO
SIGILL: [libjvm.dylib+0x489100], sa_mask[0]=11111111011111110111111111111111, sa_flags=SA_RESTART|SA_SIGINFO
SIGUSR1: SIG_DFL, sa_mask[0]=00000000000000000000000000000000, sa_flags=none
SIGUSR2: [libjvm.dylib+0x488c1e], sa_mask[0]=00100000000000000000000000000000, sa_flags=SA_RESTART|SA_SIGINFO
SIGHUP: [libjvm.dylib+0x4871f5], sa_mask[0]=11111111011111110111111111111111, sa_flags=SA_RESTART|SA_SIGINFO
SIGINT: [libjvm.dylib+0x4871f5], sa_mask[0]=11111111011111110111111111111111, sa_flags=SA_RESTART|SA_SIGINFO
SIGTERM: [libjvm.dylib+0x4871f5], sa_mask[0]=11111111011111110111111111111111, sa_flags=SA_RESTART|SA_SIGINFO
SIGQUIT: [libjvm.dylib+0x4871f5], sa_mask[0]=11111111011111110111111111111111, sa_flags=SA_RESTART|SA_SIGINFO


---------------  S Y S T E M  ---------------

OS:Bsduname:Darwin 16.7.0 Darwin Kernel Version 16.7.0: Thu Jun 15 17:36:27 PDT 2017; root:xnu-3789.70.16~2/RELEASE_X86_64 x86_64
rlimit: STACK 8192k, CORE 0k, NPROC 709, NOFILE 10240, AS infinity
load average:1.49 1.41 1.34

CPU:total 4 (initial active 4) (2 cores per cpu, 2 threads per core) family 6 model 61 stepping 4, cmov, cx8, fxsr, mmx, sse, sse2, sse3, ssse3, sse4.1, sse4.2, popcnt, avx, avx2, aes, clmul, erms, 3dnowpref, lzcnt, ht, tsc, tscinvbit, bmi1, bmi2, adx

Memory: 4k page, physical 8388608k(18284k free)

/proc/meminfo:


vm_info: Java HotSpot(TM) 64-Bit Server VM (25.144-b01) for bsd-amd64 JRE (1.8.0_144-b01), built on Jul 21 2017 22:07:42 by "java_re" with gcc 4.2.1 (Based on Apple Inc. build 5658) (LLVM build 2336.11.00)

time: Mon Sep 25 16:59:19 2017
elapsed time: 50 seconds (0d 0h 0m 50s)

