#
# A fatal error has been detected by the Java Runtime Environment:
#
#  SIGSEGV (0xb) at pc=0x00007fff90df205d, pid=749, tid=0x0000000000000307
#
# JRE version: Java(TM) SE Runtime Environment (8.0_144-b01) (build 1.8.0_144-b01)
# Java VM: Java HotSpot(TM) 64-Bit Server VM (25.144-b01 mixed mode bsd-amd64 compressed oops)
# Problematic frame:
# C  [libobjc.A.dylib+0x705d]  objc_msgSend+0x1d
#
# Failed to write core dump. Core dumps have been disabled. To enable core dumping, try "ulimit -c unlimited" before starting Java again
#
# If you would like to submit a bug report, please visit:
#   http://bugreport.java.com/bugreport/crash.jsp
# The crash happened outside the Java Virtual Machine in native code.
# See problematic frame for where to report the bug.
#

---------------  T H R E A D  ---------------

Current thread (0x00007f81c78f1000):  JavaThread "AWT-AppKit" daemon [_thread_in_native, id=775, stack(0x00007fff553f0000,0x00007fff55bf0000)]

siginfo: si_signo: 11 (SIGSEGV), si_code: 1 (SEGV_MAPERR), si_addr: 0x0000000000000018

Registers:
RAX=0x00007f81cb95bf00, RBX=0x0000000194b9e450, RCX=0x00007f81c9202810, RDX=0x0000000000000000
RSP=0x00007fff55beb208, RBP=0x00007fff55beb2c0, RSI=0x00007fff7a67e116, RDI=0x00007f81cb90dcc0
R8 =0x0000000000000018, R9 =0x00007f81c9201770, R10=0x0000000000000000, R11=0x00007fff7a67e116
R12=0x0000000000000000, R13=0x0000000199841fb8, R14=0x0000000194b9e440, R15=0x00007f81c78f1000
RIP=0x00007fff90df205d, EFLAGS=0x0000000000010246, ERR=0x0000000000000004
  TRAPNO=0x000000000000000e

Top of Stack: (sp=0x00007fff55beb208)
0x00007fff55beb208:   0000000194b9c157 00007fff55beb260
0x00007fff55beb218:   0000000000000003 00007fff55beb240
0x00007fff55beb228:   000000010abf368e 0000000199841fb8
0x00007fff55beb238:   0000000199841fb8 00007f81cb95bf00
0x00007fff55beb248:   0000000194b9e6a0 0000000194b9e710
0x00007fff55beb258:   00007fff96e576d0 00007fff97a871e0
0x00007fff55beb268:   0000000194b9e450 0000000194b9e690
0x00007fff55beb278:   00007f81cb95bf00 00007f81cb90dcc0
0x00007fff55beb288:   00007f81c6c4a280 00007f81cb95bf00
0x00007fff55beb298:   00007f81cb90dcc0 00007fff55beb348
0x00007fff55beb2a8:   00007f81c78f11f8 0000000199841fb8
0x00007fff55beb2b8:   00007fff55beb370 00007fff55beb338
0x00007fff55beb2c8:   0000000114bf19f4 0000000199841fb8
0x00007fff55beb2d8:   00007fff55beb370 00007fff55beb338
0x00007fff55beb2e8:   0000000114bf1787 0000000114bf1742
0x00007fff55beb2f8:   00007fff55beb2f8 0000000199841fb8
0x00007fff55beb308:   00007fff55beb370 0000000199864c20
0x00007fff55beb318:   0000000000000000 0000000199841fb8
0x00007fff55beb328:   0000000000000000 00007fff55beb358
0x00007fff55beb338:   00007fff55beb3b8 0000000114be22bd
0x00007fff55beb348:   00000007404ee818 0000000114beb538
0x00007fff55beb358:   00007f81cb95bf00 00007fff55beb3b8
0x00007fff55beb368:   00007f81cb90dcc0 0000000114bece02
0x00007fff55beb378:   00007fff55beb378 0000000199842182
0x00007fff55beb388:   00007fff55beb3e0 0000000199864c20
0x00007fff55beb398:   0000000000000000 0000000199842190
0x00007fff55beb3a8:   00007fff55beb358 00007fff55beb3c8
0x00007fff55beb3b8:   00007fff55beb428 0000000114be22bd
0x00007fff55beb3c8:   00007f81cb95bf00 0000000740352608
0x00007fff55beb3d8:   00007f81cb90dcc0 0000000740352608
0x00007fff55beb3e8:   00007fff55beb3e8 00000001a23beffe
0x00007fff55beb3f8:   00007fff55beb438 00000001a23bf0b8 

Instructions: (pc=0x00007fff90df205d)
0x00007fff90df203d:   0f 1f 00 48 85 ff 2e 74 62 40 f6 c7 01 2e 75 66
0x00007fff90df204d:   49 ba f8 ff ff ff ff 7f 00 00 4c 23 17 49 89 f3
0x00007fff90df205d:   45 23 5a 18 49 c1 e3 04 4d 03 5a 10 49 3b 33 75
0x00007fff90df206d:   04 41 ff 63 08 49 83 3b 01 76 0d 49 83 c3 10 49 

Register to memory mapping:

RAX=0x00007f81cb95bf00 is an unknown value
RBX=0x0000000194b9e450: Java_jogamp_nativewindow_macosx_OSXUtil_GetScreenRefreshRate0+0x1cf0 in /private/var/folders/4g/xxzpq2px2tg5jwrm0_jx44dc0000gn/T/jogamp_0000/file_cache/jln3721632841504247343/jln2305712752882380309/libnativewindow_macosx.jnilib at 0x0000000194b97000
RCX=0x00007f81c9202810 is an unknown value
RDX=0x0000000000000000 is an unknown value
RSP=0x00007fff55beb208 is pointing into the stack for thread: 0x00007f81c78f1000
RBP=0x00007fff55beb2c0 is pointing into the stack for thread: 0x00007f81c78f1000
RSI=0x00007fff7a67e116: __NSStyleNameIndexTable+0x7fd5e in /System/Library/Frameworks/AppKit.framework/Versions/C/AppKit at 0x00007fff79a11000
RDI=0x00007f81cb90dcc0 is an unknown value
R8 =0x0000000000000018 is an unknown value
R9 =0x00007f81c9201770 is an unknown value
R10=0x0000000000000000 is an unknown value
R11=0x00007fff7a67e116: __NSStyleNameIndexTable+0x7fd5e in /System/Library/Frameworks/AppKit.framework/Versions/C/AppKit at 0x00007fff79a11000
R12=0x0000000000000000 is an unknown value
R13={method} {0x0000000199841fb8} 'UnsetJAWTRootSurfaceLayer0' '(JJ)V' in 'jogamp/nativewindow/jawt/macosx/MacOSXJAWTWindow'
R14=0x0000000194b9e440: Java_jogamp_nativewindow_macosx_OSXUtil_GetScreenRefreshRate0+0x1ce0 in /private/var/folders/4g/xxzpq2px2tg5jwrm0_jx44dc0000gn/T/jogamp_0000/file_cache/jln3721632841504247343/jln2305712752882380309/libnativewindow_macosx.jnilib at 0x0000000194b97000
R15=0x00007f81c78f1000 is a thread


Stack: [0x00007fff553f0000,0x00007fff55bf0000],  sp=0x00007fff55beb208,  free space=8172k
Native frames: (J=compiled Java code, j=interpreted, Vv=VM code, C=native code)
C  [libobjc.A.dylib+0x705d]  objc_msgSend+0x1d
j  jogamp.nativewindow.jawt.macosx.MacOSXJAWTWindow.UnsetJAWTRootSurfaceLayer0(JJ)V+0
j  jogamp.nativewindow.jawt.macosx.MacOSXJAWTWindow.access$200(JJ)V+2
j  jogamp.nativewindow.jawt.macosx.MacOSXJAWTWindow$1.run()V+38
J 3309 C1 com.jogamp.common.util.RunnableTask.run()V (345 bytes) @ 0x00000001154f63f4 [0x00000001154f6260+0x194]
v  ~StubRoutines::call_stub
V  [libjvm.dylib+0x2ee70a]
V  [libjvm.dylib+0x3258b9]
V  [libjvm.dylib+0x318087]
C  [libnativewindow_macosx.jnilib+0x5326]  Java_jogamp_nativewindow_jawt_macosx_MacOSXJAWTWindow_UnsetJAWTRootSurfaceLayer0+0x2b6
C  [Foundation+0x7152a]  __NSThreadPerformPerform+0x146
C  [CoreFoundation+0xa7321]  __CFRUNLOOP_IS_CALLING_OUT_TO_A_SOURCE0_PERFORM_FUNCTION__+0x11
C  [CoreFoundation+0x88197]  __CFRunLoopDoSources0+0x1a7
C  [CoreFoundation+0x87716]  __CFRunLoopRun+0x3a6
C  [CoreFoundation+0x87114]  CFRunLoopRunSpecific+0x1a4
C  [HIToolbox+0x30ebc]  RunCurrentEventLoopInMode+0xf0
C  [HIToolbox+0x30bf9]  ReceiveNextEventCommon+0xb8
C  [HIToolbox+0x30b26]  _BlockUntilNextEventMatchingListInModeWithFilter+0x47
C  [AppKit+0x46a54]  _DPSNextEvent+0x460
C  [AppKit+0x7c27ee]  -[NSApplication(NSEvent) _nextEventMatchingEventMask:untilDate:inMode:dequeue:]+0xaec
C  [libosxapp.dylib+0x23aa]  -[NSApplicationAWT nextEventMatchingMask:untilDate:inMode:dequeue:]+0x7c
C  [AppKit+0x3b3db]  -[NSApplication run]+0x39e
C  [libosxapp.dylib+0x214d]  +[NSApplicationAWT runAWTLoopWithApp:]+0x9c
C  [libawt_lwawt.dylib+0x45edf]  -[AWTStarter starter:]+0x389
C  [Foundation+0x7152a]  __NSThreadPerformPerform+0x146
C  [CoreFoundation+0xa7321]  __CFRUNLOOP_IS_CALLING_OUT_TO_A_SOURCE0_PERFORM_FUNCTION__+0x11
C  [CoreFoundation+0x8821d]  __CFRunLoopDoSources0+0x22d
C  [CoreFoundation+0x87716]  __CFRunLoopRun+0x3a6
C  [CoreFoundation+0x87114]  CFRunLoopRunSpecific+0x1a4
C  [java+0x6465]  CreateExecutionEnvironment+0x367
C  [java+0x218c]  JLI_Launch+0x7a0
C  [java+0x84c2]  main+0x65
C  [java+0x19e4]  start+0x34
C  0x0000000000000007

Java frames: (J=compiled Java code, j=interpreted, Vv=VM code)
j  jogamp.nativewindow.jawt.macosx.MacOSXJAWTWindow.UnsetJAWTRootSurfaceLayer0(JJ)V+0
j  jogamp.nativewindow.jawt.macosx.MacOSXJAWTWindow.access$200(JJ)V+2
j  jogamp.nativewindow.jawt.macosx.MacOSXJAWTWindow$1.run()V+38
J 3309 C1 com.jogamp.common.util.RunnableTask.run()V (345 bytes) @ 0x00000001154f63f4 [0x00000001154f6260+0x194]
v  ~StubRoutines::call_stub

---------------  P R O C E S S  ---------------

Java Threads: ( => current thread )
  0x00007f81c777b000 JavaThread "Thread-114" [_thread_blocked, id=76019, stack(0x000070000aebd000,0x000070000afbd000)]
  0x00007f81c8b07800 JavaThread "AWT-EventQueue-1" [_thread_in_native, id=69403, stack(0x000070000ad37000,0x000070000ae37000)]
  0x00007f81c8aa8000 JavaThread "DestroyJavaVM" [_thread_blocked, id=7171, stack(0x00007000096ef000,0x00007000097ef000)]
  0x00007f81c8ab3000 JavaThread "AWT-EventQueue-0" [_thread_blocked, id=58151, stack(0x000070000ab31000,0x000070000ac31000)]
  0x00007f81c7159800 JavaThread "Java2D Disposer" daemon [_thread_blocked, id=55575, stack(0x000070000a8a8000,0x000070000a9a8000)]
  0x00007f81c8a68000 JavaThread "Java2D Queue Flusher" daemon [_thread_blocked, id=48195, stack(0x000070000a7a5000,0x000070000a8a5000)]
  0x00007f81c7910000 JavaThread "AWT-Shutdown" [_thread_blocked, id=30495, stack(0x000070000a59c000,0x000070000a69c000)]
=>0x00007f81c78f1000 JavaThread "AWT-AppKit" daemon [_thread_in_native, id=775, stack(0x00007fff553f0000,0x00007fff55bf0000)]
  0x00007f81c7812800 JavaThread "Service Thread" daemon [_thread_blocked, id=18691, stack(0x000070000a313000,0x000070000a413000)]
  0x00007f81c8009000 JavaThread "C1 CompilerThread2" daemon [_thread_blocked, id=18179, stack(0x000070000a210000,0x000070000a310000)]
  0x00007f81c8872800 JavaThread "C2 CompilerThread1" daemon [_thread_blocked, id=17667, stack(0x000070000a10d000,0x000070000a20d000)]
  0x00007f81c8872000 JavaThread "C2 CompilerThread0" daemon [_thread_blocked, id=17155, stack(0x000070000a00a000,0x000070000a10a000)]
  0x00007f81c8864800 JavaThread "Signal Dispatcher" daemon [_thread_blocked, id=16643, stack(0x0000700009f07000,0x000070000a007000)]
  0x00007f81c7027800 JavaThread "Finalizer" daemon [_thread_blocked, id=12547, stack(0x0000700009e04000,0x0000700009f04000)]
  0x00007f81c780f800 JavaThread "Reference Handler" daemon [_thread_blocked, id=12035, stack(0x0000700009d01000,0x0000700009e01000)]

Other Threads:
  0x00007f81c8833000 VMThread [stack: 0x0000700009bfe000,0x0000700009cfe000] [id=11523]
  0x00007f81c7823000 WatcherThread [stack: 0x000070000a416000,0x000070000a516000] [id=19203]

VM state:not at safepoint (normal execution)

VM Mutex/Monitor currently owned by a thread: None

Heap:
 PSYoungGen      total 160768K, used 90614K [0x0000000795580000, 0x00000007a0d00000, 0x00000007c0000000)
  eden space 137728K, 51% used [0x0000000795580000,0x0000000799a9a020,0x000000079dc00000)
  from space 23040K, 86% used [0x000000079f600000,0x00000007a0963a30,0x00000007a0c80000)
  to   space 25088K, 0% used [0x000000079dc00000,0x000000079dc00000,0x000000079f480000)
 ParOldGen       total 56832K, used 25944K [0x0000000740000000, 0x0000000743780000, 0x0000000795580000)
  object space 56832K, 45% used [0x0000000740000000,0x00000007419563f8,0x0000000743780000)
 Metaspace       used 25106K, capacity 25511K, committed 25728K, reserved 1073152K
  class space    used 2489K, capacity 2624K, committed 2688K, reserved 1048576K

Card table byte_map: [0x000000010bd67000,0x000000010c168000] byte_map_base: 0x0000000108367000

Marking Bits: (ParMarkBitMap*) 0x000000010b2f35d0
 Begin Bits: [0x000000010c413000, 0x000000010e413000)
 End Bits:   [0x000000010e413000, 0x0000000110413000)

Polling page: 0x000000010a0d0000

CodeCache: size=245760Kb used=11486Kb max_used=11493Kb free=234273Kb
 bounds [0x0000000114bda000, 0x000000011572a000, 0x0000000123bda000]
 total_blobs=4292 nmethods=3340 adapters=865
 compilation: enabled

Compilation events (10 events):
Event: 46.882 Thread 0x00007f81c8872000 3841       4       java.lang.Thread::isInterrupted (6 bytes)
Event: 46.884 Thread 0x00007f81c8872000 nmethod 3841 0x0000000115458f10 code [0x0000000115459060, 0x0000000115459108]
Event: 47.518 Thread 0x00007f81c8009000 3842       3       java.awt.Rectangle::intersection (180 bytes)
Event: 47.519 Thread 0x00007f81c8009000 nmethod 3842 0x00000001156e1850 code [0x00000001156e19e0, 0x00000001156e1f10]
Event: 47.519 Thread 0x00007f81c8009000 3844       3       sun.java2d.pipe.PixelToParallelogramConverter::normalize (15 bytes)
Event: 47.520 Thread 0x00007f81c8009000 nmethod 3844 0x00000001156eaf50 code [0x00000001156eb100, 0x00000001156eb388]
Event: 47.520 Thread 0x00007f81c8009000 3843       3       sun.java2d.SunGraphics2D::setColor (108 bytes)
Event: 47.521 Thread 0x00007f81c8009000 nmethod 3843 0x00000001156e10d0 code [0x00000001156e1260, 0x00000001156e1798]
Event: 47.552 Thread 0x00007f81c8009000 3845       3       java.util.LinkedHashMap::afterNodeRemoval (65 bytes)
Event: 47.553 Thread 0x00007f81c8009000 nmethod 3845 0x00000001156e09d0 code [0x00000001156e0b40, 0x00000001156e0ef0]

GC Heap History (10 events):
Event: 8.130 GC heap before
{Heap before GC invocations=7 (full 1):
 PSYoungGen      total 71680K, used 71587K [0x0000000795580000, 0x000000079bf00000, 0x00000007c0000000)
  eden space 66560K, 100% used [0x0000000795580000,0x0000000799680000,0x0000000799680000)
  from space 5120K, 98% used [0x0000000799680000,0x0000000799b68e30,0x0000000799b80000)
  to   space 12800K, 0% used [0x000000079b280000,0x000000079b280000,0x000000079bf00000)
 ParOldGen       total 56832K, used 20024K [0x0000000740000000, 0x0000000743780000, 0x0000000795580000)
  object space 56832K, 35% used [0x0000000740000000,0x000000074138e288,0x0000000743780000)
 Metaspace       used 24551K, capacity 24903K, committed 25216K, reserved 1071104K
  class space    used 2479K, capacity 2592K, committed 2688K, reserved 1048576K
Event: 8.142 GC heap after
Heap after GC invocations=7 (full 1):
 PSYoungGen      total 93184K, used 12734K [0x0000000795580000, 0x000000079d700000, 0x00000007c0000000)
  eden space 80384K, 0% used [0x0000000795580000,0x0000000795580000,0x000000079a400000)
  from space 12800K, 99% used [0x000000079b280000,0x000000079beef880,0x000000079bf00000)
  to   space 14848K, 0% used [0x000000079a400000,0x000000079a400000,0x000000079b280000)
 ParOldGen       total 56832K, used 21312K [0x0000000740000000, 0x0000000743780000, 0x0000000795580000)
  object space 56832K, 37% used [0x0000000740000000,0x00000007414d02d8,0x0000000743780000)
 Metaspace       used 24551K, capacity 24903K, committed 25216K, reserved 1071104K
  class space    used 2479K, capacity 2592K, committed 2688K, reserved 1048576K
}
Event: 13.703 GC heap before
{Heap before GC invocations=8 (full 1):
 PSYoungGen      total 93184K, used 93118K [0x0000000795580000, 0x000000079d700000, 0x00000007c0000000)
  eden space 80384K, 100% used [0x0000000795580000,0x000000079a400000,0x000000079a400000)
  from space 12800K, 99% used [0x000000079b280000,0x000000079beef880,0x000000079bf00000)
  to   space 14848K, 0% used [0x000000079a400000,0x000000079a400000,0x000000079b280000)
 ParOldGen       total 56832K, used 21312K [0x0000000740000000, 0x0000000743780000, 0x0000000795580000)
  object space 56832K, 37% used [0x0000000740000000,0x00000007414d02d8,0x0000000743780000)
 Metaspace       used 24944K, capacity 25351K, committed 25728K, reserved 1073152K
  class space    used 2480K, capacity 2592K, committed 2688K, reserved 1048576K
Event: 13.713 GC heap after
Heap after GC invocations=8 (full 1):
 PSYoungGen      total 95232K, used 14830K [0x0000000795580000, 0x000000079ec00000, 0x00000007c0000000)
  eden space 80384K, 0% used [0x0000000795580000,0x0000000795580000,0x000000079a400000)
  from space 14848K, 99% used [0x000000079a400000,0x000000079b27b910,0x000000079b280000)
  to   space 17408K, 0% used [0x000000079db00000,0x000000079db00000,0x000000079ec00000)
 ParOldGen       total 56832K, used 21832K [0x0000000740000000, 0x0000000743780000, 0x0000000795580000)
  object space 56832K, 38% used [0x0000000740000000,0x00000007415522f8,0x0000000743780000)
 Metaspace       used 24944K, capacity 25351K, committed 25728K, reserved 1073152K
  class space    used 2480K, capacity 2592K, committed 2688K, reserved 1048576K
}
Event: 18.531 GC heap before
{Heap before GC invocations=9 (full 1):
 PSYoungGen      total 95232K, used 95061K [0x0000000795580000, 0x000000079ec00000, 0x00000007c0000000)
  eden space 80384K, 99% used [0x0000000795580000,0x000000079a3d9ce0,0x000000079a400000)
  from space 14848K, 99% used [0x000000079a400000,0x000000079b27b910,0x000000079b280000)
  to   space 17408K, 0% used [0x000000079db00000,0x000000079db00000,0x000000079ec00000)
 ParOldGen       total 56832K, used 21832K [0x0000000740000000, 0x0000000743780000, 0x0000000795580000)
  object space 56832K, 38% used [0x0000000740000000,0x00000007415522f8,0x0000000743780000)
 Metaspace       used 25049K, capacity 25415K, committed 25728K, reserved 1073152K
  class space    used 2480K, capacity 2592K, committed 2688K, reserved 1048576K
Event: 18.543 GC heap after
Heap after GC invocations=9 (full 1):
 PSYoungGen      total 132608K, used 17310K [0x0000000795580000, 0x000000079ed00000, 0x00000007c0000000)
  eden space 115200K, 0% used [0x0000000795580000,0x0000000795580000,0x000000079c600000)
  from space 17408K, 99% used [0x000000079db00000,0x000000079ebe79b0,0x000000079ec00000)
  to   space 19968K, 0% used [0x000000079c600000,0x000000079c600000,0x000000079d980000)
 ParOldGen       total 56832K, used 25424K [0x0000000740000000, 0x0000000743780000, 0x0000000795580000)
  object space 56832K, 44% used [0x0000000740000000,0x00000007418d43d8,0x0000000743780000)
 Metaspace       used 25049K, capacity 25415K, committed 25728K, reserved 1073152K
  class space    used 2480K, capacity 2592K, committed 2688K, reserved 1048576K
}
Event: 28.458 GC heap before
{Heap before GC invocations=10 (full 1):
 PSYoungGen      total 132608K, used 132510K [0x0000000795580000, 0x000000079ed00000, 0x00000007c0000000)
  eden space 115200K, 100% used [0x0000000795580000,0x000000079c600000,0x000000079c600000)
  from space 17408K, 99% used [0x000000079db00000,0x000000079ebe79b0,0x000000079ec00000)
  to   space 19968K, 0% used [0x000000079c600000,0x000000079c600000,0x000000079d980000)
 ParOldGen       total 56832K, used 25424K [0x0000000740000000, 0x0000000743780000, 0x0000000795580000)
  object space 56832K, 44% used [0x0000000740000000,0x00000007418d43d8,0x0000000743780000)
 Metaspace       used 25065K, capacity 25479K, committed 25728K, reserved 1073152K
  class space    used 2480K, capacity 2592K, committed 2688K, reserved 1048576K
Event: 28.469 GC heap after
Heap after GC invocations=10 (full 1):
 PSYoungGen      total 135168K, used 19822K [0x0000000795580000, 0x00000007a0c80000, 0x00000007c0000000)
  eden space 115200K, 0% used [0x0000000795580000,0x0000000795580000,0x000000079c600000)
  from space 19968K, 99% used [0x000000079c600000,0x000000079d95ba30,0x000000079d980000)
  to   space 23040K, 0% used [0x000000079f600000,0x000000079f600000,0x00000007a0c80000)
 ParOldGen       total 56832K, used 25944K [0x0000000740000000, 0x0000000743780000, 0x0000000795580000)
  object space 56832K, 45% used [0x0000000740000000,0x00000007419563f8,0x0000000743780000)
 Metaspace       used 25065K, capacity 25479K, committed 25728K, reserved 1073152K
  class space    used 2480K, capacity 2592K, committed 2688K, reserved 1048576K
}
Event: 41.265 GC heap before
{Heap before GC invocations=11 (full 1):
 PSYoungGen      total 135168K, used 135022K [0x0000000795580000, 0x00000007a0c80000, 0x00000007c0000000)
  eden space 115200K, 100% used [0x0000000795580000,0x000000079c600000,0x000000079c600000)
  from space 19968K, 99% used [0x000000079c600000,0x000000079d95ba30,0x000000079d980000)
  to   space 23040K, 0% used [0x000000079f600000,0x000000079f600000,0x00000007a0c80000)
 ParOldGen       total 56832K, used 25944K [0x0000000740000000, 0x0000000743780000, 0x0000000795580000)
  object space 56832K, 45% used [0x0000000740000000,0x00000007419563f8,0x0000000743780000)
 Metaspace       used 25068K, capacity 25479K, committed 25728K, reserved 1073152K
  class space    used 2480K, capacity 2592K, committed 2688K, reserved 1048576K
Event: 41.276 GC heap after
Heap after GC invocations=11 (full 1):
 PSYoungGen      total 160768K, used 19854K [0x0000000795580000, 0x00000007a0d00000, 0x00000007c0000000)
  eden space 137728K, 0% used [0x0000000795580000,0x0000000795580000,0x000000079dc00000)
  from space 23040K, 86% used [0x000000079f600000,0x00000007a0963a30,0x00000007a0c80000)
  to   space 25088K, 0% used [0x000000079dc00000,0x000000079dc00000,0x000000079f480000)
 ParOldGen       total 56832K, used 25944K [0x0000000740000000, 0x0000000743780000, 0x0000000795580000)
  object space 56832K, 45% used [0x0000000740000000,0x00000007419563f8,0x0000000743780000)
 Metaspace       used 25068K, capacity 25479K, committed 25728K, reserved 1073152K
  class space    used 2480K, capacity 2592K, committed 2688K, reserved 1048576K
}

Deoptimization events (10 events):
Event: 47.518 Thread 0x00007f81c8ab3000 Uncommon trap: reason=unstable_if action=reinterpret pc=0x00000001156a4c68 method=java.awt.EventQueue.getPriority(Ljava/awt/AWTEvent;)I @ 71
Event: 47.519 Thread 0x00007f81c8b07800 Uncommon trap: reason=unstable_if action=reinterpret pc=0x00000001156d9b4c method=java.awt.EventQueue.uncacheEQItem(Lsun/awt/EventQueueItem;)V @ 23
Event: 47.520 Thread 0x00007f81c8ab3000 Uncommon trap: reason=unstable_if action=reinterpret pc=0x000000011570260c method=sun.java2d.pipe.Region.isEmpty()Z @ 19
Event: 47.520 Thread 0x00007f81c8ab3000 Uncommon trap: reason=unstable_if action=reinterpret pc=0x00000001156e3de0 method=sun.java2d.pipe.Region.isInsideXYXY(IIII)Z @ 30
Event: 47.521 Thread 0x00007f81c8ab3000 Uncommon trap: reason=unstable_if action=reinterpret pc=0x00000001154003d4 method=java.awt.Font.equals(Ljava/lang/Object;)Z @ 2
Event: 47.548 Thread 0x00007f81c70cf000 Uncommon trap: reason=class_check action=maybe_recompile pc=0x00000001150b43bc method=java.util.HashMap.putVal(ILjava/lang/Object;Ljava/lang/Object;ZZ)Ljava/lang/Object; @ 91
Event: 47.548 Thread 0x00007f81c70cf000 Uncommon trap: reason=class_check action=maybe_recompile pc=0x000000011509d7b8 method=java.util.HashMap.putVal(ILjava/lang/Object;Ljava/lang/Object;ZZ)Ljava/lang/Object; @ 91
Event: 47.549 Thread 0x00007f81c8ab3000 Uncommon trap: reason=unstable_if action=reinterpret pc=0x00000001156d6528 method=sun.java2d.pipe.Region.isEmpty()Z @ 19
Event: 47.558 Thread 0x00007f81c8b07800 Uncommon trap: reason=unstable_if action=reinterpret pc=0x00000001156e48d8 method=java.util.LinkedList$ListItr.<init>(Ljava/util/LinkedList;I)V @ 26
Event: 47.559 Thread 0x00007f81c8b07800 Uncommon trap: reason=unstable_if action=reinterpret pc=0x00000001156e4e04 method=java.util.LinkedList$ListItr.<init>(Ljava/util/LinkedList;I)V @ 26

Internal exceptions (10 events):
Event: 0.164 Thread 0x00007f81c7804800 Exception <a 'java/lang/NoSuchFieldError': method resolution failed> (0x00000007957959f8) thrown at [/Users/java_re/workspace/8-2-build-macosx-x86_64/jdk8u144/9417/hotspot/src/share/vm/prims/methodHandles.cpp, line 1146]
Event: 0.355 Thread 0x00007f81c7804800 Exception <a 'java/io/FileNotFoundException'> (0x0000000795810ec0) thrown at [/Users/java_re/workspace/8-2-build-macosx-x86_64/jdk8u144/9417/hotspot/src/share/vm/prims/jni.cpp, line 709]
Event: 0.356 Thread 0x00007f81c7804800 Exception <a 'java/io/FileNotFoundException'> (0x0000000795811a28) thrown at [/Users/java_re/workspace/8-2-build-macosx-x86_64/jdk8u144/9417/hotspot/src/share/vm/prims/jni.cpp, line 709]
Event: 0.450 Thread 0x00007f81c7804800 Exception <a 'java/io/FileNotFoundException'> (0x0000000795958490) thrown at [/Users/java_re/workspace/8-2-build-macosx-x86_64/jdk8u144/9417/hotspot/src/share/vm/prims/jni.cpp, line 709]
Event: 2.836 Thread 0x00007f81c7804800 Exception <a 'java/lang/UnsatisfiedLinkError': com.jogamp.common.util.JarUtil.fixNativeLibAttribs(Ljava/lang/String;)Z> (0x0000000796cfb710) thrown at [/Users/java_re/workspace/8-2-build-macosx-x86_64/jdk8u144/9417/hotspot/src/share/vm/prims/nativeLookup.
Event: 3.051 Thread 0x00007f81c7027800 Exception <a 'java/lang/NullPointerException'> (0x00000007956a1478) thrown at [/Users/java_re/workspace/8-2-build-macosx-x86_64/jdk8u144/9417/hotspot/src/share/vm/interpreter/linkResolver.cpp, line 1197]
Event: 3.724 Thread 0x00007f81c8b07800 Exception <a 'java/io/FileNotFoundException'> (0x000000079618b9e0) thrown at [/Users/java_re/workspace/8-2-build-macosx-x86_64/jdk8u144/9417/hotspot/src/share/vm/prims/jni.cpp, line 709]
Event: 3.724 Thread 0x00007f81c8b07800 Exception <a 'java/io/FileNotFoundException'> (0x0000000796195308) thrown at [/Users/java_re/workspace/8-2-build-macosx-x86_64/jdk8u144/9417/hotspot/src/share/vm/prims/jni.cpp, line 709]
Event: 3.724 Thread 0x00007f81c8b07800 Implicit null exception at 0x0000000114dafe36 to 0x0000000114db01f9
Event: 4.074 Thread 0x00007f81c8b07800 Implicit null exception at 0x0000000114fb83c6 to 0x0000000114fb860d

Events (10 events):
Event: 47.558 Executing VM operation: Deoptimize
Event: 47.559 Executing VM operation: Deoptimize done
Event: 47.559 loading class java/awt/Toolkit$ToolkitEventMulticaster
Event: 47.559 loading class java/awt/Toolkit$ToolkitEventMulticaster done
Event: 47.559 Thread 0x00007f81c8b07800 Uncommon trap: trap_request=0xffffff65 fr.pc=0x00000001156e4e04
Event: 47.559 Thread 0x00007f81c8b07800 DEOPT PACKING pc=0x00000001156e4e04 sp=0x000070000ae34950
Event: 47.559 Thread 0x00007f81c8b07800 DEOPT UNPACKING pc=0x0000000114bdf229 sp=0x000070000ae348a8 mode 2
Event: 47.559 Thread 0x00007f81c70cf000 Thread exited: 0x00007f81c70cf000
Event: 47.560 loading class java/awt/Window$1DisposeAction
Event: 47.560 loading class java/awt/Window$1DisposeAction done


Dynamic libraries:
0x0000000006b60000 	/System/Library/Frameworks/Cocoa.framework/Versions/A/Cocoa
0x0000000006b60000 	/System/Library/Frameworks/Security.framework/Versions/A/Security
0x0000000006b60000 	/System/Library/Frameworks/ApplicationServices.framework/Versions/A/ApplicationServices
0x0000000006b60000 	/usr/lib/libz.1.dylib
0x0000000006b60000 	/usr/lib/libSystem.B.dylib
0x0000000006b60000 	/usr/lib/libobjc.A.dylib
0x0000000006b60000 	/System/Library/Frameworks/CoreFoundation.framework/Versions/A/CoreFoundation
0x0000000006b60000 	/System/Library/Frameworks/Foundation.framework/Versions/C/Foundation
0x0000000006b60000 	/System/Library/Frameworks/AppKit.framework/Versions/C/AppKit
0x0000000006b60000 	/System/Library/Frameworks/CoreData.framework/Versions/A/CoreData
0x0000000006b60000 	/System/Library/PrivateFrameworks/RemoteViewServices.framework/Versions/A/RemoteViewServices
0x0000000006b60000 	/System/Library/PrivateFrameworks/UIFoundation.framework/Versions/A/UIFoundation
0x0000000006b60000 	/System/Library/PrivateFrameworks/DFRFoundation.framework/Versions/A/DFRFoundation
0x0000000006b60000 	/usr/lib/libenergytrace.dylib
0x0000000006b60000 	/System/Library/PrivateFrameworks/SkyLight.framework/Versions/A/SkyLight
0x0000000006b60000 	/System/Library/Frameworks/CoreGraphics.framework/Versions/A/CoreGraphics
0x0000000006b60000 	/usr/lib/libScreenReader.dylib
0x0000000006b60000 	/System/Library/Frameworks/Accelerate.framework/Versions/A/Accelerate
0x0000000006b60000 	/System/Library/Frameworks/IOSurface.framework/Versions/A/IOSurface
0x0000000006b60000 	/System/Library/Frameworks/AudioToolbox.framework/Versions/A/AudioToolbox
0x0000000006b60000 	/System/Library/Frameworks/AudioUnit.framework/Versions/A/AudioUnit
0x0000000006b60000 	/System/Library/PrivateFrameworks/DataDetectorsCore.framework/Versions/A/DataDetectorsCore
0x0000000006b60000 	/System/Library/PrivateFrameworks/DesktopServicesPriv.framework/Versions/A/DesktopServicesPriv
0x0000000006b60000 	/System/Library/Frameworks/Carbon.framework/Versions/A/Frameworks/HIToolbox.framework/Versions/A/HIToolbox
0x0000000006b60000 	/usr/lib/libicucore.A.dylib
0x0000000006b60000 	/System/Library/Frameworks/QuartzCore.framework/Versions/A/QuartzCore
0x0000000006b60000 	/System/Library/Frameworks/Carbon.framework/Versions/A/Frameworks/SpeechRecognition.framework/Versions/A/SpeechRecognition
0x0000000006b60000 	/usr/lib/libauto.dylib
0x0000000006b60000 	/usr/lib/libxml2.2.dylib
0x0000000006b60000 	/System/Library/PrivateFrameworks/CoreUI.framework/Versions/A/CoreUI
0x0000000006b60000 	/System/Library/Frameworks/CoreAudio.framework/Versions/A/CoreAudio
0x0000000006b60000 	/System/Library/Frameworks/DiskArbitration.framework/Versions/A/DiskArbitration
0x0000000006b60000 	/usr/lib/liblangid.dylib
0x0000000006b60000 	/System/Library/PrivateFrameworks/MultitouchSupport.framework/Versions/A/MultitouchSupport
0x0000000006b60000 	/System/Library/Frameworks/IOKit.framework/Versions/A/IOKit
0x0000000006b60000 	/usr/lib/libDiagnosticMessagesClient.dylib
0x0000000006b60000 	/System/Library/Frameworks/CoreServices.framework/Versions/A/CoreServices
0x0000000006b60000 	/System/Library/PrivateFrameworks/PerformanceAnalysis.framework/Versions/A/PerformanceAnalysis
0x0000000006b60000 	/System/Library/PrivateFrameworks/GenerationalStorage.framework/Versions/A/GenerationalStorage
0x0000000006b60000 	/System/Library/Frameworks/OpenGL.framework/Versions/A/OpenGL
0x0000000006b60000 	/System/Library/Frameworks/CoreImage.framework/Versions/A/CoreImage
0x0000000006b60000 	/System/Library/Frameworks/CoreText.framework/Versions/A/CoreText
0x0000000006b60000 	/System/Library/Frameworks/ImageIO.framework/Versions/A/ImageIO
0x0000000006b60000 	/System/Library/PrivateFrameworks/Backup.framework/Versions/A/Backup
0x0000000006b60000 	/usr/lib/libarchive.2.dylib
0x0000000006b60000 	/System/Library/Frameworks/CFNetwork.framework/Versions/A/CFNetwork
0x0000000006b60000 	/System/Library/Frameworks/SystemConfiguration.framework/Versions/A/SystemConfiguration
0x0000000006b60000 	/usr/lib/libCRFSuite.dylib
0x0000000006b60000 	/usr/lib/libc++.1.dylib
0x0000000006b60000 	/usr/lib/libc++abi.dylib
0x0000000006b60000 	/usr/lib/system/libcache.dylib
0x0000000006b60000 	/usr/lib/system/libcommonCrypto.dylib
0x0000000006b60000 	/usr/lib/system/libcompiler_rt.dylib
0x0000000006b60000 	/usr/lib/system/libcopyfile.dylib
0x0000000006b60000 	/usr/lib/system/libcorecrypto.dylib
0x0000000006b60000 	/usr/lib/system/libdispatch.dylib
0x0000000006b60000 	/usr/lib/system/libdyld.dylib
0x0000000006b60000 	/usr/lib/system/libkeymgr.dylib
0x0000000006b60000 	/usr/lib/system/liblaunch.dylib
0x0000000006b60000 	/usr/lib/system/libmacho.dylib
0x0000000006b60000 	/usr/lib/system/libquarantine.dylib
0x0000000006b60000 	/usr/lib/system/libremovefile.dylib
0x0000000006b60000 	/usr/lib/system/libsystem_asl.dylib
0x0000000006b60000 	/usr/lib/system/libsystem_blocks.dylib
0x0000000006b60000 	/usr/lib/system/libsystem_c.dylib
0x0000000006b60000 	/usr/lib/system/libsystem_configuration.dylib
0x0000000006b60000 	/usr/lib/system/libsystem_coreservices.dylib
0x0000000006b60000 	/usr/lib/system/libsystem_coretls.dylib
0x0000000006b60000 	/usr/lib/system/libsystem_dnssd.dylib
0x0000000006b60000 	/usr/lib/system/libsystem_info.dylib
0x0000000006b60000 	/usr/lib/system/libsystem_kernel.dylib
0x0000000006b60000 	/usr/lib/system/libsystem_m.dylib
0x0000000006b60000 	/usr/lib/system/libsystem_malloc.dylib
0x0000000006b60000 	/usr/lib/system/libsystem_network.dylib
0x0000000006b60000 	/usr/lib/system/libsystem_networkextension.dylib
0x0000000006b60000 	/usr/lib/system/libsystem_notify.dylib
0x0000000006b60000 	/usr/lib/system/libsystem_platform.dylib
0x0000000006b60000 	/usr/lib/system/libsystem_pthread.dylib
0x0000000006b60000 	/usr/lib/system/libsystem_sandbox.dylib
0x0000000006b60000 	/usr/lib/system/libsystem_secinit.dylib
0x0000000006b60000 	/usr/lib/system/libsystem_symptoms.dylib
0x0000000006b60000 	/usr/lib/system/libsystem_trace.dylib
0x0000000006b60000 	/usr/lib/system/libunwind.dylib
0x0000000006b60000 	/usr/lib/system/libxpc.dylib
0x0000000006b60000 	/usr/lib/libbsm.0.dylib
0x0000000006b60000 	/usr/lib/system/libkxld.dylib
0x0000000006b60000 	/usr/lib/libcoretls.dylib
0x0000000006b60000 	/usr/lib/libcoretls_cfhelpers.dylib
0x0000000006b60000 	/usr/lib/libOpenScriptingUtil.dylib
0x0000000006b60000 	/usr/lib/libpam.2.dylib
0x0000000006b60000 	/usr/lib/libsqlite3.dylib
0x0000000006b60000 	/usr/lib/libxar.1.dylib
0x0000000006b60000 	/usr/lib/libbz2.1.0.dylib
0x0000000006b60000 	/usr/lib/liblzma.5.dylib
0x0000000006b60000 	/usr/lib/libnetwork.dylib
0x0000000006b60000 	/usr/lib/libpcap.A.dylib
0x0000000006b60000 	/System/Library/Frameworks/CoreServices.framework/Versions/A/Frameworks/FSEvents.framework/Versions/A/FSEvents
0x0000000006b60000 	/System/Library/Frameworks/CoreServices.framework/Versions/A/Frameworks/CarbonCore.framework/Versions/A/CarbonCore
0x0000000006b60000 	/System/Library/Frameworks/CoreServices.framework/Versions/A/Frameworks/Metadata.framework/Versions/A/Metadata
0x0000000006b60000 	/System/Library/Frameworks/CoreServices.framework/Versions/A/Frameworks/OSServices.framework/Versions/A/OSServices
0x0000000006b60000 	/System/Library/Frameworks/CoreServices.framework/Versions/A/Frameworks/SearchKit.framework/Versions/A/SearchKit
0x0000000006b60000 	/System/Library/Frameworks/CoreServices.framework/Versions/A/Frameworks/AE.framework/Versions/A/AE
0x0000000006b60000 	/System/Library/Frameworks/CoreServices.framework/Versions/A/Frameworks/LaunchServices.framework/Versions/A/LaunchServices
0x0000000006b60000 	/System/Library/Frameworks/CoreServices.framework/Versions/A/Frameworks/DictionaryServices.framework/Versions/A/DictionaryServices
0x0000000006b60000 	/System/Library/Frameworks/CoreServices.framework/Versions/A/Frameworks/SharedFileList.framework/Versions/A/SharedFileList
0x0000000006b60000 	/System/Library/Frameworks/NetFS.framework/Versions/A/NetFS
0x0000000006b60000 	/System/Library/PrivateFrameworks/NetAuth.framework/Versions/A/NetAuth
0x0000000006b60000 	/System/Library/PrivateFrameworks/login.framework/Versions/A/Frameworks/loginsupport.framework/Versions/A/loginsupport
0x0000000006b60000 	/System/Library/PrivateFrameworks/TCC.framework/Versions/A/TCC
0x0000000006b60000 	/usr/lib/libmecabra.dylib
0x0000000006b60000 	/System/Library/Frameworks/ApplicationServices.framework/Versions/A/Frameworks/ATS.framework/Versions/A/ATS
0x0000000006b60000 	/System/Library/Frameworks/ApplicationServices.framework/Versions/A/Frameworks/ColorSync.framework/Versions/A/ColorSync
0x0000000006b60000 	/System/Library/Frameworks/ApplicationServices.framework/Versions/A/Frameworks/HIServices.framework/Versions/A/HIServices
0x0000000006b60000 	/System/Library/Frameworks/ApplicationServices.framework/Versions/A/Frameworks/LangAnalysis.framework/Versions/A/LangAnalysis
0x0000000006b60000 	/System/Library/Frameworks/ApplicationServices.framework/Versions/A/Frameworks/PrintCore.framework/Versions/A/PrintCore
0x0000000006b60000 	/System/Library/Frameworks/ApplicationServices.framework/Versions/A/Frameworks/QD.framework/Versions/A/QD
0x0000000006b60000 	/System/Library/Frameworks/ApplicationServices.framework/Versions/A/Frameworks/SpeechSynthesis.framework/Versions/A/SpeechSynthesis
0x0000000006b60000 	/System/Library/Frameworks/Accelerate.framework/Versions/A/Frameworks/vImage.framework/Versions/A/vImage
0x0000000006b60000 	/System/Library/Frameworks/Accelerate.framework/Versions/A/Frameworks/vecLib.framework/Versions/A/vecLib
0x0000000006b60000 	/System/Library/Frameworks/Accelerate.framework/Versions/A/Frameworks/vecLib.framework/Versions/A/libvDSP.dylib
0x0000000006b60000 	/System/Library/Frameworks/Accelerate.framework/Versions/A/Frameworks/vecLib.framework/Versions/A/libBNNS.dylib
0x0000000006b60000 	/System/Library/Frameworks/Accelerate.framework/Versions/A/Frameworks/vecLib.framework/Versions/A/libQuadrature.dylib
0x0000000006b60000 	/System/Library/Frameworks/Accelerate.framework/Versions/A/Frameworks/vecLib.framework/Versions/A/libvMisc.dylib
0x0000000006b60000 	/System/Library/Frameworks/Accelerate.framework/Versions/A/Frameworks/vecLib.framework/Versions/A/libLAPACK.dylib
0x0000000006b60000 	/System/Library/Frameworks/Accelerate.framework/Versions/A/Frameworks/vecLib.framework/Versions/A/libBLAS.dylib
0x0000000006b60000 	/System/Library/Frameworks/Accelerate.framework/Versions/A/Frameworks/vecLib.framework/Versions/A/libLinearAlgebra.dylib
0x0000000006b60000 	/System/Library/Frameworks/Accelerate.framework/Versions/A/Frameworks/vecLib.framework/Versions/A/libSparseBLAS.dylib
0x0000000006b60000 	/System/Library/Frameworks/ApplicationServices.framework/Versions/A/Frameworks/ATS.framework/Versions/A/Resources/libFontParser.dylib
0x0000000006b60000 	/System/Library/Frameworks/ApplicationServices.framework/Versions/A/Frameworks/ATS.framework/Versions/A/Resources/libFontRegistry.dylib
0x0000000006b60000 	/System/Library/Frameworks/ImageIO.framework/Versions/A/Resources/libJPEG.dylib
0x0000000006b60000 	/System/Library/Frameworks/ImageIO.framework/Versions/A/Resources/libTIFF.dylib
0x0000000006b60000 	/System/Library/Frameworks/ImageIO.framework/Versions/A/Resources/libPng.dylib
0x0000000006b60000 	/System/Library/Frameworks/ImageIO.framework/Versions/A/Resources/libGIF.dylib
0x0000000006b60000 	/System/Library/Frameworks/ImageIO.framework/Versions/A/Resources/libJP2.dylib
0x0000000006b60000 	/System/Library/Frameworks/ImageIO.framework/Versions/A/Resources/libRadiance.dylib
0x0000000006b60000 	/usr/lib/libcompression.dylib
0x0000000006b60000 	/System/Library/PrivateFrameworks/AppleJPEG.framework/Versions/A/AppleJPEG
0x0000000006b60000 	/usr/lib/libcups.2.dylib
0x0000000006b60000 	/System/Library/Frameworks/Kerberos.framework/Versions/A/Kerberos
0x0000000006b60000 	/System/Library/Frameworks/GSS.framework/Versions/A/GSS
0x0000000006b60000 	/usr/lib/libresolv.9.dylib
0x0000000006b60000 	/usr/lib/libiconv.2.dylib
0x0000000006b60000 	/System/Library/PrivateFrameworks/Heimdal.framework/Versions/A/Heimdal
0x0000000006b60000 	/usr/lib/libheimdal-asn1.dylib
0x0000000006b60000 	/System/Library/Frameworks/OpenDirectory.framework/Versions/A/OpenDirectory
0x0000000006b60000 	/System/Library/PrivateFrameworks/CommonAuth.framework/Versions/A/CommonAuth
0x0000000006b60000 	/System/Library/Frameworks/OpenDirectory.framework/Versions/A/Frameworks/CFOpenDirectory.framework/Versions/A/CFOpenDirectory
0x0000000006b60000 	/System/Library/Frameworks/SecurityFoundation.framework/Versions/A/SecurityFoundation
0x0000000006b60000 	/System/Library/PrivateFrameworks/LanguageModeling.framework/Versions/A/LanguageModeling
0x0000000006b60000 	/usr/lib/libmarisa.dylib
0x0000000006b60000 	/usr/lib/libChineseTokenizer.dylib
0x0000000006b60000 	/usr/lib/libcmph.dylib
0x0000000006b60000 	/System/Library/PrivateFrameworks/CoreEmoji.framework/Versions/A/CoreEmoji
0x0000000006b60000 	/System/Library/Frameworks/ServiceManagement.framework/Versions/A/ServiceManagement
0x0000000006b60000 	/usr/lib/libxslt.1.dylib
0x0000000006b60000 	/System/Library/Frameworks/Carbon.framework/Versions/A/Frameworks/Ink.framework/Versions/A/Ink
0x0000000006b60000 	/System/Library/PrivateFrameworks/TextureIO.framework/Versions/A/TextureIO
0x0000000006b60000 	/System/Library/Frameworks/Metal.framework/Versions/A/Metal
0x0000000006b60000 	/usr/lib/libate.dylib
0x0000000006b60000 	/System/Library/PrivateFrameworks/GPUCompiler.framework/libmetal_timestamp.dylib
0x0000000006b60000 	/System/Library/Frameworks/OpenGL.framework/Versions/A/Libraries/libCoreFSCache.dylib
0x0000000006b60000 	/System/Library/PrivateFrameworks/IOAccelerator.framework/Versions/A/IOAccelerator
0x0000000006b60000 	/System/Library/Frameworks/CoreVideo.framework/Versions/A/CoreVideo
0x0000000006b60000 	/usr/lib/libFosl_dynamic.dylib
0x0000000006b60000 	/System/Library/PrivateFrameworks/MetalPerformanceShaders.framework/Versions/A/MetalPerformanceShaders
0x0000000006b60000 	/System/Library/PrivateFrameworks/FaceCore.framework/Versions/A/FaceCore
0x0000000006b60000 	/System/Library/Frameworks/OpenCL.framework/Versions/A/OpenCL
0x0000000006b60000 	/System/Library/Frameworks/OpenGL.framework/Versions/A/Libraries/libGLU.dylib
0x0000000006b60000 	/System/Library/Frameworks/OpenGL.framework/Versions/A/Libraries/libGFXShared.dylib
0x0000000006b60000 	/System/Library/Frameworks/OpenGL.framework/Versions/A/Libraries/libGL.dylib
0x0000000006b60000 	/System/Library/Frameworks/OpenGL.framework/Versions/A/Libraries/libGLImage.dylib
0x0000000006b60000 	/System/Library/Frameworks/OpenGL.framework/Versions/A/Libraries/libCVMSPluginSupport.dylib
0x0000000006b60000 	/System/Library/Frameworks/OpenGL.framework/Versions/A/Libraries/libCoreVMClient.dylib
0x0000000006b60000 	/System/Library/PrivateFrameworks/CrashReporterSupport.framework/Versions/A/CrashReporterSupport
0x0000000006b60000 	/System/Library/PrivateFrameworks/Sharing.framework/Versions/A/Sharing
0x0000000006b60000 	/System/Library/PrivateFrameworks/IconServices.framework/Versions/A/IconServices
0x0000000006b60000 	/System/Library/PrivateFrameworks/ProtocolBuffer.framework/Versions/A/ProtocolBuffer
0x0000000006b60000 	/System/Library/PrivateFrameworks/Apple80211.framework/Versions/A/Apple80211
0x0000000006b60000 	/System/Library/Frameworks/CoreWLAN.framework/Versions/A/CoreWLAN
0x0000000006b60000 	/System/Library/PrivateFrameworks/CoreUtils.framework/Versions/A/CoreUtils
0x0000000006b60000 	/System/Library/Frameworks/IOBluetooth.framework/Versions/A/IOBluetooth
0x0000000006b60000 	/System/Library/PrivateFrameworks/CoreWiFi.framework/Versions/A/CoreWiFi
0x0000000006b60000 	/System/Library/Frameworks/CoreBluetooth.framework/Versions/A/CoreBluetooth
0x0000000006b60000 	/System/Library/Frameworks/CoreDisplay.framework/Versions/A/CoreDisplay
0x0000000006b60000 	/System/Library/PrivateFrameworks/IOPresentment.framework/Versions/A/IOPresentment
0x0000000006b60000 	/System/Library/PrivateFrameworks/DSExternalDisplay.framework/Versions/A/DSExternalDisplay
0x0000000006b60000 	/System/Library/PrivateFrameworks/DebugSymbols.framework/Versions/A/DebugSymbols
0x0000000006b60000 	/System/Library/PrivateFrameworks/CoreSymbolication.framework/Versions/A/CoreSymbolication
0x0000000006b60000 	/System/Library/PrivateFrameworks/Symbolication.framework/Versions/A/Symbolication
0x0000000006b60000 	/System/Library/PrivateFrameworks/AppleFSCompression.framework/Versions/A/AppleFSCompression
0x0000000006b60000 	/System/Library/PrivateFrameworks/SpeechRecognitionCore.framework/Versions/A/SpeechRecognitionCore
0x0000000006b60000 	/System/Library/PrivateFrameworks/ChunkingLibrary.framework/Versions/A/ChunkingLibrary
0x000000010aa00000 	/Library/Java/JavaVirtualMachines/jdk1.8.0_144.jdk/Contents/Home/jre/lib/server/libjvm.dylib
0x0000000006b60000 	/usr/lib/libstdc++.6.dylib
0x000000010a08d000 	/Library/Java/JavaVirtualMachines/jdk1.8.0_144.jdk/Contents/Home/jre/lib/libverify.dylib
0x000000010a09b000 	/Library/Java/JavaVirtualMachines/jdk1.8.0_144.jdk/Contents/Home/jre/lib/libjava.dylib
0x000000010a0da000 	/Library/Java/JavaVirtualMachines/jdk1.8.0_144.jdk/Contents/Home/jre/lib/libzip.dylib
0x00000001121ef000 	/System/Library/Frameworks/JavaVM.framework/Frameworks/JavaRuntimeSupport.framework/JavaRuntimeSupport
0x0000000112209000 	/System/Library/Frameworks/JavaVM.framework/Versions/A/Frameworks/JavaNativeFoundation.framework/Versions/A/JavaNativeFoundation
0x000000011221e000 	/System/Library/Frameworks/JavaVM.framework/Versions/A/JavaVM
0x0000000006b60000 	/System/Library/Frameworks/Carbon.framework/Versions/A/Carbon
0x000000011222b000 	/System/Library/PrivateFrameworks/JavaLaunching.framework/Versions/A/JavaLaunching
0x0000000006b60000 	/System/Library/Frameworks/Carbon.framework/Versions/A/Frameworks/CommonPanels.framework/Versions/A/CommonPanels
0x0000000006b60000 	/System/Library/Frameworks/Carbon.framework/Versions/A/Frameworks/Help.framework/Versions/A/Help
0x0000000006b60000 	/System/Library/Frameworks/Carbon.framework/Versions/A/Frameworks/ImageCapture.framework/Versions/A/ImageCapture
0x0000000006b60000 	/System/Library/Frameworks/Carbon.framework/Versions/A/Frameworks/OpenScripting.framework/Versions/A/OpenScripting
0x0000000006b60000 	/System/Library/Frameworks/Carbon.framework/Versions/A/Frameworks/Print.framework/Versions/A/Print
0x0000000006b60000 	/System/Library/Frameworks/Carbon.framework/Versions/A/Frameworks/SecurityHI.framework/Versions/A/SecurityHI
0x0000000113b3a000 	/Library/Java/JavaVirtualMachines/jdk1.8.0_144.jdk/Contents/Home/jre/lib/libawt.dylib
0x0000000113be2000 	/Library/Java/JavaVirtualMachines/jdk1.8.0_144.jdk/Contents/Home/jre/lib/./libmlib_image.dylib
0x0000000113cae000 	/Library/Java/JavaVirtualMachines/jdk1.8.0_144.jdk/Contents/Home/jre/lib/libawt_lwawt.dylib
0x0000000113d65000 	/Library/Java/JavaVirtualMachines/jdk1.8.0_144.jdk/Contents/Home/jre/lib/./libosxapp.dylib
0x0000000006b60000 	/System/Library/Frameworks/ExceptionHandling.framework/Versions/A/ExceptionHandling
0x0000000006b60000 	/System/Library/PrivateFrameworks/CoreServicesInternal.framework/Versions/A/CoreServicesInternal
0x0000000006b60000 	/System/Library/CoreServices/RawCamera.bundle/Contents/MacOS/RawCamera
0x0000000006b60000 	/System/Library/Frameworks/Accelerate.framework/Versions/A/Frameworks/vImage.framework/Versions/A/Libraries/libCGInterfaces.dylib
0x0000000006b60000 	/System/Library/Frameworks/ApplicationServices.framework/Versions/A/Frameworks/ATS.framework/Versions/A/Resources/libTrueTypeScaler.dylib
0x0000000124fd9000 	/System/Library/Frameworks/OpenGL.framework/Resources/GLEngine.bundle/GLEngine
0x0000000006b60000 	/System/Library/Frameworks/OpenGL.framework/Versions/A/Libraries/libGLProgrammability.dylib
0x00000001251be000 	/System/Library/Extensions/AppleIntelBDWGraphicsGLDriver.bundle/Contents/MacOS/AppleIntelBDWGraphicsGLDriver
0x0000000006b60000 	/System/Library/PrivateFrameworks/GPUSupport.framework/Versions/A/Libraries/libGPUSupportMercury.dylib
0x0000000114a96000 	/System/Library/Frameworks/OpenGL.framework/Resources//GLRendererFloat.bundle/GLRendererFloat
0x0000000006b60000 	/System/Library/Frameworks/OpenCL.framework/Versions/A/Libraries/libcldcpuengine.dylib
0x0000000006b60000 	/usr/lib/libcrypto.0.9.8.dylib
0x0000000006b60000 	/System/Library/PrivateFrameworks/TrustEvaluationAgent.framework/Versions/A/TrustEvaluationAgent
0x0000000125928000 	/System/Library/Extensions/AppleIntelBDWGraphicsMTLDriver.bundle/Contents/MacOS/AppleIntelBDWGraphicsMTLDriver
0x0000000006b60000 	/System/Library/PrivateFrameworks/FamilyControls.framework/Versions/A/FamilyControls
0x0000000006b60000 	/System/Library/PrivateFrameworks/CommerceKit.framework/Versions/A/Frameworks/CommerceCore.framework/Versions/A/CommerceCore
0x0000000006b60000 	/System/Library/PrivateFrameworks/SystemAdministration.framework/Versions/A/SystemAdministration
0x0000000006b60000 	/System/Library/PrivateFrameworks/AppContainer.framework/Versions/A/AppContainer
0x0000000006b60000 	/System/Library/PrivateFrameworks/SecCodeWrapper.framework/Versions/A/SecCodeWrapper
0x0000000006b60000 	/System/Library/Frameworks/DirectoryService.framework/Versions/A/DirectoryService
0x0000000006b60000 	/System/Library/PrivateFrameworks/DiskImages.framework/Versions/A/DiskImages
0x0000000006b60000 	/System/Library/PrivateFrameworks/LoginUIKit.framework/Versions/A/Frameworks/LoginUICore.framework/Versions/A/LoginUICore
0x0000000006b60000 	/usr/lib/libCoreStorage.dylib
0x0000000006b60000 	/usr/lib/libcsfde.dylib
0x0000000006b60000 	/usr/lib/libodfde.dylib
0x0000000006b60000 	/System/Library/Frameworks/DiscRecording.framework/Versions/A/DiscRecording
0x0000000006b60000 	/usr/lib/libcurl.4.dylib
0x0000000006b60000 	/System/Library/PrivateFrameworks/MediaKit.framework/Versions/A/MediaKit
0x0000000006b60000 	/System/Library/PrivateFrameworks/ProtectedCloudStorage.framework/Versions/A/ProtectedCloudStorage
0x0000000006b60000 	/System/Library/PrivateFrameworks/EFILogin.framework/Versions/A/EFILogin
0x0000000006b60000 	/usr/lib/libutil.dylib
0x0000000006b60000 	/System/Library/Frameworks/LDAP.framework/Versions/A/LDAP
0x0000000006b60000 	/usr/lib/libsasl2.2.dylib
0x0000000006b60000 	/System/Library/PrivateFrameworks/CoreDaemon.framework/Versions/B/CoreDaemon
0x0000000006b60000 	/System/Library/PrivateFrameworks/AppleSRP.framework/Versions/A/AppleSRP
0x0000000006b60000 	/System/Library/PrivateFrameworks/APFS.framework/Versions/A/APFS
0x000000012781f000 	/Library/Java/JavaVirtualMachines/jdk1.8.0_144.jdk/Contents/Home/jre/lib/libfontmanager.dylib
0x0000000128cb5000 	/Library/Java/JavaVirtualMachines/jdk1.8.0_144.jdk/Contents/Home/jre/lib/libosxui.dylib
0x0000000006b60000 	/System/Library/PrivateFrameworks/ViewBridge.framework/Versions/A/ViewBridge
0x0000000006b60000 	/System/Library/PrivateFrameworks/XPCService.framework/Versions/A/XPCService
0x0000000006b60000 	/System/Library/PrivateFrameworks/AppSandbox.framework/Versions/A/AppSandbox
0x0000000006b60000 	/usr/lib/libsandbox.1.dylib
0x0000000006b60000 	/usr/lib/libMatch.1.dylib
0x0000000129868000 	/Library/Java/JavaVirtualMachines/jdk1.8.0_144.jdk/Contents/Home/jre/lib/libnet.dylib
0x000000012987f000 	/Library/Java/JavaVirtualMachines/jdk1.8.0_144.jdk/Contents/Home/jre/lib/libnio.dylib
0x00000001288e0000 	/private/var/folders/4g/xxzpq2px2tg5jwrm0_jx44dc0000gn/T/jogamp_0000/file_cache/jln3721632841504247343/jln2305712752882380309/libgluegen-rt.jnilib
0x000000012895a000 	/private/var/folders/4g/xxzpq2px2tg5jwrm0_jx44dc0000gn/T/jogamp_0000/file_cache/jln3721632841504247343/jln2305712752882380309/libnativewindow_awt.jnilib
0x00000001289a8000 	/Library/Java/JavaVirtualMachines/jdk1.8.0_144.jdk/Contents/Home/jre/lib/libjawt.dylib
0x0000000194b97000 	/private/var/folders/4g/xxzpq2px2tg5jwrm0_jx44dc0000gn/T/jogamp_0000/file_cache/jln3721632841504247343/jln2305712752882380309/libnativewindow_macosx.jnilib
0x0000000194bd4000 	/private/var/folders/4g/xxzpq2px2tg5jwrm0_jx44dc0000gn/T/jogamp_0000/file_cache/jln3721632841504247343/jln2305712752882380309/libjogl_desktop.jnilib
0x000000019b0e7000 	/Library/Java/JavaVirtualMachines/jdk1.8.0_144.jdk/Contents/Home/jre/lib/libsunec.dylib
0x0000000194ba1000 	/Library/Java/JavaVirtualMachines/jdk1.8.0_144.jdk/Contents/Home/jre/lib/libjpeg.dylib
0x0000000199f85000 	/Library/Java/JavaVirtualMachines/jdk1.8.0_144.jdk/Contents/Home/jre/lib/libt2k.dylib

VM Arguments:
jvm_args: -Djava.security.policy=java.policy.applet -Dfile.encoding=UTF-8 
java_command: sun.applet.AppletViewer module5.EarthquakeCityMap1506373275635.html
java_class_path (initial): /Users/BeenWu/Library/Mobile Documents/com~apple~CloudDocs/Eclipse Project/UCSDUnfoldingMaps/build:/Users/BeenWu/Library/Mobile Documents/com~apple~CloudDocs/Eclipse Project/UCSDUnfoldingMaps/lib/core.jar:/Users/BeenWu/Library/Mobile Documents/com~apple~CloudDocs/Eclipse Project/UCSDUnfoldingMaps/lib/gluegen-rt.jar:/Users/BeenWu/Library/Mobile Documents/com~apple~CloudDocs/Eclipse Project/UCSDUnfoldingMaps/lib/jogl-all.jar:/Users/BeenWu/Library/Mobile Documents/com~apple~CloudDocs/Eclipse Project/UCSDUnfoldingMaps/lib/log4j-1.2.15.jar:/Users/BeenWu/Library/Mobile Documents/com~apple~CloudDocs/Eclipse Project/UCSDUnfoldingMaps/lib/sqlite-jdbc-3.7.2.jar:/Users/BeenWu/Library/Mobile Documents/com~apple~CloudDocs/Eclipse Project/UCSDUnfoldingMaps/lib/json4processing.jar:/Users/BeenWu/Library/Mobile Documents/com~apple~CloudDocs/Eclipse Project/UCSDUnfoldingMaps/lib/libTUIO.jar:/Users/BeenWu/Library/Mobile Documents/com~apple~CloudDocs/Eclipse Project/UCSDUnfoldingMaps/lib/unfolding.0.9.7-uscd.jar
Launcher Type: SUN_STANDARD

Environment Variables:
PATH=/usr/bin:/bin:/usr/sbin:/sbin
SHELL=/bin/zsh

Signal Handlers:
SIGSEGV: [libjvm.dylib+0x5b26e5], sa_mask[0]=11111111011111110111111111111111, sa_flags=SA_ONSTACK|SA_RESTART|SA_SIGINFO
SIGBUS: [libjvm.dylib+0x5b26e5], sa_mask[0]=11111111011111110111111111111111, sa_flags=SA_RESTART|SA_SIGINFO
SIGFPE: [libjvm.dylib+0x489100], sa_mask[0]=11111111011111110111111111111111, sa_flags=SA_RESTART|SA_SIGINFO
SIGPIPE: [libjvm.dylib+0x489100], sa_mask[0]=11111111011111110111111111111111, sa_flags=SA_RESTART|SA_SIGINFO
SIGXFSZ: [libjvm.dylib+0x489100], sa_mask[0]=11111111011111110111111111111111, sa_flags=SA_RESTART|SA_SIGINFO
SIGILL: [libjvm.dylib+0x489100], sa_mask[0]=11111111011111110111111111111111, sa_flags=SA_RESTART|SA_SIGINFO
SIGUSR1: SIG_DFL, sa_mask[0]=00000000000000000000000000000000, sa_flags=none
SIGUSR2: [libjvm.dylib+0x488c1e], sa_mask[0]=00100000000000000000000000000000, sa_flags=SA_RESTART|SA_SIGINFO
SIGHUP: [libjvm.dylib+0x4871f5], sa_mask[0]=11111111011111110111111111111111, sa_flags=SA_RESTART|SA_SIGINFO
SIGINT: [libjvm.dylib+0x4871f5], sa_mask[0]=11111111011111110111111111111111, sa_flags=SA_RESTART|SA_SIGINFO
SIGTERM: [libjvm.dylib+0x4871f5], sa_mask[0]=11111111011111110111111111111111, sa_flags=SA_RESTART|SA_SIGINFO
SIGQUIT: [libjvm.dylib+0x4871f5], sa_mask[0]=11111111011111110111111111111111, sa_flags=SA_RESTART|SA_SIGINFO


---------------  S Y S T E M  ---------------

OS:Bsduname:Darwin 16.7.0 Darwin Kernel Version 16.7.0: Thu Jun 15 17:36:27 PDT 2017; root:xnu-3789.70.16~2/RELEASE_X86_64 x86_64
rlimit: STACK 8192k, CORE 0k, NPROC 709, NOFILE 10240, AS infinity
load average:1.76 1.50 1.38

CPU:total 4 (initial active 4) (2 cores per cpu, 2 threads per core) family 6 model 61 stepping 4, cmov, cx8, fxsr, mmx, sse, sse2, sse3, ssse3, sse4.1, sse4.2, popcnt, avx, avx2, aes, clmul, erms, 3dnowpref, lzcnt, ht, tsc, tscinvbit, bmi1, bmi2, adx

Memory: 4k page, physical 8388608k(132776k free)

/proc/meminfo:


vm_info: Java HotSpot(TM) 64-Bit Server VM (25.144-b01) for bsd-amd64 JRE (1.8.0_144-b01), built on Jul 21 2017 22:07:42 by "java_re" with gcc 4.2.1 (Based on Apple Inc. build 5658) (LLVM build 2336.11.00)

time: Mon Sep 25 17:02:03 2017
elapsed time: 47 seconds (0d 0h 0m 47s)

