#
# A fatal error has been detected by the Java Runtime Environment:
#
#  SIGSEGV (0xb) at pc=0x00007fffd055405d, pid=2930, tid=0x0000000000000307
#
# JRE version: Java(TM) SE Runtime Environment (8.0_144-b01) (build 1.8.0_144-b01)
# Java VM: Java HotSpot(TM) 64-Bit Server VM (25.144-b01 mixed mode bsd-amd64 compressed oops)
# Problematic frame:
# C  [libobjc.A.dylib+0x705d]  objc_msgSend+0x1d
#
# Failed to write core dump. Core dumps have been disabled. To enable core dumping, try "ulimit -c unlimited" before starting Java again
#
# If you would like to submit a bug report, please visit:
#   http://bugreport.java.com/bugreport/crash.jsp
# The crash happened outside the Java Virtual Machine in native code.
# See problematic frame for where to report the bug.
#

---------------  T H R E A D  ---------------

Current thread (0x00007f8dec95b000):  JavaThread "AWT-AppKit" daemon [_thread_in_native, id=775, stack(0x00007fff51590000,0x00007fff51d90000)]

siginfo: si_signo: 11 (SIGSEGV), si_code: 1 (SEGV_MAPERR), si_addr: 0x0000000000000018

Registers:
RAX=0x00007f8df0859d30, RBX=0x000000019849d450, RCX=0x00007f8ded5001d0, RDX=0x0000000000000000
RSP=0x00007fff51d8b208, RBP=0x00007fff51d8b2c0, RSI=0x00007fffb9de0116, RDI=0x00007f8df0d6e2d0
R8 =0x0000000000000018, R9 =0x00007f8ded5000b0, R10=0x0000000000000000, R11=0x00007fffb9de0116
R12=0x0000000000000000, R13=0x0000000199cc44f0, R14=0x000000019849d440, R15=0x00007f8dec95b000
RIP=0x00007fffd055405d, EFLAGS=0x0000000000010246, ERR=0x0000000000000004
  TRAPNO=0x000000000000000e

Top of Stack: (sp=0x00007fff51d8b208)
0x00007fff51d8b208:   000000019849b157 00007fff51d8b260
0x00007fff51d8b218:   0000000000000003 00007fff51d8b240
0x00007fff51d8b228:   000000010f0ce68e 0000000199cc44f0
0x00007fff51d8b238:   0000000199cc44f0 00007f8df0859d30
0x00007fff51d8b248:   000000019849d6a0 000000019849d710
0x00007fff51d8b258:   00007fffd65b96d0 00007fffd71e91e0
0x00007fff51d8b268:   000000019849d450 000000019849d690
0x00007fff51d8b278:   00007f8df0859d30 00007f8df0d6e2d0
0x00007fff51d8b288:   00007f8dead74630 00007f8df0859d30
0x00007fff51d8b298:   00007f8df0d6e2d0 00007fff51d8b348
0x00007fff51d8b2a8:   00007f8dec95b1f8 0000000199cc44f0
0x00007fff51d8b2b8:   00007fff51d8b370 00007fff51d8b338
0x00007fff51d8b2c8:   000000010fe999f4 0000000199cc44f0
0x00007fff51d8b2d8:   00007fff51d8b370 00007fff51d8b338
0x00007fff51d8b2e8:   000000010fe99787 000000010fe99742
0x00007fff51d8b2f8:   00007fff51d8b2f8 0000000199cc44f0
0x00007fff51d8b308:   00007fff51d8b370 0000000199cc7128
0x00007fff51d8b318:   0000000000000000 0000000199cc44f0
0x00007fff51d8b328:   0000000000000000 00007fff51d8b358
0x00007fff51d8b338:   00007fff51d8b3b8 000000010fe8a2bd
0x00007fff51d8b348:   0000000740e64f80 000000010fe93538
0x00007fff51d8b358:   00007f8df0859d30 00007fff51d8b3b8
0x00007fff51d8b368:   00007f8df0d6e2d0 000000010fe94e02
0x00007fff51d8b378:   00007fff51d8b378 0000000199cc46ba
0x00007fff51d8b388:   00007fff51d8b3e0 0000000199cc7128
0x00007fff51d8b398:   0000000000000000 0000000199cc46c8
0x00007fff51d8b3a8:   00007fff51d8b358 00007fff51d8b3c8
0x00007fff51d8b3b8:   00007fff51d8b428 000000010fe8a2bd
0x00007fff51d8b3c8:   00007f8df0859d30 0000000740ba7100
0x00007fff51d8b3d8:   00007f8df0d6e2d0 0000000740ba7100
0x00007fff51d8b3e8:   00007fff51d8b3e8 000000019e63ccae
0x00007fff51d8b3f8:   00007fff51d8b438 000000019e63cd68 

Instructions: (pc=0x00007fffd055405d)
0x00007fffd055403d:   0f 1f 00 48 85 ff 2e 74 62 40 f6 c7 01 2e 75 66
0x00007fffd055404d:   49 ba f8 ff ff ff ff 7f 00 00 4c 23 17 49 89 f3
0x00007fffd055405d:   45 23 5a 18 49 c1 e3 04 4d 03 5a 10 49 3b 33 75
0x00007fffd055406d:   04 41 ff 63 08 49 83 3b 01 76 0d 49 83 c3 10 49 

Register to memory mapping:

RAX=0x00007f8df0859d30 is an unknown value
RBX=0x000000019849d450: Java_jogamp_nativewindow_macosx_OSXUtil_GetScreenRefreshRate0+0x1cf0 in /private/var/folders/4g/xxzpq2px2tg5jwrm0_jx44dc0000gn/T/jogamp_0000/file_cache/jln4413909140717950166/jln3386594615279991384/libnativewindow_macosx.jnilib at 0x0000000198496000
RCX=0x00007f8ded5001d0 is an unknown value
RDX=0x0000000000000000 is an unknown value
RSP=0x00007fff51d8b208 is pointing into the stack for thread: 0x00007f8dec95b000
RBP=0x00007fff51d8b2c0 is pointing into the stack for thread: 0x00007f8dec95b000
RSI=0x00007fffb9de0116: __NSStyleNameIndexTable+0x7fd5e in /System/Library/Frameworks/AppKit.framework/Versions/C/AppKit at 0x00007fffb9173000
RDI=0x00007f8df0d6e2d0 is an unknown value
R8 =0x0000000000000018 is an unknown value
R9 =0x00007f8ded5000b0 is an unknown value
R10=0x0000000000000000 is an unknown value
R11=0x00007fffb9de0116: __NSStyleNameIndexTable+0x7fd5e in /System/Library/Frameworks/AppKit.framework/Versions/C/AppKit at 0x00007fffb9173000
R12=0x0000000000000000 is an unknown value
R13={method} {0x0000000199cc44f0} 'UnsetJAWTRootSurfaceLayer0' '(JJ)V' in 'jogamp/nativewindow/jawt/macosx/MacOSXJAWTWindow'
R14=0x000000019849d440: Java_jogamp_nativewindow_macosx_OSXUtil_GetScreenRefreshRate0+0x1ce0 in /private/var/folders/4g/xxzpq2px2tg5jwrm0_jx44dc0000gn/T/jogamp_0000/file_cache/jln4413909140717950166/jln3386594615279991384/libnativewindow_macosx.jnilib at 0x0000000198496000
R15=0x00007f8dec95b000 is a thread


Stack: [0x00007fff51590000,0x00007fff51d90000],  sp=0x00007fff51d8b208,  free space=8172k
Native frames: (J=compiled Java code, j=interpreted, Vv=VM code, C=native code)
C  [libobjc.A.dylib+0x705d]  objc_msgSend+0x1d
j  jogamp.nativewindow.jawt.macosx.MacOSXJAWTWindow.UnsetJAWTRootSurfaceLayer0(JJ)V+0
j  jogamp.nativewindow.jawt.macosx.MacOSXJAWTWindow.access$200(JJ)V+2
j  jogamp.nativewindow.jawt.macosx.MacOSXJAWTWindow$1.run()V+38
J 2510 C1 com.jogamp.common.util.RunnableTask.run()V (345 bytes) @ 0x00000001106597f4 [0x0000000110659660+0x194]
v  ~StubRoutines::call_stub
V  [libjvm.dylib+0x2ee70a]  JavaCalls::call_helper(JavaValue*, methodHandle*, JavaCallArguments*, Thread*)+0x6ae
V  [libjvm.dylib+0x3258b9]  jni_invoke_nonstatic(JNIEnv_*, JavaValue*, _jobject*, JNICallType, _jmethodID*, JNI_ArgumentPusher*, Thread*)+0x2ec
V  [libjvm.dylib+0x318087]  jni_CallVoidMethod+0x16b
C  [libnativewindow_macosx.jnilib+0x5326]  Java_jogamp_nativewindow_jawt_macosx_MacOSXJAWTWindow_UnsetJAWTRootSurfaceLayer0+0x2b6
C  [Foundation+0x7152a]  __NSThreadPerformPerform+0x146
C  [CoreFoundation+0xa7321]  __CFRUNLOOP_IS_CALLING_OUT_TO_A_SOURCE0_PERFORM_FUNCTION__+0x11
C  [CoreFoundation+0x8821d]  __CFRunLoopDoSources0+0x22d
C  [CoreFoundation+0x87716]  __CFRunLoopRun+0x3a6
C  [CoreFoundation+0x87114]  CFRunLoopRunSpecific+0x1a4
C  [HIToolbox+0x30ebc]  RunCurrentEventLoopInMode+0xf0
C  [HIToolbox+0x30bf9]  ReceiveNextEventCommon+0xb8
C  [HIToolbox+0x30b26]  _BlockUntilNextEventMatchingListInModeWithFilter+0x47
C  [AppKit+0x46a54]  _DPSNextEvent+0x460
C  [AppKit+0x7c27ee]  -[NSApplication(NSEvent) _nextEventMatchingEventMask:untilDate:inMode:dequeue:]+0xaec
C  [libosxapp.dylib+0x23aa]  -[NSApplicationAWT nextEventMatchingMask:untilDate:inMode:dequeue:]+0x7c
C  [AppKit+0x3b3db]  -[NSApplication run]+0x39e
C  [libosxapp.dylib+0x214d]  +[NSApplicationAWT runAWTLoopWithApp:]+0x9c
C  [libawt_lwawt.dylib+0x45edf]  -[AWTStarter starter:]+0x389
C  [Foundation+0x7152a]  __NSThreadPerformPerform+0x146
C  [CoreFoundation+0xa7321]  __CFRUNLOOP_IS_CALLING_OUT_TO_A_SOURCE0_PERFORM_FUNCTION__+0x11
C  [CoreFoundation+0x8821d]  __CFRunLoopDoSources0+0x22d
C  [CoreFoundation+0x87716]  __CFRunLoopRun+0x3a6
C  [CoreFoundation+0x87114]  CFRunLoopRunSpecific+0x1a4
C  [java+0x6465]  CreateExecutionEnvironment+0x367
C  [java+0x218c]  JLI_Launch+0x7a0
C  [java+0x84c2]  main+0x65
C  [java+0x19e4]  start+0x34
C  0x0000000000000007

Java frames: (J=compiled Java code, j=interpreted, Vv=VM code)
j  jogamp.nativewindow.jawt.macosx.MacOSXJAWTWindow.UnsetJAWTRootSurfaceLayer0(JJ)V+0
j  jogamp.nativewindow.jawt.macosx.MacOSXJAWTWindow.access$200(JJ)V+2
j  jogamp.nativewindow.jawt.macosx.MacOSXJAWTWindow$1.run()V+38
J 2510 C1 com.jogamp.common.util.RunnableTask.run()V (345 bytes) @ 0x00000001106597f4 [0x0000000110659660+0x194]
v  ~StubRoutines::call_stub

---------------  P R O C E S S  ---------------

Java Threads: ( => current thread )
  0x00007f8debeb8000 JavaThread "Thread-19" [_thread_blocked, id=75063, stack(0x0000700009f11000,0x000070000a011000)]
  0x00007f8dec7ef000 JavaThread "Keep-Alive-Timer" daemon [_thread_blocked, id=74555, stack(0x000070000bc74000,0x000070000bd74000)]
  0x00007f8deb9bb800 JavaThread "AWT-EventQueue-1" [_thread_in_native, id=66983, stack(0x000070000b65f000,0x000070000b75f000)]
  0x00007f8dec003000 JavaThread "DestroyJavaVM" [_thread_blocked, id=7171, stack(0x000070000a017000,0x000070000a117000)]
  0x00007f8deba41800 JavaThread "AWT-EventQueue-0" [_thread_blocked, id=65543, stack(0x000070000b459000,0x000070000b559000)]
  0x00007f8dec1b3800 JavaThread "Java2D Disposer" daemon [_thread_blocked, id=57615, stack(0x000070000b1d0000,0x000070000b2d0000)]
  0x00007f8deb9a5800 JavaThread "Java2D Queue Flusher" daemon [_thread_blocked, id=55559, stack(0x000070000b0cd000,0x000070000b1cd000)]
  0x00007f8deb968800 JavaThread "AWT-Shutdown" [_thread_blocked, id=30495, stack(0x000070000aec4000,0x000070000afc4000)]
=>0x00007f8dec95b000 JavaThread "AWT-AppKit" daemon [_thread_in_native, id=775, stack(0x00007fff51590000,0x00007fff51d90000)]
  0x00007f8deb000000 JavaThread "Service Thread" daemon [_thread_blocked, id=18691, stack(0x000070000ac3b000,0x000070000ad3b000)]
  0x00007f8deb014800 JavaThread "C1 CompilerThread2" daemon [_thread_blocked, id=18179, stack(0x000070000ab38000,0x000070000ac38000)]
  0x00007f8dec035800 JavaThread "C2 CompilerThread1" daemon [_thread_blocked, id=17667, stack(0x000070000aa35000,0x000070000ab35000)]
  0x00007f8dec013000 JavaThread "C2 CompilerThread0" daemon [_thread_in_native, id=17155, stack(0x000070000a932000,0x000070000aa32000)]
  0x00007f8dec012000 JavaThread "Signal Dispatcher" daemon [_thread_blocked, id=16643, stack(0x000070000a82f000,0x000070000a92f000)]
  0x00007f8dec833000 JavaThread "Finalizer" daemon [_thread_blocked, id=12547, stack(0x000070000a72c000,0x000070000a82c000)]
  0x00007f8dec830800 JavaThread "Reference Handler" daemon [_thread_blocked, id=12035, stack(0x000070000a629000,0x000070000a729000)]

Other Threads:
  0x00007f8dec82b800 VMThread [stack: 0x000070000a526000,0x000070000a626000] [id=11523]
  0x00007f8dec056800 WatcherThread [stack: 0x000070000ad3e000,0x000070000ae3e000] [id=19203]

VM state:not at safepoint (normal execution)

VM Mutex/Monitor currently owned by a thread: None

Heap:
 PSYoungGen      total 38400K, used 13411K [0x0000000795580000, 0x0000000799100000, 0x00000007c0000000)
  eden space 33280K, 39% used [0x0000000795580000,0x0000000796270e08,0x0000000797600000)
  from space 5120K, 3% used [0x0000000797b00000,0x0000000797b28000,0x0000000798000000)
  to   space 5120K, 0% used [0x0000000797600000,0x0000000797600000,0x0000000797b00000)
 ParOldGen       total 74752K, used 16509K [0x0000000740000000, 0x0000000744900000, 0x0000000795580000)
  object space 74752K, 22% used [0x0000000740000000,0x000000074101f7c0,0x0000000744900000)
 Metaspace       used 21287K, capacity 21633K, committed 21760K, reserved 1069056K
  class space    used 2113K, capacity 2219K, committed 2304K, reserved 1048576K

Card table byte_map: [0x000000011ee82000,0x000000011f283000] byte_map_base: 0x000000011b482000

Marking Bits: (ParMarkBitMap*) 0x000000010f7ce5d0
 Begin Bits: [0x000000011f52e000, 0x000000012152e000)
 End Bits:   [0x000000012152e000, 0x000000012352e000)

Polling page: 0x000000010df30000

CodeCache: size=245760Kb used=8763Kb max_used=8763Kb free=236996Kb
 bounds [0x000000010fe82000, 0x0000000110722000, 0x000000011ee82000]
 total_blobs=3438 nmethods=2525 adapters=826
 compilation: enabled

Compilation events (10 events):
Event: 12.111 Thread 0x00007f8deb014800 nmethod 2753 0x0000000110714150 code [0x00000001107142a0, 0x00000001107143b0]
Event: 12.111 Thread 0x00007f8deb014800 2754   !   3       sun.lwawt.LWComponentPeer::isShowing (49 bytes)
Event: 12.113 Thread 0x00007f8deb014800 nmethod 2754 0x0000000110714410 code [0x00000001107145c0, 0x0000000110714ec8]
Event: 12.113 Thread 0x00007f8dec013000 2755  s!   4       sun.misc.URLClassPath::getLoader (243 bytes)
Event: 12.120 Thread 0x00007f8dec013000 nmethod 2755 0x0000000110718590 code [0x0000000110718700, 0x0000000110718ed8]
Event: 12.124 Thread 0x00007f8deb014800 2756       3       sun.net.www.protocol.jar.Handler::parseContextSpec (154 bytes)
Event: 12.126 Thread 0x00007f8deb014800 nmethod 2756 0x0000000110719290 code [0x0000000110719680, 0x000000011071bd68]
Event: 12.126 Thread 0x00007f8deb014800 2757       3       sun.net.www.ParseUtil::canonizeString (195 bytes)
Event: 12.127 Thread 0x00007f8dec013000 2758       4       java.security.AccessControlContext::optimize (318 bytes)
Event: 12.128 Thread 0x00007f8deb014800 nmethod 2757 0x000000011071cf50 code [0x000000011071d320, 0x000000011071f768]

GC Heap History (10 events):
Event: 4.046 GC heap before
{Heap before GC invocations=1 (full 0):
 PSYoungGen      total 38400K, used 33280K [0x0000000795580000, 0x0000000798000000, 0x00000007c0000000)
  eden space 33280K, 100% used [0x0000000795580000,0x0000000797600000,0x0000000797600000)
  from space 5120K, 0% used [0x0000000797b00000,0x0000000797b00000,0x0000000798000000)
  to   space 5120K, 0% used [0x0000000797600000,0x0000000797600000,0x0000000797b00000)
 ParOldGen       total 87552K, used 0K [0x0000000740000000, 0x0000000745580000, 0x0000000795580000)
  object space 87552K, 0% used [0x0000000740000000,0x0000000740000000,0x0000000745580000)
 Metaspace       used 15898K, capacity 16257K, committed 16384K, reserved 1064960K
  class space    used 1632K, capacity 1759K, committed 1792K, reserved 1048576K
Event: 4.053 GC heap after
Heap after GC invocations=1 (full 0):
 PSYoungGen      total 38400K, used 5024K [0x0000000795580000, 0x0000000798000000, 0x00000007c0000000)
  eden space 33280K, 0% used [0x0000000795580000,0x0000000795580000,0x0000000797600000)
  from space 5120K, 98% used [0x0000000797600000,0x0000000797ae82f0,0x0000000797b00000)
  to   space 5120K, 0% used [0x0000000797b00000,0x0000000797b00000,0x0000000798000000)
 ParOldGen       total 87552K, used 16K [0x0000000740000000, 0x0000000745580000, 0x0000000795580000)
  object space 87552K, 0% used [0x0000000740000000,0x0000000740004000,0x0000000745580000)
 Metaspace       used 15898K, capacity 16257K, committed 16384K, reserved 1064960K
  class space    used 1632K, capacity 1759K, committed 1792K, reserved 1048576K
}
Event: 5.352 GC heap before
{Heap before GC invocations=2 (full 0):
 PSYoungGen      total 38400K, used 35925K [0x0000000795580000, 0x0000000798000000, 0x00000007c0000000)
  eden space 33280K, 92% used [0x0000000795580000,0x00000007973ad370,0x0000000797600000)
  from space 5120K, 98% used [0x0000000797600000,0x0000000797ae82f0,0x0000000797b00000)
  to   space 5120K, 0% used [0x0000000797b00000,0x0000000797b00000,0x0000000798000000)
 ParOldGen       total 87552K, used 16K [0x0000000740000000, 0x0000000745580000, 0x0000000795580000)
  object space 87552K, 0% used [0x0000000740000000,0x0000000740004000,0x0000000745580000)
 Metaspace       used 19171K, capacity 19541K, committed 19840K, reserved 1067008K
  class space    used 1973K, capacity 2083K, committed 2176K, reserved 1048576K
Event: 5.365 GC heap after
Heap after GC invocations=2 (full 0):
 PSYoungGen      total 38400K, used 5101K [0x0000000795580000, 0x0000000798000000, 0x00000007c0000000)
  eden space 33280K, 0% used [0x0000000795580000,0x0000000795580000,0x0000000797600000)
  from space 5120K, 99% used [0x0000000797b00000,0x0000000797ffb420,0x0000000798000000)
  to   space 5120K, 0% used [0x0000000797600000,0x0000000797600000,0x0000000797b00000)
 ParOldGen       total 87552K, used 4290K [0x0000000740000000, 0x0000000745580000, 0x0000000795580000)
  object space 87552K, 4% used [0x0000000740000000,0x00000007404308f8,0x0000000745580000)
 Metaspace       used 19171K, capacity 19541K, committed 19840K, reserved 1067008K
  class space    used 1973K, capacity 2083K, committed 2176K, reserved 1048576K
}
Event: 6.190 GC heap before
{Heap before GC invocations=3 (full 0):
 PSYoungGen      total 38400K, used 35360K [0x0000000795580000, 0x0000000798000000, 0x00000007c0000000)
  eden space 33280K, 90% used [0x0000000795580000,0x000000079730cc50,0x0000000797600000)
  from space 5120K, 99% used [0x0000000797b00000,0x0000000797ffb420,0x0000000798000000)
  to   space 5120K, 0% used [0x0000000797600000,0x0000000797600000,0x0000000797b00000)
 ParOldGen       total 87552K, used 4290K [0x0000000740000000, 0x0000000745580000, 0x0000000795580000)
  object space 87552K, 4% used [0x0000000740000000,0x00000007404308f8,0x0000000745580000)
 Metaspace       used 20786K, capacity 21099K, committed 21248K, reserved 1069056K
  class space    used 2104K, capacity 2190K, committed 2304K, reserved 1048576K
Event: 6.201 GC heap after
Heap after GC invocations=3 (full 0):
 PSYoungGen      total 38400K, used 5117K [0x0000000795580000, 0x0000000798000000, 0x00000007c0000000)
  eden space 33280K, 0% used [0x0000000795580000,0x0000000795580000,0x0000000797600000)
  from space 5120K, 99% used [0x0000000797600000,0x0000000797aff4e0,0x0000000797b00000)
  to   space 5120K, 0% used [0x0000000797b00000,0x0000000797b00000,0x0000000798000000)
 ParOldGen       total 87552K, used 12432K [0x0000000740000000, 0x0000000745580000, 0x0000000795580000)
  object space 87552K, 14% used [0x0000000740000000,0x0000000740c24068,0x0000000745580000)
 Metaspace       used 20786K, capacity 21099K, committed 21248K, reserved 1069056K
  class space    used 2104K, capacity 2190K, committed 2304K, reserved 1048576K
}
Event: 6.202 GC heap before
{Heap before GC invocations=4 (full 1):
 PSYoungGen      total 38400K, used 5117K [0x0000000795580000, 0x0000000798000000, 0x00000007c0000000)
  eden space 33280K, 0% used [0x0000000795580000,0x0000000795580000,0x0000000797600000)
  from space 5120K, 99% used [0x0000000797600000,0x0000000797aff4e0,0x0000000797b00000)
  to   space 5120K, 0% used [0x0000000797b00000,0x0000000797b00000,0x0000000798000000)
 ParOldGen       total 87552K, used 12432K [0x0000000740000000, 0x0000000745580000, 0x0000000795580000)
  object space 87552K, 14% used [0x0000000740000000,0x0000000740c24068,0x0000000745580000)
 Metaspace       used 20786K, capacity 21099K, committed 21248K, reserved 1069056K
  class space    used 2104K, capacity 2190K, committed 2304K, reserved 1048576K
Event: 6.236 GC heap after
Heap after GC invocations=4 (full 1):
 PSYoungGen      total 38400K, used 0K [0x0000000795580000, 0x0000000798000000, 0x00000007c0000000)
  eden space 33280K, 0% used [0x0000000795580000,0x0000000795580000,0x0000000797600000)
  from space 5120K, 0% used [0x0000000797600000,0x0000000797600000,0x0000000797b00000)
  to   space 5120K, 0% used [0x0000000797b00000,0x0000000797b00000,0x0000000798000000)
 ParOldGen       total 74752K, used 16501K [0x0000000740000000, 0x0000000744900000, 0x0000000795580000)
  object space 74752K, 22% used [0x0000000740000000,0x000000074101d7c0,0x0000000744900000)
 Metaspace       used 20779K, capacity 21083K, committed 21248K, reserved 1069056K
  class space    used 2102K, capacity 2186K, committed 2304K, reserved 1048576K
}
Event: 10.497 GC heap before
{Heap before GC invocations=5 (full 1):
 PSYoungGen      total 38400K, used 33280K [0x0000000795580000, 0x0000000798000000, 0x00000007c0000000)
  eden space 33280K, 100% used [0x0000000795580000,0x0000000797600000,0x0000000797600000)
  from space 5120K, 0% used [0x0000000797600000,0x0000000797600000,0x0000000797b00000)
  to   space 5120K, 0% used [0x0000000797b00000,0x0000000797b00000,0x0000000798000000)
 ParOldGen       total 74752K, used 16501K [0x0000000740000000, 0x0000000744900000, 0x0000000795580000)
  object space 74752K, 22% used [0x0000000740000000,0x000000074101d7c0,0x0000000744900000)
 Metaspace       used 21245K, capacity 21633K, committed 21760K, reserved 1069056K
  class space    used 2105K, capacity 2219K, committed 2304K, reserved 1048576K
Event: 10.499 GC heap after
Heap after GC invocations=5 (full 1):
 PSYoungGen      total 38400K, used 160K [0x0000000795580000, 0x0000000799100000, 0x00000007c0000000)
  eden space 33280K, 0% used [0x0000000795580000,0x0000000795580000,0x0000000797600000)
  from space 5120K, 3% used [0x0000000797b00000,0x0000000797b28000,0x0000000798000000)
  to   space 5120K, 0% used [0x0000000797600000,0x0000000797600000,0x0000000797b00000)
 ParOldGen       total 74752K, used 16509K [0x0000000740000000, 0x0000000744900000, 0x0000000795580000)
  object space 74752K, 22% used [0x0000000740000000,0x000000074101f7c0,0x0000000744900000)
 Metaspace       used 21245K, capacity 21633K, committed 21760K, reserved 1069056K
  class space    used 2105K, capacity 2219K, committed 2304K, reserved 1048576K
}

Deoptimization events (10 events):
Event: 5.436 Thread 0x00007f8deb9bb800 Uncommon trap: reason=unstable_if action=reinterpret pc=0x000000011026e124 method=java.util.HashMap$HashIterator.<init>(Ljava/util/HashMap;)V @ 38
Event: 5.519 Thread 0x00007f8deb9bb800 Uncommon trap: reason=unstable_if action=reinterpret pc=0x00000001102fbed0 method=java.io.BufferedReader.readLine(Z)Ljava/lang/String; @ 153
Event: 5.520 Thread 0x00007f8deb9bb800 Uncommon trap: reason=unstable_if action=reinterpret pc=0x000000011029398c method=java.io.BufferedReader.readLine(Z)Ljava/lang/String; @ 153
Event: 5.523 Thread 0x00007f8deb9bb800 Uncommon trap: reason=unstable_if action=reinterpret pc=0x0000000110279510 method=java.lang.String.trim()Ljava/lang/String; @ 23
Event: 5.638 Thread 0x00007f8deb743000 Uncommon trap: reason=unstable_if action=reinterpret pc=0x0000000110316454 method=java.lang.String.regionMatches(ZILjava/lang/String;II)Z @ 123
Event: 12.094 Thread 0x00007f8deb9bb800 Uncommon trap: reason=unstable_if action=reinterpret pc=0x000000011062a668 method=java.util.WeakHashMap.get(Ljava/lang/Object;)Ljava/lang/Object; @ 35
Event: 12.096 Thread 0x00007f8deba41800 Uncommon trap: reason=unstable_if action=reinterpret pc=0x0000000110574d58 method=java.awt.font.FontRenderContext.equals(Ljava/awt/font/FontRenderContext;)Z @ 2
Event: 12.109 Thread 0x00007f8dec971000 Uncommon trap: reason=unstable_if action=reinterpret pc=0x0000000110453698 method=java.util.HashMap.putVal(ILjava/lang/Object;Ljava/lang/Object;ZZ)Ljava/lang/Object; @ 81
Event: 12.109 Thread 0x00007f8dec971000 Uncommon trap: reason=unstable_if action=reinterpret pc=0x0000000110448b08 method=java.util.HashMap.putVal(ILjava/lang/Object;Ljava/lang/Object;ZZ)Ljava/lang/Object; @ 81
Event: 12.127 Thread 0x00007f8debeb8000 Uncommon trap: reason=predicate action=maybe_recompile pc=0x000000011059e590 method=java.util.Vector.indexOf(Ljava/lang/Object;I)I @ 44

Internal exceptions (10 events):
Event: 0.199 Thread 0x00007f8dec003000 Exception <a 'java/lang/NoSuchFieldError': method resolution failed> (0x00000007957959f8) thrown at [/Users/java_re/workspace/8-2-build-macosx-x86_64/jdk8u144/9417/hotspot/src/share/vm/prims/methodHandles.cpp, line 1146]
Event: 0.472 Thread 0x00007f8dec003000 Exception <a 'java/io/FileNotFoundException'> (0x0000000795810ed8) thrown at [/Users/java_re/workspace/8-2-build-macosx-x86_64/jdk8u144/9417/hotspot/src/share/vm/prims/jni.cpp, line 709]
Event: 0.472 Thread 0x00007f8dec003000 Exception <a 'java/io/FileNotFoundException'> (0x0000000795811a40) thrown at [/Users/java_re/workspace/8-2-build-macosx-x86_64/jdk8u144/9417/hotspot/src/share/vm/prims/jni.cpp, line 709]
Event: 0.703 Thread 0x00007f8dec003000 Exception <a 'java/io/FileNotFoundException'> (0x00000007959584b0) thrown at [/Users/java_re/workspace/8-2-build-macosx-x86_64/jdk8u144/9417/hotspot/src/share/vm/prims/jni.cpp, line 709]
Event: 3.803 Thread 0x00007f8debca2000 Exception <a 'java/lang/UnsatisfiedLinkError': com.jogamp.common.util.JarUtil.fixNativeLibAttribs(Ljava/lang/String;)Z> (0x0000000796ce87c8) thrown at [/Users/java_re/workspace/8-2-build-macosx-x86_64/jdk8u144/9417/hotspot/src/share/vm/prims/nativeLookup.
Event: 4.054 Thread 0x00007f8dec833000 Exception <a 'java/lang/NullPointerException'> (0x00000007956a31c0) thrown at [/Users/java_re/workspace/8-2-build-macosx-x86_64/jdk8u144/9417/hotspot/src/share/vm/interpreter/linkResolver.cpp, line 1197]
Event: 4.780 Thread 0x00007f8deb9bb800 Exception <a 'java/io/FileNotFoundException'> (0x00000007961afe28) thrown at [/Users/java_re/workspace/8-2-build-macosx-x86_64/jdk8u144/9417/hotspot/src/share/vm/prims/jni.cpp, line 709]
Event: 4.780 Thread 0x00007f8deb9bb800 Exception <a 'java/io/FileNotFoundException'> (0x00000007961b9750) thrown at [/Users/java_re/workspace/8-2-build-macosx-x86_64/jdk8u144/9417/hotspot/src/share/vm/prims/jni.cpp, line 709]
Event: 4.780 Thread 0x00007f8deb9bb800 Implicit null exception at 0x0000000110062c76 to 0x0000000110063039
Event: 5.436 Thread 0x00007f8deb9bb800 Implicit null exception at 0x000000011026dec6 to 0x000000011026e10d

Events (10 events):
Event: 12.126 loading class java/awt/event/AWTEventListenerProxy
Event: 12.126 loading class java/awt/event/AWTEventListenerProxy done
Event: 12.126 loading class java/awt/Toolkit$ToolkitEventMulticaster
Event: 12.126 loading class java/awt/Toolkit$ToolkitEventMulticaster done
Event: 12.127 Thread 0x00007f8dec971000 Thread exited: 0x00007f8dec971000
Event: 12.127 Thread 0x00007f8debeb8000 Uncommon trap: trap_request=0xffffff86 fr.pc=0x000000011059e590
Event: 12.127 Thread 0x00007f8debeb8000 DEOPT PACKING pc=0x000000011059e590 sp=0x000070000a0107f0
Event: 12.127 Thread 0x00007f8debeb8000 DEOPT UNPACKING pc=0x000000010fe87229 sp=0x000070000a0107a0 mode 2
Event: 12.127 loading class java/awt/Window$1DisposeAction
Event: 12.127 loading class java/awt/Window$1DisposeAction done


Dynamic libraries:
0x00000000462c2000 	/System/Library/Frameworks/Cocoa.framework/Versions/A/Cocoa
0x00000000462c2000 	/System/Library/Frameworks/Security.framework/Versions/A/Security
0x00000000462c2000 	/System/Library/Frameworks/ApplicationServices.framework/Versions/A/ApplicationServices
0x00000000462c2000 	/usr/lib/libz.1.dylib
0x00000000462c2000 	/usr/lib/libSystem.B.dylib
0x00000000462c2000 	/usr/lib/libobjc.A.dylib
0x00000000462c2000 	/System/Library/Frameworks/CoreFoundation.framework/Versions/A/CoreFoundation
0x00000000462c2000 	/System/Library/Frameworks/Foundation.framework/Versions/C/Foundation
0x00000000462c2000 	/System/Library/Frameworks/AppKit.framework/Versions/C/AppKit
0x00000000462c2000 	/System/Library/Frameworks/CoreData.framework/Versions/A/CoreData
0x00000000462c2000 	/System/Library/PrivateFrameworks/RemoteViewServices.framework/Versions/A/RemoteViewServices
0x00000000462c2000 	/System/Library/PrivateFrameworks/UIFoundation.framework/Versions/A/UIFoundation
0x00000000462c2000 	/System/Library/PrivateFrameworks/DFRFoundation.framework/Versions/A/DFRFoundation
0x00000000462c2000 	/usr/lib/libenergytrace.dylib
0x00000000462c2000 	/System/Library/PrivateFrameworks/SkyLight.framework/Versions/A/SkyLight
0x00000000462c2000 	/System/Library/Frameworks/CoreGraphics.framework/Versions/A/CoreGraphics
0x00000000462c2000 	/usr/lib/libScreenReader.dylib
0x00000000462c2000 	/System/Library/Frameworks/Accelerate.framework/Versions/A/Accelerate
0x00000000462c2000 	/System/Library/Frameworks/IOSurface.framework/Versions/A/IOSurface
0x00000000462c2000 	/System/Library/Frameworks/AudioToolbox.framework/Versions/A/AudioToolbox
0x00000000462c2000 	/System/Library/Frameworks/AudioUnit.framework/Versions/A/AudioUnit
0x00000000462c2000 	/System/Library/PrivateFrameworks/DataDetectorsCore.framework/Versions/A/DataDetectorsCore
0x00000000462c2000 	/System/Library/PrivateFrameworks/DesktopServicesPriv.framework/Versions/A/DesktopServicesPriv
0x00000000462c2000 	/System/Library/Frameworks/Carbon.framework/Versions/A/Frameworks/HIToolbox.framework/Versions/A/HIToolbox
0x00000000462c2000 	/usr/lib/libicucore.A.dylib
0x00000000462c2000 	/System/Library/Frameworks/QuartzCore.framework/Versions/A/QuartzCore
0x00000000462c2000 	/System/Library/Frameworks/Carbon.framework/Versions/A/Frameworks/SpeechRecognition.framework/Versions/A/SpeechRecognition
0x00000000462c2000 	/usr/lib/libauto.dylib
0x00000000462c2000 	/usr/lib/libxml2.2.dylib
0x00000000462c2000 	/System/Library/PrivateFrameworks/CoreUI.framework/Versions/A/CoreUI
0x00000000462c2000 	/System/Library/Frameworks/CoreAudio.framework/Versions/A/CoreAudio
0x00000000462c2000 	/System/Library/Frameworks/DiskArbitration.framework/Versions/A/DiskArbitration
0x00000000462c2000 	/usr/lib/liblangid.dylib
0x00000000462c2000 	/System/Library/PrivateFrameworks/MultitouchSupport.framework/Versions/A/MultitouchSupport
0x00000000462c2000 	/System/Library/Frameworks/IOKit.framework/Versions/A/IOKit
0x00000000462c2000 	/usr/lib/libDiagnosticMessagesClient.dylib
0x00000000462c2000 	/System/Library/Frameworks/CoreServices.framework/Versions/A/CoreServices
0x00000000462c2000 	/System/Library/PrivateFrameworks/PerformanceAnalysis.framework/Versions/A/PerformanceAnalysis
0x00000000462c2000 	/System/Library/PrivateFrameworks/GenerationalStorage.framework/Versions/A/GenerationalStorage
0x00000000462c2000 	/System/Library/Frameworks/OpenGL.framework/Versions/A/OpenGL
0x00000000462c2000 	/System/Library/Frameworks/CoreImage.framework/Versions/A/CoreImage
0x00000000462c2000 	/System/Library/Frameworks/CoreText.framework/Versions/A/CoreText
0x00000000462c2000 	/System/Library/Frameworks/ImageIO.framework/Versions/A/ImageIO
0x00000000462c2000 	/System/Library/PrivateFrameworks/Backup.framework/Versions/A/Backup
0x00000000462c2000 	/usr/lib/libarchive.2.dylib
0x00000000462c2000 	/System/Library/Frameworks/CFNetwork.framework/Versions/A/CFNetwork
0x00000000462c2000 	/System/Library/Frameworks/SystemConfiguration.framework/Versions/A/SystemConfiguration
0x00000000462c2000 	/usr/lib/libCRFSuite.dylib
0x00000000462c2000 	/usr/lib/libc++.1.dylib
0x00000000462c2000 	/usr/lib/libc++abi.dylib
0x00000000462c2000 	/usr/lib/system/libcache.dylib
0x00000000462c2000 	/usr/lib/system/libcommonCrypto.dylib
0x00000000462c2000 	/usr/lib/system/libcompiler_rt.dylib
0x00000000462c2000 	/usr/lib/system/libcopyfile.dylib
0x00000000462c2000 	/usr/lib/system/libcorecrypto.dylib
0x00000000462c2000 	/usr/lib/system/libdispatch.dylib
0x00000000462c2000 	/usr/lib/system/libdyld.dylib
0x00000000462c2000 	/usr/lib/system/libkeymgr.dylib
0x00000000462c2000 	/usr/lib/system/liblaunch.dylib
0x00000000462c2000 	/usr/lib/system/libmacho.dylib
0x00000000462c2000 	/usr/lib/system/libquarantine.dylib
0x00000000462c2000 	/usr/lib/system/libremovefile.dylib
0x00000000462c2000 	/usr/lib/system/libsystem_asl.dylib
0x00000000462c2000 	/usr/lib/system/libsystem_blocks.dylib
0x00000000462c2000 	/usr/lib/system/libsystem_c.dylib
0x00000000462c2000 	/usr/lib/system/libsystem_configuration.dylib
0x00000000462c2000 	/usr/lib/system/libsystem_coreservices.dylib
0x00000000462c2000 	/usr/lib/system/libsystem_coretls.dylib
0x00000000462c2000 	/usr/lib/system/libsystem_dnssd.dylib
0x00000000462c2000 	/usr/lib/system/libsystem_info.dylib
0x00000000462c2000 	/usr/lib/system/libsystem_kernel.dylib
0x00000000462c2000 	/usr/lib/system/libsystem_m.dylib
0x00000000462c2000 	/usr/lib/system/libsystem_malloc.dylib
0x00000000462c2000 	/usr/lib/system/libsystem_network.dylib
0x00000000462c2000 	/usr/lib/system/libsystem_networkextension.dylib
0x00000000462c2000 	/usr/lib/system/libsystem_notify.dylib
0x00000000462c2000 	/usr/lib/system/libsystem_platform.dylib
0x00000000462c2000 	/usr/lib/system/libsystem_pthread.dylib
0x00000000462c2000 	/usr/lib/system/libsystem_sandbox.dylib
0x00000000462c2000 	/usr/lib/system/libsystem_secinit.dylib
0x00000000462c2000 	/usr/lib/system/libsystem_symptoms.dylib
0x00000000462c2000 	/usr/lib/system/libsystem_trace.dylib
0x00000000462c2000 	/usr/lib/system/libunwind.dylib
0x00000000462c2000 	/usr/lib/system/libxpc.dylib
0x00000000462c2000 	/usr/lib/libbsm.0.dylib
0x00000000462c2000 	/usr/lib/system/libkxld.dylib
0x00000000462c2000 	/usr/lib/libcoretls.dylib
0x00000000462c2000 	/usr/lib/libcoretls_cfhelpers.dylib
0x00000000462c2000 	/usr/lib/libOpenScriptingUtil.dylib
0x00000000462c2000 	/usr/lib/libpam.2.dylib
0x00000000462c2000 	/usr/lib/libsqlite3.dylib
0x00000000462c2000 	/usr/lib/libxar.1.dylib
0x00000000462c2000 	/usr/lib/libbz2.1.0.dylib
0x00000000462c2000 	/usr/lib/liblzma.5.dylib
0x00000000462c2000 	/usr/lib/libnetwork.dylib
0x00000000462c2000 	/usr/lib/libpcap.A.dylib
0x00000000462c2000 	/System/Library/Frameworks/CoreServices.framework/Versions/A/Frameworks/FSEvents.framework/Versions/A/FSEvents
0x00000000462c2000 	/System/Library/Frameworks/CoreServices.framework/Versions/A/Frameworks/CarbonCore.framework/Versions/A/CarbonCore
0x00000000462c2000 	/System/Library/Frameworks/CoreServices.framework/Versions/A/Frameworks/Metadata.framework/Versions/A/Metadata
0x00000000462c2000 	/System/Library/Frameworks/CoreServices.framework/Versions/A/Frameworks/OSServices.framework/Versions/A/OSServices
0x00000000462c2000 	/System/Library/Frameworks/CoreServices.framework/Versions/A/Frameworks/SearchKit.framework/Versions/A/SearchKit
0x00000000462c2000 	/System/Library/Frameworks/CoreServices.framework/Versions/A/Frameworks/AE.framework/Versions/A/AE
0x00000000462c2000 	/System/Library/Frameworks/CoreServices.framework/Versions/A/Frameworks/LaunchServices.framework/Versions/A/LaunchServices
0x00000000462c2000 	/System/Library/Frameworks/CoreServices.framework/Versions/A/Frameworks/DictionaryServices.framework/Versions/A/DictionaryServices
0x00000000462c2000 	/System/Library/Frameworks/CoreServices.framework/Versions/A/Frameworks/SharedFileList.framework/Versions/A/SharedFileList
0x00000000462c2000 	/System/Library/Frameworks/NetFS.framework/Versions/A/NetFS
0x00000000462c2000 	/System/Library/PrivateFrameworks/NetAuth.framework/Versions/A/NetAuth
0x00000000462c2000 	/System/Library/PrivateFrameworks/login.framework/Versions/A/Frameworks/loginsupport.framework/Versions/A/loginsupport
0x00000000462c2000 	/System/Library/PrivateFrameworks/TCC.framework/Versions/A/TCC
0x00000000462c2000 	/usr/lib/libmecabra.dylib
0x00000000462c2000 	/System/Library/Frameworks/ApplicationServices.framework/Versions/A/Frameworks/ATS.framework/Versions/A/ATS
0x00000000462c2000 	/System/Library/Frameworks/ApplicationServices.framework/Versions/A/Frameworks/ColorSync.framework/Versions/A/ColorSync
0x00000000462c2000 	/System/Library/Frameworks/ApplicationServices.framework/Versions/A/Frameworks/HIServices.framework/Versions/A/HIServices
0x00000000462c2000 	/System/Library/Frameworks/ApplicationServices.framework/Versions/A/Frameworks/LangAnalysis.framework/Versions/A/LangAnalysis
0x00000000462c2000 	/System/Library/Frameworks/ApplicationServices.framework/Versions/A/Frameworks/PrintCore.framework/Versions/A/PrintCore
0x00000000462c2000 	/System/Library/Frameworks/ApplicationServices.framework/Versions/A/Frameworks/QD.framework/Versions/A/QD
0x00000000462c2000 	/System/Library/Frameworks/ApplicationServices.framework/Versions/A/Frameworks/SpeechSynthesis.framework/Versions/A/SpeechSynthesis
0x00000000462c2000 	/System/Library/Frameworks/Accelerate.framework/Versions/A/Frameworks/vImage.framework/Versions/A/vImage
0x00000000462c2000 	/System/Library/Frameworks/Accelerate.framework/Versions/A/Frameworks/vecLib.framework/Versions/A/vecLib
0x00000000462c2000 	/System/Library/Frameworks/Accelerate.framework/Versions/A/Frameworks/vecLib.framework/Versions/A/libvDSP.dylib
0x00000000462c2000 	/System/Library/Frameworks/Accelerate.framework/Versions/A/Frameworks/vecLib.framework/Versions/A/libBNNS.dylib
0x00000000462c2000 	/System/Library/Frameworks/Accelerate.framework/Versions/A/Frameworks/vecLib.framework/Versions/A/libQuadrature.dylib
0x00000000462c2000 	/System/Library/Frameworks/Accelerate.framework/Versions/A/Frameworks/vecLib.framework/Versions/A/libvMisc.dylib
0x00000000462c2000 	/System/Library/Frameworks/Accelerate.framework/Versions/A/Frameworks/vecLib.framework/Versions/A/libLAPACK.dylib
0x00000000462c2000 	/System/Library/Frameworks/Accelerate.framework/Versions/A/Frameworks/vecLib.framework/Versions/A/libBLAS.dylib
0x00000000462c2000 	/System/Library/Frameworks/Accelerate.framework/Versions/A/Frameworks/vecLib.framework/Versions/A/libLinearAlgebra.dylib
0x00000000462c2000 	/System/Library/Frameworks/Accelerate.framework/Versions/A/Frameworks/vecLib.framework/Versions/A/libSparseBLAS.dylib
0x00000000462c2000 	/System/Library/Frameworks/ApplicationServices.framework/Versions/A/Frameworks/ATS.framework/Versions/A/Resources/libFontParser.dylib
0x00000000462c2000 	/System/Library/Frameworks/ApplicationServices.framework/Versions/A/Frameworks/ATS.framework/Versions/A/Resources/libFontRegistry.dylib
0x00000000462c2000 	/System/Library/Frameworks/ImageIO.framework/Versions/A/Resources/libJPEG.dylib
0x00000000462c2000 	/System/Library/Frameworks/ImageIO.framework/Versions/A/Resources/libTIFF.dylib
0x00000000462c2000 	/System/Library/Frameworks/ImageIO.framework/Versions/A/Resources/libPng.dylib
0x00000000462c2000 	/System/Library/Frameworks/ImageIO.framework/Versions/A/Resources/libGIF.dylib
0x00000000462c2000 	/System/Library/Frameworks/ImageIO.framework/Versions/A/Resources/libJP2.dylib
0x00000000462c2000 	/System/Library/Frameworks/ImageIO.framework/Versions/A/Resources/libRadiance.dylib
0x00000000462c2000 	/usr/lib/libcompression.dylib
0x00000000462c2000 	/System/Library/PrivateFrameworks/AppleJPEG.framework/Versions/A/AppleJPEG
0x00000000462c2000 	/usr/lib/libcups.2.dylib
0x00000000462c2000 	/System/Library/Frameworks/Kerberos.framework/Versions/A/Kerberos
0x00000000462c2000 	/System/Library/Frameworks/GSS.framework/Versions/A/GSS
0x00000000462c2000 	/usr/lib/libresolv.9.dylib
0x00000000462c2000 	/usr/lib/libiconv.2.dylib
0x00000000462c2000 	/System/Library/PrivateFrameworks/Heimdal.framework/Versions/A/Heimdal
0x00000000462c2000 	/usr/lib/libheimdal-asn1.dylib
0x00000000462c2000 	/System/Library/Frameworks/OpenDirectory.framework/Versions/A/OpenDirectory
0x00000000462c2000 	/System/Library/PrivateFrameworks/CommonAuth.framework/Versions/A/CommonAuth
0x00000000462c2000 	/System/Library/Frameworks/OpenDirectory.framework/Versions/A/Frameworks/CFOpenDirectory.framework/Versions/A/CFOpenDirectory
0x00000000462c2000 	/System/Library/Frameworks/SecurityFoundation.framework/Versions/A/SecurityFoundation
0x00000000462c2000 	/System/Library/PrivateFrameworks/LanguageModeling.framework/Versions/A/LanguageModeling
0x00000000462c2000 	/usr/lib/libmarisa.dylib
0x00000000462c2000 	/usr/lib/libChineseTokenizer.dylib
0x00000000462c2000 	/usr/lib/libcmph.dylib
0x00000000462c2000 	/System/Library/PrivateFrameworks/CoreEmoji.framework/Versions/A/CoreEmoji
0x00000000462c2000 	/System/Library/Frameworks/ServiceManagement.framework/Versions/A/ServiceManagement
0x00000000462c2000 	/usr/lib/libxslt.1.dylib
0x00000000462c2000 	/System/Library/Frameworks/Carbon.framework/Versions/A/Frameworks/Ink.framework/Versions/A/Ink
0x00000000462c2000 	/System/Library/PrivateFrameworks/TextureIO.framework/Versions/A/TextureIO
0x00000000462c2000 	/System/Library/Frameworks/Metal.framework/Versions/A/Metal
0x00000000462c2000 	/usr/lib/libate.dylib
0x00000000462c2000 	/System/Library/PrivateFrameworks/GPUCompiler.framework/libmetal_timestamp.dylib
0x00000000462c2000 	/System/Library/Frameworks/OpenGL.framework/Versions/A/Libraries/libCoreFSCache.dylib
0x00000000462c2000 	/System/Library/PrivateFrameworks/IOAccelerator.framework/Versions/A/IOAccelerator
0x00000000462c2000 	/System/Library/Frameworks/CoreVideo.framework/Versions/A/CoreVideo
0x00000000462c2000 	/usr/lib/libFosl_dynamic.dylib
0x00000000462c2000 	/System/Library/PrivateFrameworks/MetalPerformanceShaders.framework/Versions/A/MetalPerformanceShaders
0x00000000462c2000 	/System/Library/PrivateFrameworks/FaceCore.framework/Versions/A/FaceCore
0x00000000462c2000 	/System/Library/Frameworks/OpenCL.framework/Versions/A/OpenCL
0x00000000462c2000 	/System/Library/Frameworks/OpenGL.framework/Versions/A/Libraries/libGLU.dylib
0x00000000462c2000 	/System/Library/Frameworks/OpenGL.framework/Versions/A/Libraries/libGFXShared.dylib
0x00000000462c2000 	/System/Library/Frameworks/OpenGL.framework/Versions/A/Libraries/libGL.dylib
0x00000000462c2000 	/System/Library/Frameworks/OpenGL.framework/Versions/A/Libraries/libGLImage.dylib
0x00000000462c2000 	/System/Library/Frameworks/OpenGL.framework/Versions/A/Libraries/libCVMSPluginSupport.dylib
0x00000000462c2000 	/System/Library/Frameworks/OpenGL.framework/Versions/A/Libraries/libCoreVMClient.dylib
0x00000000462c2000 	/System/Library/PrivateFrameworks/CrashReporterSupport.framework/Versions/A/CrashReporterSupport
0x00000000462c2000 	/System/Library/PrivateFrameworks/Sharing.framework/Versions/A/Sharing
0x00000000462c2000 	/System/Library/PrivateFrameworks/IconServices.framework/Versions/A/IconServices
0x00000000462c2000 	/System/Library/PrivateFrameworks/ProtocolBuffer.framework/Versions/A/ProtocolBuffer
0x00000000462c2000 	/System/Library/PrivateFrameworks/Apple80211.framework/Versions/A/Apple80211
0x00000000462c2000 	/System/Library/Frameworks/CoreWLAN.framework/Versions/A/CoreWLAN
0x00000000462c2000 	/System/Library/PrivateFrameworks/CoreUtils.framework/Versions/A/CoreUtils
0x00000000462c2000 	/System/Library/Frameworks/IOBluetooth.framework/Versions/A/IOBluetooth
0x00000000462c2000 	/System/Library/PrivateFrameworks/CoreWiFi.framework/Versions/A/CoreWiFi
0x00000000462c2000 	/System/Library/Frameworks/CoreBluetooth.framework/Versions/A/CoreBluetooth
0x00000000462c2000 	/System/Library/Frameworks/CoreDisplay.framework/Versions/A/CoreDisplay
0x00000000462c2000 	/System/Library/PrivateFrameworks/IOPresentment.framework/Versions/A/IOPresentment
0x00000000462c2000 	/System/Library/PrivateFrameworks/DSExternalDisplay.framework/Versions/A/DSExternalDisplay
0x00000000462c2000 	/System/Library/PrivateFrameworks/DebugSymbols.framework/Versions/A/DebugSymbols
0x00000000462c2000 	/System/Library/PrivateFrameworks/CoreSymbolication.framework/Versions/A/CoreSymbolication
0x00000000462c2000 	/System/Library/PrivateFrameworks/Symbolication.framework/Versions/A/Symbolication
0x00000000462c2000 	/System/Library/PrivateFrameworks/AppleFSCompression.framework/Versions/A/AppleFSCompression
0x00000000462c2000 	/System/Library/PrivateFrameworks/SpeechRecognitionCore.framework/Versions/A/SpeechRecognitionCore
0x00000000462c2000 	/System/Library/PrivateFrameworks/ChunkingLibrary.framework/Versions/A/ChunkingLibrary
0x000000010eedb000 	/Library/Java/JavaVirtualMachines/jdk1.8.0_144.jdk/Contents/Home/jre/lib/server/libjvm.dylib
0x00000000462c2000 	/usr/lib/libstdc++.6.dylib
0x000000010deed000 	/Library/Java/JavaVirtualMachines/jdk1.8.0_144.jdk/Contents/Home/jre/lib/libverify.dylib
0x000000010defb000 	/Library/Java/JavaVirtualMachines/jdk1.8.0_144.jdk/Contents/Home/jre/lib/libjava.dylib
0x000000010df3a000 	/Library/Java/JavaVirtualMachines/jdk1.8.0_144.jdk/Contents/Home/jre/lib/libzip.dylib
0x00000001250ff000 	/System/Library/Frameworks/JavaVM.framework/Frameworks/JavaRuntimeSupport.framework/JavaRuntimeSupport
0x0000000125119000 	/System/Library/Frameworks/JavaVM.framework/Versions/A/Frameworks/JavaNativeFoundation.framework/Versions/A/JavaNativeFoundation
0x000000010dfef000 	/System/Library/Frameworks/JavaVM.framework/Versions/A/JavaVM
0x00000000462c2000 	/System/Library/Frameworks/Carbon.framework/Versions/A/Carbon
0x000000010ee3c000 	/System/Library/PrivateFrameworks/JavaLaunching.framework/Versions/A/JavaLaunching
0x00000000462c2000 	/System/Library/Frameworks/Carbon.framework/Versions/A/Frameworks/CommonPanels.framework/Versions/A/CommonPanels
0x00000000462c2000 	/System/Library/Frameworks/Carbon.framework/Versions/A/Frameworks/Help.framework/Versions/A/Help
0x00000000462c2000 	/System/Library/Frameworks/Carbon.framework/Versions/A/Frameworks/ImageCapture.framework/Versions/A/ImageCapture
0x00000000462c2000 	/System/Library/Frameworks/Carbon.framework/Versions/A/Frameworks/OpenScripting.framework/Versions/A/OpenScripting
0x00000000462c2000 	/System/Library/Frameworks/Carbon.framework/Versions/A/Frameworks/Print.framework/Versions/A/Print
0x00000000462c2000 	/System/Library/Frameworks/Carbon.framework/Versions/A/Frameworks/SecurityHI.framework/Versions/A/SecurityHI
0x0000000126a27000 	/Library/Java/JavaVirtualMachines/jdk1.8.0_144.jdk/Contents/Home/jre/lib/libawt.dylib
0x0000000126acf000 	/Library/Java/JavaVirtualMachines/jdk1.8.0_144.jdk/Contents/Home/jre/lib/./libmlib_image.dylib
0x0000000126b9b000 	/Library/Java/JavaVirtualMachines/jdk1.8.0_144.jdk/Contents/Home/jre/lib/libawt_lwawt.dylib
0x0000000126c52000 	/Library/Java/JavaVirtualMachines/jdk1.8.0_144.jdk/Contents/Home/jre/lib/./libosxapp.dylib
0x00000000462c2000 	/System/Library/Frameworks/ExceptionHandling.framework/Versions/A/ExceptionHandling
0x00000000462c2000 	/System/Library/PrivateFrameworks/CoreServicesInternal.framework/Versions/A/CoreServicesInternal
0x00000000462c2000 	/System/Library/CoreServices/RawCamera.bundle/Contents/MacOS/RawCamera
0x00000000462c2000 	/System/Library/Frameworks/Accelerate.framework/Versions/A/Frameworks/vImage.framework/Versions/A/Libraries/libCGInterfaces.dylib
0x00000000462c2000 	/System/Library/Frameworks/ApplicationServices.framework/Versions/A/Frameworks/ATS.framework/Versions/A/Resources/libTrueTypeScaler.dylib
0x0000000128944000 	/System/Library/Frameworks/OpenGL.framework/Resources/GLEngine.bundle/GLEngine
0x00000000462c2000 	/System/Library/Frameworks/OpenGL.framework/Versions/A/Libraries/libGLProgrammability.dylib
0x0000000128b29000 	/System/Library/Extensions/AppleIntelBDWGraphicsGLDriver.bundle/Contents/MacOS/AppleIntelBDWGraphicsGLDriver
0x00000000462c2000 	/System/Library/PrivateFrameworks/GPUSupport.framework/Versions/A/Libraries/libGPUSupportMercury.dylib
0x0000000129293000 	/System/Library/Frameworks/OpenGL.framework/Resources//GLRendererFloat.bundle/GLRendererFloat
0x00000000462c2000 	/System/Library/Frameworks/OpenCL.framework/Versions/A/Libraries/libcldcpuengine.dylib
0x00000000462c2000 	/usr/lib/libcrypto.0.9.8.dylib
0x00000000462c2000 	/System/Library/PrivateFrameworks/TrustEvaluationAgent.framework/Versions/A/TrustEvaluationAgent
0x00000001292c7000 	/System/Library/Extensions/AppleIntelBDWGraphicsMTLDriver.bundle/Contents/MacOS/AppleIntelBDWGraphicsMTLDriver
0x00000000462c2000 	/System/Library/PrivateFrameworks/FamilyControls.framework/Versions/A/FamilyControls
0x00000000462c2000 	/System/Library/PrivateFrameworks/CommerceKit.framework/Versions/A/Frameworks/CommerceCore.framework/Versions/A/CommerceCore
0x00000000462c2000 	/System/Library/PrivateFrameworks/SystemAdministration.framework/Versions/A/SystemAdministration
0x00000000462c2000 	/System/Library/PrivateFrameworks/AppContainer.framework/Versions/A/AppContainer
0x00000000462c2000 	/System/Library/PrivateFrameworks/SecCodeWrapper.framework/Versions/A/SecCodeWrapper
0x00000000462c2000 	/System/Library/Frameworks/DirectoryService.framework/Versions/A/DirectoryService
0x00000000462c2000 	/System/Library/PrivateFrameworks/DiskImages.framework/Versions/A/DiskImages
0x00000000462c2000 	/System/Library/PrivateFrameworks/LoginUIKit.framework/Versions/A/Frameworks/LoginUICore.framework/Versions/A/LoginUICore
0x00000000462c2000 	/usr/lib/libCoreStorage.dylib
0x00000000462c2000 	/usr/lib/libcsfde.dylib
0x00000000462c2000 	/usr/lib/libodfde.dylib
0x00000000462c2000 	/System/Library/Frameworks/DiscRecording.framework/Versions/A/DiscRecording
0x00000000462c2000 	/usr/lib/libcurl.4.dylib
0x00000000462c2000 	/System/Library/PrivateFrameworks/MediaKit.framework/Versions/A/MediaKit
0x00000000462c2000 	/System/Library/PrivateFrameworks/ProtectedCloudStorage.framework/Versions/A/ProtectedCloudStorage
0x00000000462c2000 	/System/Library/PrivateFrameworks/EFILogin.framework/Versions/A/EFILogin
0x00000000462c2000 	/usr/lib/libutil.dylib
0x00000000462c2000 	/System/Library/Frameworks/LDAP.framework/Versions/A/LDAP
0x00000000462c2000 	/usr/lib/libsasl2.2.dylib
0x00000000462c2000 	/System/Library/PrivateFrameworks/CoreDaemon.framework/Versions/B/CoreDaemon
0x00000000462c2000 	/System/Library/PrivateFrameworks/AppleSRP.framework/Versions/A/AppleSRP
0x00000000462c2000 	/System/Library/PrivateFrameworks/APFS.framework/Versions/A/APFS
0x000000012b227000 	/Library/Java/JavaVirtualMachines/jdk1.8.0_144.jdk/Contents/Home/jre/lib/libfontmanager.dylib
0x00000000462c2000 	/System/Library/PrivateFrameworks/ViewBridge.framework/Versions/A/ViewBridge
0x00000000462c2000 	/System/Library/PrivateFrameworks/XPCService.framework/Versions/A/XPCService
0x00000000462c2000 	/System/Library/PrivateFrameworks/AppSandbox.framework/Versions/A/AppSandbox
0x00000000462c2000 	/usr/lib/libsandbox.1.dylib
0x00000000462c2000 	/usr/lib/libMatch.1.dylib
0x000000012c7b5000 	/Library/Java/JavaVirtualMachines/jdk1.8.0_144.jdk/Contents/Home/jre/lib/libosxui.dylib
0x000000012d368000 	/Library/Java/JavaVirtualMachines/jdk1.8.0_144.jdk/Contents/Home/jre/lib/libnet.dylib
0x000000012d37f000 	/Library/Java/JavaVirtualMachines/jdk1.8.0_144.jdk/Contents/Home/jre/lib/libnio.dylib
0x000000019848c000 	/private/var/folders/4g/xxzpq2px2tg5jwrm0_jx44dc0000gn/T/jogamp_0000/file_cache/jln4413909140717950166/jln3386594615279991384/libgluegen-rt.jnilib
0x0000000198490000 	/private/var/folders/4g/xxzpq2px2tg5jwrm0_jx44dc0000gn/T/jogamp_0000/file_cache/jln4413909140717950166/jln3386594615279991384/libnativewindow_awt.jnilib
0x0000000198493000 	/Library/Java/JavaVirtualMachines/jdk1.8.0_144.jdk/Contents/Home/jre/lib/libjawt.dylib
0x0000000198496000 	/private/var/folders/4g/xxzpq2px2tg5jwrm0_jx44dc0000gn/T/jogamp_0000/file_cache/jln4413909140717950166/jln3386594615279991384/libnativewindow_macosx.jnilib
0x0000000199dfb000 	/private/var/folders/4g/xxzpq2px2tg5jwrm0_jx44dc0000gn/T/jogamp_0000/file_cache/jln4413909140717950166/jln3386594615279991384/libjogl_desktop.jnilib
0x000000019e494000 	/Library/Java/JavaVirtualMachines/jdk1.8.0_144.jdk/Contents/Home/jre/lib/libt2k.dylib

VM Arguments:
jvm_args: -Djava.security.policy=java.policy.applet -Dfile.encoding=UTF-8 
java_command: sun.applet.AppletViewer module4.EarthquakeCityMap1506291135844.html
java_class_path (initial): /Users/BeenWu/Library/Mobile Documents/com~apple~CloudDocs/Eclipse Project/UCSDUnfoldingMaps/build:/Users/BeenWu/Library/Mobile Documents/com~apple~CloudDocs/Eclipse Project/UCSDUnfoldingMaps/lib/core.jar:/Users/BeenWu/Library/Mobile Documents/com~apple~CloudDocs/Eclipse Project/UCSDUnfoldingMaps/lib/gluegen-rt.jar:/Users/BeenWu/Library/Mobile Documents/com~apple~CloudDocs/Eclipse Project/UCSDUnfoldingMaps/lib/jogl-all.jar:/Users/BeenWu/Library/Mobile Documents/com~apple~CloudDocs/Eclipse Project/UCSDUnfoldingMaps/lib/log4j-1.2.15.jar:/Users/BeenWu/Library/Mobile Documents/com~apple~CloudDocs/Eclipse Project/UCSDUnfoldingMaps/lib/sqlite-jdbc-3.7.2.jar:/Users/BeenWu/Library/Mobile Documents/com~apple~CloudDocs/Eclipse Project/UCSDUnfoldingMaps/lib/json4processing.jar:/Users/BeenWu/Library/Mobile Documents/com~apple~CloudDocs/Eclipse Project/UCSDUnfoldingMaps/lib/libTUIO.jar:/Users/BeenWu/Library/Mobile Documents/com~apple~CloudDocs/Eclipse Project/UCSDUnfoldingMaps/lib/unfolding.0.9.7-uscd.jar
Launcher Type: SUN_STANDARD

Environment Variables:
PATH=/usr/bin:/bin:/usr/sbin:/sbin
SHELL=/bin/zsh

Signal Handlers:
SIGSEGV: [libjvm.dylib+0x5b26e5], sa_mask[0]=11111111011111110111111111111111, sa_flags=SA_ONSTACK|SA_RESTART|SA_SIGINFO
SIGBUS: [libjvm.dylib+0x5b26e5], sa_mask[0]=11111111011111110111111111111111, sa_flags=SA_RESTART|SA_SIGINFO
SIGFPE: [libjvm.dylib+0x489100], sa_mask[0]=11111111011111110111111111111111, sa_flags=SA_RESTART|SA_SIGINFO
SIGPIPE: [libjvm.dylib+0x489100], sa_mask[0]=11111111011111110111111111111111, sa_flags=SA_RESTART|SA_SIGINFO
SIGXFSZ: [libjvm.dylib+0x489100], sa_mask[0]=11111111011111110111111111111111, sa_flags=SA_RESTART|SA_SIGINFO
SIGILL: [libjvm.dylib+0x489100], sa_mask[0]=11111111011111110111111111111111, sa_flags=SA_RESTART|SA_SIGINFO
SIGUSR1: SIG_DFL, sa_mask[0]=00000000000000000000000000000000, sa_flags=none
SIGUSR2: [libjvm.dylib+0x488c1e], sa_mask[0]=00100000000000000000000000000000, sa_flags=SA_RESTART|SA_SIGINFO
SIGHUP: [libjvm.dylib+0x4871f5], sa_mask[0]=11111111011111110111111111111111, sa_flags=SA_RESTART|SA_SIGINFO
SIGINT: [libjvm.dylib+0x4871f5], sa_mask[0]=11111111011111110111111111111111, sa_flags=SA_RESTART|SA_SIGINFO
SIGTERM: [libjvm.dylib+0x4871f5], sa_mask[0]=11111111011111110111111111111111, sa_flags=SA_RESTART|SA_SIGINFO
SIGQUIT: [libjvm.dylib+0x4871f5], sa_mask[0]=11111111011111110111111111111111, sa_flags=SA_RESTART|SA_SIGINFO


---------------  S Y S T E M  ---------------

OS:Bsduname:Darwin 16.7.0 Darwin Kernel Version 16.7.0: Thu Jun 15 17:36:27 PDT 2017; root:xnu-3789.70.16~2/RELEASE_X86_64 x86_64
rlimit: STACK 8192k, CORE 0k, NPROC 709, NOFILE 10240, AS infinity
load average:2.51 1.81 1.58

CPU:total 4 (initial active 4) (2 cores per cpu, 2 threads per core) family 6 model 61 stepping 4, cmov, cx8, fxsr, mmx, sse, sse2, sse3, ssse3, sse4.1, sse4.2, popcnt, avx, avx2, aes, clmul, erms, 3dnowpref, lzcnt, ht, tsc, tscinvbit, bmi1, bmi2, adx

Memory: 4k page, physical 8388608k(81636k free)

/proc/meminfo:


vm_info: Java HotSpot(TM) 64-Bit Server VM (25.144-b01) for bsd-amd64 JRE (1.8.0_144-b01), built on Jul 21 2017 22:07:42 by "java_re" with gcc 4.2.1 (Based on Apple Inc. build 5658) (LLVM build 2336.11.00)

time: Sun Sep 24 18:12:28 2017
elapsed time: 12 seconds (0d 0h 0m 12s)

