#
# A fatal error has been detected by the Java Runtime Environment:
#
#  SIGSEGV (0xb) at pc=0x00007fff90df205d, pid=770, tid=0x0000000000000307
#
# JRE version: Java(TM) SE Runtime Environment (8.0_144-b01) (build 1.8.0_144-b01)
# Java VM: Java HotSpot(TM) 64-Bit Server VM (25.144-b01 mixed mode bsd-amd64 compressed oops)
# Problematic frame:
# C  [libobjc.A.dylib+0x705d]  objc_msgSend+0x1d
#
# Failed to write core dump. Core dumps have been disabled. To enable core dumping, try "ulimit -c unlimited" before starting Java again
#
# If you would like to submit a bug report, please visit:
#   http://bugreport.java.com/bugreport/crash.jsp
# The crash happened outside the Java Virtual Machine in native code.
# See problematic frame for where to report the bug.
#

---------------  T H R E A D  ---------------

Current thread (0x00007fdd360bd000):  JavaThread "AWT-AppKit" daemon [_thread_in_native, id=775, stack(0x00007fff5b689000,0x00007fff5be89000)]

siginfo: si_signo: 11 (SIGSEGV), si_code: 1 (SEGV_MAPERR), si_addr: 0x000007fdd3475168

Registers:
RAX=0x00007fdd398de7b0, RBX=0x000000018e899450, RCX=0x00007fdd36a014a0, RDX=0x0000000000000000
RSP=0x00007fff5be84208, RBP=0x00007fff5be842c0, RSI=0x00007fff7a67e116, RDI=0x00007fdd34790b60
R8 =0x0000000000000018, R9 =0x00007fdd36a00050, R10=0x000007fdd3475150, R11=0x00007fff7a67e116
R12=0x0000000000000000, R13=0x00000001934e3220, R14=0x000000018e899440, R15=0x00007fdd360bd000
RIP=0x00007fff90df205d, EFLAGS=0x0000000000010206, ERR=0x0000000000000004
  TRAPNO=0x000000000000000e

Top of Stack: (sp=0x00007fff5be84208)
0x00007fff5be84208:   000000018e897157 00007fff5be84260
0x00007fff5be84218:   0000000000000003 00007fff5be84240
0x00007fff5be84228:   0000000104df368e 00000001934e3220
0x00007fff5be84238:   00000001934e3220 00007fdd398de7b0
0x00007fff5be84248:   000000018e8996a0 000000018e899710
0x00007fff5be84258:   00007fff96e576d0 00007fff97a871e0
0x00007fff5be84268:   000000018e899450 000000018e899690
0x00007fff5be84278:   00007fdd398de7b0 00007fdd34790b60
0x00007fff5be84288:   00007fdd3463b780 00007fdd398de7b0
0x00007fff5be84298:   00007fdd34790b60 00007fff5be84348
0x00007fff5be842a8:   00007fdd360bd1f8 00000001934e3220
0x00007fff5be842b8:   00007fff5be84370 00007fff5be84338
0x00007fff5be842c8:   0000000105bbe9f4 00000001934e3220
0x00007fff5be842d8:   00007fff5be84370 00007fff5be84338
0x00007fff5be842e8:   0000000105bbe787 0000000105bbe742
0x00007fff5be842f8:   00007fff5be842f8 00000001934e3220
0x00007fff5be84308:   00007fff5be84370 00000001935064b0
0x00007fff5be84318:   0000000000000000 00000001934e3220
0x00007fff5be84328:   0000000000000000 00007fff5be84358
0x00007fff5be84338:   00007fff5be843b8 0000000105baf2bd
0x00007fff5be84348:   00000007405a6908 0000000105bb8538
0x00007fff5be84358:   00007fdd398de7b0 00007fff5be843b8
0x00007fff5be84368:   00007fdd34790b60 0000000105bb9e02
0x00007fff5be84378:   00007fff5be84378 00000001934e33ea
0x00007fff5be84388:   00007fff5be843e0 00000001935064b0
0x00007fff5be84398:   0000000000000000 00000001934e33f8
0x00007fff5be843a8:   00007fff5be84358 00007fff5be843c8
0x00007fff5be843b8:   00007fff5be84428 0000000105baf2bd
0x00007fff5be843c8:   00007fdd398de7b0 00000007403abd70
0x00007fff5be843d8:   00007fdd34790b60 00000007403abd70
0x00007fff5be843e8:   00007fff5be843e8 00000001954ee9d6
0x00007fff5be843f8:   00007fff5be84438 00000001954eea90 

Instructions: (pc=0x00007fff90df205d)
0x00007fff90df203d:   0f 1f 00 48 85 ff 2e 74 62 40 f6 c7 01 2e 75 66
0x00007fff90df204d:   49 ba f8 ff ff ff ff 7f 00 00 4c 23 17 49 89 f3
0x00007fff90df205d:   45 23 5a 18 49 c1 e3 04 4d 03 5a 10 49 3b 33 75
0x00007fff90df206d:   04 41 ff 63 08 49 83 3b 01 76 0d 49 83 c3 10 49 

Register to memory mapping:

RAX=0x00007fdd398de7b0 is an unknown value
RBX=0x000000018e899450: Java_jogamp_nativewindow_macosx_OSXUtil_GetScreenRefreshRate0+0x1cf0 in /private/var/folders/4g/xxzpq2px2tg5jwrm0_jx44dc0000gn/T/jogamp_0000/file_cache/jln3634224820181761040/jln793440409780333186/libnativewindow_macosx.jnilib at 0x000000018e892000
RCX=0x00007fdd36a014a0 is an unknown value
RDX=0x0000000000000000 is an unknown value
RSP=0x00007fff5be84208 is pointing into the stack for thread: 0x00007fdd360bd000
RBP=0x00007fff5be842c0 is pointing into the stack for thread: 0x00007fdd360bd000
RSI=0x00007fff7a67e116: __NSStyleNameIndexTable+0x7fd5e in /System/Library/Frameworks/AppKit.framework/Versions/C/AppKit at 0x00007fff79a11000
RDI=0x00007fdd34790b60 is an unknown value
R8 =0x0000000000000018 is an unknown value
R9 =0x00007fdd36a00050 is an unknown value
R10=0x000007fdd3475150 is an unknown value
R11=0x00007fff7a67e116: __NSStyleNameIndexTable+0x7fd5e in /System/Library/Frameworks/AppKit.framework/Versions/C/AppKit at 0x00007fff79a11000
R12=0x0000000000000000 is an unknown value
R13={method} {0x00000001934e3220} 'UnsetJAWTRootSurfaceLayer0' '(JJ)V' in 'jogamp/nativewindow/jawt/macosx/MacOSXJAWTWindow'
R14=0x000000018e899440: Java_jogamp_nativewindow_macosx_OSXUtil_GetScreenRefreshRate0+0x1ce0 in /private/var/folders/4g/xxzpq2px2tg5jwrm0_jx44dc0000gn/T/jogamp_0000/file_cache/jln3634224820181761040/jln793440409780333186/libnativewindow_macosx.jnilib at 0x000000018e892000
R15=0x00007fdd360bd000 is a thread


Stack: [0x00007fff5b689000,0x00007fff5be89000],  sp=0x00007fff5be84208,  free space=8172k
Native frames: (J=compiled Java code, j=interpreted, Vv=VM code, C=native code)
C  [libobjc.A.dylib+0x705d]  objc_msgSend+0x1d
j  jogamp.nativewindow.jawt.macosx.MacOSXJAWTWindow.UnsetJAWTRootSurfaceLayer0(JJ)V+0
j  jogamp.nativewindow.jawt.macosx.MacOSXJAWTWindow.access$200(JJ)V+2
j  jogamp.nativewindow.jawt.macosx.MacOSXJAWTWindow$1.run()V+38
J 3279 C1 com.jogamp.common.util.RunnableTask.run()V (345 bytes) @ 0x0000000106567334 [0x00000001065671a0+0x194]
v  ~StubRoutines::call_stub
V  [libjvm.dylib+0x2ee70a]  JavaCalls::call_helper(JavaValue*, methodHandle*, JavaCallArguments*, Thread*)+0x6ae
V  [libjvm.dylib+0x3258b9]  jni_invoke_nonstatic(JNIEnv_*, JavaValue*, _jobject*, JNICallType, _jmethodID*, JNI_ArgumentPusher*, Thread*)+0x2ec
V  [libjvm.dylib+0x318087]  jni_CallVoidMethod+0x16b
C  [libnativewindow_macosx.jnilib+0x5326]  Java_jogamp_nativewindow_jawt_macosx_MacOSXJAWTWindow_UnsetJAWTRootSurfaceLayer0+0x2b6
C  [Foundation+0x7152a]  __NSThreadPerformPerform+0x146
C  [CoreFoundation+0xa7321]  __CFRUNLOOP_IS_CALLING_OUT_TO_A_SOURCE0_PERFORM_FUNCTION__+0x11
C  [CoreFoundation+0x8821d]  __CFRunLoopDoSources0+0x22d
C  [CoreFoundation+0x87716]  __CFRunLoopRun+0x3a6
C  [CoreFoundation+0x87114]  CFRunLoopRunSpecific+0x1a4
C  [HIToolbox+0x30ebc]  RunCurrentEventLoopInMode+0xf0
C  [HIToolbox+0x30bf9]  ReceiveNextEventCommon+0xb8
C  [HIToolbox+0x30b26]  _BlockUntilNextEventMatchingListInModeWithFilter+0x47
C  [AppKit+0x46a54]  _DPSNextEvent+0x460
C  [AppKit+0x7c27ee]  -[NSApplication(NSEvent) _nextEventMatchingEventMask:untilDate:inMode:dequeue:]+0xaec
C  [libosxapp.dylib+0x23aa]  -[NSApplicationAWT nextEventMatchingMask:untilDate:inMode:dequeue:]+0x7c
C  [AppKit+0x3b3db]  -[NSApplication run]+0x39e
C  [libosxapp.dylib+0x214d]  +[NSApplicationAWT runAWTLoopWithApp:]+0x9c
C  [libawt_lwawt.dylib+0x45edf]  -[AWTStarter starter:]+0x389
C  [Foundation+0x7152a]  __NSThreadPerformPerform+0x146
C  [CoreFoundation+0xa7321]  __CFRUNLOOP_IS_CALLING_OUT_TO_A_SOURCE0_PERFORM_FUNCTION__+0x11
C  [CoreFoundation+0x8821d]  __CFRunLoopDoSources0+0x22d
C  [CoreFoundation+0x87716]  __CFRunLoopRun+0x3a6
C  [CoreFoundation+0x87114]  CFRunLoopRunSpecific+0x1a4
C  [java+0x6465]  CreateExecutionEnvironment+0x367
C  [java+0x218c]  JLI_Launch+0x7a0
C  [java+0x84c2]  main+0x65
C  [java+0x19e4]  start+0x34
C  0x0000000000000007

Java frames: (J=compiled Java code, j=interpreted, Vv=VM code)
j  jogamp.nativewindow.jawt.macosx.MacOSXJAWTWindow.UnsetJAWTRootSurfaceLayer0(JJ)V+0
j  jogamp.nativewindow.jawt.macosx.MacOSXJAWTWindow.access$200(JJ)V+2
j  jogamp.nativewindow.jawt.macosx.MacOSXJAWTWindow$1.run()V+38
J 3279 C1 com.jogamp.common.util.RunnableTask.run()V (345 bytes) @ 0x0000000106567334 [0x00000001065671a0+0x194]
v  ~StubRoutines::call_stub

---------------  P R O C E S S  ---------------

Java Threads: ( => current thread )
  0x00007fdd3578a000 JavaThread "Thread-19" [_thread_blocked, id=74235, stack(0x0000700007951000,0x0000700007a51000)]
  0x00007fdd353e1800 JavaThread "AWT-EventQueue-1" [_thread_in_native, id=69399, stack(0x00007000077cb000,0x00007000078cb000)]
  0x00007fdd36144800 JavaThread "DestroyJavaVM" [_thread_blocked, id=6915, stack(0x0000700006100000,0x0000700006200000)]
  0x00007fdd36114000 JavaThread "AWT-EventQueue-0" [_thread_blocked, id=58655, stack(0x00007000075c5000,0x00007000076c5000)]
  0x00007fdd351c5000 JavaThread "Java2D Disposer" daemon [_thread_blocked, id=57615, stack(0x000070000733c000,0x000070000743c000)]
  0x00007fdd34a65800 JavaThread "Java2D Queue Flusher" daemon [_thread_blocked, id=48439, stack(0x0000700007239000,0x0000700007339000)]
  0x00007fdd360e2800 JavaThread "AWT-Shutdown" [_thread_blocked, id=30495, stack(0x0000700007030000,0x0000700007130000)]
=>0x00007fdd360bd000 JavaThread "AWT-AppKit" daemon [_thread_in_native, id=775, stack(0x00007fff5b689000,0x00007fff5be89000)]
  0x00007fdd3483c800 JavaThread "Service Thread" daemon [_thread_blocked, id=18435, stack(0x0000700006da7000,0x0000700006ea7000)]
  0x00007fdd36015000 JavaThread "C1 CompilerThread2" daemon [_thread_blocked, id=17923, stack(0x0000700006ca4000,0x0000700006da4000)]
  0x00007fdd36014800 JavaThread "C2 CompilerThread1" daemon [_thread_blocked, id=17411, stack(0x0000700006ba1000,0x0000700006ca1000)]
  0x00007fdd36013000 JavaThread "C2 CompilerThread0" daemon [_thread_blocked, id=16899, stack(0x0000700006a9e000,0x0000700006b9e000)]
  0x00007fdd36012000 JavaThread "Signal Dispatcher" daemon [_thread_blocked, id=16387, stack(0x000070000699b000,0x0000700006a9b000)]
  0x00007fdd36001000 JavaThread "Finalizer" daemon [_thread_blocked, id=12291, stack(0x0000700006815000,0x0000700006915000)]
  0x00007fdd34865800 JavaThread "Reference Handler" daemon [_thread_blocked, id=11779, stack(0x0000700006712000,0x0000700006812000)]

Other Threads:
  0x00007fdd34861000 VMThread [stack: 0x000070000660f000,0x000070000670f000] [id=11267]
  0x00007fdd36007000 WatcherThread [stack: 0x0000700006eaa000,0x0000700006faa000] [id=18947]

VM state:not at safepoint (normal execution)

VM Mutex/Monitor currently owned by a thread: None

Heap:
 PSYoungGen      total 110080K, used 8852K [0x0000000795580000, 0x000000079d680000, 0x00000007c0000000)
  eden space 97280K, 4% used [0x0000000795580000,0x0000000795951c80,0x000000079b480000)
  from space 12800K, 38% used [0x000000079c080000,0x000000079c553450,0x000000079cd00000)
  to   space 12288K, 0% used [0x000000079b480000,0x000000079b480000,0x000000079c080000)
 ParOldGen       total 52224K, used 16599K [0x0000000740000000, 0x0000000743300000, 0x0000000795580000)
  object space 52224K, 31% used [0x0000000740000000,0x0000000741035eb8,0x0000000743300000)
 Metaspace       used 24958K, capacity 25395K, committed 25776K, reserved 1073152K
  class space    used 2496K, capacity 2628K, committed 2736K, reserved 1048576K

Card table byte_map: [0x0000000114ba7000,0x0000000114fa8000] byte_map_base: 0x00000001111a7000

Marking Bits: (ParMarkBitMap*) 0x00000001054f35d0
 Begin Bits: [0x0000000115253000, 0x0000000117253000)
 End Bits:   [0x0000000117253000, 0x0000000119253000)

Polling page: 0x0000000103e37000

CodeCache: size=245760Kb used=11077Kb max_used=11089Kb free=234682Kb
 bounds [0x0000000105ba7000, 0x0000000106697000, 0x0000000114ba7000]
 total_blobs=4166 nmethods=3217 adapters=862
 compilation: enabled

Compilation events (10 events):
Event: 16.820 Thread 0x00007fdd36015000 nmethod 3538 0x000000010667f490 code [0x000000010667f620, 0x000000010667fb50]
Event: 16.852 Thread 0x00007fdd36014800 3539       4       java.util.HashMap::putVal (300 bytes)
Event: 16.852 Thread 0x00007fdd36013000 3540       4       java.util.HashMap::put (13 bytes)
Event: 16.855 Thread 0x00007fdd36015000 3542  s!   2       sun.misc.URLClassPath::getLoader (243 bytes)
Event: 16.860 Thread 0x00007fdd36015000 nmethod 3542 0x0000000106680e50 code [0x0000000106681140, 0x0000000106682908]
Event: 16.864 Thread 0x00007fdd36014800 nmethod 3539 0x000000010667d250 code [0x000000010667d400, 0x000000010667d9e8]
Event: 16.864 Thread 0x00007fdd36014800 3541  s    4       sun.misc.URLClassPath::getNextLoader (88 bytes)
Event: 16.864 Thread 0x00007fdd36015000 3543       3       java.util.LinkedHashMap::afterNodeRemoval (65 bytes)
Event: 16.865 Thread 0x00007fdd36015000 nmethod 3543 0x0000000106685590 code [0x0000000106685700, 0x0000000106685ab0]
Event: 16.865 Thread 0x00007fdd36013000 nmethod 3540 0x0000000106684790 code [0x0000000106684940, 0x0000000106684f08]

GC Heap History (10 events):
Event: 4.058 GC heap before
{Heap before GC invocations=3 (full 0):
 PSYoungGen      total 38400K, used 8211K [0x0000000795580000, 0x0000000798000000, 0x00000007c0000000)
  eden space 33280K, 9% used [0x0000000795580000,0x00000007958884d0,0x0000000797600000)
  from space 5120K, 99% used [0x0000000797b00000,0x0000000797ffc790,0x0000000798000000)
  to   space 5120K, 0% used [0x0000000797600000,0x0000000797600000,0x0000000797b00000)
 ParOldGen       total 87552K, used 2942K [0x0000000740000000, 0x0000000745580000, 0x0000000795580000)
  object space 87552K, 3% used [0x0000000740000000,0x00000007402df918,0x0000000745580000)
 Metaspace       used 20832K, capacity 21259K, committed 21296K, reserved 1069056K
  class space    used 2171K, capacity 2326K, committed 2352K, reserved 1048576K
Event: 4.070 GC heap after
Heap after GC invocations=3 (full 0):
 PSYoungGen      total 38400K, used 5088K [0x0000000795580000, 0x000000079a080000, 0x00000007c0000000)
  eden space 33280K, 0% used [0x0000000795580000,0x0000000795580000,0x0000000797600000)
  from space 5120K, 99% used [0x0000000797600000,0x0000000797af82a0,0x0000000797b00000)
  to   space 5120K, 0% used [0x0000000799b80000,0x0000000799b80000,0x000000079a080000)
 ParOldGen       total 87552K, used 3542K [0x0000000740000000, 0x0000000745580000, 0x0000000795580000)
  object space 87552K, 4% used [0x0000000740000000,0x0000000740375830,0x0000000745580000)
 Metaspace       used 20832K, capacity 21259K, committed 21296K, reserved 1069056K
  class space    used 2171K, capacity 2326K, committed 2352K, reserved 1048576K
}
Event: 4.070 GC heap before
{Heap before GC invocations=4 (full 1):
 PSYoungGen      total 38400K, used 5088K [0x0000000795580000, 0x000000079a080000, 0x00000007c0000000)
  eden space 33280K, 0% used [0x0000000795580000,0x0000000795580000,0x0000000797600000)
  from space 5120K, 99% used [0x0000000797600000,0x0000000797af82a0,0x0000000797b00000)
  to   space 5120K, 0% used [0x0000000799b80000,0x0000000799b80000,0x000000079a080000)
 ParOldGen       total 87552K, used 3542K [0x0000000740000000, 0x0000000745580000, 0x0000000795580000)
  object space 87552K, 4% used [0x0000000740000000,0x0000000740375830,0x0000000745580000)
 Metaspace       used 20832K, capacity 21259K, committed 21296K, reserved 1069056K
  class space    used 2171K, capacity 2326K, committed 2352K, reserved 1048576K
Event: 4.103 GC heap after
Heap after GC invocations=4 (full 1):
 PSYoungGen      total 38400K, used 0K [0x0000000795580000, 0x000000079a080000, 0x00000007c0000000)
  eden space 33280K, 0% used [0x0000000795580000,0x0000000795580000,0x0000000797600000)
  from space 5120K, 0% used [0x0000000797600000,0x0000000797600000,0x0000000797b00000)
  to   space 5120K, 0% used [0x0000000799b80000,0x0000000799b80000,0x000000079a080000)
 ParOldGen       total 52224K, used 7385K [0x0000000740000000, 0x0000000743300000, 0x0000000795580000)
  object space 52224K, 14% used [0x0000000740000000,0x00000007407367e0,0x0000000743300000)
 Metaspace       used 20832K, capacity 21259K, committed 21296K, reserved 1069056K
  class space    used 2171K, capacity 2326K, committed 2352K, reserved 1048576K
}
Event: 5.080 GC heap before
{Heap before GC invocations=5 (full 1):
 PSYoungGen      total 38400K, used 33280K [0x0000000795580000, 0x000000079a080000, 0x00000007c0000000)
  eden space 33280K, 100% used [0x0000000795580000,0x0000000797600000,0x0000000797600000)
  from space 5120K, 0% used [0x0000000797600000,0x0000000797600000,0x0000000797b00000)
  to   space 5120K, 0% used [0x0000000799b80000,0x0000000799b80000,0x000000079a080000)
 ParOldGen       total 52224K, used 7385K [0x0000000740000000, 0x0000000743300000, 0x0000000795580000)
  object space 52224K, 14% used [0x0000000740000000,0x00000007407367e0,0x0000000743300000)
 Metaspace       used 23886K, capacity 24257K, committed 24368K, reserved 1071104K
  class space    used 2453K, capacity 2593K, committed 2608K, reserved 1048576K
Event: 5.091 GC heap after
Heap after GC invocations=5 (full 1):
 PSYoungGen      total 62976K, used 5117K [0x0000000795580000, 0x000000079a080000, 0x00000007c0000000)
  eden space 57856K, 0% used [0x0000000795580000,0x0000000795580000,0x0000000798e00000)
  from space 5120K, 99% used [0x0000000799b80000,0x000000079a07f490,0x000000079a080000)
  to   space 5120K, 0% used [0x0000000799680000,0x0000000799680000,0x0000000799b80000)
 ParOldGen       total 52224K, used 14535K [0x0000000740000000, 0x0000000743300000, 0x0000000795580000)
  object space 52224K, 27% used [0x0000000740000000,0x0000000740e31e38,0x0000000743300000)
 Metaspace       used 23886K, capacity 24257K, committed 24368K, reserved 1071104K
  class space    used 2453K, capacity 2593K, committed 2608K, reserved 1048576K
}
Event: 9.657 GC heap before
{Heap before GC invocations=6 (full 1):
 PSYoungGen      total 62976K, used 62973K [0x0000000795580000, 0x000000079a080000, 0x00000007c0000000)
  eden space 57856K, 100% used [0x0000000795580000,0x0000000798e00000,0x0000000798e00000)
  from space 5120K, 99% used [0x0000000799b80000,0x000000079a07f490,0x000000079a080000)
  to   space 5120K, 0% used [0x0000000799680000,0x0000000799680000,0x0000000799b80000)
 ParOldGen       total 52224K, used 14535K [0x0000000740000000, 0x0000000743300000, 0x0000000795580000)
  object space 52224K, 27% used [0x0000000740000000,0x0000000740e31e38,0x0000000743300000)
 Metaspace       used 24687K, capacity 25075K, committed 25264K, reserved 1071104K
  class space    used 2488K, capacity 2628K, committed 2736K, reserved 1048576K
Event: 9.663 GC heap after
Heap after GC invocations=6 (full 1):
 PSYoungGen      total 71680K, used 5085K [0x0000000795580000, 0x000000079cd00000, 0x00000007c0000000)
  eden space 66560K, 0% used [0x0000000795580000,0x0000000795580000,0x0000000799680000)
  from space 5120K, 99% used [0x0000000799680000,0x0000000799b77480,0x0000000799b80000)
  to   space 12800K, 0% used [0x000000079c080000,0x000000079c080000,0x000000079cd00000)
 ParOldGen       total 52224K, used 16591K [0x0000000740000000, 0x0000000743300000, 0x0000000795580000)
  object space 52224K, 31% used [0x0000000740000000,0x0000000741033eb8,0x0000000743300000)
 Metaspace       used 24687K, capacity 25075K, committed 25264K, reserved 1071104K
  class space    used 2488K, capacity 2628K, committed 2736K, reserved 1048576K
}
Event: 16.803 GC heap before
{Heap before GC invocations=7 (full 1):
 PSYoungGen      total 71680K, used 71645K [0x0000000795580000, 0x000000079cd00000, 0x00000007c0000000)
  eden space 66560K, 100% used [0x0000000795580000,0x0000000799680000,0x0000000799680000)
  from space 5120K, 99% used [0x0000000799680000,0x0000000799b77480,0x0000000799b80000)
  to   space 12800K, 0% used [0x000000079c080000,0x000000079c080000,0x000000079cd00000)
 ParOldGen       total 52224K, used 16591K [0x0000000740000000, 0x0000000743300000, 0x0000000795580000)
  object space 52224K, 31% used [0x0000000740000000,0x0000000741033eb8,0x0000000743300000)
 Metaspace       used 24926K, capacity 25331K, committed 25520K, reserved 1073152K
  class space    used 2488K, capacity 2628K, committed 2736K, reserved 1048576K
Event: 16.807 GC heap after
Heap after GC invocations=7 (full 1):
 PSYoungGen      total 110080K, used 4941K [0x0000000795580000, 0x000000079d680000, 0x00000007c0000000)
  eden space 97280K, 0% used [0x0000000795580000,0x0000000795580000,0x000000079b480000)
  from space 12800K, 38% used [0x000000079c080000,0x000000079c553450,0x000000079cd00000)
  to   space 12288K, 0% used [0x000000079b480000,0x000000079b480000,0x000000079c080000)
 ParOldGen       total 52224K, used 16599K [0x0000000740000000, 0x0000000743300000, 0x0000000795580000)
  object space 52224K, 31% used [0x0000000740000000,0x0000000741035eb8,0x0000000743300000)
 Metaspace       used 24926K, capacity 25331K, committed 25520K, reserved 1073152K
  class space    used 2488K, capacity 2628K, committed 2736K, reserved 1048576K
}

Deoptimization events (10 events):
Event: 13.902 Thread 0x00007fdd353e1800 Uncommon trap: reason=class_check action=maybe_recompile pc=0x00000001064674c0 method=module5.CommonMarker.draw(Lprocessing/core/PGraphics;FF)V @ 25
Event: 14.152 Thread 0x00007fdd353e1800 Uncommon trap: reason=class_check action=maybe_recompile pc=0x00000001064674c0 method=module5.CommonMarker.draw(Lprocessing/core/PGraphics;FF)V @ 25
Event: 14.169 Thread 0x00007fdd353e1800 Uncommon trap: reason=class_check action=maybe_recompile pc=0x00000001064674c0 method=module5.CommonMarker.draw(Lprocessing/core/PGraphics;FF)V @ 25
Event: 16.820 Thread 0x00007fdd353e1800 Uncommon trap: reason=unstable_if action=reinterpret pc=0x00000001063dd128 method=com.jogamp.common.util.VersionNumber.compareTo(Lcom/jogamp/common/util/VersionNumber;)I @ 21
Event: 16.822 Thread 0x00007fdd36114000 Uncommon trap: reason=unstable_if action=reinterpret pc=0x0000000106407d54 method=java.awt.Font.equals(Ljava/lang/Object;)Z @ 2
Event: 16.852 Thread 0x00007fdd34aa0800 Uncommon trap: reason=bimorphic action=maybe_recompile pc=0x00000001061375f8 method=java.util.HashMap.putVal(ILjava/lang/Object;Ljava/lang/Object;ZZ)Ljava/lang/Object; @ 91
Event: 16.852 Thread 0x00007fdd34aa0800 Uncommon trap: reason=bimorphic action=maybe_recompile pc=0x00000001061375f8 method=java.util.HashMap.putVal(ILjava/lang/Object;Ljava/lang/Object;ZZ)Ljava/lang/Object; @ 91
Event: 16.852 Thread 0x00007fdd34aa0800 Uncommon trap: reason=bimorphic action=maybe_recompile pc=0x00000001061375f8 method=java.util.HashMap.putVal(ILjava/lang/Object;Ljava/lang/Object;ZZ)Ljava/lang/Object; @ 91
Event: 16.852 Thread 0x00007fdd34aa0800 Uncommon trap: reason=bimorphic action=maybe_recompile pc=0x00000001061375f8 method=java.util.HashMap.putVal(ILjava/lang/Object;Ljava/lang/Object;ZZ)Ljava/lang/Object; @ 91
Event: 16.852 Thread 0x00007fdd34aa0800 Uncommon trap: reason=class_check action=maybe_recompile pc=0x000000010604ee90 method=java.util.HashMap.putVal(ILjava/lang/Object;Ljava/lang/Object;ZZ)Ljava/lang/Object; @ 91

Internal exceptions (10 events):
Event: 0.172 Thread 0x00007fdd35801800 Exception <a 'java/lang/NoSuchFieldError': method resolution failed> (0x00000007957959f8) thrown at [/Users/java_re/workspace/8-2-build-macosx-x86_64/jdk8u144/9417/hotspot/src/share/vm/prims/methodHandles.cpp, line 1146]
Event: 0.346 Thread 0x00007fdd35801800 Exception <a 'java/io/FileNotFoundException'> (0x0000000795810ec0) thrown at [/Users/java_re/workspace/8-2-build-macosx-x86_64/jdk8u144/9417/hotspot/src/share/vm/prims/jni.cpp, line 709]
Event: 0.346 Thread 0x00007fdd35801800 Exception <a 'java/io/FileNotFoundException'> (0x0000000795811a28) thrown at [/Users/java_re/workspace/8-2-build-macosx-x86_64/jdk8u144/9417/hotspot/src/share/vm/prims/jni.cpp, line 709]
Event: 0.438 Thread 0x00007fdd35801800 Exception <a 'java/io/FileNotFoundException'> (0x0000000795958490) thrown at [/Users/java_re/workspace/8-2-build-macosx-x86_64/jdk8u144/9417/hotspot/src/share/vm/prims/jni.cpp, line 709]
Event: 2.645 Thread 0x00007fdd352b9000 Exception <a 'java/lang/UnsatisfiedLinkError': com.jogamp.common.util.JarUtil.fixNativeLibAttribs(Ljava/lang/String;)Z> (0x0000000796cdf7c0) thrown at [/Users/java_re/workspace/8-2-build-macosx-x86_64/jdk8u144/9417/hotspot/src/share/vm/prims/nativeLookup.
Event: 2.857 Thread 0x00007fdd36001000 Exception <a 'java/lang/NullPointerException'> (0x00000007956a1858) thrown at [/Users/java_re/workspace/8-2-build-macosx-x86_64/jdk8u144/9417/hotspot/src/share/vm/interpreter/linkResolver.cpp, line 1197]
Event: 3.520 Thread 0x00007fdd353e1800 Exception <a 'java/io/FileNotFoundException'> (0x0000000796190a40) thrown at [/Users/java_re/workspace/8-2-build-macosx-x86_64/jdk8u144/9417/hotspot/src/share/vm/prims/jni.cpp, line 709]
Event: 3.520 Thread 0x00007fdd353e1800 Exception <a 'java/io/FileNotFoundException'> (0x000000079619a368) thrown at [/Users/java_re/workspace/8-2-build-macosx-x86_64/jdk8u144/9417/hotspot/src/share/vm/prims/jni.cpp, line 709]
Event: 3.521 Thread 0x00007fdd353e1800 Implicit null exception at 0x0000000105d84236 to 0x0000000105d845f9
Event: 3.862 Thread 0x00007fdd353e1800 Implicit null exception at 0x0000000105f90ac6 to 0x0000000105f90d0d

Events (10 events):
Event: 16.865 loading class jogamp/nativewindow/jawt/macosx/MacOSXJAWTWindow$1
Event: 16.865 loading class jogamp/nativewindow/jawt/macosx/MacOSXJAWTWindow$1 done
Event: 16.867 loading class java/awt/LightweightDispatcher$2
Event: 16.867 loading class java/awt/LightweightDispatcher$2 done
Event: 16.867 loading class java/awt/event/AWTEventListenerProxy
Event: 16.867 loading class java/awt/event/AWTEventListenerProxy done
Event: 16.867 Executing VM operation: Deoptimize
Event: 16.868 Executing VM operation: Deoptimize done
Event: 16.868 loading class java/awt/Toolkit$ToolkitEventMulticaster
Event: 16.868 loading class java/awt/Toolkit$ToolkitEventMulticaster done


Dynamic libraries:
0x0000000006b60000 	/System/Library/Frameworks/Cocoa.framework/Versions/A/Cocoa
0x0000000006b60000 	/System/Library/Frameworks/Security.framework/Versions/A/Security
0x0000000006b60000 	/System/Library/Frameworks/ApplicationServices.framework/Versions/A/ApplicationServices
0x0000000006b60000 	/usr/lib/libz.1.dylib
0x0000000006b60000 	/usr/lib/libSystem.B.dylib
0x0000000006b60000 	/usr/lib/libobjc.A.dylib
0x0000000006b60000 	/System/Library/Frameworks/CoreFoundation.framework/Versions/A/CoreFoundation
0x0000000006b60000 	/System/Library/Frameworks/Foundation.framework/Versions/C/Foundation
0x0000000006b60000 	/System/Library/Frameworks/AppKit.framework/Versions/C/AppKit
0x0000000006b60000 	/System/Library/Frameworks/CoreData.framework/Versions/A/CoreData
0x0000000006b60000 	/System/Library/PrivateFrameworks/RemoteViewServices.framework/Versions/A/RemoteViewServices
0x0000000006b60000 	/System/Library/PrivateFrameworks/UIFoundation.framework/Versions/A/UIFoundation
0x0000000006b60000 	/System/Library/PrivateFrameworks/DFRFoundation.framework/Versions/A/DFRFoundation
0x0000000006b60000 	/usr/lib/libenergytrace.dylib
0x0000000006b60000 	/System/Library/PrivateFrameworks/SkyLight.framework/Versions/A/SkyLight
0x0000000006b60000 	/System/Library/Frameworks/CoreGraphics.framework/Versions/A/CoreGraphics
0x0000000006b60000 	/usr/lib/libScreenReader.dylib
0x0000000006b60000 	/System/Library/Frameworks/Accelerate.framework/Versions/A/Accelerate
0x0000000006b60000 	/System/Library/Frameworks/IOSurface.framework/Versions/A/IOSurface
0x0000000006b60000 	/System/Library/Frameworks/AudioToolbox.framework/Versions/A/AudioToolbox
0x0000000006b60000 	/System/Library/Frameworks/AudioUnit.framework/Versions/A/AudioUnit
0x0000000006b60000 	/System/Library/PrivateFrameworks/DataDetectorsCore.framework/Versions/A/DataDetectorsCore
0x0000000006b60000 	/System/Library/PrivateFrameworks/DesktopServicesPriv.framework/Versions/A/DesktopServicesPriv
0x0000000006b60000 	/System/Library/Frameworks/Carbon.framework/Versions/A/Frameworks/HIToolbox.framework/Versions/A/HIToolbox
0x0000000006b60000 	/usr/lib/libicucore.A.dylib
0x0000000006b60000 	/System/Library/Frameworks/QuartzCore.framework/Versions/A/QuartzCore
0x0000000006b60000 	/System/Library/Frameworks/Carbon.framework/Versions/A/Frameworks/SpeechRecognition.framework/Versions/A/SpeechRecognition
0x0000000006b60000 	/usr/lib/libauto.dylib
0x0000000006b60000 	/usr/lib/libxml2.2.dylib
0x0000000006b60000 	/System/Library/PrivateFrameworks/CoreUI.framework/Versions/A/CoreUI
0x0000000006b60000 	/System/Library/Frameworks/CoreAudio.framework/Versions/A/CoreAudio
0x0000000006b60000 	/System/Library/Frameworks/DiskArbitration.framework/Versions/A/DiskArbitration
0x0000000006b60000 	/usr/lib/liblangid.dylib
0x0000000006b60000 	/System/Library/PrivateFrameworks/MultitouchSupport.framework/Versions/A/MultitouchSupport
0x0000000006b60000 	/System/Library/Frameworks/IOKit.framework/Versions/A/IOKit
0x0000000006b60000 	/usr/lib/libDiagnosticMessagesClient.dylib
0x0000000006b60000 	/System/Library/Frameworks/CoreServices.framework/Versions/A/CoreServices
0x0000000006b60000 	/System/Library/PrivateFrameworks/PerformanceAnalysis.framework/Versions/A/PerformanceAnalysis
0x0000000006b60000 	/System/Library/PrivateFrameworks/GenerationalStorage.framework/Versions/A/GenerationalStorage
0x0000000006b60000 	/System/Library/Frameworks/OpenGL.framework/Versions/A/OpenGL
0x0000000006b60000 	/System/Library/Frameworks/CoreImage.framework/Versions/A/CoreImage
0x0000000006b60000 	/System/Library/Frameworks/CoreText.framework/Versions/A/CoreText
0x0000000006b60000 	/System/Library/Frameworks/ImageIO.framework/Versions/A/ImageIO
0x0000000006b60000 	/System/Library/PrivateFrameworks/Backup.framework/Versions/A/Backup
0x0000000006b60000 	/usr/lib/libarchive.2.dylib
0x0000000006b60000 	/System/Library/Frameworks/CFNetwork.framework/Versions/A/CFNetwork
0x0000000006b60000 	/System/Library/Frameworks/SystemConfiguration.framework/Versions/A/SystemConfiguration
0x0000000006b60000 	/usr/lib/libCRFSuite.dylib
0x0000000006b60000 	/usr/lib/libc++.1.dylib
0x0000000006b60000 	/usr/lib/libc++abi.dylib
0x0000000006b60000 	/usr/lib/system/libcache.dylib
0x0000000006b60000 	/usr/lib/system/libcommonCrypto.dylib
0x0000000006b60000 	/usr/lib/system/libcompiler_rt.dylib
0x0000000006b60000 	/usr/lib/system/libcopyfile.dylib
0x0000000006b60000 	/usr/lib/system/libcorecrypto.dylib
0x0000000006b60000 	/usr/lib/system/libdispatch.dylib
0x0000000006b60000 	/usr/lib/system/libdyld.dylib
0x0000000006b60000 	/usr/lib/system/libkeymgr.dylib
0x0000000006b60000 	/usr/lib/system/liblaunch.dylib
0x0000000006b60000 	/usr/lib/system/libmacho.dylib
0x0000000006b60000 	/usr/lib/system/libquarantine.dylib
0x0000000006b60000 	/usr/lib/system/libremovefile.dylib
0x0000000006b60000 	/usr/lib/system/libsystem_asl.dylib
0x0000000006b60000 	/usr/lib/system/libsystem_blocks.dylib
0x0000000006b60000 	/usr/lib/system/libsystem_c.dylib
0x0000000006b60000 	/usr/lib/system/libsystem_configuration.dylib
0x0000000006b60000 	/usr/lib/system/libsystem_coreservices.dylib
0x0000000006b60000 	/usr/lib/system/libsystem_coretls.dylib
0x0000000006b60000 	/usr/lib/system/libsystem_dnssd.dylib
0x0000000006b60000 	/usr/lib/system/libsystem_info.dylib
0x0000000006b60000 	/usr/lib/system/libsystem_kernel.dylib
0x0000000006b60000 	/usr/lib/system/libsystem_m.dylib
0x0000000006b60000 	/usr/lib/system/libsystem_malloc.dylib
0x0000000006b60000 	/usr/lib/system/libsystem_network.dylib
0x0000000006b60000 	/usr/lib/system/libsystem_networkextension.dylib
0x0000000006b60000 	/usr/lib/system/libsystem_notify.dylib
0x0000000006b60000 	/usr/lib/system/libsystem_platform.dylib
0x0000000006b60000 	/usr/lib/system/libsystem_pthread.dylib
0x0000000006b60000 	/usr/lib/system/libsystem_sandbox.dylib
0x0000000006b60000 	/usr/lib/system/libsystem_secinit.dylib
0x0000000006b60000 	/usr/lib/system/libsystem_symptoms.dylib
0x0000000006b60000 	/usr/lib/system/libsystem_trace.dylib
0x0000000006b60000 	/usr/lib/system/libunwind.dylib
0x0000000006b60000 	/usr/lib/system/libxpc.dylib
0x0000000006b60000 	/usr/lib/libbsm.0.dylib
0x0000000006b60000 	/usr/lib/system/libkxld.dylib
0x0000000006b60000 	/usr/lib/libcoretls.dylib
0x0000000006b60000 	/usr/lib/libcoretls_cfhelpers.dylib
0x0000000006b60000 	/usr/lib/libOpenScriptingUtil.dylib
0x0000000006b60000 	/usr/lib/libpam.2.dylib
0x0000000006b60000 	/usr/lib/libsqlite3.dylib
0x0000000006b60000 	/usr/lib/libxar.1.dylib
0x0000000006b60000 	/usr/lib/libbz2.1.0.dylib
0x0000000006b60000 	/usr/lib/liblzma.5.dylib
0x0000000006b60000 	/usr/lib/libnetwork.dylib
0x0000000006b60000 	/usr/lib/libpcap.A.dylib
0x0000000006b60000 	/System/Library/Frameworks/CoreServices.framework/Versions/A/Frameworks/FSEvents.framework/Versions/A/FSEvents
0x0000000006b60000 	/System/Library/Frameworks/CoreServices.framework/Versions/A/Frameworks/CarbonCore.framework/Versions/A/CarbonCore
0x0000000006b60000 	/System/Library/Frameworks/CoreServices.framework/Versions/A/Frameworks/Metadata.framework/Versions/A/Metadata
0x0000000006b60000 	/System/Library/Frameworks/CoreServices.framework/Versions/A/Frameworks/OSServices.framework/Versions/A/OSServices
0x0000000006b60000 	/System/Library/Frameworks/CoreServices.framework/Versions/A/Frameworks/SearchKit.framework/Versions/A/SearchKit
0x0000000006b60000 	/System/Library/Frameworks/CoreServices.framework/Versions/A/Frameworks/AE.framework/Versions/A/AE
0x0000000006b60000 	/System/Library/Frameworks/CoreServices.framework/Versions/A/Frameworks/LaunchServices.framework/Versions/A/LaunchServices
0x0000000006b60000 	/System/Library/Frameworks/CoreServices.framework/Versions/A/Frameworks/DictionaryServices.framework/Versions/A/DictionaryServices
0x0000000006b60000 	/System/Library/Frameworks/CoreServices.framework/Versions/A/Frameworks/SharedFileList.framework/Versions/A/SharedFileList
0x0000000006b60000 	/System/Library/Frameworks/NetFS.framework/Versions/A/NetFS
0x0000000006b60000 	/System/Library/PrivateFrameworks/NetAuth.framework/Versions/A/NetAuth
0x0000000006b60000 	/System/Library/PrivateFrameworks/login.framework/Versions/A/Frameworks/loginsupport.framework/Versions/A/loginsupport
0x0000000006b60000 	/System/Library/PrivateFrameworks/TCC.framework/Versions/A/TCC
0x0000000006b60000 	/usr/lib/libmecabra.dylib
0x0000000006b60000 	/System/Library/Frameworks/ApplicationServices.framework/Versions/A/Frameworks/ATS.framework/Versions/A/ATS
0x0000000006b60000 	/System/Library/Frameworks/ApplicationServices.framework/Versions/A/Frameworks/ColorSync.framework/Versions/A/ColorSync
0x0000000006b60000 	/System/Library/Frameworks/ApplicationServices.framework/Versions/A/Frameworks/HIServices.framework/Versions/A/HIServices
0x0000000006b60000 	/System/Library/Frameworks/ApplicationServices.framework/Versions/A/Frameworks/LangAnalysis.framework/Versions/A/LangAnalysis
0x0000000006b60000 	/System/Library/Frameworks/ApplicationServices.framework/Versions/A/Frameworks/PrintCore.framework/Versions/A/PrintCore
0x0000000006b60000 	/System/Library/Frameworks/ApplicationServices.framework/Versions/A/Frameworks/QD.framework/Versions/A/QD
0x0000000006b60000 	/System/Library/Frameworks/ApplicationServices.framework/Versions/A/Frameworks/SpeechSynthesis.framework/Versions/A/SpeechSynthesis
0x0000000006b60000 	/System/Library/Frameworks/Accelerate.framework/Versions/A/Frameworks/vImage.framework/Versions/A/vImage
0x0000000006b60000 	/System/Library/Frameworks/Accelerate.framework/Versions/A/Frameworks/vecLib.framework/Versions/A/vecLib
0x0000000006b60000 	/System/Library/Frameworks/Accelerate.framework/Versions/A/Frameworks/vecLib.framework/Versions/A/libvDSP.dylib
0x0000000006b60000 	/System/Library/Frameworks/Accelerate.framework/Versions/A/Frameworks/vecLib.framework/Versions/A/libBNNS.dylib
0x0000000006b60000 	/System/Library/Frameworks/Accelerate.framework/Versions/A/Frameworks/vecLib.framework/Versions/A/libQuadrature.dylib
0x0000000006b60000 	/System/Library/Frameworks/Accelerate.framework/Versions/A/Frameworks/vecLib.framework/Versions/A/libvMisc.dylib
0x0000000006b60000 	/System/Library/Frameworks/Accelerate.framework/Versions/A/Frameworks/vecLib.framework/Versions/A/libLAPACK.dylib
0x0000000006b60000 	/System/Library/Frameworks/Accelerate.framework/Versions/A/Frameworks/vecLib.framework/Versions/A/libBLAS.dylib
0x0000000006b60000 	/System/Library/Frameworks/Accelerate.framework/Versions/A/Frameworks/vecLib.framework/Versions/A/libLinearAlgebra.dylib
0x0000000006b60000 	/System/Library/Frameworks/Accelerate.framework/Versions/A/Frameworks/vecLib.framework/Versions/A/libSparseBLAS.dylib
0x0000000006b60000 	/System/Library/Frameworks/ApplicationServices.framework/Versions/A/Frameworks/ATS.framework/Versions/A/Resources/libFontParser.dylib
0x0000000006b60000 	/System/Library/Frameworks/ApplicationServices.framework/Versions/A/Frameworks/ATS.framework/Versions/A/Resources/libFontRegistry.dylib
0x0000000006b60000 	/System/Library/Frameworks/ImageIO.framework/Versions/A/Resources/libJPEG.dylib
0x0000000006b60000 	/System/Library/Frameworks/ImageIO.framework/Versions/A/Resources/libTIFF.dylib
0x0000000006b60000 	/System/Library/Frameworks/ImageIO.framework/Versions/A/Resources/libPng.dylib
0x0000000006b60000 	/System/Library/Frameworks/ImageIO.framework/Versions/A/Resources/libGIF.dylib
0x0000000006b60000 	/System/Library/Frameworks/ImageIO.framework/Versions/A/Resources/libJP2.dylib
0x0000000006b60000 	/System/Library/Frameworks/ImageIO.framework/Versions/A/Resources/libRadiance.dylib
0x0000000006b60000 	/usr/lib/libcompression.dylib
0x0000000006b60000 	/System/Library/PrivateFrameworks/AppleJPEG.framework/Versions/A/AppleJPEG
0x0000000006b60000 	/usr/lib/libcups.2.dylib
0x0000000006b60000 	/System/Library/Frameworks/Kerberos.framework/Versions/A/Kerberos
0x0000000006b60000 	/System/Library/Frameworks/GSS.framework/Versions/A/GSS
0x0000000006b60000 	/usr/lib/libresolv.9.dylib
0x0000000006b60000 	/usr/lib/libiconv.2.dylib
0x0000000006b60000 	/System/Library/PrivateFrameworks/Heimdal.framework/Versions/A/Heimdal
0x0000000006b60000 	/usr/lib/libheimdal-asn1.dylib
0x0000000006b60000 	/System/Library/Frameworks/OpenDirectory.framework/Versions/A/OpenDirectory
0x0000000006b60000 	/System/Library/PrivateFrameworks/CommonAuth.framework/Versions/A/CommonAuth
0x0000000006b60000 	/System/Library/Frameworks/OpenDirectory.framework/Versions/A/Frameworks/CFOpenDirectory.framework/Versions/A/CFOpenDirectory
0x0000000006b60000 	/System/Library/Frameworks/SecurityFoundation.framework/Versions/A/SecurityFoundation
0x0000000006b60000 	/System/Library/PrivateFrameworks/LanguageModeling.framework/Versions/A/LanguageModeling
0x0000000006b60000 	/usr/lib/libmarisa.dylib
0x0000000006b60000 	/usr/lib/libChineseTokenizer.dylib
0x0000000006b60000 	/usr/lib/libcmph.dylib
0x0000000006b60000 	/System/Library/PrivateFrameworks/CoreEmoji.framework/Versions/A/CoreEmoji
0x0000000006b60000 	/System/Library/Frameworks/ServiceManagement.framework/Versions/A/ServiceManagement
0x0000000006b60000 	/usr/lib/libxslt.1.dylib
0x0000000006b60000 	/System/Library/Frameworks/Carbon.framework/Versions/A/Frameworks/Ink.framework/Versions/A/Ink
0x0000000006b60000 	/System/Library/PrivateFrameworks/TextureIO.framework/Versions/A/TextureIO
0x0000000006b60000 	/System/Library/Frameworks/Metal.framework/Versions/A/Metal
0x0000000006b60000 	/usr/lib/libate.dylib
0x0000000006b60000 	/System/Library/PrivateFrameworks/GPUCompiler.framework/libmetal_timestamp.dylib
0x0000000006b60000 	/System/Library/Frameworks/OpenGL.framework/Versions/A/Libraries/libCoreFSCache.dylib
0x0000000006b60000 	/System/Library/PrivateFrameworks/IOAccelerator.framework/Versions/A/IOAccelerator
0x0000000006b60000 	/System/Library/Frameworks/CoreVideo.framework/Versions/A/CoreVideo
0x0000000006b60000 	/usr/lib/libFosl_dynamic.dylib
0x0000000006b60000 	/System/Library/PrivateFrameworks/MetalPerformanceShaders.framework/Versions/A/MetalPerformanceShaders
0x0000000006b60000 	/System/Library/PrivateFrameworks/FaceCore.framework/Versions/A/FaceCore
0x0000000006b60000 	/System/Library/Frameworks/OpenCL.framework/Versions/A/OpenCL
0x0000000006b60000 	/System/Library/Frameworks/OpenGL.framework/Versions/A/Libraries/libGLU.dylib
0x0000000006b60000 	/System/Library/Frameworks/OpenGL.framework/Versions/A/Libraries/libGFXShared.dylib
0x0000000006b60000 	/System/Library/Frameworks/OpenGL.framework/Versions/A/Libraries/libGL.dylib
0x0000000006b60000 	/System/Library/Frameworks/OpenGL.framework/Versions/A/Libraries/libGLImage.dylib
0x0000000006b60000 	/System/Library/Frameworks/OpenGL.framework/Versions/A/Libraries/libCVMSPluginSupport.dylib
0x0000000006b60000 	/System/Library/Frameworks/OpenGL.framework/Versions/A/Libraries/libCoreVMClient.dylib
0x0000000006b60000 	/System/Library/PrivateFrameworks/CrashReporterSupport.framework/Versions/A/CrashReporterSupport
0x0000000006b60000 	/System/Library/PrivateFrameworks/Sharing.framework/Versions/A/Sharing
0x0000000006b60000 	/System/Library/PrivateFrameworks/IconServices.framework/Versions/A/IconServices
0x0000000006b60000 	/System/Library/PrivateFrameworks/ProtocolBuffer.framework/Versions/A/ProtocolBuffer
0x0000000006b60000 	/System/Library/PrivateFrameworks/Apple80211.framework/Versions/A/Apple80211
0x0000000006b60000 	/System/Library/Frameworks/CoreWLAN.framework/Versions/A/CoreWLAN
0x0000000006b60000 	/System/Library/PrivateFrameworks/CoreUtils.framework/Versions/A/CoreUtils
0x0000000006b60000 	/System/Library/Frameworks/IOBluetooth.framework/Versions/A/IOBluetooth
0x0000000006b60000 	/System/Library/PrivateFrameworks/CoreWiFi.framework/Versions/A/CoreWiFi
0x0000000006b60000 	/System/Library/Frameworks/CoreBluetooth.framework/Versions/A/CoreBluetooth
0x0000000006b60000 	/System/Library/Frameworks/CoreDisplay.framework/Versions/A/CoreDisplay
0x0000000006b60000 	/System/Library/PrivateFrameworks/IOPresentment.framework/Versions/A/IOPresentment
0x0000000006b60000 	/System/Library/PrivateFrameworks/DSExternalDisplay.framework/Versions/A/DSExternalDisplay
0x0000000006b60000 	/System/Library/PrivateFrameworks/DebugSymbols.framework/Versions/A/DebugSymbols
0x0000000006b60000 	/System/Library/PrivateFrameworks/CoreSymbolication.framework/Versions/A/CoreSymbolication
0x0000000006b60000 	/System/Library/PrivateFrameworks/Symbolication.framework/Versions/A/Symbolication
0x0000000006b60000 	/System/Library/PrivateFrameworks/AppleFSCompression.framework/Versions/A/AppleFSCompression
0x0000000006b60000 	/System/Library/PrivateFrameworks/SpeechRecognitionCore.framework/Versions/A/SpeechRecognitionCore
0x0000000006b60000 	/System/Library/PrivateFrameworks/ChunkingLibrary.framework/Versions/A/ChunkingLibrary
0x0000000104c00000 	/Library/Java/JavaVirtualMachines/jdk1.8.0_144.jdk/Contents/Home/jre/lib/server/libjvm.dylib
0x0000000006b60000 	/usr/lib/libstdc++.6.dylib
0x0000000103df4000 	/Library/Java/JavaVirtualMachines/jdk1.8.0_144.jdk/Contents/Home/jre/lib/libverify.dylib
0x0000000103e02000 	/Library/Java/JavaVirtualMachines/jdk1.8.0_144.jdk/Contents/Home/jre/lib/libjava.dylib
0x0000000103e41000 	/Library/Java/JavaVirtualMachines/jdk1.8.0_144.jdk/Contents/Home/jre/lib/libzip.dylib
0x000000011afef000 	/System/Library/Frameworks/JavaVM.framework/Frameworks/JavaRuntimeSupport.framework/JavaRuntimeSupport
0x000000011b009000 	/System/Library/Frameworks/JavaVM.framework/Versions/A/Frameworks/JavaNativeFoundation.framework/Versions/A/JavaNativeFoundation
0x000000011b01e000 	/System/Library/Frameworks/JavaVM.framework/Versions/A/JavaVM
0x0000000006b60000 	/System/Library/Frameworks/Carbon.framework/Versions/A/Carbon
0x000000010429b000 	/System/Library/PrivateFrameworks/JavaLaunching.framework/Versions/A/JavaLaunching
0x0000000006b60000 	/System/Library/Frameworks/Carbon.framework/Versions/A/Frameworks/CommonPanels.framework/Versions/A/CommonPanels
0x0000000006b60000 	/System/Library/Frameworks/Carbon.framework/Versions/A/Frameworks/Help.framework/Versions/A/Help
0x0000000006b60000 	/System/Library/Frameworks/Carbon.framework/Versions/A/Frameworks/ImageCapture.framework/Versions/A/ImageCapture
0x0000000006b60000 	/System/Library/Frameworks/Carbon.framework/Versions/A/Frameworks/OpenScripting.framework/Versions/A/OpenScripting
0x0000000006b60000 	/System/Library/Frameworks/Carbon.framework/Versions/A/Frameworks/Print.framework/Versions/A/Print
0x0000000006b60000 	/System/Library/Frameworks/Carbon.framework/Versions/A/Frameworks/SecurityHI.framework/Versions/A/SecurityHI
0x000000011c92c000 	/Library/Java/JavaVirtualMachines/jdk1.8.0_144.jdk/Contents/Home/jre/lib/libawt.dylib
0x000000011c9d4000 	/Library/Java/JavaVirtualMachines/jdk1.8.0_144.jdk/Contents/Home/jre/lib/./libmlib_image.dylib
0x000000011caa0000 	/Library/Java/JavaVirtualMachines/jdk1.8.0_144.jdk/Contents/Home/jre/lib/libawt_lwawt.dylib
0x000000011cb57000 	/Library/Java/JavaVirtualMachines/jdk1.8.0_144.jdk/Contents/Home/jre/lib/./libosxapp.dylib
0x0000000006b60000 	/System/Library/Frameworks/ExceptionHandling.framework/Versions/A/ExceptionHandling
0x0000000006b60000 	/System/Library/PrivateFrameworks/CoreServicesInternal.framework/Versions/A/CoreServicesInternal
0x0000000006b60000 	/System/Library/CoreServices/RawCamera.bundle/Contents/MacOS/RawCamera
0x0000000006b60000 	/System/Library/Frameworks/Accelerate.framework/Versions/A/Frameworks/vImage.framework/Versions/A/Libraries/libCGInterfaces.dylib
0x0000000006b60000 	/System/Library/Frameworks/ApplicationServices.framework/Versions/A/Frameworks/ATS.framework/Versions/A/Resources/libTrueTypeScaler.dylib
0x000000011ec23000 	/System/Library/Frameworks/OpenGL.framework/Resources/GLEngine.bundle/GLEngine
0x0000000006b60000 	/System/Library/Frameworks/OpenGL.framework/Versions/A/Libraries/libGLProgrammability.dylib
0x000000011ee08000 	/System/Library/Extensions/AppleIntelBDWGraphicsGLDriver.bundle/Contents/MacOS/AppleIntelBDWGraphicsGLDriver
0x0000000006b60000 	/System/Library/PrivateFrameworks/GPUSupport.framework/Versions/A/Libraries/libGPUSupportMercury.dylib
0x000000011f572000 	/System/Library/Frameworks/OpenGL.framework/Resources//GLRendererFloat.bundle/GLRendererFloat
0x0000000006b60000 	/System/Library/Frameworks/OpenCL.framework/Versions/A/Libraries/libcldcpuengine.dylib
0x0000000006b60000 	/usr/lib/libcrypto.0.9.8.dylib
0x0000000006b60000 	/System/Library/PrivateFrameworks/TrustEvaluationAgent.framework/Versions/A/TrustEvaluationAgent
0x000000011f5a6000 	/System/Library/Extensions/AppleIntelBDWGraphicsMTLDriver.bundle/Contents/MacOS/AppleIntelBDWGraphicsMTLDriver
0x0000000006b60000 	/System/Library/PrivateFrameworks/FamilyControls.framework/Versions/A/FamilyControls
0x0000000006b60000 	/System/Library/PrivateFrameworks/CommerceKit.framework/Versions/A/Frameworks/CommerceCore.framework/Versions/A/CommerceCore
0x0000000006b60000 	/System/Library/PrivateFrameworks/SystemAdministration.framework/Versions/A/SystemAdministration
0x0000000006b60000 	/System/Library/PrivateFrameworks/AppContainer.framework/Versions/A/AppContainer
0x0000000006b60000 	/System/Library/PrivateFrameworks/SecCodeWrapper.framework/Versions/A/SecCodeWrapper
0x0000000006b60000 	/System/Library/Frameworks/DirectoryService.framework/Versions/A/DirectoryService
0x0000000006b60000 	/System/Library/PrivateFrameworks/DiskImages.framework/Versions/A/DiskImages
0x0000000006b60000 	/System/Library/PrivateFrameworks/LoginUIKit.framework/Versions/A/Frameworks/LoginUICore.framework/Versions/A/LoginUICore
0x0000000006b60000 	/usr/lib/libCoreStorage.dylib
0x0000000006b60000 	/usr/lib/libcsfde.dylib
0x0000000006b60000 	/usr/lib/libodfde.dylib
0x0000000006b60000 	/System/Library/Frameworks/DiscRecording.framework/Versions/A/DiscRecording
0x0000000006b60000 	/usr/lib/libcurl.4.dylib
0x0000000006b60000 	/System/Library/PrivateFrameworks/MediaKit.framework/Versions/A/MediaKit
0x0000000006b60000 	/System/Library/PrivateFrameworks/ProtectedCloudStorage.framework/Versions/A/ProtectedCloudStorage
0x0000000006b60000 	/System/Library/PrivateFrameworks/EFILogin.framework/Versions/A/EFILogin
0x0000000006b60000 	/usr/lib/libutil.dylib
0x0000000006b60000 	/System/Library/Frameworks/LDAP.framework/Versions/A/LDAP
0x0000000006b60000 	/usr/lib/libsasl2.2.dylib
0x0000000006b60000 	/System/Library/PrivateFrameworks/CoreDaemon.framework/Versions/B/CoreDaemon
0x0000000006b60000 	/System/Library/PrivateFrameworks/AppleSRP.framework/Versions/A/AppleSRP
0x0000000006b60000 	/System/Library/PrivateFrameworks/APFS.framework/Versions/A/APFS
0x0000000121577000 	/Library/Java/JavaVirtualMachines/jdk1.8.0_144.jdk/Contents/Home/jre/lib/libfontmanager.dylib
0x00000001229fd000 	/Library/Java/JavaVirtualMachines/jdk1.8.0_144.jdk/Contents/Home/jre/lib/libosxui.dylib
0x0000000006b60000 	/System/Library/PrivateFrameworks/ViewBridge.framework/Versions/A/ViewBridge
0x0000000006b60000 	/System/Library/PrivateFrameworks/XPCService.framework/Versions/A/XPCService
0x0000000006b60000 	/System/Library/PrivateFrameworks/AppSandbox.framework/Versions/A/AppSandbox
0x0000000006b60000 	/usr/lib/libsandbox.1.dylib
0x0000000006b60000 	/usr/lib/libMatch.1.dylib
0x00000001235b2000 	/Library/Java/JavaVirtualMachines/jdk1.8.0_144.jdk/Contents/Home/jre/lib/libnet.dylib
0x00000001235c9000 	/Library/Java/JavaVirtualMachines/jdk1.8.0_144.jdk/Contents/Home/jre/lib/libnio.dylib
0x0000000122648000 	/private/var/folders/4g/xxzpq2px2tg5jwrm0_jx44dc0000gn/T/jogamp_0000/file_cache/jln3634224820181761040/jln793440409780333186/libgluegen-rt.jnilib
0x00000001226c2000 	/private/var/folders/4g/xxzpq2px2tg5jwrm0_jx44dc0000gn/T/jogamp_0000/file_cache/jln3634224820181761040/jln793440409780333186/libnativewindow_awt.jnilib
0x0000000122962000 	/Library/Java/JavaVirtualMachines/jdk1.8.0_144.jdk/Contents/Home/jre/lib/libjawt.dylib
0x000000018e892000 	/private/var/folders/4g/xxzpq2px2tg5jwrm0_jx44dc0000gn/T/jogamp_0000/file_cache/jln3634224820181761040/jln793440409780333186/libnativewindow_macosx.jnilib
0x000000018e8cf000 	/private/var/folders/4g/xxzpq2px2tg5jwrm0_jx44dc0000gn/T/jogamp_0000/file_cache/jln3634224820181761040/jln793440409780333186/libjogl_desktop.jnilib
0x000000011e7b6000 	/Library/Java/JavaVirtualMachines/jdk1.8.0_144.jdk/Contents/Home/jre/lib/libsunec.dylib
0x0000000193bb5000 	/Library/Java/JavaVirtualMachines/jdk1.8.0_144.jdk/Contents/Home/jre/lib/libt2k.dylib
0x000000018e89c000 	/Library/Java/JavaVirtualMachines/jdk1.8.0_144.jdk/Contents/Home/jre/lib/libjpeg.dylib

VM Arguments:
jvm_args: -Djava.security.policy=java.policy.applet -Dfile.encoding=UTF-8 
java_command: sun.applet.AppletViewer module5.EarthquakeCityMap1506374302922.html
java_class_path (initial): /Users/BeenWu/Library/Mobile Documents/com~apple~CloudDocs/Eclipse Project/UCSDUnfoldingMaps/build:/Users/BeenWu/Library/Mobile Documents/com~apple~CloudDocs/Eclipse Project/UCSDUnfoldingMaps/lib/core.jar:/Users/BeenWu/Library/Mobile Documents/com~apple~CloudDocs/Eclipse Project/UCSDUnfoldingMaps/lib/gluegen-rt.jar:/Users/BeenWu/Library/Mobile Documents/com~apple~CloudDocs/Eclipse Project/UCSDUnfoldingMaps/lib/jogl-all.jar:/Users/BeenWu/Library/Mobile Documents/com~apple~CloudDocs/Eclipse Project/UCSDUnfoldingMaps/lib/log4j-1.2.15.jar:/Users/BeenWu/Library/Mobile Documents/com~apple~CloudDocs/Eclipse Project/UCSDUnfoldingMaps/lib/sqlite-jdbc-3.7.2.jar:/Users/BeenWu/Library/Mobile Documents/com~apple~CloudDocs/Eclipse Project/UCSDUnfoldingMaps/lib/json4processing.jar:/Users/BeenWu/Library/Mobile Documents/com~apple~CloudDocs/Eclipse Project/UCSDUnfoldingMaps/lib/libTUIO.jar:/Users/BeenWu/Library/Mobile Documents/com~apple~CloudDocs/Eclipse Project/UCSDUnfoldingMaps/lib/unfolding.0.9.7-uscd.jar
Launcher Type: SUN_STANDARD

Environment Variables:
PATH=/usr/bin:/bin:/usr/sbin:/sbin
SHELL=/bin/zsh

Signal Handlers:
SIGSEGV: [libjvm.dylib+0x5b26e5], sa_mask[0]=11111111011111110111111111111111, sa_flags=SA_ONSTACK|SA_RESTART|SA_SIGINFO
SIGBUS: [libjvm.dylib+0x5b26e5], sa_mask[0]=11111111011111110111111111111111, sa_flags=SA_RESTART|SA_SIGINFO
SIGFPE: [libjvm.dylib+0x489100], sa_mask[0]=11111111011111110111111111111111, sa_flags=SA_RESTART|SA_SIGINFO
SIGPIPE: [libjvm.dylib+0x489100], sa_mask[0]=11111111011111110111111111111111, sa_flags=SA_RESTART|SA_SIGINFO
SIGXFSZ: [libjvm.dylib+0x489100], sa_mask[0]=11111111011111110111111111111111, sa_flags=SA_RESTART|SA_SIGINFO
SIGILL: [libjvm.dylib+0x489100], sa_mask[0]=11111111011111110111111111111111, sa_flags=SA_RESTART|SA_SIGINFO
SIGUSR1: SIG_DFL, sa_mask[0]=00000000000000000000000000000000, sa_flags=none
SIGUSR2: [libjvm.dylib+0x488c1e], sa_mask[0]=00100000000000000000000000000000, sa_flags=SA_RESTART|SA_SIGINFO
SIGHUP: [libjvm.dylib+0x4871f5], sa_mask[0]=11111111011111110111111111111111, sa_flags=SA_RESTART|SA_SIGINFO
SIGINT: [libjvm.dylib+0x4871f5], sa_mask[0]=11111111011111110111111111111111, sa_flags=SA_RESTART|SA_SIGINFO
SIGTERM: [libjvm.dylib+0x4871f5], sa_mask[0]=11111111011111110111111111111111, sa_flags=SA_RESTART|SA_SIGINFO
SIGQUIT: [libjvm.dylib+0x4871f5], sa_mask[0]=11111111011111110111111111111111, sa_flags=SA_RESTART|SA_SIGINFO


---------------  S Y S T E M  ---------------

OS:Bsduname:Darwin 16.7.0 Darwin Kernel Version 16.7.0: Thu Jun 15 17:36:27 PDT 2017; root:xnu-3789.70.16~2/RELEASE_X86_64 x86_64
rlimit: STACK 8192k, CORE 0k, NPROC 709, NOFILE 10240, AS infinity
load average:1.89 1.53 1.43

CPU:total 4 (initial active 4) (2 cores per cpu, 2 threads per core) family 6 model 61 stepping 4, cmov, cx8, fxsr, mmx, sse, sse2, sse3, ssse3, sse4.1, sse4.2, popcnt, avx, avx2, aes, clmul, erms, 3dnowpref, lzcnt, ht, tsc, tscinvbit, bmi1, bmi2, adx

Memory: 4k page, physical 8388608k(218452k free)

/proc/meminfo:


vm_info: Java HotSpot(TM) 64-Bit Server VM (25.144-b01) for bsd-amd64 JRE (1.8.0_144-b01), built on Jul 21 2017 22:07:42 by "java_re" with gcc 4.2.1 (Based on Apple Inc. build 5658) (LLVM build 2336.11.00)

time: Mon Sep 25 17:18:39 2017
elapsed time: 16 seconds (0d 0h 0m 16s)

