#
# A fatal error has been detected by the Java Runtime Environment:
#
#  SIGSEGV (0xb) at pc=0x00007fffd055405d, pid=3154, tid=0x0000000000000307
#
# JRE version: Java(TM) SE Runtime Environment (8.0_144-b01) (build 1.8.0_144-b01)
# Java VM: Java HotSpot(TM) 64-Bit Server VM (25.144-b01 mixed mode bsd-amd64 compressed oops)
# Problematic frame:
# C  [libobjc.A.dylib+0x705d]  objc_msgSend+0x1d
#
# Failed to write core dump. Core dumps have been disabled. To enable core dumping, try "ulimit -c unlimited" before starting Java again
#
# If you would like to submit a bug report, please visit:
#   http://bugreport.java.com/bugreport/crash.jsp
# The crash happened outside the Java Virtual Machine in native code.
# See problematic frame for where to report the bug.
#

---------------  T H R E A D  ---------------

Current thread (0x00007f99ae8b0800):  JavaThread "AWT-AppKit" daemon [_thread_in_native, id=775, stack(0x00007fff4fda9000,0x00007fff505a9000)]

siginfo: si_signo: 11 (SIGSEGV), si_code: 1 (SEGV_MAPERR), si_addr: 0x0000000000000018

Registers:
RAX=0x00007f99aceb4060, RBX=0x0000000199ca4450, RCX=0x00007f99af100d40, RDX=0x0000000000000000
RSP=0x00007fff505a42f8, RBP=0x00007fff505a43b0, RSI=0x00007fffb9de0116, RDI=0x00007f99acdf3f80
R8 =0x0000000000000018, R9 =0x00007f99af100010, R10=0x0000000000000000, R11=0x00007fffb9de0116
R12=0x0000000000000000, R13=0x000000019b4909b0, R14=0x0000000199ca4440, R15=0x00007f99ae8b0800
RIP=0x00007fffd055405d, EFLAGS=0x0000000000010246, ERR=0x0000000000000004
  TRAPNO=0x000000000000000e

Top of Stack: (sp=0x00007fff505a42f8)
0x00007fff505a42f8:   0000000199ca2157 00007fff505a4350
0x00007fff505a4308:   0000000000000003 00007fff505a4330
0x00007fff505a4318:   00000001101f368e 000000019b4909b0
0x00007fff505a4328:   000000019b4909b0 00007f99aceb4060
0x00007fff505a4338:   0000000199ca46a0 0000000199ca4710
0x00007fff505a4348:   00007fffd65b96d0 00007fffd71e91e0
0x00007fff505a4358:   0000000199ca4450 0000000199ca4690
0x00007fff505a4368:   00007f99aceb4060 00007f99acdf3f80
0x00007fff505a4378:   00007f99acd5f6e0 00007f99aceb4060
0x00007fff505a4388:   00007f99acdf3f80 00007fff505a4438
0x00007fff505a4398:   00007f99ae8b09f8 000000019b4909b0
0x00007fff505a43a8:   00007fff505a4460 00007fff505a4428
0x00007fff505a43b8:   000000011cdca9f4 000000019b4909b0
0x00007fff505a43c8:   00007fff505a4460 00007fff505a4428
0x00007fff505a43d8:   000000011cdca787 000000011cdca742
0x00007fff505a43e8:   00007fff505a43e8 000000019b4909b0
0x00007fff505a43f8:   00007fff505a4460 000000019b4935e8
0x00007fff505a4408:   0000000000000000 000000019b4909b0
0x00007fff505a4418:   0000000000000000 00007fff505a4448
0x00007fff505a4428:   00007fff505a44a8 000000011cdbb2bd
0x00007fff505a4438:   000000074049a658 000000011cdc4538
0x00007fff505a4448:   00007f99aceb4060 00007fff505a44a8
0x00007fff505a4458:   00007f99acdf3f80 000000011cdc5e02
0x00007fff505a4468:   00007fff505a4468 000000019b490b7a
0x00007fff505a4478:   00007fff505a44d0 000000019b4935e8
0x00007fff505a4488:   0000000000000000 000000019b490b88
0x00007fff505a4498:   00007fff505a4448 00007fff505a44b8
0x00007fff505a44a8:   00007fff505a4518 000000011cdbb2bd
0x00007fff505a44b8:   00007f99aceb4060 0000000740386dc8
0x00007fff505a44c8:   00007f99acdf3f80 0000000740386dc8
0x00007fff505a44d8:   00007fff505a44d8 00000001a16b0846
0x00007fff505a44e8:   00007fff505a4528 00000001a16b0900 

Instructions: (pc=0x00007fffd055405d)
0x00007fffd055403d:   0f 1f 00 48 85 ff 2e 74 62 40 f6 c7 01 2e 75 66
0x00007fffd055404d:   49 ba f8 ff ff ff ff 7f 00 00 4c 23 17 49 89 f3
0x00007fffd055405d:   45 23 5a 18 49 c1 e3 04 4d 03 5a 10 49 3b 33 75
0x00007fffd055406d:   04 41 ff 63 08 49 83 3b 01 76 0d 49 83 c3 10 49 

Register to memory mapping:

RAX=0x00007f99aceb4060 is an unknown value
RBX=0x0000000199ca4450: Java_jogamp_nativewindow_macosx_OSXUtil_GetScreenRefreshRate0+0x1cf0 in /private/var/folders/4g/xxzpq2px2tg5jwrm0_jx44dc0000gn/T/jogamp_0000/file_cache/jln9222735517516553356/jln6551464651641555508/libnativewindow_macosx.jnilib at 0x0000000199c9d000
RCX=0x00007f99af100d40 is an unknown value
RDX=0x0000000000000000 is an unknown value
RSP=0x00007fff505a42f8 is pointing into the stack for thread: 0x00007f99ae8b0800
RBP=0x00007fff505a43b0 is pointing into the stack for thread: 0x00007f99ae8b0800
RSI=0x00007fffb9de0116: __NSStyleNameIndexTable+0x7fd5e in /System/Library/Frameworks/AppKit.framework/Versions/C/AppKit at 0x00007fffb9173000
RDI=0x00007f99acdf3f80 is an unknown value
R8 =0x0000000000000018 is an unknown value
R9 =0x00007f99af100010 is an unknown value
R10=0x0000000000000000 is an unknown value
R11=0x00007fffb9de0116: __NSStyleNameIndexTable+0x7fd5e in /System/Library/Frameworks/AppKit.framework/Versions/C/AppKit at 0x00007fffb9173000
R12=0x0000000000000000 is an unknown value
R13={method} {0x000000019b4909b0} 'UnsetJAWTRootSurfaceLayer0' '(JJ)V' in 'jogamp/nativewindow/jawt/macosx/MacOSXJAWTWindow'
R14=0x0000000199ca4440: Java_jogamp_nativewindow_macosx_OSXUtil_GetScreenRefreshRate0+0x1ce0 in /private/var/folders/4g/xxzpq2px2tg5jwrm0_jx44dc0000gn/T/jogamp_0000/file_cache/jln9222735517516553356/jln6551464651641555508/libnativewindow_macosx.jnilib at 0x0000000199c9d000
R15=0x00007f99ae8b0800 is a thread


Stack: [0x00007fff4fda9000,0x00007fff505a9000],  sp=0x00007fff505a42f8,  free space=8172k
Native frames: (J=compiled Java code, j=interpreted, Vv=VM code, C=native code)
C  [libobjc.A.dylib+0x705d]  objc_msgSend+0x1d
j  jogamp.nativewindow.jawt.macosx.MacOSXJAWTWindow.UnsetJAWTRootSurfaceLayer0(JJ)V+0
j  jogamp.nativewindow.jawt.macosx.MacOSXJAWTWindow.access$200(JJ)V+2
j  jogamp.nativewindow.jawt.macosx.MacOSXJAWTWindow$1.run()V+38
j  com.jogamp.common.util.RunnableTask.run()V+24
v  ~StubRoutines::call_stub
V  [libjvm.dylib+0x2ee70a]  JavaCalls::call_helper(JavaValue*, methodHandle*, JavaCallArguments*, Thread*)+0x6ae
V  [libjvm.dylib+0x3258b9]  jni_invoke_nonstatic(JNIEnv_*, JavaValue*, _jobject*, JNICallType, _jmethodID*, JNI_ArgumentPusher*, Thread*)+0x2ec
V  [libjvm.dylib+0x318087]  jni_CallVoidMethod+0x16b
C  [libnativewindow_macosx.jnilib+0x5326]  Java_jogamp_nativewindow_jawt_macosx_MacOSXJAWTWindow_UnsetJAWTRootSurfaceLayer0+0x2b6
C  [Foundation+0x7152a]  __NSThreadPerformPerform+0x146
C  [CoreFoundation+0xa7321]  __CFRUNLOOP_IS_CALLING_OUT_TO_A_SOURCE0_PERFORM_FUNCTION__+0x11
C  [CoreFoundation+0x8821d]  __CFRunLoopDoSources0+0x22d
C  [CoreFoundation+0x87716]  __CFRunLoopRun+0x3a6
C  [CoreFoundation+0x87114]  CFRunLoopRunSpecific+0x1a4
C  [HIToolbox+0x30ebc]  RunCurrentEventLoopInMode+0xf0
C  [HIToolbox+0x30bf9]  ReceiveNextEventCommon+0xb8
C  [HIToolbox+0x30b26]  _BlockUntilNextEventMatchingListInModeWithFilter+0x47
C  [AppKit+0x46a54]  _DPSNextEvent+0x460
C  [AppKit+0x7c27ee]  -[NSApplication(NSEvent) _nextEventMatchingEventMask:untilDate:inMode:dequeue:]+0xaec
C  [libosxapp.dylib+0x23aa]  -[NSApplicationAWT nextEventMatchingMask:untilDate:inMode:dequeue:]+0x7c
C  [AppKit+0x3b3db]  -[NSApplication run]+0x39e
C  [libosxapp.dylib+0x214d]  +[NSApplicationAWT runAWTLoopWithApp:]+0x9c
C  [libawt_lwawt.dylib+0x45edf]  -[AWTStarter starter:]+0x389
C  [Foundation+0x7152a]  __NSThreadPerformPerform+0x146
C  [CoreFoundation+0xa7321]  __CFRUNLOOP_IS_CALLING_OUT_TO_A_SOURCE0_PERFORM_FUNCTION__+0x11
C  [CoreFoundation+0x8821d]  __CFRunLoopDoSources0+0x22d
C  [CoreFoundation+0x87716]  __CFRunLoopRun+0x3a6
C  [CoreFoundation+0x87114]  CFRunLoopRunSpecific+0x1a4
C  [java+0x6465]  CreateExecutionEnvironment+0x367
C  [java+0x218c]  JLI_Launch+0x7a0
C  [java+0x84c2]  main+0x65
C  [java+0x19e4]  start+0x34
C  0x0000000000000007

Java frames: (J=compiled Java code, j=interpreted, Vv=VM code)
j  jogamp.nativewindow.jawt.macosx.MacOSXJAWTWindow.UnsetJAWTRootSurfaceLayer0(JJ)V+0
j  jogamp.nativewindow.jawt.macosx.MacOSXJAWTWindow.access$200(JJ)V+2
j  jogamp.nativewindow.jawt.macosx.MacOSXJAWTWindow$1.run()V+38
j  com.jogamp.common.util.RunnableTask.run()V+24
v  ~StubRoutines::call_stub

---------------  P R O C E S S  ---------------

Java Threads: ( => current thread )
  0x00007f99b512c800 JavaThread "Thread-74" [_thread_blocked, id=73935, stack(0x00007000053a7000,0x00007000054a7000)]
  0x00007f99ad4d6800 JavaThread "AWT-EventQueue-1" [_thread_in_native, id=67579, stack(0x000070000519e000,0x000070000529e000)]
  0x00007f99ae8c7800 JavaThread "DestroyJavaVM" [_thread_blocked, id=7171, stack(0x0000700003bd9000,0x0000700003cd9000)]
  0x00007f99ae188800 JavaThread "AWT-EventQueue-0" [_thread_blocked, id=60435, stack(0x0000700004f98000,0x0000700005098000)]
  0x00007f99ad9d5800 JavaThread "Java2D Disposer" daemon [_thread_blocked, id=55319, stack(0x0000700004d0f000,0x0000700004e0f000)]
  0x00007f99ad9f6800 JavaThread "Java2D Queue Flusher" daemon [_thread_blocked, id=47943, stack(0x0000700004c0c000,0x0000700004d0c000)]
  0x00007f99ad849800 JavaThread "AWT-Shutdown" [_thread_blocked, id=30495, stack(0x0000700004a86000,0x0000700004b86000)]
=>0x00007f99ae8b0800 JavaThread "AWT-AppKit" daemon [_thread_in_native, id=775, stack(0x00007fff4fda9000,0x00007fff505a9000)]
  0x00007f99ad80e000 JavaThread "Service Thread" daemon [_thread_blocked, id=18691, stack(0x00007000047fd000,0x00007000048fd000)]
  0x00007f99ae063000 JavaThread "C1 CompilerThread2" daemon [_thread_blocked, id=18179, stack(0x00007000046fa000,0x00007000047fa000)]
  0x00007f99ae055800 JavaThread "C2 CompilerThread1" daemon [_thread_blocked, id=17667, stack(0x00007000045f7000,0x00007000046f7000)]
  0x00007f99ad80d000 JavaThread "C2 CompilerThread0" daemon [_thread_blocked, id=17155, stack(0x00007000044f4000,0x00007000045f4000)]
  0x00007f99ae062800 JavaThread "Signal Dispatcher" daemon [_thread_blocked, id=16643, stack(0x00007000043f1000,0x00007000044f1000)]
  0x00007f99ad03d000 JavaThread "Finalizer" daemon [_thread_blocked, id=12547, stack(0x00007000042ee000,0x00007000043ee000)]
  0x00007f99ad03a800 JavaThread "Reference Handler" daemon [_thread_blocked, id=12035, stack(0x00007000041eb000,0x00007000042eb000)]

Other Threads:
  0x00007f99ad036000 VMThread [stack: 0x00007000040e8000,0x00007000041e8000] [id=11523]
  0x00007f99ad813000 WatcherThread [stack: 0x0000700004900000,0x0000700004a00000] [id=19203]

VM state:not at safepoint (normal execution)

VM Mutex/Monitor currently owned by a thread: None

Heap:
 PSYoungGen      total 166912K, used 125789K [0x0000000795580000, 0x00000007a3380000, 0x00000007c0000000)
  eden space 156672K, 73% used [0x0000000795580000,0x000000079c687478,0x000000079ee80000)
  from space 10240K, 98% used [0x00000007a2980000,0x00000007a33502b0,0x00000007a3380000)
  to   space 15360K, 0% used [0x00000007a1580000,0x00000007a1580000,0x00000007a2480000)
 ParOldGen       total 52736K, used 26129K [0x0000000740000000, 0x0000000743380000, 0x0000000795580000)
  object space 52736K, 49% used [0x0000000740000000,0x0000000741984418,0x0000000743380000)
 Metaspace       used 24907K, capacity 25345K, committed 25728K, reserved 1073152K
  class space    used 2463K, capacity 2593K, committed 2688K, reserved 1048576K

Card table byte_map: [0x0000000111367000,0x0000000111768000] byte_map_base: 0x000000010d967000

Marking Bits: (ParMarkBitMap*) 0x00000001108f35d0
 Begin Bits: [0x0000000111a13000, 0x0000000113a13000)
 End Bits:   [0x0000000113a13000, 0x0000000115a13000)

Polling page: 0x000000010f717000

CodeCache: size=245760Kb used=11193Kb max_used=11208Kb free=234566Kb
 bounds [0x000000011cdb3000, 0x000000011d8c3000, 0x000000012bdb3000]
 total_blobs=4267 nmethods=3317 adapters=863
 compilation: enabled

Compilation events (10 events):
Event: 99.532 Thread 0x00007f99ad80d000 nmethod 3833 0x000000011d89fb50 code [0x000000011d89fe80, 0x000000011d8a0eb0]
Event: 99.716 Thread 0x00007f99ae055800 nmethod 3830 0x000000011d8b4490 code [0x000000011d8b4b20, 0x000000011d8ba1e8]
Event: 100.755 Thread 0x00007f99ae063000 3834       3       sun.java2d.SunGraphics2D::setColor (108 bytes)
Event: 100.755 Thread 0x00007f99ad80d000 3835       4       sun.java2d.SurfaceData::pixelFor (13 bytes)
Event: 100.756 Thread 0x00007f99ae063000 nmethod 3834 0x000000011d8844d0 code [0x000000011d884660, 0x000000011d884b98]
Event: 100.756 Thread 0x00007f99ae063000 3836   !   3       sun.awt.PostEventQueue::flush (168 bytes)
Event: 100.756 Thread 0x00007f99ad80d000 nmethod 3835 0x000000011d882f10 code [0x000000011d883060, 0x000000011d883158]
Event: 100.759 Thread 0x00007f99ae063000 nmethod 3836 0x000000011d88e910 code [0x000000011d88eb60, 0x000000011d88fca8]
Event: 100.787 Thread 0x00007f99ae055800 3837       4       sun.java2d.SunGraphics2D::translate (68 bytes)
Event: 100.788 Thread 0x00007f99ae055800 nmethod 3837 0x000000011d877ed0 code [0x000000011d878020, 0x000000011d878148]

GC Heap History (10 events):
Event: 43.092 GC heap before
{Heap before GC invocations=11 (full 1):
 PSYoungGen      total 161280K, used 153664K [0x0000000795580000, 0x00000007a2900000, 0x00000007c0000000)
  eden space 143360K, 100% used [0x0000000795580000,0x000000079e180000,0x000000079e180000)
  from space 17920K, 57% used [0x000000079e180000,0x000000079eb90270,0x000000079f300000)
  to   space 17408K, 0% used [0x00000007a1800000,0x00000007a1800000,0x00000007a2900000)
 ParOldGen       total 52736K, used 25088K [0x0000000740000000, 0x0000000743380000, 0x0000000795580000)
  object space 52736K, 47% used [0x0000000740000000,0x00000007418803d8,0x0000000743380000)
 Metaspace       used 24876K, capacity 25249K, committed 25472K, reserved 1073152K
  class space    used 2456K, capacity 2561K, committed 2688K, reserved 1048576K
Event: 43.100 GC heap after
Heap after GC invocations=11 (full 1):
 PSYoungGen      total 186880K, used 10336K [0x0000000795580000, 0x00000007a2280000, 0x00000007c0000000)
  eden space 176128K, 0% used [0x0000000795580000,0x0000000795580000,0x00000007a0180000)
  from space 10752K, 96% used [0x00000007a1800000,0x00000007a2218270,0x00000007a2280000)
  to   space 16896K, 0% used [0x00000007a0180000,0x00000007a0180000,0x00000007a1200000)
 ParOldGen       total 52736K, used 25096K [0x0000000740000000, 0x0000000743380000, 0x0000000795580000)
  object space 52736K, 47% used [0x0000000740000000,0x00000007418823d8,0x0000000743380000)
 Metaspace       used 24876K, capacity 25249K, committed 25472K, reserved 1073152K
  class space    used 2456K, capacity 2561K, committed 2688K, reserved 1048576K
}
Event: 56.268 GC heap before
{Heap before GC invocations=12 (full 1):
 PSYoungGen      total 186880K, used 186464K [0x0000000795580000, 0x00000007a2280000, 0x00000007c0000000)
  eden space 176128K, 100% used [0x0000000795580000,0x00000007a0180000,0x00000007a0180000)
  from space 10752K, 96% used [0x00000007a1800000,0x00000007a2218270,0x00000007a2280000)
  to   space 16896K, 0% used [0x00000007a0180000,0x00000007a0180000,0x00000007a1200000)
 ParOldGen       total 52736K, used 25096K [0x0000000740000000, 0x0000000743380000, 0x0000000795580000)
  object space 52736K, 47% used [0x0000000740000000,0x00000007418823d8,0x0000000743380000)
 Metaspace       used 24876K, capacity 25249K, committed 25472K, reserved 1073152K
  class space    used 2456K, capacity 2561K, committed 2688K, reserved 1048576K
Event: 56.276 GC heap after
Heap after GC invocations=12 (full 1):
 PSYoungGen      total 193024K, used 10432K [0x0000000795580000, 0x00000007a4300000, 0x00000007c0000000)
  eden space 176128K, 0% used [0x0000000795580000,0x0000000795580000,0x00000007a0180000)
  from space 16896K, 61% used [0x00000007a0180000,0x00000007a0bb0270,0x00000007a1200000)
  to   space 16384K, 0% used [0x00000007a3300000,0x00000007a3300000,0x00000007a4300000)
 ParOldGen       total 52736K, used 25104K [0x0000000740000000, 0x0000000743380000, 0x0000000795580000)
  object space 52736K, 47% used [0x0000000740000000,0x00000007418843d8,0x0000000743380000)
 Metaspace       used 24876K, capacity 25249K, committed 25472K, reserved 1073152K
  class space    used 2456K, capacity 2561K, committed 2688K, reserved 1048576K
}
Event: 69.429 GC heap before
{Heap before GC invocations=13 (full 1):
 PSYoungGen      total 193024K, used 186560K [0x0000000795580000, 0x00000007a4300000, 0x00000007c0000000)
  eden space 176128K, 100% used [0x0000000795580000,0x00000007a0180000,0x00000007a0180000)
  from space 16896K, 61% used [0x00000007a0180000,0x00000007a0bb0270,0x00000007a1200000)
  to   space 16384K, 0% used [0x00000007a3300000,0x00000007a3300000,0x00000007a4300000)
 ParOldGen       total 52736K, used 25104K [0x0000000740000000, 0x0000000743380000, 0x0000000795580000)
  object space 52736K, 47% used [0x0000000740000000,0x00000007418843d8,0x0000000743380000)
 Metaspace       used 24878K, capacity 25249K, committed 25472K, reserved 1073152K
  class space    used 2456K, capacity 2561K, committed 2688K, reserved 1048576K
Event: 69.435 GC heap after
Heap after GC invocations=13 (full 1):
 PSYoungGen      total 180224K, used 10432K [0x0000000795580000, 0x00000007a3d80000, 0x00000007c0000000)
  eden space 169472K, 0% used [0x0000000795580000,0x0000000795580000,0x000000079fb00000)
  from space 10752K, 97% used [0x00000007a3300000,0x00000007a3d30270,0x00000007a3d80000)
  to   space 15872K, 0% used [0x00000007a1e80000,0x00000007a1e80000,0x00000007a2e00000)
 ParOldGen       total 52736K, used 25104K [0x0000000740000000, 0x0000000743380000, 0x0000000795580000)
  object space 52736K, 47% used [0x0000000740000000,0x00000007418843d8,0x0000000743380000)
 Metaspace       used 24878K, capacity 25249K, committed 25472K, reserved 1073152K
  class space    used 2456K, capacity 2561K, committed 2688K, reserved 1048576K
}
Event: 81.175 GC heap before
{Heap before GC invocations=14 (full 1):
 PSYoungGen      total 180224K, used 179904K [0x0000000795580000, 0x00000007a3d80000, 0x00000007c0000000)
  eden space 169472K, 100% used [0x0000000795580000,0x000000079fb00000,0x000000079fb00000)
  from space 10752K, 97% used [0x00000007a3300000,0x00000007a3d30270,0x00000007a3d80000)
  to   space 15872K, 0% used [0x00000007a1e80000,0x00000007a1e80000,0x00000007a2e00000)
 ParOldGen       total 52736K, used 25104K [0x0000000740000000, 0x0000000743380000, 0x0000000795580000)
  object space 52736K, 47% used [0x0000000740000000,0x00000007418843d8,0x0000000743380000)
 Metaspace       used 24878K, capacity 25249K, committed 25472K, reserved 1073152K
  class space    used 2456K, capacity 2561K, committed 2688K, reserved 1048576K
Event: 81.181 GC heap after
Heap after GC invocations=14 (full 1):
 PSYoungGen      total 174080K, used 11008K [0x0000000795580000, 0x00000007a3380000, 0x00000007c0000000)
  eden space 162816K, 0% used [0x0000000795580000,0x0000000795580000,0x000000079f480000)
  from space 11264K, 97% used [0x00000007a1e80000,0x00000007a29402f0,0x00000007a2980000)
  to   space 10240K, 0% used [0x00000007a2980000,0x00000007a2980000,0x00000007a3380000)
 ParOldGen       total 52736K, used 25104K [0x0000000740000000, 0x0000000743380000, 0x0000000795580000)
  object space 52736K, 47% used [0x0000000740000000,0x00000007418843d8,0x0000000743380000)
 Metaspace       used 24878K, capacity 25249K, committed 25472K, reserved 1073152K
  class space    used 2456K, capacity 2561K, committed 2688K, reserved 1048576K
}
Event: 92.632 GC heap before
{Heap before GC invocations=15 (full 1):
 PSYoungGen      total 174080K, used 173824K [0x0000000795580000, 0x00000007a3380000, 0x00000007c0000000)
  eden space 162816K, 100% used [0x0000000795580000,0x000000079f480000,0x000000079f480000)
  from space 11264K, 97% used [0x00000007a1e80000,0x00000007a29402f0,0x00000007a2980000)
  to   space 10240K, 0% used [0x00000007a2980000,0x00000007a2980000,0x00000007a3380000)
 ParOldGen       total 52736K, used 25104K [0x0000000740000000, 0x0000000743380000, 0x0000000795580000)
  object space 52736K, 47% used [0x0000000740000000,0x00000007418843d8,0x0000000743380000)
 Metaspace       used 24878K, capacity 25249K, committed 25472K, reserved 1073152K
  class space    used 2456K, capacity 2561K, committed 2688K, reserved 1048576K
Event: 92.638 GC heap after
Heap after GC invocations=15 (full 1):
 PSYoungGen      total 166912K, used 10048K [0x0000000795580000, 0x00000007a3380000, 0x00000007c0000000)
  eden space 156672K, 0% used [0x0000000795580000,0x0000000795580000,0x000000079ee80000)
  from space 10240K, 98% used [0x00000007a2980000,0x00000007a33502b0,0x00000007a3380000)
  to   space 15360K, 0% used [0x00000007a1580000,0x00000007a1580000,0x00000007a2480000)
 ParOldGen       total 52736K, used 26129K [0x0000000740000000, 0x0000000743380000, 0x0000000795580000)
  object space 52736K, 49% used [0x0000000740000000,0x0000000741984418,0x0000000743380000)
 Metaspace       used 24878K, capacity 25249K, committed 25472K, reserved 1073152K
  class space    used 2456K, capacity 2561K, committed 2688K, reserved 1048576K
}

Deoptimization events (10 events):
Event: 100.786 Thread 0x00007f99ae92c000 Uncommon trap: reason=bimorphic action=maybe_recompile pc=0x000000011d3775ec method=java.util.HashMap.putVal(ILjava/lang/Object;Ljava/lang/Object;ZZ)Ljava/lang/Object; @ 91
Event: 100.786 Thread 0x00007f99ae92c000 Uncommon trap: reason=bimorphic action=maybe_recompile pc=0x000000011d3775ec method=java.util.HashMap.putVal(ILjava/lang/Object;Ljava/lang/Object;ZZ)Ljava/lang/Object; @ 91
Event: 100.786 Thread 0x00007f99ae92c000 Uncommon trap: reason=bimorphic action=maybe_recompile pc=0x000000011d3775ec method=java.util.HashMap.putVal(ILjava/lang/Object;Ljava/lang/Object;ZZ)Ljava/lang/Object; @ 91
Event: 100.786 Thread 0x00007f99ae92c000 Uncommon trap: reason=bimorphic action=maybe_recompile pc=0x000000011d3cd8f4 method=java.util.HashMap.putVal(ILjava/lang/Object;Ljava/lang/Object;ZZ)Ljava/lang/Object; @ 91
Event: 100.786 Thread 0x00007f99ae188800 Uncommon trap: reason=class_check action=maybe_recompile pc=0x000000011d872154 method=java.awt.Component.getGraphics()Ljava/awt/Graphics; @ 114
Event: 100.788 Thread 0x00007f99ae8b0800 Uncommon trap: reason=class_check action=maybe_recompile pc=0x000000011d859700 method=com.jogamp.common.util.RunnableTask.run()V @ 24
Event: 100.789 Thread 0x00007f99ae8b0800 Uncommon trap: reason=unstable_if action=reinterpret pc=0x000000011d86f97c method=jogamp.nativewindow.macosx.OSXUtil.RunOnMainThread(ZZLjava/lang/Runnable;)V @ 3
Event: 100.799 Thread 0x00007f99ad4d6800 Uncommon trap: reason=unstable_if action=reinterpret pc=0x000000011d329198 method=java.util.LinkedList$ListItr.<init>(Ljava/util/LinkedList;I)V @ 26
Event: 100.800 Thread 0x00007f99ad4d6800 Uncommon trap: reason=unstable_if action=reinterpret pc=0x000000011d6cbef4 method=java.security.AccessControlContext.optimize()Ljava/security/AccessControlContext; @ 233
Event: 100.800 Thread 0x00007f99ae8b0800 Uncommon trap: reason=class_check action=maybe_recompile pc=0x000000011d859700 method=com.jogamp.common.util.RunnableTask.run()V @ 24

Internal exceptions (10 events):
Event: 0.337 Thread 0x00007f99ae000800 Exception <a 'java/io/FileNotFoundException'> (0x0000000795810ed8) thrown at [/Users/java_re/workspace/8-2-build-macosx-x86_64/jdk8u144/9417/hotspot/src/share/vm/prims/jni.cpp, line 709]
Event: 0.337 Thread 0x00007f99ae000800 Exception <a 'java/io/FileNotFoundException'> (0x0000000795811a40) thrown at [/Users/java_re/workspace/8-2-build-macosx-x86_64/jdk8u144/9417/hotspot/src/share/vm/prims/jni.cpp, line 709]
Event: 0.454 Thread 0x00007f99ae000800 Exception <a 'java/io/FileNotFoundException'> (0x00000007959584b0) thrown at [/Users/java_re/workspace/8-2-build-macosx-x86_64/jdk8u144/9417/hotspot/src/share/vm/prims/jni.cpp, line 709]
Event: 2.925 Thread 0x00007f99adb66000 Exception <a 'java/lang/UnsatisfiedLinkError': com.jogamp.common.util.JarUtil.fixNativeLibAttribs(Ljava/lang/String;)Z> (0x0000000796cdeb78) thrown at [/Users/java_re/workspace/8-2-build-macosx-x86_64/jdk8u144/9417/hotspot/src/share/vm/prims/nativeLookup.
Event: 3.160 Thread 0x00007f99ad03d000 Exception <a 'java/lang/NullPointerException'> (0x00000007956a3330) thrown at [/Users/java_re/workspace/8-2-build-macosx-x86_64/jdk8u144/9417/hotspot/src/share/vm/interpreter/linkResolver.cpp, line 1197]
Event: 3.852 Thread 0x00007f99ad4d6800 Exception <a 'java/io/FileNotFoundException'> (0x0000000796138b10) thrown at [/Users/java_re/workspace/8-2-build-macosx-x86_64/jdk8u144/9417/hotspot/src/share/vm/prims/jni.cpp, line 709]
Event: 3.853 Thread 0x00007f99ad4d6800 Exception <a 'java/io/FileNotFoundException'> (0x0000000796142438) thrown at [/Users/java_re/workspace/8-2-build-macosx-x86_64/jdk8u144/9417/hotspot/src/share/vm/prims/jni.cpp, line 709]
Event: 3.853 Thread 0x00007f99ad4d6800 Implicit null exception at 0x000000011cf89634 to 0x000000011cf89a69
Event: 4.216 Thread 0x00007f99ad4d6800 Implicit null exception at 0x000000011d19a646 to 0x000000011d19a88d
Event: 59.252 Thread 0x00007f99ad4d6800 Implicit null exception at 0x000000011d84278f to 0x000000011d846bdd

Events (10 events):
Event: 100.800 Thread 0x00007f99ae8b0800 Uncommon trap: trap_request=0xffffffde fr.pc=0x000000011d859700
Event: 100.800 Thread 0x00007f99ae8b0800 DEOPT PACKING pc=0x000000011d859700 sp=0x00007fff505a4570
Event: 100.800 Thread 0x00007f99ae8b0800 DEOPT UNPACKING pc=0x000000011cdb8229 sp=0x00007fff505a4518 mode 2
Event: 100.800 loading class java/awt/LightweightDispatcher$2
Event: 100.800 loading class java/awt/LightweightDispatcher$2 done
Event: 100.800 loading class java/awt/event/AWTEventListenerProxy
Event: 100.800 loading class java/awt/event/AWTEventListenerProxy done
Event: 100.800 Executing VM operation: Deoptimize
Event: 100.800 Executing VM operation: Deoptimize done
Event: 100.800 loading class java/awt/Toolkit$ToolkitEventMulticaster


Dynamic libraries:
0x00000000462c2000 	/System/Library/Frameworks/Cocoa.framework/Versions/A/Cocoa
0x00000000462c2000 	/System/Library/Frameworks/Security.framework/Versions/A/Security
0x00000000462c2000 	/System/Library/Frameworks/ApplicationServices.framework/Versions/A/ApplicationServices
0x00000000462c2000 	/usr/lib/libz.1.dylib
0x00000000462c2000 	/usr/lib/libSystem.B.dylib
0x00000000462c2000 	/usr/lib/libobjc.A.dylib
0x00000000462c2000 	/System/Library/Frameworks/CoreFoundation.framework/Versions/A/CoreFoundation
0x00000000462c2000 	/System/Library/Frameworks/Foundation.framework/Versions/C/Foundation
0x00000000462c2000 	/System/Library/Frameworks/AppKit.framework/Versions/C/AppKit
0x00000000462c2000 	/System/Library/Frameworks/CoreData.framework/Versions/A/CoreData
0x00000000462c2000 	/System/Library/PrivateFrameworks/RemoteViewServices.framework/Versions/A/RemoteViewServices
0x00000000462c2000 	/System/Library/PrivateFrameworks/UIFoundation.framework/Versions/A/UIFoundation
0x00000000462c2000 	/System/Library/PrivateFrameworks/DFRFoundation.framework/Versions/A/DFRFoundation
0x00000000462c2000 	/usr/lib/libenergytrace.dylib
0x00000000462c2000 	/System/Library/PrivateFrameworks/SkyLight.framework/Versions/A/SkyLight
0x00000000462c2000 	/System/Library/Frameworks/CoreGraphics.framework/Versions/A/CoreGraphics
0x00000000462c2000 	/usr/lib/libScreenReader.dylib
0x00000000462c2000 	/System/Library/Frameworks/Accelerate.framework/Versions/A/Accelerate
0x00000000462c2000 	/System/Library/Frameworks/IOSurface.framework/Versions/A/IOSurface
0x00000000462c2000 	/System/Library/Frameworks/AudioToolbox.framework/Versions/A/AudioToolbox
0x00000000462c2000 	/System/Library/Frameworks/AudioUnit.framework/Versions/A/AudioUnit
0x00000000462c2000 	/System/Library/PrivateFrameworks/DataDetectorsCore.framework/Versions/A/DataDetectorsCore
0x00000000462c2000 	/System/Library/PrivateFrameworks/DesktopServicesPriv.framework/Versions/A/DesktopServicesPriv
0x00000000462c2000 	/System/Library/Frameworks/Carbon.framework/Versions/A/Frameworks/HIToolbox.framework/Versions/A/HIToolbox
0x00000000462c2000 	/usr/lib/libicucore.A.dylib
0x00000000462c2000 	/System/Library/Frameworks/QuartzCore.framework/Versions/A/QuartzCore
0x00000000462c2000 	/System/Library/Frameworks/Carbon.framework/Versions/A/Frameworks/SpeechRecognition.framework/Versions/A/SpeechRecognition
0x00000000462c2000 	/usr/lib/libauto.dylib
0x00000000462c2000 	/usr/lib/libxml2.2.dylib
0x00000000462c2000 	/System/Library/PrivateFrameworks/CoreUI.framework/Versions/A/CoreUI
0x00000000462c2000 	/System/Library/Frameworks/CoreAudio.framework/Versions/A/CoreAudio
0x00000000462c2000 	/System/Library/Frameworks/DiskArbitration.framework/Versions/A/DiskArbitration
0x00000000462c2000 	/usr/lib/liblangid.dylib
0x00000000462c2000 	/System/Library/PrivateFrameworks/MultitouchSupport.framework/Versions/A/MultitouchSupport
0x00000000462c2000 	/System/Library/Frameworks/IOKit.framework/Versions/A/IOKit
0x00000000462c2000 	/usr/lib/libDiagnosticMessagesClient.dylib
0x00000000462c2000 	/System/Library/Frameworks/CoreServices.framework/Versions/A/CoreServices
0x00000000462c2000 	/System/Library/PrivateFrameworks/PerformanceAnalysis.framework/Versions/A/PerformanceAnalysis
0x00000000462c2000 	/System/Library/PrivateFrameworks/GenerationalStorage.framework/Versions/A/GenerationalStorage
0x00000000462c2000 	/System/Library/Frameworks/OpenGL.framework/Versions/A/OpenGL
0x00000000462c2000 	/System/Library/Frameworks/CoreImage.framework/Versions/A/CoreImage
0x00000000462c2000 	/System/Library/Frameworks/CoreText.framework/Versions/A/CoreText
0x00000000462c2000 	/System/Library/Frameworks/ImageIO.framework/Versions/A/ImageIO
0x00000000462c2000 	/System/Library/PrivateFrameworks/Backup.framework/Versions/A/Backup
0x00000000462c2000 	/usr/lib/libarchive.2.dylib
0x00000000462c2000 	/System/Library/Frameworks/CFNetwork.framework/Versions/A/CFNetwork
0x00000000462c2000 	/System/Library/Frameworks/SystemConfiguration.framework/Versions/A/SystemConfiguration
0x00000000462c2000 	/usr/lib/libCRFSuite.dylib
0x00000000462c2000 	/usr/lib/libc++.1.dylib
0x00000000462c2000 	/usr/lib/libc++abi.dylib
0x00000000462c2000 	/usr/lib/system/libcache.dylib
0x00000000462c2000 	/usr/lib/system/libcommonCrypto.dylib
0x00000000462c2000 	/usr/lib/system/libcompiler_rt.dylib
0x00000000462c2000 	/usr/lib/system/libcopyfile.dylib
0x00000000462c2000 	/usr/lib/system/libcorecrypto.dylib
0x00000000462c2000 	/usr/lib/system/libdispatch.dylib
0x00000000462c2000 	/usr/lib/system/libdyld.dylib
0x00000000462c2000 	/usr/lib/system/libkeymgr.dylib
0x00000000462c2000 	/usr/lib/system/liblaunch.dylib
0x00000000462c2000 	/usr/lib/system/libmacho.dylib
0x00000000462c2000 	/usr/lib/system/libquarantine.dylib
0x00000000462c2000 	/usr/lib/system/libremovefile.dylib
0x00000000462c2000 	/usr/lib/system/libsystem_asl.dylib
0x00000000462c2000 	/usr/lib/system/libsystem_blocks.dylib
0x00000000462c2000 	/usr/lib/system/libsystem_c.dylib
0x00000000462c2000 	/usr/lib/system/libsystem_configuration.dylib
0x00000000462c2000 	/usr/lib/system/libsystem_coreservices.dylib
0x00000000462c2000 	/usr/lib/system/libsystem_coretls.dylib
0x00000000462c2000 	/usr/lib/system/libsystem_dnssd.dylib
0x00000000462c2000 	/usr/lib/system/libsystem_info.dylib
0x00000000462c2000 	/usr/lib/system/libsystem_kernel.dylib
0x00000000462c2000 	/usr/lib/system/libsystem_m.dylib
0x00000000462c2000 	/usr/lib/system/libsystem_malloc.dylib
0x00000000462c2000 	/usr/lib/system/libsystem_network.dylib
0x00000000462c2000 	/usr/lib/system/libsystem_networkextension.dylib
0x00000000462c2000 	/usr/lib/system/libsystem_notify.dylib
0x00000000462c2000 	/usr/lib/system/libsystem_platform.dylib
0x00000000462c2000 	/usr/lib/system/libsystem_pthread.dylib
0x00000000462c2000 	/usr/lib/system/libsystem_sandbox.dylib
0x00000000462c2000 	/usr/lib/system/libsystem_secinit.dylib
0x00000000462c2000 	/usr/lib/system/libsystem_symptoms.dylib
0x00000000462c2000 	/usr/lib/system/libsystem_trace.dylib
0x00000000462c2000 	/usr/lib/system/libunwind.dylib
0x00000000462c2000 	/usr/lib/system/libxpc.dylib
0x00000000462c2000 	/usr/lib/libbsm.0.dylib
0x00000000462c2000 	/usr/lib/system/libkxld.dylib
0x00000000462c2000 	/usr/lib/libcoretls.dylib
0x00000000462c2000 	/usr/lib/libcoretls_cfhelpers.dylib
0x00000000462c2000 	/usr/lib/libOpenScriptingUtil.dylib
0x00000000462c2000 	/usr/lib/libpam.2.dylib
0x00000000462c2000 	/usr/lib/libsqlite3.dylib
0x00000000462c2000 	/usr/lib/libxar.1.dylib
0x00000000462c2000 	/usr/lib/libbz2.1.0.dylib
0x00000000462c2000 	/usr/lib/liblzma.5.dylib
0x00000000462c2000 	/usr/lib/libnetwork.dylib
0x00000000462c2000 	/usr/lib/libpcap.A.dylib
0x00000000462c2000 	/System/Library/Frameworks/CoreServices.framework/Versions/A/Frameworks/FSEvents.framework/Versions/A/FSEvents
0x00000000462c2000 	/System/Library/Frameworks/CoreServices.framework/Versions/A/Frameworks/CarbonCore.framework/Versions/A/CarbonCore
0x00000000462c2000 	/System/Library/Frameworks/CoreServices.framework/Versions/A/Frameworks/Metadata.framework/Versions/A/Metadata
0x00000000462c2000 	/System/Library/Frameworks/CoreServices.framework/Versions/A/Frameworks/OSServices.framework/Versions/A/OSServices
0x00000000462c2000 	/System/Library/Frameworks/CoreServices.framework/Versions/A/Frameworks/SearchKit.framework/Versions/A/SearchKit
0x00000000462c2000 	/System/Library/Frameworks/CoreServices.framework/Versions/A/Frameworks/AE.framework/Versions/A/AE
0x00000000462c2000 	/System/Library/Frameworks/CoreServices.framework/Versions/A/Frameworks/LaunchServices.framework/Versions/A/LaunchServices
0x00000000462c2000 	/System/Library/Frameworks/CoreServices.framework/Versions/A/Frameworks/DictionaryServices.framework/Versions/A/DictionaryServices
0x00000000462c2000 	/System/Library/Frameworks/CoreServices.framework/Versions/A/Frameworks/SharedFileList.framework/Versions/A/SharedFileList
0x00000000462c2000 	/System/Library/Frameworks/NetFS.framework/Versions/A/NetFS
0x00000000462c2000 	/System/Library/PrivateFrameworks/NetAuth.framework/Versions/A/NetAuth
0x00000000462c2000 	/System/Library/PrivateFrameworks/login.framework/Versions/A/Frameworks/loginsupport.framework/Versions/A/loginsupport
0x00000000462c2000 	/System/Library/PrivateFrameworks/TCC.framework/Versions/A/TCC
0x00000000462c2000 	/usr/lib/libmecabra.dylib
0x00000000462c2000 	/System/Library/Frameworks/ApplicationServices.framework/Versions/A/Frameworks/ATS.framework/Versions/A/ATS
0x00000000462c2000 	/System/Library/Frameworks/ApplicationServices.framework/Versions/A/Frameworks/ColorSync.framework/Versions/A/ColorSync
0x00000000462c2000 	/System/Library/Frameworks/ApplicationServices.framework/Versions/A/Frameworks/HIServices.framework/Versions/A/HIServices
0x00000000462c2000 	/System/Library/Frameworks/ApplicationServices.framework/Versions/A/Frameworks/LangAnalysis.framework/Versions/A/LangAnalysis
0x00000000462c2000 	/System/Library/Frameworks/ApplicationServices.framework/Versions/A/Frameworks/PrintCore.framework/Versions/A/PrintCore
0x00000000462c2000 	/System/Library/Frameworks/ApplicationServices.framework/Versions/A/Frameworks/QD.framework/Versions/A/QD
0x00000000462c2000 	/System/Library/Frameworks/ApplicationServices.framework/Versions/A/Frameworks/SpeechSynthesis.framework/Versions/A/SpeechSynthesis
0x00000000462c2000 	/System/Library/Frameworks/Accelerate.framework/Versions/A/Frameworks/vImage.framework/Versions/A/vImage
0x00000000462c2000 	/System/Library/Frameworks/Accelerate.framework/Versions/A/Frameworks/vecLib.framework/Versions/A/vecLib
0x00000000462c2000 	/System/Library/Frameworks/Accelerate.framework/Versions/A/Frameworks/vecLib.framework/Versions/A/libvDSP.dylib
0x00000000462c2000 	/System/Library/Frameworks/Accelerate.framework/Versions/A/Frameworks/vecLib.framework/Versions/A/libBNNS.dylib
0x00000000462c2000 	/System/Library/Frameworks/Accelerate.framework/Versions/A/Frameworks/vecLib.framework/Versions/A/libQuadrature.dylib
0x00000000462c2000 	/System/Library/Frameworks/Accelerate.framework/Versions/A/Frameworks/vecLib.framework/Versions/A/libvMisc.dylib
0x00000000462c2000 	/System/Library/Frameworks/Accelerate.framework/Versions/A/Frameworks/vecLib.framework/Versions/A/libLAPACK.dylib
0x00000000462c2000 	/System/Library/Frameworks/Accelerate.framework/Versions/A/Frameworks/vecLib.framework/Versions/A/libBLAS.dylib
0x00000000462c2000 	/System/Library/Frameworks/Accelerate.framework/Versions/A/Frameworks/vecLib.framework/Versions/A/libLinearAlgebra.dylib
0x00000000462c2000 	/System/Library/Frameworks/Accelerate.framework/Versions/A/Frameworks/vecLib.framework/Versions/A/libSparseBLAS.dylib
0x00000000462c2000 	/System/Library/Frameworks/ApplicationServices.framework/Versions/A/Frameworks/ATS.framework/Versions/A/Resources/libFontParser.dylib
0x00000000462c2000 	/System/Library/Frameworks/ApplicationServices.framework/Versions/A/Frameworks/ATS.framework/Versions/A/Resources/libFontRegistry.dylib
0x00000000462c2000 	/System/Library/Frameworks/ImageIO.framework/Versions/A/Resources/libJPEG.dylib
0x00000000462c2000 	/System/Library/Frameworks/ImageIO.framework/Versions/A/Resources/libTIFF.dylib
0x00000000462c2000 	/System/Library/Frameworks/ImageIO.framework/Versions/A/Resources/libPng.dylib
0x00000000462c2000 	/System/Library/Frameworks/ImageIO.framework/Versions/A/Resources/libGIF.dylib
0x00000000462c2000 	/System/Library/Frameworks/ImageIO.framework/Versions/A/Resources/libJP2.dylib
0x00000000462c2000 	/System/Library/Frameworks/ImageIO.framework/Versions/A/Resources/libRadiance.dylib
0x00000000462c2000 	/usr/lib/libcompression.dylib
0x00000000462c2000 	/System/Library/PrivateFrameworks/AppleJPEG.framework/Versions/A/AppleJPEG
0x00000000462c2000 	/usr/lib/libcups.2.dylib
0x00000000462c2000 	/System/Library/Frameworks/Kerberos.framework/Versions/A/Kerberos
0x00000000462c2000 	/System/Library/Frameworks/GSS.framework/Versions/A/GSS
0x00000000462c2000 	/usr/lib/libresolv.9.dylib
0x00000000462c2000 	/usr/lib/libiconv.2.dylib
0x00000000462c2000 	/System/Library/PrivateFrameworks/Heimdal.framework/Versions/A/Heimdal
0x00000000462c2000 	/usr/lib/libheimdal-asn1.dylib
0x00000000462c2000 	/System/Library/Frameworks/OpenDirectory.framework/Versions/A/OpenDirectory
0x00000000462c2000 	/System/Library/PrivateFrameworks/CommonAuth.framework/Versions/A/CommonAuth
0x00000000462c2000 	/System/Library/Frameworks/OpenDirectory.framework/Versions/A/Frameworks/CFOpenDirectory.framework/Versions/A/CFOpenDirectory
0x00000000462c2000 	/System/Library/Frameworks/SecurityFoundation.framework/Versions/A/SecurityFoundation
0x00000000462c2000 	/System/Library/PrivateFrameworks/LanguageModeling.framework/Versions/A/LanguageModeling
0x00000000462c2000 	/usr/lib/libmarisa.dylib
0x00000000462c2000 	/usr/lib/libChineseTokenizer.dylib
0x00000000462c2000 	/usr/lib/libcmph.dylib
0x00000000462c2000 	/System/Library/PrivateFrameworks/CoreEmoji.framework/Versions/A/CoreEmoji
0x00000000462c2000 	/System/Library/Frameworks/ServiceManagement.framework/Versions/A/ServiceManagement
0x00000000462c2000 	/usr/lib/libxslt.1.dylib
0x00000000462c2000 	/System/Library/Frameworks/Carbon.framework/Versions/A/Frameworks/Ink.framework/Versions/A/Ink
0x00000000462c2000 	/System/Library/PrivateFrameworks/TextureIO.framework/Versions/A/TextureIO
0x00000000462c2000 	/System/Library/Frameworks/Metal.framework/Versions/A/Metal
0x00000000462c2000 	/usr/lib/libate.dylib
0x00000000462c2000 	/System/Library/PrivateFrameworks/GPUCompiler.framework/libmetal_timestamp.dylib
0x00000000462c2000 	/System/Library/Frameworks/OpenGL.framework/Versions/A/Libraries/libCoreFSCache.dylib
0x00000000462c2000 	/System/Library/PrivateFrameworks/IOAccelerator.framework/Versions/A/IOAccelerator
0x00000000462c2000 	/System/Library/Frameworks/CoreVideo.framework/Versions/A/CoreVideo
0x00000000462c2000 	/usr/lib/libFosl_dynamic.dylib
0x00000000462c2000 	/System/Library/PrivateFrameworks/MetalPerformanceShaders.framework/Versions/A/MetalPerformanceShaders
0x00000000462c2000 	/System/Library/PrivateFrameworks/FaceCore.framework/Versions/A/FaceCore
0x00000000462c2000 	/System/Library/Frameworks/OpenCL.framework/Versions/A/OpenCL
0x00000000462c2000 	/System/Library/Frameworks/OpenGL.framework/Versions/A/Libraries/libGLU.dylib
0x00000000462c2000 	/System/Library/Frameworks/OpenGL.framework/Versions/A/Libraries/libGFXShared.dylib
0x00000000462c2000 	/System/Library/Frameworks/OpenGL.framework/Versions/A/Libraries/libGL.dylib
0x00000000462c2000 	/System/Library/Frameworks/OpenGL.framework/Versions/A/Libraries/libGLImage.dylib
0x00000000462c2000 	/System/Library/Frameworks/OpenGL.framework/Versions/A/Libraries/libCVMSPluginSupport.dylib
0x00000000462c2000 	/System/Library/Frameworks/OpenGL.framework/Versions/A/Libraries/libCoreVMClient.dylib
0x00000000462c2000 	/System/Library/PrivateFrameworks/CrashReporterSupport.framework/Versions/A/CrashReporterSupport
0x00000000462c2000 	/System/Library/PrivateFrameworks/Sharing.framework/Versions/A/Sharing
0x00000000462c2000 	/System/Library/PrivateFrameworks/IconServices.framework/Versions/A/IconServices
0x00000000462c2000 	/System/Library/PrivateFrameworks/ProtocolBuffer.framework/Versions/A/ProtocolBuffer
0x00000000462c2000 	/System/Library/PrivateFrameworks/Apple80211.framework/Versions/A/Apple80211
0x00000000462c2000 	/System/Library/Frameworks/CoreWLAN.framework/Versions/A/CoreWLAN
0x00000000462c2000 	/System/Library/PrivateFrameworks/CoreUtils.framework/Versions/A/CoreUtils
0x00000000462c2000 	/System/Library/Frameworks/IOBluetooth.framework/Versions/A/IOBluetooth
0x00000000462c2000 	/System/Library/PrivateFrameworks/CoreWiFi.framework/Versions/A/CoreWiFi
0x00000000462c2000 	/System/Library/Frameworks/CoreBluetooth.framework/Versions/A/CoreBluetooth
0x00000000462c2000 	/System/Library/Frameworks/CoreDisplay.framework/Versions/A/CoreDisplay
0x00000000462c2000 	/System/Library/PrivateFrameworks/IOPresentment.framework/Versions/A/IOPresentment
0x00000000462c2000 	/System/Library/PrivateFrameworks/DSExternalDisplay.framework/Versions/A/DSExternalDisplay
0x00000000462c2000 	/System/Library/PrivateFrameworks/DebugSymbols.framework/Versions/A/DebugSymbols
0x00000000462c2000 	/System/Library/PrivateFrameworks/CoreSymbolication.framework/Versions/A/CoreSymbolication
0x00000000462c2000 	/System/Library/PrivateFrameworks/Symbolication.framework/Versions/A/Symbolication
0x00000000462c2000 	/System/Library/PrivateFrameworks/AppleFSCompression.framework/Versions/A/AppleFSCompression
0x00000000462c2000 	/System/Library/PrivateFrameworks/SpeechRecognitionCore.framework/Versions/A/SpeechRecognitionCore
0x00000000462c2000 	/System/Library/PrivateFrameworks/ChunkingLibrary.framework/Versions/A/ChunkingLibrary
0x0000000110000000 	/Library/Java/JavaVirtualMachines/jdk1.8.0_144.jdk/Contents/Home/jre/lib/server/libjvm.dylib
0x00000000462c2000 	/usr/lib/libstdc++.6.dylib
0x000000010f6d4000 	/Library/Java/JavaVirtualMachines/jdk1.8.0_144.jdk/Contents/Home/jre/lib/libverify.dylib
0x000000010f6e2000 	/Library/Java/JavaVirtualMachines/jdk1.8.0_144.jdk/Contents/Home/jre/lib/libjava.dylib
0x000000010f721000 	/Library/Java/JavaVirtualMachines/jdk1.8.0_144.jdk/Contents/Home/jre/lib/libzip.dylib
0x0000000117840000 	/System/Library/Frameworks/JavaVM.framework/Frameworks/JavaRuntimeSupport.framework/JavaRuntimeSupport
0x000000011785a000 	/System/Library/Frameworks/JavaVM.framework/Versions/A/Frameworks/JavaNativeFoundation.framework/Versions/A/JavaNativeFoundation
0x000000011786f000 	/System/Library/Frameworks/JavaVM.framework/Versions/A/JavaVM
0x00000000462c2000 	/System/Library/Frameworks/Carbon.framework/Versions/A/Carbon
0x000000011787c000 	/System/Library/PrivateFrameworks/JavaLaunching.framework/Versions/A/JavaLaunching
0x00000000462c2000 	/System/Library/Frameworks/Carbon.framework/Versions/A/Frameworks/CommonPanels.framework/Versions/A/CommonPanels
0x00000000462c2000 	/System/Library/Frameworks/Carbon.framework/Versions/A/Frameworks/Help.framework/Versions/A/Help
0x00000000462c2000 	/System/Library/Frameworks/Carbon.framework/Versions/A/Frameworks/ImageCapture.framework/Versions/A/ImageCapture
0x00000000462c2000 	/System/Library/Frameworks/Carbon.framework/Versions/A/Frameworks/OpenScripting.framework/Versions/A/OpenScripting
0x00000000462c2000 	/System/Library/Frameworks/Carbon.framework/Versions/A/Frameworks/Print.framework/Versions/A/Print
0x00000000462c2000 	/System/Library/Frameworks/Carbon.framework/Versions/A/Frameworks/SecurityHI.framework/Versions/A/SecurityHI
0x0000000119181000 	/Library/Java/JavaVirtualMachines/jdk1.8.0_144.jdk/Contents/Home/jre/lib/libawt.dylib
0x0000000119229000 	/Library/Java/JavaVirtualMachines/jdk1.8.0_144.jdk/Contents/Home/jre/lib/./libmlib_image.dylib
0x00000001192f5000 	/Library/Java/JavaVirtualMachines/jdk1.8.0_144.jdk/Contents/Home/jre/lib/libawt_lwawt.dylib
0x00000001193ac000 	/Library/Java/JavaVirtualMachines/jdk1.8.0_144.jdk/Contents/Home/jre/lib/./libosxapp.dylib
0x00000000462c2000 	/System/Library/Frameworks/ExceptionHandling.framework/Versions/A/ExceptionHandling
0x00000000462c2000 	/System/Library/PrivateFrameworks/CoreServicesInternal.framework/Versions/A/CoreServicesInternal
0x00000000462c2000 	/System/Library/CoreServices/RawCamera.bundle/Contents/MacOS/RawCamera
0x00000000462c2000 	/System/Library/Frameworks/Accelerate.framework/Versions/A/Frameworks/vImage.framework/Versions/A/Libraries/libCGInterfaces.dylib
0x00000000462c2000 	/System/Library/Frameworks/ApplicationServices.framework/Versions/A/Frameworks/ATS.framework/Versions/A/Resources/libTrueTypeScaler.dylib
0x000000011b0a3000 	/System/Library/Frameworks/OpenGL.framework/Resources/GLEngine.bundle/GLEngine
0x00000000462c2000 	/System/Library/Frameworks/OpenGL.framework/Versions/A/Libraries/libGLProgrammability.dylib
0x000000011b288000 	/System/Library/Extensions/AppleIntelBDWGraphicsGLDriver.bundle/Contents/MacOS/AppleIntelBDWGraphicsGLDriver
0x00000000462c2000 	/System/Library/PrivateFrameworks/GPUSupport.framework/Versions/A/Libraries/libGPUSupportMercury.dylib
0x000000011b9f2000 	/System/Library/Frameworks/OpenGL.framework/Resources//GLRendererFloat.bundle/GLRendererFloat
0x00000000462c2000 	/System/Library/Frameworks/OpenCL.framework/Versions/A/Libraries/libcldcpuengine.dylib
0x00000000462c2000 	/usr/lib/libcrypto.0.9.8.dylib
0x00000000462c2000 	/System/Library/PrivateFrameworks/TrustEvaluationAgent.framework/Versions/A/TrustEvaluationAgent
0x000000011ba26000 	/System/Library/Extensions/AppleIntelBDWGraphicsMTLDriver.bundle/Contents/MacOS/AppleIntelBDWGraphicsMTLDriver
0x00000000462c2000 	/System/Library/PrivateFrameworks/FamilyControls.framework/Versions/A/FamilyControls
0x00000000462c2000 	/System/Library/PrivateFrameworks/CommerceKit.framework/Versions/A/Frameworks/CommerceCore.framework/Versions/A/CommerceCore
0x00000000462c2000 	/System/Library/PrivateFrameworks/SystemAdministration.framework/Versions/A/SystemAdministration
0x00000000462c2000 	/System/Library/PrivateFrameworks/AppContainer.framework/Versions/A/AppContainer
0x00000000462c2000 	/System/Library/PrivateFrameworks/SecCodeWrapper.framework/Versions/A/SecCodeWrapper
0x00000000462c2000 	/System/Library/Frameworks/DirectoryService.framework/Versions/A/DirectoryService
0x00000000462c2000 	/System/Library/PrivateFrameworks/DiskImages.framework/Versions/A/DiskImages
0x00000000462c2000 	/System/Library/PrivateFrameworks/LoginUIKit.framework/Versions/A/Frameworks/LoginUICore.framework/Versions/A/LoginUICore
0x00000000462c2000 	/usr/lib/libCoreStorage.dylib
0x00000000462c2000 	/usr/lib/libcsfde.dylib
0x00000000462c2000 	/usr/lib/libodfde.dylib
0x00000000462c2000 	/System/Library/Frameworks/DiscRecording.framework/Versions/A/DiscRecording
0x00000000462c2000 	/usr/lib/libcurl.4.dylib
0x00000000462c2000 	/System/Library/PrivateFrameworks/MediaKit.framework/Versions/A/MediaKit
0x00000000462c2000 	/System/Library/PrivateFrameworks/ProtectedCloudStorage.framework/Versions/A/ProtectedCloudStorage
0x00000000462c2000 	/System/Library/PrivateFrameworks/EFILogin.framework/Versions/A/EFILogin
0x00000000462c2000 	/usr/lib/libutil.dylib
0x00000000462c2000 	/System/Library/Frameworks/LDAP.framework/Versions/A/LDAP
0x00000000462c2000 	/usr/lib/libsasl2.2.dylib
0x00000000462c2000 	/System/Library/PrivateFrameworks/CoreDaemon.framework/Versions/B/CoreDaemon
0x00000000462c2000 	/System/Library/PrivateFrameworks/AppleSRP.framework/Versions/A/AppleSRP
0x00000000462c2000 	/System/Library/PrivateFrameworks/APFS.framework/Versions/A/APFS
0x000000011c987000 	/Library/Java/JavaVirtualMachines/jdk1.8.0_144.jdk/Contents/Home/jre/lib/libfontmanager.dylib
0x00000000462c2000 	/System/Library/PrivateFrameworks/ViewBridge.framework/Versions/A/ViewBridge
0x00000000462c2000 	/System/Library/PrivateFrameworks/XPCService.framework/Versions/A/XPCService
0x00000000462c2000 	/System/Library/PrivateFrameworks/AppSandbox.framework/Versions/A/AppSandbox
0x00000000462c2000 	/usr/lib/libsandbox.1.dylib
0x00000000462c2000 	/usr/lib/libMatch.1.dylib
0x000000012dd8a000 	/Library/Java/JavaVirtualMachines/jdk1.8.0_144.jdk/Contents/Home/jre/lib/libosxui.dylib
0x000000012e93f000 	/Library/Java/JavaVirtualMachines/jdk1.8.0_144.jdk/Contents/Home/jre/lib/libnet.dylib
0x000000012e956000 	/Library/Java/JavaVirtualMachines/jdk1.8.0_144.jdk/Contents/Home/jre/lib/libnio.dylib
0x000000012da99000 	/private/var/folders/4g/xxzpq2px2tg5jwrm0_jx44dc0000gn/T/jogamp_0000/file_cache/jln9222735517516553356/jln6551464651641555508/libgluegen-rt.jnilib
0x0000000199c97000 	/private/var/folders/4g/xxzpq2px2tg5jwrm0_jx44dc0000gn/T/jogamp_0000/file_cache/jln9222735517516553356/jln6551464651641555508/libnativewindow_awt.jnilib
0x0000000199c9a000 	/Library/Java/JavaVirtualMachines/jdk1.8.0_144.jdk/Contents/Home/jre/lib/libjawt.dylib
0x0000000199c9d000 	/private/var/folders/4g/xxzpq2px2tg5jwrm0_jx44dc0000gn/T/jogamp_0000/file_cache/jln9222735517516553356/jln6551464651641555508/libnativewindow_macosx.jnilib
0x000000019b5c6000 	/private/var/folders/4g/xxzpq2px2tg5jwrm0_jx44dc0000gn/T/jogamp_0000/file_cache/jln9222735517516553356/jln6551464651641555508/libjogl_desktop.jnilib
0x000000019d419000 	/Library/Java/JavaVirtualMachines/jdk1.8.0_144.jdk/Contents/Home/jre/lib/libsunec.dylib
0x000000019d482000 	/Library/Java/JavaVirtualMachines/jdk1.8.0_144.jdk/Contents/Home/jre/lib/libt2k.dylib

VM Arguments:
jvm_args: -Djava.security.policy=java.policy.applet -Dfile.encoding=UTF-8 
java_command: sun.applet.AppletViewer module5.EarthquakeCityMap1506301801421.html
java_class_path (initial): /Users/BeenWu/Library/Mobile Documents/com~apple~CloudDocs/Eclipse Project/UCSDUnfoldingMaps/build:/Users/BeenWu/Library/Mobile Documents/com~apple~CloudDocs/Eclipse Project/UCSDUnfoldingMaps/lib/core.jar:/Users/BeenWu/Library/Mobile Documents/com~apple~CloudDocs/Eclipse Project/UCSDUnfoldingMaps/lib/gluegen-rt.jar:/Users/BeenWu/Library/Mobile Documents/com~apple~CloudDocs/Eclipse Project/UCSDUnfoldingMaps/lib/jogl-all.jar:/Users/BeenWu/Library/Mobile Documents/com~apple~CloudDocs/Eclipse Project/UCSDUnfoldingMaps/lib/log4j-1.2.15.jar:/Users/BeenWu/Library/Mobile Documents/com~apple~CloudDocs/Eclipse Project/UCSDUnfoldingMaps/lib/sqlite-jdbc-3.7.2.jar:/Users/BeenWu/Library/Mobile Documents/com~apple~CloudDocs/Eclipse Project/UCSDUnfoldingMaps/lib/json4processing.jar:/Users/BeenWu/Library/Mobile Documents/com~apple~CloudDocs/Eclipse Project/UCSDUnfoldingMaps/lib/libTUIO.jar:/Users/BeenWu/Library/Mobile Documents/com~apple~CloudDocs/Eclipse Project/UCSDUnfoldingMaps/lib/unfolding.0.9.7-uscd.jar
Launcher Type: SUN_STANDARD

Environment Variables:
PATH=/usr/bin:/bin:/usr/sbin:/sbin
SHELL=/bin/zsh

Signal Handlers:
SIGSEGV: [libjvm.dylib+0x5b26e5], sa_mask[0]=11111111011111110111111111111111, sa_flags=SA_ONSTACK|SA_RESTART|SA_SIGINFO
SIGBUS: [libjvm.dylib+0x5b26e5], sa_mask[0]=11111111011111110111111111111111, sa_flags=SA_RESTART|SA_SIGINFO
SIGFPE: [libjvm.dylib+0x489100], sa_mask[0]=11111111011111110111111111111111, sa_flags=SA_RESTART|SA_SIGINFO
SIGPIPE: [libjvm.dylib+0x489100], sa_mask[0]=11111111011111110111111111111111, sa_flags=SA_RESTART|SA_SIGINFO
SIGXFSZ: [libjvm.dylib+0x489100], sa_mask[0]=11111111011111110111111111111111, sa_flags=SA_RESTART|SA_SIGINFO
SIGILL: [libjvm.dylib+0x489100], sa_mask[0]=11111111011111110111111111111111, sa_flags=SA_RESTART|SA_SIGINFO
SIGUSR1: SIG_DFL, sa_mask[0]=00000000000000000000000000000000, sa_flags=none
SIGUSR2: [libjvm.dylib+0x488c1e], sa_mask[0]=00100000000000000000000000000000, sa_flags=SA_RESTART|SA_SIGINFO
SIGHUP: [libjvm.dylib+0x4871f5], sa_mask[0]=11111111011111110111111111111111, sa_flags=SA_RESTART|SA_SIGINFO
SIGINT: [libjvm.dylib+0x4871f5], sa_mask[0]=11111111011111110111111111111111, sa_flags=SA_RESTART|SA_SIGINFO
SIGTERM: [libjvm.dylib+0x4871f5], sa_mask[0]=11111111011111110111111111111111, sa_flags=SA_RESTART|SA_SIGINFO
SIGQUIT: [libjvm.dylib+0x4871f5], sa_mask[0]=11111111011111110111111111111111, sa_flags=SA_RESTART|SA_SIGINFO


---------------  S Y S T E M  ---------------

OS:Bsduname:Darwin 16.7.0 Darwin Kernel Version 16.7.0: Thu Jun 15 17:36:27 PDT 2017; root:xnu-3789.70.16~2/RELEASE_X86_64 x86_64
rlimit: STACK 8192k, CORE 0k, NPROC 709, NOFILE 10240, AS infinity
load average:2.35 1.84 1.84

CPU:total 4 (initial active 4) (2 cores per cpu, 2 threads per core) family 6 model 61 stepping 4, cmov, cx8, fxsr, mmx, sse, sse2, sse3, ssse3, sse4.1, sse4.2, popcnt, avx, avx2, aes, clmul, erms, 3dnowpref, lzcnt, ht, tsc, tscinvbit, bmi1, bmi2, adx

Memory: 4k page, physical 8388608k(48224k free)

/proc/meminfo:


vm_info: Java HotSpot(TM) 64-Bit Server VM (25.144-b01) for bsd-amd64 JRE (1.8.0_144-b01), built on Jul 21 2017 22:07:42 by "java_re" with gcc 4.2.1 (Based on Apple Inc. build 5658) (LLVM build 2336.11.00)

time: Sun Sep 24 21:11:42 2017
elapsed time: 100 seconds (0d 0h 1m 40s)

