#
# A fatal error has been detected by the Java Runtime Environment:
#
#  SIGSEGV (0xb) at pc=0x00007fffac02505d, pid=780, tid=0x0000000000000307
#
# JRE version: Java(TM) SE Runtime Environment (8.0_144-b01) (build 1.8.0_144-b01)
# Java VM: Java HotSpot(TM) 64-Bit Server VM (25.144-b01 mixed mode bsd-amd64 compressed oops)
# Problematic frame:
# C  [libobjc.A.dylib+0x705d]  objc_msgSend+0x1d
#
# Failed to write core dump. Core dumps have been disabled. To enable core dumping, try "ulimit -c unlimited" before starting Java again
#
# If you would like to submit a bug report, please visit:
#   http://bugreport.java.com/bugreport/crash.jsp
# The crash happened outside the Java Virtual Machine in native code.
# See problematic frame for where to report the bug.
#

---------------  T H R E A D  ---------------

Current thread (0x00007f9e300b2000):  JavaThread "AWT-AppKit" daemon [_thread_in_native, id=775, stack(0x00007fff51866000,0x00007fff52066000)]

siginfo: si_signo: 11 (SIGSEGV), si_code: 1 (SEGV_MAPERR), si_addr: 0x000007f9e330dbc8

Registers:
RAX=0x00007f9e2e676c80, RBX=0x00000001986f6450, RCX=0x00007f9e30a005b0, RDX=0x0000000000000000
RSP=0x00007fff52061208, RBP=0x00007fff520612c0, RSI=0x00007fff958b1116, RDI=0x00007f9e2e7e5e00
R8 =0x0000000000000018, R9 =0x00007f9e30a01aa0, R10=0x000007f9e330dbb0, R11=0x00007fff958b1116
R12=0x0000000000000000, R13=0x000000019c84bbd0, R14=0x00000001986f6440, R15=0x00007f9e300b2000
RIP=0x00007fffac02505d, EFLAGS=0x0000000000010202, ERR=0x0000000000000004
  TRAPNO=0x000000000000000e

Top of Stack: (sp=0x00007fff52061208)
0x00007fff52061208:   00000001986f4157 00007fff52061260
0x00007fff52061218:   0000000000000003 00007fff52061240
0x00007fff52061228:   000000010de0a68e 000000019c84bbd0
0x00007fff52061238:   000000019c84bbd0 00007f9e2e676c80
0x00007fff52061248:   00000001986f66a0 00000001986f6710
0x00007fff52061258:   00007fffb208a6d0 00007fffb2cba1e0
0x00007fff52061268:   00000001986f6450 00000001986f6690
0x00007fff52061278:   00007f9e2e676c80 00007f9e2e7e5e00
0x00007fff52061288:   00007f9e2e566ff0 00007f9e2e676c80
0x00007fff52061298:   00007f9e2e7e5e00 00007fff52061348
0x00007fff520612a8:   00007f9e300b21f8 000000019c84bbd0
0x00007fff520612b8:   00007fff52061370 00007fff52061338
0x00007fff520612c8:   00000001141299f4 000000019c84bbd0
0x00007fff520612d8:   00007fff52061370 00007fff52061338
0x00007fff520612e8:   0000000114129787 0000000114129742
0x00007fff520612f8:   00007fff520612f8 000000019c84bbd0
0x00007fff52061308:   00007fff52061370 000000019c84e808
0x00007fff52061318:   0000000000000000 000000019c84bbd0
0x00007fff52061328:   0000000000000000 00007fff52061358
0x00007fff52061338:   00007fff520613b8 000000011411a2bd
0x00007fff52061348:   0000000741017bc0 0000000114123538
0x00007fff52061358:   00007f9e2e676c80 00007fff520613b8
0x00007fff52061368:   00007f9e2e7e5e00 0000000114124e02
0x00007fff52061378:   00007fff52061378 000000019c84bd9a
0x00007fff52061388:   00007fff520613e0 000000019c84e808
0x00007fff52061398:   0000000000000000 000000019c84bda8
0x00007fff520613a8:   00007fff52061358 00007fff520613c8
0x00007fff520613b8:   00007fff52061428 000000011411a2bd
0x00007fff520613c8:   00007f9e2e676c80 0000000740c7caf0
0x00007fff520613d8:   00007f9e2e7e5e00 0000000740c7caf0
0x00007fff520613e8:   00007fff520613e8 000000012955fa96
0x00007fff520613f8:   00007fff52061438 000000012955fb50 

Instructions: (pc=0x00007fffac02505d)
0x00007fffac02503d:   0f 1f 00 48 85 ff 2e 74 62 40 f6 c7 01 2e 75 66
0x00007fffac02504d:   49 ba f8 ff ff ff ff 7f 00 00 4c 23 17 49 89 f3
0x00007fffac02505d:   45 23 5a 18 49 c1 e3 04 4d 03 5a 10 49 3b 33 75
0x00007fffac02506d:   04 41 ff 63 08 49 83 3b 01 76 0d 49 83 c3 10 49 

Register to memory mapping:

RAX=0x00007f9e2e676c80 is an unknown value
RBX=0x00000001986f6450: Java_jogamp_nativewindow_macosx_OSXUtil_GetScreenRefreshRate0+0x1cf0 in /private/var/folders/4g/xxzpq2px2tg5jwrm0_jx44dc0000gn/T/jogamp_0000/file_cache/jln4900426449210833673/jln3243015674231308047/libnativewindow_macosx.jnilib at 0x00000001986ef000
RCX=0x00007f9e30a005b0 is an unknown value
RDX=0x0000000000000000 is an unknown value
RSP=0x00007fff52061208 is pointing into the stack for thread: 0x00007f9e300b2000
RBP=0x00007fff520612c0 is pointing into the stack for thread: 0x00007f9e300b2000
RSI=0x00007fff958b1116: __NSStyleNameIndexTable+0x7fd5e in /System/Library/Frameworks/AppKit.framework/Versions/C/AppKit at 0x00007fff94c44000
RDI=0x00007f9e2e7e5e00 is an unknown value
R8 =0x0000000000000018 is an unknown value
R9 =0x00007f9e30a01aa0 is an unknown value
R10=0x000007f9e330dbb0 is an unknown value
R11=0x00007fff958b1116: __NSStyleNameIndexTable+0x7fd5e in /System/Library/Frameworks/AppKit.framework/Versions/C/AppKit at 0x00007fff94c44000
R12=0x0000000000000000 is an unknown value
R13={method} {0x000000019c84bbd0} 'UnsetJAWTRootSurfaceLayer0' '(JJ)V' in 'jogamp/nativewindow/jawt/macosx/MacOSXJAWTWindow'
R14=0x00000001986f6440: Java_jogamp_nativewindow_macosx_OSXUtil_GetScreenRefreshRate0+0x1ce0 in /private/var/folders/4g/xxzpq2px2tg5jwrm0_jx44dc0000gn/T/jogamp_0000/file_cache/jln4900426449210833673/jln3243015674231308047/libnativewindow_macosx.jnilib at 0x00000001986ef000
R15=0x00007f9e300b2000 is a thread


Stack: [0x00007fff51866000,0x00007fff52066000],  sp=0x00007fff52061208,  free space=8172k
Native frames: (J=compiled Java code, j=interpreted, Vv=VM code, C=native code)
C  [libobjc.A.dylib+0x705d]  objc_msgSend+0x1d
j  jogamp.nativewindow.jawt.macosx.MacOSXJAWTWindow.UnsetJAWTRootSurfaceLayer0(JJ)V+0
j  jogamp.nativewindow.jawt.macosx.MacOSXJAWTWindow.access$200(JJ)V+2
j  jogamp.nativewindow.jawt.macosx.MacOSXJAWTWindow$1.run()V+38
J 2559 C1 com.jogamp.common.util.RunnableTask.run()V (345 bytes) @ 0x0000000114a44434 [0x0000000114a442a0+0x194]
v  ~StubRoutines::call_stub
V  [libjvm.dylib+0x2ee70a]  JavaCalls::call_helper(JavaValue*, methodHandle*, JavaCallArguments*, Thread*)+0x6ae
V  [libjvm.dylib+0x3258b9]  jni_invoke_nonstatic(JNIEnv_*, JavaValue*, _jobject*, JNICallType, _jmethodID*, JNI_ArgumentPusher*, Thread*)+0x2ec
V  [libjvm.dylib+0x318087]  jni_CallVoidMethod+0x16b
C  [libnativewindow_macosx.jnilib+0x5326]  Java_jogamp_nativewindow_jawt_macosx_MacOSXJAWTWindow_UnsetJAWTRootSurfaceLayer0+0x2b6
C  [Foundation+0x7152a]  __NSThreadPerformPerform+0x146
C  [CoreFoundation+0xa7321]  __CFRUNLOOP_IS_CALLING_OUT_TO_A_SOURCE0_PERFORM_FUNCTION__+0x11
C  [CoreFoundation+0x8821d]  __CFRunLoopDoSources0+0x22d
C  [CoreFoundation+0x87716]  __CFRunLoopRun+0x3a6
C  [CoreFoundation+0x87114]  CFRunLoopRunSpecific+0x1a4
C  [HIToolbox+0x30ebc]  RunCurrentEventLoopInMode+0xf0
C  [HIToolbox+0x30bf9]  ReceiveNextEventCommon+0xb8
C  [HIToolbox+0x30b26]  _BlockUntilNextEventMatchingListInModeWithFilter+0x47
C  [AppKit+0x46a54]  _DPSNextEvent+0x460
C  [AppKit+0x7c27ee]  -[NSApplication(NSEvent) _nextEventMatchingEventMask:untilDate:inMode:dequeue:]+0xaec
C  [libosxapp.dylib+0x23aa]  -[NSApplicationAWT nextEventMatchingMask:untilDate:inMode:dequeue:]+0x7c
C  [AppKit+0x3b3db]  -[NSApplication run]+0x39e
C  [libosxapp.dylib+0x214d]  +[NSApplicationAWT runAWTLoopWithApp:]+0x9c
C  [libawt_lwawt.dylib+0x45edf]  -[AWTStarter starter:]+0x389
C  [Foundation+0x7152a]  __NSThreadPerformPerform+0x146
C  [CoreFoundation+0xa7321]  __CFRUNLOOP_IS_CALLING_OUT_TO_A_SOURCE0_PERFORM_FUNCTION__+0x11
C  [CoreFoundation+0x8821d]  __CFRunLoopDoSources0+0x22d
C  [CoreFoundation+0x87716]  __CFRunLoopRun+0x3a6
C  [CoreFoundation+0x87114]  CFRunLoopRunSpecific+0x1a4
C  [java+0x6465]  CreateExecutionEnvironment+0x367
C  [java+0x218c]  JLI_Launch+0x7a0
C  [java+0x84c2]  main+0x65
C  [java+0x19e4]  start+0x34
C  0x0000000000000007

Java frames: (J=compiled Java code, j=interpreted, Vv=VM code)
j  jogamp.nativewindow.jawt.macosx.MacOSXJAWTWindow.UnsetJAWTRootSurfaceLayer0(JJ)V+0
j  jogamp.nativewindow.jawt.macosx.MacOSXJAWTWindow.access$200(JJ)V+2
j  jogamp.nativewindow.jawt.macosx.MacOSXJAWTWindow$1.run()V+38
J 2559 C1 com.jogamp.common.util.RunnableTask.run()V (345 bytes) @ 0x0000000114a44434 [0x0000000114a442a0+0x194]
v  ~StubRoutines::call_stub

---------------  P R O C E S S  ---------------

Java Threads: ( => current thread )
  0x00007f9e219ad800 JavaThread "Thread-90" [_thread_blocked, id=73839, stack(0x0000700008283000,0x0000700008383000)]
  0x00007f9e302cc800 JavaThread "AWT-EventQueue-1" [_thread_in_native, id=66455, stack(0x0000700008180000,0x0000700008280000)]
  0x00007f9e3039d000 JavaThread "DestroyJavaVM" [_thread_blocked, id=3587, stack(0x0000700006a32000,0x0000700006b32000)]
  0x00007f9e300e7000 JavaThread "AWT-EventQueue-0" [_thread_blocked, id=60435, stack(0x0000700007f7a000,0x000070000807a000)]
  0x00007f9e301bf000 JavaThread "Java2D Disposer" daemon [_thread_blocked, id=57103, stack(0x0000700007cf1000,0x0000700007df1000)]
  0x00007f9e30186000 JavaThread "Java2D Queue Flusher" daemon [_thread_blocked, id=47927, stack(0x0000700007bee000,0x0000700007cee000)]
  0x00007f9e2fa05000 JavaThread "AWT-Shutdown" [_thread_blocked, id=30239, stack(0x0000700007a68000,0x0000700007b68000)]
=>0x00007f9e300b2000 JavaThread "AWT-AppKit" daemon [_thread_in_native, id=775, stack(0x00007fff51866000,0x00007fff52066000)]
  0x00007f9e2e803800 JavaThread "Service Thread" daemon [_thread_blocked, id=18691, stack(0x00007000077df000,0x00007000078df000)]
  0x00007f9e2f05f000 JavaThread "C1 CompilerThread2" daemon [_thread_blocked, id=18179, stack(0x00007000076dc000,0x00007000077dc000)]
  0x00007f9e2f853000 JavaThread "C2 CompilerThread1" daemon [_thread_blocked, id=17667, stack(0x00007000075d9000,0x00007000076d9000)]
  0x00007f9e2f06b800 JavaThread "C2 CompilerThread0" daemon [_thread_blocked, id=17155, stack(0x00007000074d6000,0x00007000075d6000)]
  0x00007f9e2f06b000 JavaThread "Signal Dispatcher" daemon [_thread_blocked, id=16643, stack(0x00007000073d3000,0x00007000074d3000)]
  0x00007f9e2f810800 JavaThread "Finalizer" daemon [_thread_blocked, id=12291, stack(0x00007000072d0000,0x00007000073d0000)]
  0x00007f9e2f808000 JavaThread "Reference Handler" daemon [_thread_blocked, id=11779, stack(0x00007000071cd000,0x00007000072cd000)]

Other Threads:
  0x00007f9e2f053000 VMThread [stack: 0x00007000070ca000,0x00007000071ca000] [id=11267]
  0x00007f9e2f816800 WatcherThread [stack: 0x00007000078e2000,0x00007000079e2000] [id=19203]

VM state:not at safepoint (normal execution)

VM Mutex/Monitor currently owned by a thread: None

Heap:
 PSYoungGen      total 98304K, used 50831K [0x0000000795580000, 0x000000079ec00000, 0x00000007c0000000)
  eden space 83456K, 43% used [0x0000000795580000,0x00000007978c4c10,0x000000079a700000)
  from space 14848K, 99% used [0x000000079a700000,0x000000079b55f1b8,0x000000079b580000)
  to   space 16896K, 0% used [0x000000079db80000,0x000000079db80000,0x000000079ec00000)
 ParOldGen       total 70144K, used 31038K [0x0000000740000000, 0x0000000744480000, 0x0000000795580000)
  object space 70144K, 44% used [0x0000000740000000,0x0000000741e4fa78,0x0000000744480000)
 Metaspace       used 28171K, capacity 28515K, committed 28800K, reserved 1075200K
  class space    used 2242K, capacity 2375K, committed 2432K, reserved 1048576K

Card table byte_map: [0x000000010f9c0000,0x000000010fdc1000] byte_map_base: 0x000000010bfc0000

Marking Bits: (ParMarkBitMap*) 0x000000010e50a5d0
 Begin Bits: [0x000000011006c000, 0x000000011206c000)
 End Bits:   [0x000000011206c000, 0x000000011406c000)

Polling page: 0x000000010ec01000

CodeCache: size=245760Kb used=13338Kb max_used=13364Kb free=232422Kb
 bounds [0x0000000114112000, 0x0000000114e42000, 0x0000000123112000]
 total_blobs=3891 nmethods=2967 adapters=837
 compilation: enabled

Compilation events (10 events):
Event: 32.203 Thread 0x00007f9e2f853000 3450       4       java.util.concurrent.locks.AbstractQueuedSynchronizer::release (33 bytes)
Event: 32.203 Thread 0x00007f9e2f05f000 3451       3       java.awt.geom.AffineTransform::getTranslateX (5 bytes)
Event: 32.203 Thread 0x00007f9e2f05f000 nmethod 3451 0x0000000114ace2d0 code [0x0000000114ace420, 0x0000000114ace570]
Event: 32.203 Thread 0x00007f9e2f05f000 3452       3       java.awt.geom.AffineTransform::getTranslateY (5 bytes)
Event: 32.204 Thread 0x00007f9e2f05f000 nmethod 3452 0x0000000114874510 code [0x0000000114874660, 0x00000001148747b0]
Event: 32.210 Thread 0x00007f9e2f853000 nmethod 3450 0x0000000114873fd0 code [0x0000000114874140, 0x0000000114874348]
Event: 32.237 Thread 0x00007f9e2f06b800 3453       4       java.io.UnixFileSystem::parentOrNull (118 bytes)
Event: 32.247 Thread 0x00007f9e2f05f000 3454       3       java.awt.Toolkit::notifyAWTEventListeners (36 bytes)
Event: 32.248 Thread 0x00007f9e2f05f000 nmethod 3454 0x0000000114875f10 code [0x00000001148760c0, 0x00000001148766a8]
Event: 32.251 Thread 0x00007f9e2f06b800 nmethod 3453 0x00000001148553d0 code [0x0000000114855560, 0x0000000114855c58]

GC Heap History (10 events):
Event: 4.258 GC heap before
{Heap before GC invocations=4 (full 1):
 PSYoungGen      total 38400K, used 5117K [0x0000000795580000, 0x000000079a080000, 0x00000007c0000000)
  eden space 33280K, 0% used [0x0000000795580000,0x0000000795580000,0x0000000797600000)
  from space 5120K, 99% used [0x0000000797600000,0x0000000797aff450,0x0000000797b00000)
  to   space 5120K, 0% used [0x0000000799b80000,0x0000000799b80000,0x000000079a080000)
 ParOldGen       total 87552K, used 12616K [0x0000000740000000, 0x0000000745580000, 0x0000000795580000)
  object space 87552K, 14% used [0x0000000740000000,0x0000000740c52008,0x0000000745580000)
 Metaspace       used 20897K, capacity 21216K, committed 21296K, reserved 1069056K
  class space    used 2055K, capacity 2148K, committed 2176K, reserved 1048576K
Event: 4.315 GC heap after
Heap after GC invocations=4 (full 1):
 PSYoungGen      total 38400K, used 0K [0x0000000795580000, 0x000000079a080000, 0x00000007c0000000)
  eden space 33280K, 0% used [0x0000000795580000,0x0000000795580000,0x0000000797600000)
  from space 5120K, 0% used [0x0000000797600000,0x0000000797600000,0x0000000797b00000)
  to   space 5120K, 0% used [0x0000000799b80000,0x0000000799b80000,0x000000079a080000)
 ParOldGen       total 70144K, used 16701K [0x0000000740000000, 0x0000000744480000, 0x0000000795580000)
  object space 70144K, 23% used [0x0000000740000000,0x000000074104f530,0x0000000744480000)
 Metaspace       used 20897K, capacity 21216K, committed 21296K, reserved 1069056K
  class space    used 2055K, capacity 2148K, committed 2176K, reserved 1048576K
}
Event: 6.151 GC heap before
{Heap before GC invocations=5 (full 1):
 PSYoungGen      total 38400K, used 33280K [0x0000000795580000, 0x000000079a080000, 0x00000007c0000000)
  eden space 33280K, 100% used [0x0000000795580000,0x0000000797600000,0x0000000797600000)
  from space 5120K, 0% used [0x0000000797600000,0x0000000797600000,0x0000000797b00000)
  to   space 5120K, 0% used [0x0000000799b80000,0x0000000799b80000,0x000000079a080000)
 ParOldGen       total 70144K, used 16701K [0x0000000740000000, 0x0000000744480000, 0x0000000795580000)
  object space 70144K, 23% used [0x0000000740000000,0x000000074104f530,0x0000000744480000)
 Metaspace       used 26800K, capacity 27124K, committed 27520K, reserved 1075200K
  class space    used 2199K, capacity 2310K, committed 2432K, reserved 1048576K
Event: 6.157 GC heap after
Heap after GC invocations=5 (full 1):
 PSYoungGen      total 59392K, used 5098K [0x0000000795580000, 0x000000079a080000, 0x00000007c0000000)
  eden space 54272K, 0% used [0x0000000795580000,0x0000000795580000,0x0000000798a80000)
  from space 5120K, 99% used [0x0000000799b80000,0x000000079a07aa78,0x000000079a080000)
  to   space 5120K, 0% used [0x0000000799680000,0x0000000799680000,0x0000000799b80000)
 ParOldGen       total 70144K, used 18623K [0x0000000740000000, 0x0000000744480000, 0x0000000795580000)
  object space 70144K, 26% used [0x0000000740000000,0x000000074122fde8,0x0000000744480000)
 Metaspace       used 26800K, capacity 27124K, committed 27520K, reserved 1075200K
  class space    used 2199K, capacity 2310K, committed 2432K, reserved 1048576K
}
Event: 9.004 GC heap before
{Heap before GC invocations=6 (full 1):
 PSYoungGen      total 59392K, used 59370K [0x0000000795580000, 0x000000079a080000, 0x00000007c0000000)
  eden space 54272K, 100% used [0x0000000795580000,0x0000000798a80000,0x0000000798a80000)
  from space 5120K, 99% used [0x0000000799b80000,0x000000079a07aa78,0x000000079a080000)
  to   space 5120K, 0% used [0x0000000799680000,0x0000000799680000,0x0000000799b80000)
 ParOldGen       total 70144K, used 18623K [0x0000000740000000, 0x0000000744480000, 0x0000000795580000)
  object space 70144K, 26% used [0x0000000740000000,0x000000074122fde8,0x0000000744480000)
 Metaspace       used 27344K, capacity 27741K, committed 28032K, reserved 1075200K
  class space    used 2199K, capacity 2310K, committed 2432K, reserved 1048576K
Event: 9.013 GC heap after
Heap after GC invocations=6 (full 1):
 PSYoungGen      total 71680K, used 5107K [0x0000000795580000, 0x000000079c280000, 0x00000007c0000000)
  eden space 66560K, 0% used [0x0000000795580000,0x0000000795580000,0x0000000799680000)
  from space 5120K, 99% used [0x0000000799680000,0x0000000799b7cdb8,0x0000000799b80000)
  to   space 13312K, 0% used [0x000000079b580000,0x000000079b580000,0x000000079c280000)
 ParOldGen       total 70144K, used 22774K [0x0000000740000000, 0x0000000744480000, 0x0000000795580000)
  object space 70144K, 32% used [0x0000000740000000,0x000000074163d8e8,0x0000000744480000)
 Metaspace       used 27344K, capacity 27741K, committed 28032K, reserved 1075200K
  class space    used 2199K, capacity 2310K, committed 2432K, reserved 1048576K
}
Event: 11.961 GC heap before
{Heap before GC invocations=7 (full 1):
 PSYoungGen      total 71680K, used 71667K [0x0000000795580000, 0x000000079c280000, 0x00000007c0000000)
  eden space 66560K, 100% used [0x0000000795580000,0x0000000799680000,0x0000000799680000)
  from space 5120K, 99% used [0x0000000799680000,0x0000000799b7cdb8,0x0000000799b80000)
  to   space 13312K, 0% used [0x000000079b580000,0x000000079b580000,0x000000079c280000)
 ParOldGen       total 70144K, used 22774K [0x0000000740000000, 0x0000000744480000, 0x0000000795580000)
  object space 70144K, 32% used [0x0000000740000000,0x000000074163d8e8,0x0000000744480000)
 Metaspace       used 27781K, capacity 28163K, committed 28544K, reserved 1075200K
  class space    used 2232K, capacity 2343K, committed 2432K, reserved 1048576K
Event: 11.971 GC heap after
Heap after GC invocations=7 (full 1):
 PSYoungGen      total 96768K, used 13306K [0x0000000795580000, 0x000000079d480000, 0x00000007c0000000)
  eden space 83456K, 0% used [0x0000000795580000,0x0000000795580000,0x000000079a700000)
  from space 13312K, 99% used [0x000000079b580000,0x000000079c27ea30,0x000000079c280000)
  to   space 14848K, 0% used [0x000000079a700000,0x000000079a700000,0x000000079b580000)
 ParOldGen       total 70144K, used 22838K [0x0000000740000000, 0x0000000744480000, 0x0000000795580000)
  object space 70144K, 32% used [0x0000000740000000,0x000000074164d878,0x0000000744480000)
 Metaspace       used 27781K, capacity 28163K, committed 28544K, reserved 1075200K
  class space    used 2232K, capacity 2343K, committed 2432K, reserved 1048576K
}
Event: 20.881 GC heap before
{Heap before GC invocations=8 (full 1):
 PSYoungGen      total 96768K, used 96762K [0x0000000795580000, 0x000000079d480000, 0x00000007c0000000)
  eden space 83456K, 100% used [0x0000000795580000,0x000000079a700000,0x000000079a700000)
  from space 13312K, 99% used [0x000000079b580000,0x000000079c27ea30,0x000000079c280000)
  to   space 14848K, 0% used [0x000000079a700000,0x000000079a700000,0x000000079b580000)
 ParOldGen       total 70144K, used 22838K [0x0000000740000000, 0x0000000744480000, 0x0000000795580000)
  object space 70144K, 32% used [0x0000000740000000,0x000000074164d878,0x0000000744480000)
 Metaspace       used 28105K, capacity 28483K, committed 28800K, reserved 1075200K
  class space    used 2233K, capacity 2343K, committed 2432K, reserved 1048576K
Event: 20.897 GC heap after
Heap after GC invocations=8 (full 1):
 PSYoungGen      total 98304K, used 14716K [0x0000000795580000, 0x000000079ec00000, 0x00000007c0000000)
  eden space 83456K, 0% used [0x0000000795580000,0x0000000795580000,0x000000079a700000)
  from space 14848K, 99% used [0x000000079a700000,0x000000079b55f1b8,0x000000079b580000)
  to   space 16896K, 0% used [0x000000079db80000,0x000000079db80000,0x000000079ec00000)
 ParOldGen       total 70144K, used 31038K [0x0000000740000000, 0x0000000744480000, 0x0000000795580000)
  object space 70144K, 44% used [0x0000000740000000,0x0000000741e4fa78,0x0000000744480000)
 Metaspace       used 28105K, capacity 28483K, committed 28800K, reserved 1075200K
  class space    used 2233K, capacity 2343K, committed 2432K, reserved 1048576K
}

Deoptimization events (10 events):
Event: 12.678 Thread 0x00007f9e302cc800 Uncommon trap: reason=unstable_if action=reinterpret pc=0x0000000114709c78 method=java.text.DigitList.getDataChars(I)[C @ 13
Event: 12.678 Thread 0x00007f9e302cc800 Uncommon trap: reason=unstable_if action=reinterpret pc=0x0000000114752314 method=java.text.DecimalFormat.subformat(Ljava/lang/StringBuffer;Ljava/text/Format$FieldDelegate;ZZIIII)Ljava/lang/StringBuffer; @ 753
Event: 12.678 Thread 0x00007f9e302cc800 Uncommon trap: reason=unstable_if action=reinterpret pc=0x00000001147693c0 method=sun.misc.FloatingDecimal$BinaryToASCIIBuffer.developLongDigits(IJI)V @ 104
Event: 21.131 Thread 0x00007f9e302cc800 Uncommon trap: reason=unstable_if action=reinterpret pc=0x0000000114db5c54 method=processing.core.PApplet.constrain(III)I @ 11
Event: 32.203 Thread 0x00007f9e300e7000 Uncommon trap: reason=unstable_if action=reinterpret pc=0x0000000114e28864 method=java.awt.EventQueue.getPriority(Ljava/awt/AWTEvent;)I @ 71
Event: 32.203 Thread 0x00007f9e2f102800 Uncommon trap: reason=unstable_if action=reinterpret pc=0x0000000114b8b50c method=java.security.AccessControlContext.combine([Ljava/security/ProtectionDomain;[Ljava/security/ProtectionDomain;)[Ljava/security/ProtectionDomain; @ 151
Event: 32.205 Thread 0x00007f9e300e7000 Uncommon trap: reason=unstable_if action=reinterpret pc=0x0000000114dbaca8 method=sun.java2d.pipe.Region.isEmpty()Z @ 19
Event: 32.235 Thread 0x00007f9e2f102800 Uncommon trap: reason=unstable_if action=reinterpret pc=0x0000000114829bd4 method=java.util.HashMap.putVal(ILjava/lang/Object;Ljava/lang/Object;ZZ)Ljava/lang/Object; @ 81
Event: 32.235 Thread 0x00007f9e2f102800 Uncommon trap: reason=unstable_if action=reinterpret pc=0x000000011482bd10 method=java.util.HashMap.putVal(ILjava/lang/Object;Ljava/lang/Object;ZZ)Ljava/lang/Object; @ 81
Event: 32.246 Thread 0x00007f9e302cc800 Uncommon trap: reason=unstable_if action=reinterpret pc=0x0000000114992588 method=java.security.AccessControlContext.combine([Ljava/security/ProtectionDomain;[Ljava/security/ProtectionDomain;)[Ljava/security/ProtectionDomain; @ 151

Internal exceptions (10 events):
Event: 0.459 Thread 0x00007f9e2e809000 Exception <a 'java/io/FileNotFoundException'> (0x0000000795810ed0) thrown at [/Users/java_re/workspace/8-2-build-macosx-x86_64/jdk8u144/9417/hotspot/src/share/vm/prims/jni.cpp, line 709]
Event: 0.459 Thread 0x00007f9e2e809000 Exception <a 'java/io/FileNotFoundException'> (0x0000000795811a38) thrown at [/Users/java_re/workspace/8-2-build-macosx-x86_64/jdk8u144/9417/hotspot/src/share/vm/prims/jni.cpp, line 709]
Event: 0.548 Thread 0x00007f9e2e809000 Exception <a 'java/io/FileNotFoundException'> (0x0000000795958498) thrown at [/Users/java_re/workspace/8-2-build-macosx-x86_64/jdk8u144/9417/hotspot/src/share/vm/prims/jni.cpp, line 709]
Event: 2.803 Thread 0x00007f9e2ebe2000 Exception <a 'java/lang/UnsatisfiedLinkError': com.jogamp.common.util.JarUtil.fixNativeLibAttribs(Ljava/lang/String;)Z> (0x0000000796c4fc70) thrown at [/Users/java_re/workspace/8-2-build-macosx-x86_64/jdk8u144/9417/hotspot/src/share/vm/prims/nativeLookup.
Event: 3.028 Thread 0x00007f9e2f810800 Exception <a 'java/lang/NullPointerException'> (0x00000007956a4a80) thrown at [/Users/java_re/workspace/8-2-build-macosx-x86_64/jdk8u144/9417/hotspot/src/share/vm/interpreter/linkResolver.cpp, line 1197]
Event: 3.722 Thread 0x00007f9e302cc800 Exception <a 'java/io/FileNotFoundException'> (0x00000007960db7d0) thrown at [/Users/java_re/workspace/8-2-build-macosx-x86_64/jdk8u144/9417/hotspot/src/share/vm/prims/jni.cpp, line 709]
Event: 3.722 Thread 0x00007f9e302cc800 Exception <a 'java/io/FileNotFoundException'> (0x00000007960e50f8) thrown at [/Users/java_re/workspace/8-2-build-macosx-x86_64/jdk8u144/9417/hotspot/src/share/vm/prims/jni.cpp, line 709]
Event: 3.722 Thread 0x00007f9e302cc800 Implicit null exception at 0x00000001142f7536 to 0x00000001142f78f9
Event: 4.077 Thread 0x00007f9e302cc800 Implicit null exception at 0x00000001144fe246 to 0x00000001144fe48d
Event: 4.125 Thread 0x00007f9e307ae000 Implicit null exception at 0x00000001142fe7f3 to 0x00000001142febd1

Events (10 events):
Event: 32.246 loading class java/awt/LightweightDispatcher$2 done
Event: 32.246 loading class java/awt/event/AWTEventListenerProxy
Event: 32.246 loading class java/awt/event/AWTEventListenerProxy done
Event: 32.246 Executing VM operation: Deoptimize
Event: 32.246 Executing VM operation: Deoptimize done
Event: 32.246 loading class java/awt/Toolkit$ToolkitEventMulticaster
Event: 32.247 loading class java/awt/Toolkit$ToolkitEventMulticaster done
Event: 32.247 Thread 0x00007f9e2f102800 Thread exited: 0x00007f9e2f102800
Event: 32.247 loading class java/awt/Window$1DisposeAction
Event: 32.247 loading class java/awt/Window$1DisposeAction done


Dynamic libraries:
0x0000000021d93000 	/System/Library/Frameworks/Cocoa.framework/Versions/A/Cocoa
0x0000000021d93000 	/System/Library/Frameworks/Security.framework/Versions/A/Security
0x0000000021d93000 	/System/Library/Frameworks/ApplicationServices.framework/Versions/A/ApplicationServices
0x0000000021d93000 	/usr/lib/libz.1.dylib
0x0000000021d93000 	/usr/lib/libSystem.B.dylib
0x0000000021d93000 	/usr/lib/libobjc.A.dylib
0x0000000021d93000 	/System/Library/Frameworks/CoreFoundation.framework/Versions/A/CoreFoundation
0x0000000021d93000 	/System/Library/Frameworks/Foundation.framework/Versions/C/Foundation
0x0000000021d93000 	/System/Library/Frameworks/AppKit.framework/Versions/C/AppKit
0x0000000021d93000 	/System/Library/Frameworks/CoreData.framework/Versions/A/CoreData
0x0000000021d93000 	/System/Library/PrivateFrameworks/RemoteViewServices.framework/Versions/A/RemoteViewServices
0x0000000021d93000 	/System/Library/PrivateFrameworks/UIFoundation.framework/Versions/A/UIFoundation
0x0000000021d93000 	/System/Library/PrivateFrameworks/DFRFoundation.framework/Versions/A/DFRFoundation
0x0000000021d93000 	/usr/lib/libenergytrace.dylib
0x0000000021d93000 	/System/Library/PrivateFrameworks/SkyLight.framework/Versions/A/SkyLight
0x0000000021d93000 	/System/Library/Frameworks/CoreGraphics.framework/Versions/A/CoreGraphics
0x0000000021d93000 	/usr/lib/libScreenReader.dylib
0x0000000021d93000 	/System/Library/Frameworks/Accelerate.framework/Versions/A/Accelerate
0x0000000021d93000 	/System/Library/Frameworks/IOSurface.framework/Versions/A/IOSurface
0x0000000021d93000 	/System/Library/Frameworks/AudioToolbox.framework/Versions/A/AudioToolbox
0x0000000021d93000 	/System/Library/Frameworks/AudioUnit.framework/Versions/A/AudioUnit
0x0000000021d93000 	/System/Library/PrivateFrameworks/DataDetectorsCore.framework/Versions/A/DataDetectorsCore
0x0000000021d93000 	/System/Library/PrivateFrameworks/DesktopServicesPriv.framework/Versions/A/DesktopServicesPriv
0x0000000021d93000 	/System/Library/Frameworks/Carbon.framework/Versions/A/Frameworks/HIToolbox.framework/Versions/A/HIToolbox
0x0000000021d93000 	/usr/lib/libicucore.A.dylib
0x0000000021d93000 	/System/Library/Frameworks/QuartzCore.framework/Versions/A/QuartzCore
0x0000000021d93000 	/System/Library/Frameworks/Carbon.framework/Versions/A/Frameworks/SpeechRecognition.framework/Versions/A/SpeechRecognition
0x0000000021d93000 	/usr/lib/libauto.dylib
0x0000000021d93000 	/usr/lib/libxml2.2.dylib
0x0000000021d93000 	/System/Library/PrivateFrameworks/CoreUI.framework/Versions/A/CoreUI
0x0000000021d93000 	/System/Library/Frameworks/CoreAudio.framework/Versions/A/CoreAudio
0x0000000021d93000 	/System/Library/Frameworks/DiskArbitration.framework/Versions/A/DiskArbitration
0x0000000021d93000 	/usr/lib/liblangid.dylib
0x0000000021d93000 	/System/Library/PrivateFrameworks/MultitouchSupport.framework/Versions/A/MultitouchSupport
0x0000000021d93000 	/System/Library/Frameworks/IOKit.framework/Versions/A/IOKit
0x0000000021d93000 	/usr/lib/libDiagnosticMessagesClient.dylib
0x0000000021d93000 	/System/Library/Frameworks/CoreServices.framework/Versions/A/CoreServices
0x0000000021d93000 	/System/Library/PrivateFrameworks/PerformanceAnalysis.framework/Versions/A/PerformanceAnalysis
0x0000000021d93000 	/System/Library/PrivateFrameworks/GenerationalStorage.framework/Versions/A/GenerationalStorage
0x0000000021d93000 	/System/Library/Frameworks/OpenGL.framework/Versions/A/OpenGL
0x0000000021d93000 	/System/Library/Frameworks/CoreImage.framework/Versions/A/CoreImage
0x0000000021d93000 	/System/Library/Frameworks/CoreText.framework/Versions/A/CoreText
0x0000000021d93000 	/System/Library/Frameworks/ImageIO.framework/Versions/A/ImageIO
0x0000000021d93000 	/System/Library/PrivateFrameworks/Backup.framework/Versions/A/Backup
0x0000000021d93000 	/usr/lib/libarchive.2.dylib
0x0000000021d93000 	/System/Library/Frameworks/CFNetwork.framework/Versions/A/CFNetwork
0x0000000021d93000 	/System/Library/Frameworks/SystemConfiguration.framework/Versions/A/SystemConfiguration
0x0000000021d93000 	/usr/lib/libCRFSuite.dylib
0x0000000021d93000 	/usr/lib/libc++.1.dylib
0x0000000021d93000 	/usr/lib/libc++abi.dylib
0x0000000021d93000 	/usr/lib/system/libcache.dylib
0x0000000021d93000 	/usr/lib/system/libcommonCrypto.dylib
0x0000000021d93000 	/usr/lib/system/libcompiler_rt.dylib
0x0000000021d93000 	/usr/lib/system/libcopyfile.dylib
0x0000000021d93000 	/usr/lib/system/libcorecrypto.dylib
0x0000000021d93000 	/usr/lib/system/libdispatch.dylib
0x0000000021d93000 	/usr/lib/system/libdyld.dylib
0x0000000021d93000 	/usr/lib/system/libkeymgr.dylib
0x0000000021d93000 	/usr/lib/system/liblaunch.dylib
0x0000000021d93000 	/usr/lib/system/libmacho.dylib
0x0000000021d93000 	/usr/lib/system/libquarantine.dylib
0x0000000021d93000 	/usr/lib/system/libremovefile.dylib
0x0000000021d93000 	/usr/lib/system/libsystem_asl.dylib
0x0000000021d93000 	/usr/lib/system/libsystem_blocks.dylib
0x0000000021d93000 	/usr/lib/system/libsystem_c.dylib
0x0000000021d93000 	/usr/lib/system/libsystem_configuration.dylib
0x0000000021d93000 	/usr/lib/system/libsystem_coreservices.dylib
0x0000000021d93000 	/usr/lib/system/libsystem_coretls.dylib
0x0000000021d93000 	/usr/lib/system/libsystem_dnssd.dylib
0x0000000021d93000 	/usr/lib/system/libsystem_info.dylib
0x0000000021d93000 	/usr/lib/system/libsystem_kernel.dylib
0x0000000021d93000 	/usr/lib/system/libsystem_m.dylib
0x0000000021d93000 	/usr/lib/system/libsystem_malloc.dylib
0x0000000021d93000 	/usr/lib/system/libsystem_network.dylib
0x0000000021d93000 	/usr/lib/system/libsystem_networkextension.dylib
0x0000000021d93000 	/usr/lib/system/libsystem_notify.dylib
0x0000000021d93000 	/usr/lib/system/libsystem_platform.dylib
0x0000000021d93000 	/usr/lib/system/libsystem_pthread.dylib
0x0000000021d93000 	/usr/lib/system/libsystem_sandbox.dylib
0x0000000021d93000 	/usr/lib/system/libsystem_secinit.dylib
0x0000000021d93000 	/usr/lib/system/libsystem_symptoms.dylib
0x0000000021d93000 	/usr/lib/system/libsystem_trace.dylib
0x0000000021d93000 	/usr/lib/system/libunwind.dylib
0x0000000021d93000 	/usr/lib/system/libxpc.dylib
0x0000000021d93000 	/usr/lib/libbsm.0.dylib
0x0000000021d93000 	/usr/lib/system/libkxld.dylib
0x0000000021d93000 	/usr/lib/libcoretls.dylib
0x0000000021d93000 	/usr/lib/libcoretls_cfhelpers.dylib
0x0000000021d93000 	/usr/lib/libOpenScriptingUtil.dylib
0x0000000021d93000 	/usr/lib/libpam.2.dylib
0x0000000021d93000 	/usr/lib/libsqlite3.dylib
0x0000000021d93000 	/usr/lib/libxar.1.dylib
0x0000000021d93000 	/usr/lib/libbz2.1.0.dylib
0x0000000021d93000 	/usr/lib/liblzma.5.dylib
0x0000000021d93000 	/usr/lib/libnetwork.dylib
0x0000000021d93000 	/usr/lib/libpcap.A.dylib
0x0000000021d93000 	/System/Library/Frameworks/CoreServices.framework/Versions/A/Frameworks/FSEvents.framework/Versions/A/FSEvents
0x0000000021d93000 	/System/Library/Frameworks/CoreServices.framework/Versions/A/Frameworks/CarbonCore.framework/Versions/A/CarbonCore
0x0000000021d93000 	/System/Library/Frameworks/CoreServices.framework/Versions/A/Frameworks/Metadata.framework/Versions/A/Metadata
0x0000000021d93000 	/System/Library/Frameworks/CoreServices.framework/Versions/A/Frameworks/OSServices.framework/Versions/A/OSServices
0x0000000021d93000 	/System/Library/Frameworks/CoreServices.framework/Versions/A/Frameworks/SearchKit.framework/Versions/A/SearchKit
0x0000000021d93000 	/System/Library/Frameworks/CoreServices.framework/Versions/A/Frameworks/AE.framework/Versions/A/AE
0x0000000021d93000 	/System/Library/Frameworks/CoreServices.framework/Versions/A/Frameworks/LaunchServices.framework/Versions/A/LaunchServices
0x0000000021d93000 	/System/Library/Frameworks/CoreServices.framework/Versions/A/Frameworks/DictionaryServices.framework/Versions/A/DictionaryServices
0x0000000021d93000 	/System/Library/Frameworks/CoreServices.framework/Versions/A/Frameworks/SharedFileList.framework/Versions/A/SharedFileList
0x0000000021d93000 	/System/Library/Frameworks/NetFS.framework/Versions/A/NetFS
0x0000000021d93000 	/System/Library/PrivateFrameworks/NetAuth.framework/Versions/A/NetAuth
0x0000000021d93000 	/System/Library/PrivateFrameworks/login.framework/Versions/A/Frameworks/loginsupport.framework/Versions/A/loginsupport
0x0000000021d93000 	/System/Library/PrivateFrameworks/TCC.framework/Versions/A/TCC
0x0000000021d93000 	/usr/lib/libmecabra.dylib
0x0000000021d93000 	/System/Library/Frameworks/ApplicationServices.framework/Versions/A/Frameworks/ATS.framework/Versions/A/ATS
0x0000000021d93000 	/System/Library/Frameworks/ApplicationServices.framework/Versions/A/Frameworks/ColorSync.framework/Versions/A/ColorSync
0x0000000021d93000 	/System/Library/Frameworks/ApplicationServices.framework/Versions/A/Frameworks/HIServices.framework/Versions/A/HIServices
0x0000000021d93000 	/System/Library/Frameworks/ApplicationServices.framework/Versions/A/Frameworks/LangAnalysis.framework/Versions/A/LangAnalysis
0x0000000021d93000 	/System/Library/Frameworks/ApplicationServices.framework/Versions/A/Frameworks/PrintCore.framework/Versions/A/PrintCore
0x0000000021d93000 	/System/Library/Frameworks/ApplicationServices.framework/Versions/A/Frameworks/QD.framework/Versions/A/QD
0x0000000021d93000 	/System/Library/Frameworks/ApplicationServices.framework/Versions/A/Frameworks/SpeechSynthesis.framework/Versions/A/SpeechSynthesis
0x0000000021d93000 	/System/Library/Frameworks/Accelerate.framework/Versions/A/Frameworks/vImage.framework/Versions/A/vImage
0x0000000021d93000 	/System/Library/Frameworks/Accelerate.framework/Versions/A/Frameworks/vecLib.framework/Versions/A/vecLib
0x0000000021d93000 	/System/Library/Frameworks/Accelerate.framework/Versions/A/Frameworks/vecLib.framework/Versions/A/libvDSP.dylib
0x0000000021d93000 	/System/Library/Frameworks/Accelerate.framework/Versions/A/Frameworks/vecLib.framework/Versions/A/libBNNS.dylib
0x0000000021d93000 	/System/Library/Frameworks/Accelerate.framework/Versions/A/Frameworks/vecLib.framework/Versions/A/libQuadrature.dylib
0x0000000021d93000 	/System/Library/Frameworks/Accelerate.framework/Versions/A/Frameworks/vecLib.framework/Versions/A/libvMisc.dylib
0x0000000021d93000 	/System/Library/Frameworks/Accelerate.framework/Versions/A/Frameworks/vecLib.framework/Versions/A/libLAPACK.dylib
0x0000000021d93000 	/System/Library/Frameworks/Accelerate.framework/Versions/A/Frameworks/vecLib.framework/Versions/A/libBLAS.dylib
0x0000000021d93000 	/System/Library/Frameworks/Accelerate.framework/Versions/A/Frameworks/vecLib.framework/Versions/A/libLinearAlgebra.dylib
0x0000000021d93000 	/System/Library/Frameworks/Accelerate.framework/Versions/A/Frameworks/vecLib.framework/Versions/A/libSparseBLAS.dylib
0x0000000021d93000 	/System/Library/Frameworks/ApplicationServices.framework/Versions/A/Frameworks/ATS.framework/Versions/A/Resources/libFontParser.dylib
0x0000000021d93000 	/System/Library/Frameworks/ApplicationServices.framework/Versions/A/Frameworks/ATS.framework/Versions/A/Resources/libFontRegistry.dylib
0x0000000021d93000 	/System/Library/Frameworks/ImageIO.framework/Versions/A/Resources/libJPEG.dylib
0x0000000021d93000 	/System/Library/Frameworks/ImageIO.framework/Versions/A/Resources/libTIFF.dylib
0x0000000021d93000 	/System/Library/Frameworks/ImageIO.framework/Versions/A/Resources/libPng.dylib
0x0000000021d93000 	/System/Library/Frameworks/ImageIO.framework/Versions/A/Resources/libGIF.dylib
0x0000000021d93000 	/System/Library/Frameworks/ImageIO.framework/Versions/A/Resources/libJP2.dylib
0x0000000021d93000 	/System/Library/Frameworks/ImageIO.framework/Versions/A/Resources/libRadiance.dylib
0x0000000021d93000 	/usr/lib/libcompression.dylib
0x0000000021d93000 	/System/Library/PrivateFrameworks/AppleJPEG.framework/Versions/A/AppleJPEG
0x0000000021d93000 	/usr/lib/libcups.2.dylib
0x0000000021d93000 	/System/Library/Frameworks/Kerberos.framework/Versions/A/Kerberos
0x0000000021d93000 	/System/Library/Frameworks/GSS.framework/Versions/A/GSS
0x0000000021d93000 	/usr/lib/libresolv.9.dylib
0x0000000021d93000 	/usr/lib/libiconv.2.dylib
0x0000000021d93000 	/System/Library/PrivateFrameworks/Heimdal.framework/Versions/A/Heimdal
0x0000000021d93000 	/usr/lib/libheimdal-asn1.dylib
0x0000000021d93000 	/System/Library/Frameworks/OpenDirectory.framework/Versions/A/OpenDirectory
0x0000000021d93000 	/System/Library/PrivateFrameworks/CommonAuth.framework/Versions/A/CommonAuth
0x0000000021d93000 	/System/Library/Frameworks/OpenDirectory.framework/Versions/A/Frameworks/CFOpenDirectory.framework/Versions/A/CFOpenDirectory
0x0000000021d93000 	/System/Library/Frameworks/SecurityFoundation.framework/Versions/A/SecurityFoundation
0x0000000021d93000 	/System/Library/PrivateFrameworks/LanguageModeling.framework/Versions/A/LanguageModeling
0x0000000021d93000 	/usr/lib/libmarisa.dylib
0x0000000021d93000 	/usr/lib/libChineseTokenizer.dylib
0x0000000021d93000 	/usr/lib/libcmph.dylib
0x0000000021d93000 	/System/Library/PrivateFrameworks/CoreEmoji.framework/Versions/A/CoreEmoji
0x0000000021d93000 	/System/Library/Frameworks/ServiceManagement.framework/Versions/A/ServiceManagement
0x0000000021d93000 	/usr/lib/libxslt.1.dylib
0x0000000021d93000 	/System/Library/Frameworks/Carbon.framework/Versions/A/Frameworks/Ink.framework/Versions/A/Ink
0x0000000021d93000 	/System/Library/PrivateFrameworks/TextureIO.framework/Versions/A/TextureIO
0x0000000021d93000 	/System/Library/Frameworks/Metal.framework/Versions/A/Metal
0x0000000021d93000 	/usr/lib/libate.dylib
0x0000000021d93000 	/System/Library/PrivateFrameworks/GPUCompiler.framework/libmetal_timestamp.dylib
0x0000000021d93000 	/System/Library/Frameworks/OpenGL.framework/Versions/A/Libraries/libCoreFSCache.dylib
0x0000000021d93000 	/System/Library/PrivateFrameworks/IOAccelerator.framework/Versions/A/IOAccelerator
0x0000000021d93000 	/System/Library/Frameworks/CoreVideo.framework/Versions/A/CoreVideo
0x0000000021d93000 	/usr/lib/libFosl_dynamic.dylib
0x0000000021d93000 	/System/Library/PrivateFrameworks/MetalPerformanceShaders.framework/Versions/A/MetalPerformanceShaders
0x0000000021d93000 	/System/Library/PrivateFrameworks/FaceCore.framework/Versions/A/FaceCore
0x0000000021d93000 	/System/Library/Frameworks/OpenCL.framework/Versions/A/OpenCL
0x0000000021d93000 	/System/Library/Frameworks/OpenGL.framework/Versions/A/Libraries/libGLU.dylib
0x0000000021d93000 	/System/Library/Frameworks/OpenGL.framework/Versions/A/Libraries/libGFXShared.dylib
0x0000000021d93000 	/System/Library/Frameworks/OpenGL.framework/Versions/A/Libraries/libGL.dylib
0x0000000021d93000 	/System/Library/Frameworks/OpenGL.framework/Versions/A/Libraries/libGLImage.dylib
0x0000000021d93000 	/System/Library/Frameworks/OpenGL.framework/Versions/A/Libraries/libCVMSPluginSupport.dylib
0x0000000021d93000 	/System/Library/Frameworks/OpenGL.framework/Versions/A/Libraries/libCoreVMClient.dylib
0x0000000021d93000 	/System/Library/PrivateFrameworks/CrashReporterSupport.framework/Versions/A/CrashReporterSupport
0x0000000021d93000 	/System/Library/PrivateFrameworks/Sharing.framework/Versions/A/Sharing
0x0000000021d93000 	/System/Library/PrivateFrameworks/IconServices.framework/Versions/A/IconServices
0x0000000021d93000 	/System/Library/PrivateFrameworks/ProtocolBuffer.framework/Versions/A/ProtocolBuffer
0x0000000021d93000 	/System/Library/PrivateFrameworks/Apple80211.framework/Versions/A/Apple80211
0x0000000021d93000 	/System/Library/Frameworks/CoreWLAN.framework/Versions/A/CoreWLAN
0x0000000021d93000 	/System/Library/PrivateFrameworks/CoreUtils.framework/Versions/A/CoreUtils
0x0000000021d93000 	/System/Library/Frameworks/IOBluetooth.framework/Versions/A/IOBluetooth
0x0000000021d93000 	/System/Library/PrivateFrameworks/CoreWiFi.framework/Versions/A/CoreWiFi
0x0000000021d93000 	/System/Library/Frameworks/CoreBluetooth.framework/Versions/A/CoreBluetooth
0x0000000021d93000 	/System/Library/Frameworks/CoreDisplay.framework/Versions/A/CoreDisplay
0x0000000021d93000 	/System/Library/PrivateFrameworks/IOPresentment.framework/Versions/A/IOPresentment
0x0000000021d93000 	/System/Library/PrivateFrameworks/DSExternalDisplay.framework/Versions/A/DSExternalDisplay
0x0000000021d93000 	/System/Library/PrivateFrameworks/DebugSymbols.framework/Versions/A/DebugSymbols
0x0000000021d93000 	/System/Library/PrivateFrameworks/CoreSymbolication.framework/Versions/A/CoreSymbolication
0x0000000021d93000 	/System/Library/PrivateFrameworks/Symbolication.framework/Versions/A/Symbolication
0x0000000021d93000 	/System/Library/PrivateFrameworks/AppleFSCompression.framework/Versions/A/AppleFSCompression
0x0000000021d93000 	/System/Library/PrivateFrameworks/SpeechRecognitionCore.framework/Versions/A/SpeechRecognitionCore
0x0000000021d93000 	/System/Library/PrivateFrameworks/ChunkingLibrary.framework/Versions/A/ChunkingLibrary
0x000000010dc17000 	/Library/Java/JavaVirtualMachines/jdk1.8.0_144.jdk/Contents/Home/jre/lib/server/libjvm.dylib
0x0000000021d93000 	/usr/lib/libstdc++.6.dylib
0x000000010ebbe000 	/Library/Java/JavaVirtualMachines/jdk1.8.0_144.jdk/Contents/Home/jre/lib/libverify.dylib
0x000000010ebcc000 	/Library/Java/JavaVirtualMachines/jdk1.8.0_144.jdk/Contents/Home/jre/lib/libjava.dylib
0x000000010ec0b000 	/Library/Java/JavaVirtualMachines/jdk1.8.0_144.jdk/Contents/Home/jre/lib/libzip.dylib
0x000000011406c000 	/System/Library/Frameworks/JavaVM.framework/Frameworks/JavaRuntimeSupport.framework/JavaRuntimeSupport
0x000000010ede7000 	/System/Library/Frameworks/JavaVM.framework/Versions/A/Frameworks/JavaNativeFoundation.framework/Versions/A/JavaNativeFoundation
0x0000000124e38000 	/System/Library/Frameworks/JavaVM.framework/Versions/A/JavaVM
0x0000000021d93000 	/System/Library/Frameworks/Carbon.framework/Versions/A/Carbon
0x0000000124e45000 	/System/Library/PrivateFrameworks/JavaLaunching.framework/Versions/A/JavaLaunching
0x0000000021d93000 	/System/Library/Frameworks/Carbon.framework/Versions/A/Frameworks/CommonPanels.framework/Versions/A/CommonPanels
0x0000000021d93000 	/System/Library/Frameworks/Carbon.framework/Versions/A/Frameworks/Help.framework/Versions/A/Help
0x0000000021d93000 	/System/Library/Frameworks/Carbon.framework/Versions/A/Frameworks/ImageCapture.framework/Versions/A/ImageCapture
0x0000000021d93000 	/System/Library/Frameworks/Carbon.framework/Versions/A/Frameworks/OpenScripting.framework/Versions/A/OpenScripting
0x0000000021d93000 	/System/Library/Frameworks/Carbon.framework/Versions/A/Frameworks/Print.framework/Versions/A/Print
0x0000000021d93000 	/System/Library/Frameworks/Carbon.framework/Versions/A/Frameworks/SecurityHI.framework/Versions/A/SecurityHI
0x0000000126750000 	/Library/Java/JavaVirtualMachines/jdk1.8.0_144.jdk/Contents/Home/jre/lib/libawt.dylib
0x00000001267f8000 	/Library/Java/JavaVirtualMachines/jdk1.8.0_144.jdk/Contents/Home/jre/lib/./libmlib_image.dylib
0x00000001268c4000 	/Library/Java/JavaVirtualMachines/jdk1.8.0_144.jdk/Contents/Home/jre/lib/libawt_lwawt.dylib
0x000000012697b000 	/Library/Java/JavaVirtualMachines/jdk1.8.0_144.jdk/Contents/Home/jre/lib/./libosxapp.dylib
0x0000000021d93000 	/System/Library/Frameworks/ExceptionHandling.framework/Versions/A/ExceptionHandling
0x0000000021d93000 	/System/Library/PrivateFrameworks/CoreServicesInternal.framework/Versions/A/CoreServicesInternal
0x0000000021d93000 	/System/Library/CoreServices/RawCamera.bundle/Contents/MacOS/RawCamera
0x0000000021d93000 	/System/Library/Frameworks/Accelerate.framework/Versions/A/Frameworks/vImage.framework/Versions/A/Libraries/libCGInterfaces.dylib
0x0000000021d93000 	/System/Library/Frameworks/ApplicationServices.framework/Versions/A/Frameworks/ATS.framework/Versions/A/Resources/libTrueTypeScaler.dylib
0x0000000128972000 	/System/Library/Frameworks/OpenGL.framework/Resources/GLEngine.bundle/GLEngine
0x0000000021d93000 	/System/Library/Frameworks/OpenGL.framework/Versions/A/Libraries/libGLProgrammability.dylib
0x0000000128b57000 	/System/Library/Extensions/AppleIntelBDWGraphicsGLDriver.bundle/Contents/MacOS/AppleIntelBDWGraphicsGLDriver
0x0000000021d93000 	/System/Library/PrivateFrameworks/GPUSupport.framework/Versions/A/Libraries/libGPUSupportMercury.dylib
0x0000000127d2e000 	/System/Library/Frameworks/OpenGL.framework/Resources//GLRendererFloat.bundle/GLRendererFloat
0x0000000021d93000 	/System/Library/Frameworks/OpenCL.framework/Versions/A/Libraries/libcldcpuengine.dylib
0x0000000021d93000 	/usr/lib/libcrypto.0.9.8.dylib
0x0000000021d93000 	/System/Library/PrivateFrameworks/TrustEvaluationAgent.framework/Versions/A/TrustEvaluationAgent
0x00000001292c1000 	/System/Library/Extensions/AppleIntelBDWGraphicsMTLDriver.bundle/Contents/MacOS/AppleIntelBDWGraphicsMTLDriver
0x0000000021d93000 	/System/Library/PrivateFrameworks/FamilyControls.framework/Versions/A/FamilyControls
0x0000000021d93000 	/System/Library/PrivateFrameworks/CommerceKit.framework/Versions/A/Frameworks/CommerceCore.framework/Versions/A/CommerceCore
0x0000000021d93000 	/System/Library/PrivateFrameworks/SystemAdministration.framework/Versions/A/SystemAdministration
0x0000000021d93000 	/System/Library/PrivateFrameworks/AppContainer.framework/Versions/A/AppContainer
0x0000000021d93000 	/System/Library/PrivateFrameworks/SecCodeWrapper.framework/Versions/A/SecCodeWrapper
0x0000000021d93000 	/System/Library/Frameworks/DirectoryService.framework/Versions/A/DirectoryService
0x0000000021d93000 	/System/Library/PrivateFrameworks/DiskImages.framework/Versions/A/DiskImages
0x0000000021d93000 	/System/Library/PrivateFrameworks/LoginUIKit.framework/Versions/A/Frameworks/LoginUICore.framework/Versions/A/LoginUICore
0x0000000021d93000 	/usr/lib/libCoreStorage.dylib
0x0000000021d93000 	/usr/lib/libcsfde.dylib
0x0000000021d93000 	/usr/lib/libodfde.dylib
0x0000000021d93000 	/System/Library/Frameworks/DiscRecording.framework/Versions/A/DiscRecording
0x0000000021d93000 	/usr/lib/libcurl.4.dylib
0x0000000021d93000 	/System/Library/PrivateFrameworks/MediaKit.framework/Versions/A/MediaKit
0x0000000021d93000 	/System/Library/PrivateFrameworks/ProtectedCloudStorage.framework/Versions/A/ProtectedCloudStorage
0x0000000021d93000 	/System/Library/PrivateFrameworks/EFILogin.framework/Versions/A/EFILogin
0x0000000021d93000 	/usr/lib/libutil.dylib
0x0000000021d93000 	/System/Library/Frameworks/LDAP.framework/Versions/A/LDAP
0x0000000021d93000 	/usr/lib/libsasl2.2.dylib
0x0000000021d93000 	/System/Library/PrivateFrameworks/CoreDaemon.framework/Versions/B/CoreDaemon
0x0000000021d93000 	/System/Library/PrivateFrameworks/AppleSRP.framework/Versions/A/AppleSRP
0x0000000021d93000 	/System/Library/PrivateFrameworks/APFS.framework/Versions/A/APFS
0x000000012b3d9000 	/Library/Java/JavaVirtualMachines/jdk1.8.0_144.jdk/Contents/Home/jre/lib/libfontmanager.dylib
0x000000012c85f000 	/Library/Java/JavaVirtualMachines/jdk1.8.0_144.jdk/Contents/Home/jre/lib/libosxui.dylib
0x0000000021d93000 	/System/Library/PrivateFrameworks/ViewBridge.framework/Versions/A/ViewBridge
0x0000000021d93000 	/System/Library/PrivateFrameworks/XPCService.framework/Versions/A/XPCService
0x0000000021d93000 	/System/Library/PrivateFrameworks/AppSandbox.framework/Versions/A/AppSandbox
0x0000000021d93000 	/usr/lib/libsandbox.1.dylib
0x0000000021d93000 	/usr/lib/libMatch.1.dylib
0x000000012d40f000 	/Library/Java/JavaVirtualMachines/jdk1.8.0_144.jdk/Contents/Home/jre/lib/libnet.dylib
0x000000012d426000 	/Library/Java/JavaVirtualMachines/jdk1.8.0_144.jdk/Contents/Home/jre/lib/libnio.dylib
0x000000012c524000 	/private/var/folders/4g/xxzpq2px2tg5jwrm0_jx44dc0000gn/T/jogamp_0000/file_cache/jln4900426449210833673/jln3243015674231308047/libgluegen-rt.jnilib
0x000000012c552000 	/private/var/folders/4g/xxzpq2px2tg5jwrm0_jx44dc0000gn/T/jogamp_0000/file_cache/jln4900426449210833673/jln3243015674231308047/libnativewindow_awt.jnilib
0x000000012c555000 	/Library/Java/JavaVirtualMachines/jdk1.8.0_144.jdk/Contents/Home/jre/lib/libjawt.dylib
0x00000001986ef000 	/private/var/folders/4g/xxzpq2px2tg5jwrm0_jx44dc0000gn/T/jogamp_0000/file_cache/jln4900426449210833673/jln3243015674231308047/libnativewindow_macosx.jnilib
0x000000019892c000 	/private/var/folders/4g/xxzpq2px2tg5jwrm0_jx44dc0000gn/T/jogamp_0000/file_cache/jln4900426449210833673/jln3243015674231308047/libjogl_desktop.jnilib
0x000000019eaaa000 	/Library/Java/JavaVirtualMachines/jdk1.8.0_144.jdk/Contents/Home/jre/lib/libt2k.dylib

VM Arguments:
jvm_args: -Djava.security.policy=java.policy.applet -Dfile.encoding=UTF-8 
java_command: sun.applet.AppletViewer module4.EarthquakeCityMap1505933242965.html
java_class_path (initial): /Users/BeenWu/Library/Mobile Documents/com~apple~CloudDocs/Eclipse Project/UCSDUnfoldingMaps/build:/Users/BeenWu/Library/Mobile Documents/com~apple~CloudDocs/Eclipse Project/UCSDUnfoldingMaps/lib/core.jar:/Users/BeenWu/Library/Mobile Documents/com~apple~CloudDocs/Eclipse Project/UCSDUnfoldingMaps/lib/gluegen-rt.jar:/Users/BeenWu/Library/Mobile Documents/com~apple~CloudDocs/Eclipse Project/UCSDUnfoldingMaps/lib/jogl-all.jar:/Users/BeenWu/Library/Mobile Documents/com~apple~CloudDocs/Eclipse Project/UCSDUnfoldingMaps/lib/log4j-1.2.15.jar:/Users/BeenWu/Library/Mobile Documents/com~apple~CloudDocs/Eclipse Project/UCSDUnfoldingMaps/lib/sqlite-jdbc-3.7.2.jar:/Users/BeenWu/Library/Mobile Documents/com~apple~CloudDocs/Eclipse Project/UCSDUnfoldingMaps/lib/json4processing.jar:/Users/BeenWu/Library/Mobile Documents/com~apple~CloudDocs/Eclipse Project/UCSDUnfoldingMaps/lib/libTUIO.jar:/Users/BeenWu/Library/Mobile Documents/com~apple~CloudDocs/Eclipse Project/UCSDUnfoldingMaps/lib/unfolding.0.9.7-uscd.jar
Launcher Type: SUN_STANDARD

Environment Variables:
PATH=/usr/bin:/bin:/usr/sbin:/sbin
SHELL=/bin/bash

Signal Handlers:
SIGSEGV: [libjvm.dylib+0x5b26e5], sa_mask[0]=11111111011111110111111111111111, sa_flags=SA_ONSTACK|SA_RESTART|SA_SIGINFO
SIGBUS: [libjvm.dylib+0x5b26e5], sa_mask[0]=11111111011111110111111111111111, sa_flags=SA_RESTART|SA_SIGINFO
SIGFPE: [libjvm.dylib+0x489100], sa_mask[0]=11111111011111110111111111111111, sa_flags=SA_RESTART|SA_SIGINFO
SIGPIPE: [libjvm.dylib+0x489100], sa_mask[0]=11111111011111110111111111111111, sa_flags=SA_RESTART|SA_SIGINFO
SIGXFSZ: [libjvm.dylib+0x489100], sa_mask[0]=11111111011111110111111111111111, sa_flags=SA_RESTART|SA_SIGINFO
SIGILL: [libjvm.dylib+0x489100], sa_mask[0]=11111111011111110111111111111111, sa_flags=SA_RESTART|SA_SIGINFO
SIGUSR1: SIG_DFL, sa_mask[0]=00000000000000000000000000000000, sa_flags=none
SIGUSR2: [libjvm.dylib+0x488c1e], sa_mask[0]=00100000000000000000000000000000, sa_flags=SA_RESTART|SA_SIGINFO
SIGHUP: [libjvm.dylib+0x4871f5], sa_mask[0]=11111111011111110111111111111111, sa_flags=SA_RESTART|SA_SIGINFO
SIGINT: [libjvm.dylib+0x4871f5], sa_mask[0]=11111111011111110111111111111111, sa_flags=SA_RESTART|SA_SIGINFO
SIGTERM: [libjvm.dylib+0x4871f5], sa_mask[0]=11111111011111110111111111111111, sa_flags=SA_RESTART|SA_SIGINFO
SIGQUIT: [libjvm.dylib+0x4871f5], sa_mask[0]=11111111011111110111111111111111, sa_flags=SA_RESTART|SA_SIGINFO


---------------  S Y S T E M  ---------------

OS:Bsduname:Darwin 16.7.0 Darwin Kernel Version 16.7.0: Thu Jun 15 17:36:27 PDT 2017; root:xnu-3789.70.16~2/RELEASE_X86_64 x86_64
rlimit: STACK 8192k, CORE 0k, NPROC 709, NOFILE 10240, AS infinity
load average:1.73 1.41 1.35

CPU:total 4 (initial active 4) (2 cores per cpu, 2 threads per core) family 6 model 61 stepping 4, cmov, cx8, fxsr, mmx, sse, sse2, sse3, ssse3, sse4.1, sse4.2, popcnt, avx, avx2, aes, clmul, erms, 3dnowpref, lzcnt, ht, tsc, tscinvbit, bmi1, bmi2, adx

Memory: 4k page, physical 8388608k(312016k free)

/proc/meminfo:


vm_info: Java HotSpot(TM) 64-Bit Server VM (25.144-b01) for bsd-amd64 JRE (1.8.0_144-b01), built on Jul 21 2017 22:07:42 by "java_re" with gcc 4.2.1 (Based on Apple Inc. build 5658) (LLVM build 2336.11.00)

time: Wed Sep 20 14:47:55 2017
elapsed time: 32 seconds (0d 0h 0m 32s)

