#
# A fatal error has been detected by the Java Runtime Environment:
#
#  SIGSEGV (0xb) at pc=0x00007fff90df205d, pid=727, tid=0x0000000000000307
#
# JRE version: Java(TM) SE Runtime Environment (8.0_144-b01) (build 1.8.0_144-b01)
# Java VM: Java HotSpot(TM) 64-Bit Server VM (25.144-b01 mixed mode bsd-amd64 compressed oops)
# Problematic frame:
# C  [libobjc.A.dylib+0x705d]  objc_msgSend+0x1d
#
# Failed to write core dump. Core dumps have been disabled. To enable core dumping, try "ulimit -c unlimited" before starting Java again
#
# If you would like to submit a bug report, please visit:
#   http://bugreport.java.com/bugreport/crash.jsp
# The crash happened outside the Java Virtual Machine in native code.
# See problematic frame for where to report the bug.
#

---------------  T H R E A D  ---------------

Current thread (0x00007fdb1182d800):  JavaThread "AWT-AppKit" daemon [_thread_in_native, id=775, stack(0x00007fff4fd6b000,0x00007fff5056b000)]

siginfo: si_signo: 11 (SIGSEGV), si_code: 1 (SEGV_MAPERR), si_addr: 0x0000000000000018

Registers:
RAX=0x00007fdb137b7ed0, RBX=0x000000019a3b0450, RCX=0x00007fdb13600c40, RDX=0x0000000000000000
RSP=0x00007fff50566208, RBP=0x00007fff505662c0, RSI=0x00007fff7a67e116, RDI=0x00007fdb16588d70
R8 =0x0000000000000018, R9 =0x00007fdb13600c20, R10=0x0000000000000000, R11=0x00007fff7a67e116
R12=0x0000000000000000, R13=0x000000019ec3a7c8, R14=0x000000019a3b0440, R15=0x00007fdb1182d800
RIP=0x00007fff90df205d, EFLAGS=0x0000000000010246, ERR=0x0000000000000004
  TRAPNO=0x000000000000000e

Top of Stack: (sp=0x00007fff50566208)
0x00007fff50566208:   000000019a3ae157 00007fff50566260
0x00007fff50566218:   0000000000000003 00007fff50566240
0x00007fff50566228:   000000010f90568e 000000019ec3a7c8
0x00007fff50566238:   000000019ec3a7c8 00007fdb137b7ed0
0x00007fff50566248:   000000019a3b06a0 000000019a3b0710
0x00007fff50566258:   00007fff96e576d0 00007fff97a871e0
0x00007fff50566268:   000000019a3b0450 000000019a3b0690
0x00007fff50566278:   00007fdb137b7ed0 00007fdb16588d70
0x00007fff50566288:   00007fdb10c0dca0 00007fdb137b7ed0
0x00007fff50566298:   00007fdb16588d70 00007fff50566348
0x00007fff505662a8:   00007fdb1182d9f8 000000019ec3a7c8
0x00007fff505662b8:   00007fff50566370 00007fff50566338
0x00007fff505662c8:   0000000117a589f4 000000019ec3a7c8
0x00007fff505662d8:   00007fff50566370 00007fff50566338
0x00007fff505662e8:   0000000117a58787 0000000117a58742
0x00007fff505662f8:   00007fff505662f8 000000019ec3a7c8
0x00007fff50566308:   00007fff50566370 000000019ec4d4b0
0x00007fff50566318:   0000000000000000 000000019ec3a7c8
0x00007fff50566328:   0000000000000000 00007fff50566358
0x00007fff50566338:   00007fff505663b8 0000000117a492bd
0x00007fff50566348:   000000074041cea8 0000000117a52538
0x00007fff50566358:   00007fdb137b7ed0 00007fff505663b8
0x00007fff50566368:   00007fdb16588d70 0000000117a53e02
0x00007fff50566378:   00007fff50566378 000000019ec3a992
0x00007fff50566388:   00007fff505663e0 000000019ec4d4b0
0x00007fff50566398:   0000000000000000 000000019ec3a9a0
0x00007fff505663a8:   00007fff50566358 00007fff505663c8
0x00007fff505663b8:   00007fff50566428 0000000117a492bd
0x00007fff505663c8:   00007fdb137b7ed0 0000000740278b98
0x00007fff505663d8:   00007fdb16588d70 0000000740278b98
0x00007fff505663e8:   00007fff505663e8 00000001a5e403f6
0x00007fff505663f8:   00007fff50566438 00000001a5e404b0 

Instructions: (pc=0x00007fff90df205d)
0x00007fff90df203d:   0f 1f 00 48 85 ff 2e 74 62 40 f6 c7 01 2e 75 66
0x00007fff90df204d:   49 ba f8 ff ff ff ff 7f 00 00 4c 23 17 49 89 f3
0x00007fff90df205d:   45 23 5a 18 49 c1 e3 04 4d 03 5a 10 49 3b 33 75
0x00007fff90df206d:   04 41 ff 63 08 49 83 3b 01 76 0d 49 83 c3 10 49 

Register to memory mapping:

RAX=0x00007fdb137b7ed0 is an unknown value
RBX=0x000000019a3b0450: Java_jogamp_nativewindow_macosx_OSXUtil_GetScreenRefreshRate0+0x1cf0 in /private/var/folders/4g/xxzpq2px2tg5jwrm0_jx44dc0000gn/T/jogamp_0000/file_cache/jln916291096448224197/jln6368219911575647938/libnativewindow_macosx.jnilib at 0x000000019a3a9000
RCX=0x00007fdb13600c40 is an unknown value
RDX=0x0000000000000000 is an unknown value
RSP=0x00007fff50566208 is pointing into the stack for thread: 0x00007fdb1182d800
RBP=0x00007fff505662c0 is pointing into the stack for thread: 0x00007fdb1182d800
RSI=0x00007fff7a67e116: __NSStyleNameIndexTable+0x7fd5e in /System/Library/Frameworks/AppKit.framework/Versions/C/AppKit at 0x00007fff79a11000
RDI=0x00007fdb16588d70 is an unknown value
R8 =0x0000000000000018 is an unknown value
R9 =0x00007fdb13600c20 is an unknown value
R10=0x0000000000000000 is an unknown value
R11=0x00007fff7a67e116: __NSStyleNameIndexTable+0x7fd5e in /System/Library/Frameworks/AppKit.framework/Versions/C/AppKit at 0x00007fff79a11000
R12=0x0000000000000000 is an unknown value
R13={method} {0x000000019ec3a7c8} 'UnsetJAWTRootSurfaceLayer0' '(JJ)V' in 'jogamp/nativewindow/jawt/macosx/MacOSXJAWTWindow'
R14=0x000000019a3b0440: Java_jogamp_nativewindow_macosx_OSXUtil_GetScreenRefreshRate0+0x1ce0 in /private/var/folders/4g/xxzpq2px2tg5jwrm0_jx44dc0000gn/T/jogamp_0000/file_cache/jln916291096448224197/jln6368219911575647938/libnativewindow_macosx.jnilib at 0x000000019a3a9000
R15=0x00007fdb1182d800 is a thread


Stack: [0x00007fff4fd6b000,0x00007fff5056b000],  sp=0x00007fff50566208,  free space=8172k
Native frames: (J=compiled Java code, j=interpreted, Vv=VM code, C=native code)
C  [libobjc.A.dylib+0x705d]  objc_msgSend+0x1d
j  jogamp.nativewindow.jawt.macosx.MacOSXJAWTWindow.UnsetJAWTRootSurfaceLayer0(JJ)V+0
j  jogamp.nativewindow.jawt.macosx.MacOSXJAWTWindow.access$200(JJ)V+2
j  jogamp.nativewindow.jawt.macosx.MacOSXJAWTWindow$1.run()V+38
J 2912 C1 com.jogamp.common.util.RunnableTask.run()V (345 bytes) @ 0x00000001182f98b4 [0x00000001182f9720+0x194]
v  ~StubRoutines::call_stub
V  [libjvm.dylib+0x2ee70a]  JavaCalls::call_helper(JavaValue*, methodHandle*, JavaCallArguments*, Thread*)+0x6ae
V  [libjvm.dylib+0x3258b9]  jni_invoke_nonstatic(JNIEnv_*, JavaValue*, _jobject*, JNICallType, _jmethodID*, JNI_ArgumentPusher*, Thread*)+0x2ec
V  [libjvm.dylib+0x318087]  jni_CallVoidMethod+0x16b
C  [libnativewindow_macosx.jnilib+0x5326]  Java_jogamp_nativewindow_jawt_macosx_MacOSXJAWTWindow_UnsetJAWTRootSurfaceLayer0+0x2b6
C  [Foundation+0x7152a]  __NSThreadPerformPerform+0x146
C  [CoreFoundation+0xa7321]  __CFRUNLOOP_IS_CALLING_OUT_TO_A_SOURCE0_PERFORM_FUNCTION__+0x11
C  [CoreFoundation+0x8821d]  __CFRunLoopDoSources0+0x22d
C  [CoreFoundation+0x87716]  __CFRunLoopRun+0x3a6
C  [CoreFoundation+0x87114]  CFRunLoopRunSpecific+0x1a4
C  [HIToolbox+0x30ebc]  RunCurrentEventLoopInMode+0xf0
C  [HIToolbox+0x30bf9]  ReceiveNextEventCommon+0xb8
C  [HIToolbox+0x30b26]  _BlockUntilNextEventMatchingListInModeWithFilter+0x47
C  [AppKit+0x46a54]  _DPSNextEvent+0x460
C  [AppKit+0x7c27ee]  -[NSApplication(NSEvent) _nextEventMatchingEventMask:untilDate:inMode:dequeue:]+0xaec
C  [libosxapp.dylib+0x23aa]  -[NSApplicationAWT nextEventMatchingMask:untilDate:inMode:dequeue:]+0x7c
C  [AppKit+0x3b3db]  -[NSApplication run]+0x39e
C  [libosxapp.dylib+0x214d]  +[NSApplicationAWT runAWTLoopWithApp:]+0x9c
C  [libawt_lwawt.dylib+0x45edf]  -[AWTStarter starter:]+0x389
C  [Foundation+0x7152a]  __NSThreadPerformPerform+0x146
C  [CoreFoundation+0xa7321]  __CFRUNLOOP_IS_CALLING_OUT_TO_A_SOURCE0_PERFORM_FUNCTION__+0x11
C  [CoreFoundation+0x8821d]  __CFRunLoopDoSources0+0x22d
C  [CoreFoundation+0x87716]  __CFRunLoopRun+0x3a6
C  [CoreFoundation+0x87114]  CFRunLoopRunSpecific+0x1a4
C  [java+0x6465]  CreateExecutionEnvironment+0x367
C  [java+0x218c]  JLI_Launch+0x7a0
C  [java+0x84c2]  main+0x65
C  [java+0x19e4]  start+0x34
C  0x0000000000000007

Java frames: (J=compiled Java code, j=interpreted, Vv=VM code)
j  jogamp.nativewindow.jawt.macosx.MacOSXJAWTWindow.UnsetJAWTRootSurfaceLayer0(JJ)V+0
j  jogamp.nativewindow.jawt.macosx.MacOSXJAWTWindow.access$200(JJ)V+2
j  jogamp.nativewindow.jawt.macosx.MacOSXJAWTWindow$1.run()V+38
J 2912 C1 com.jogamp.common.util.RunnableTask.run()V (345 bytes) @ 0x00000001182f98b4 [0x00000001182f9720+0x194]
v  ~StubRoutines::call_stub

---------------  P R O C E S S  ---------------

Java Threads: ( => current thread )
  0x00007fdb11173800 JavaThread "Thread-64" [_thread_blocked, id=5215, stack(0x00007000059b0000,0x0000700005ab0000)]
  0x00007fdb12a0b800 JavaThread "AWT-EventQueue-1" [_thread_in_native, id=69915, stack(0x00007000060cb000,0x00007000061cb000)]
  0x00007fdb11009800 JavaThread "DestroyJavaVM" [_thread_blocked, id=7171, stack(0x0000700004a00000,0x0000700004b00000)]
  0x00007fdb11988800 JavaThread "AWT-EventQueue-0" [_thread_blocked, id=61459, stack(0x0000700005ec5000,0x0000700005fc5000)]
  0x00007fdb11291800 JavaThread "Java2D Disposer" daemon [_thread_blocked, id=56335, stack(0x0000700005c3c000,0x0000700005d3c000)]
  0x00007fdb11965800 JavaThread "Java2D Queue Flusher" daemon [_thread_blocked, id=55335, stack(0x0000700005b39000,0x0000700005c39000)]
  0x00007fdb11227000 JavaThread "AWT-Shutdown" [_thread_blocked, id=30239, stack(0x00007000058ad000,0x00007000059ad000)]
=>0x00007fdb1182d800 JavaThread "AWT-AppKit" daemon [_thread_in_native, id=775, stack(0x00007fff4fd6b000,0x00007fff5056b000)]
  0x00007fdb11041800 JavaThread "Service Thread" daemon [_thread_blocked, id=18691, stack(0x0000700005624000,0x0000700005724000)]
  0x00007fdb1103c800 JavaThread "C1 CompilerThread2" daemon [_thread_blocked, id=18179, stack(0x0000700005521000,0x0000700005621000)]
  0x00007fdb1103c000 JavaThread "C2 CompilerThread1" daemon [_thread_blocked, id=17667, stack(0x000070000541e000,0x000070000551e000)]
  0x00007fdb11826800 JavaThread "C2 CompilerThread0" daemon [_thread_blocked, id=17155, stack(0x000070000531b000,0x000070000541b000)]
  0x00007fdb11823000 JavaThread "Signal Dispatcher" daemon [_thread_blocked, id=16643, stack(0x0000700005218000,0x0000700005318000)]
  0x00007fdb11002800 JavaThread "Finalizer" daemon [_thread_blocked, id=12547, stack(0x0000700005115000,0x0000700005215000)]
  0x00007fdb12005000 JavaThread "Reference Handler" daemon [_thread_blocked, id=12035, stack(0x0000700005012000,0x0000700005112000)]

Other Threads:
  0x00007fdb12000800 VMThread [stack: 0x0000700004f0f000,0x000070000500f000] [id=11523]
  0x00007fdb11042800 WatcherThread [stack: 0x0000700005727000,0x0000700005827000] [id=19203]

VM state:not at safepoint (normal execution)

VM Mutex/Monitor currently owned by a thread: None

Heap:
 PSYoungGen      total 137216K, used 72551K [0x0000000795580000, 0x000000079ed00000, 0x00000007c0000000)
  eden space 123392K, 47% used [0x0000000795580000,0x0000000798f0a648,0x000000079ce00000)
  from space 13824K, 98% used [0x000000079df00000,0x000000079ec4f680,0x000000079ec80000)
  to   space 15872K, 0% used [0x000000079ce00000,0x000000079ce00000,0x000000079dd80000)
 ParOldGen       total 55808K, used 19450K [0x0000000740000000, 0x0000000743680000, 0x0000000795580000)
  object space 55808K, 34% used [0x0000000740000000,0x00000007412feb28,0x0000000743680000)
 Metaspace       used 25045K, capacity 25447K, committed 25728K, reserved 1073152K
  class space    used 2489K, capacity 2624K, committed 2688K, reserved 1048576K

Card table byte_map: [0x00000001113c0000,0x00000001117c1000] byte_map_base: 0x000000010d9c0000

Marking Bits: (ParMarkBitMap*) 0x00000001100055d0
 Begin Bits: [0x0000000111a6c000, 0x0000000113a6c000)
 End Bits:   [0x0000000113a6c000, 0x0000000115a6c000)

Polling page: 0x00000001106fc000

CodeCache: size=245760Kb used=10762Kb max_used=10775Kb free=234997Kb
 bounds [0x0000000117a41000, 0x0000000118531000, 0x0000000126a41000]
 total_blobs=4116 nmethods=3164 adapters=865
 compilation: enabled

Compilation events (10 events):
Event: 38.365 Thread 0x00007fdb1103c800 nmethod 3739 0x000000011841bc50 code [0x000000011841be20, 0x000000011841c528]
Event: 38.832 Thread 0x00007fdb1103c800 3740       3       java.awt.Rectangle::intersection (180 bytes)
Event: 38.833 Thread 0x00007fdb1103c800 nmethod 3740 0x00000001180b19d0 code [0x00000001180b1b60, 0x00000001180b2090]
Event: 38.864 Thread 0x00007fdb1103c000 3741       4       java.util.HashMap::putVal (300 bytes)
Event: 38.865 Thread 0x00007fdb11826800 3742  s!   4       sun.misc.URLClassPath::getLoader (243 bytes)
Event: 38.872 Thread 0x00007fdb11826800 nmethod 3742 0x00000001181f1990 code [0x00000001181f1b00, 0x00000001181f22d8]
Event: 38.872 Thread 0x00007fdb11826800 3743  s    4       sun.misc.URLClassPath::getNextLoader (88 bytes)
Event: 38.874 Thread 0x00007fdb1103c000 nmethod 3741 0x000000011821d850 code [0x000000011821da00, 0x000000011821dfe8]
Event: 38.874 Thread 0x00007fdb1103c800 3744       3       java.util.LinkedHashMap::afterNodeRemoval (65 bytes)
Event: 38.874 Thread 0x00007fdb1103c800 nmethod 3744 0x000000011841b5d0 code [0x000000011841b740, 0x000000011841baf0]

GC Heap History (10 events):
Event: 5.400 GC heap before
{Heap before GC invocations=5 (full 1):
 PSYoungGen      total 38400K, used 33280K [0x0000000795580000, 0x000000079a080000, 0x00000007c0000000)
  eden space 33280K, 100% used [0x0000000795580000,0x0000000797600000,0x0000000797600000)
  from space 5120K, 0% used [0x0000000797600000,0x0000000797600000,0x0000000797b00000)
  to   space 5120K, 0% used [0x0000000799b80000,0x0000000799b80000,0x000000079a080000)
 ParOldGen       total 55808K, used 7393K [0x0000000740000000, 0x0000000743680000, 0x0000000795580000)
  object space 55808K, 13% used [0x0000000740000000,0x0000000740738410,0x0000000743680000)
 Metaspace       used 23897K, capacity 24277K, committed 24576K, reserved 1071104K
  class space    used 2444K, capacity 2557K, committed 2560K, reserved 1048576K
Event: 5.412 GC heap after
Heap after GC invocations=5 (full 1):
 PSYoungGen      total 59904K, used 5117K [0x0000000795580000, 0x000000079a080000, 0x00000007c0000000)
  eden space 54784K, 0% used [0x0000000795580000,0x0000000795580000,0x0000000798b00000)
  from space 5120K, 99% used [0x0000000799b80000,0x000000079a07f450,0x000000079a080000)
  to   space 5120K, 0% used [0x0000000799680000,0x0000000799680000,0x0000000799b80000)
 ParOldGen       total 55808K, used 14042K [0x0000000740000000, 0x0000000743680000, 0x0000000795580000)
  object space 55808K, 25% used [0x0000000740000000,0x0000000740db69d8,0x0000000743680000)
 Metaspace       used 23897K, capacity 24277K, committed 24576K, reserved 1071104K
  class space    used 2444K, capacity 2557K, committed 2560K, reserved 1048576K
}
Event: 9.578 GC heap before
{Heap before GC invocations=6 (full 1):
 PSYoungGen      total 59904K, used 59901K [0x0000000795580000, 0x000000079a080000, 0x00000007c0000000)
  eden space 54784K, 100% used [0x0000000795580000,0x0000000798b00000,0x0000000798b00000)
  from space 5120K, 99% used [0x0000000799b80000,0x000000079a07f450,0x000000079a080000)
  to   space 5120K, 0% used [0x0000000799680000,0x0000000799680000,0x0000000799b80000)
 ParOldGen       total 55808K, used 14042K [0x0000000740000000, 0x0000000743680000, 0x0000000795580000)
  object space 55808K, 25% used [0x0000000740000000,0x0000000740db69d8,0x0000000743680000)
 Metaspace       used 24549K, capacity 24967K, committed 25216K, reserved 1071104K
  class space    used 2479K, capacity 2592K, committed 2688K, reserved 1048576K
Event: 9.585 GC heap after
Heap after GC invocations=6 (full 1):
 PSYoungGen      total 71680K, used 5085K [0x0000000795580000, 0x000000079c280000, 0x00000007c0000000)
  eden space 66560K, 0% used [0x0000000795580000,0x0000000795580000,0x0000000799680000)
  from space 5120K, 99% used [0x0000000799680000,0x0000000799b77460,0x0000000799b80000)
  to   space 12288K, 0% used [0x000000079b680000,0x000000079b680000,0x000000079c280000)
 ParOldGen       total 55808K, used 16098K [0x0000000740000000, 0x0000000743680000, 0x0000000795580000)
  object space 55808K, 28% used [0x0000000740000000,0x0000000740fb8a58,0x0000000743680000)
 Metaspace       used 24549K, capacity 24967K, committed 25216K, reserved 1071104K
  class space    used 2479K, capacity 2592K, committed 2688K, reserved 1048576K
}
Event: 15.959 GC heap before
{Heap before GC invocations=7 (full 1):
 PSYoungGen      total 71680K, used 71496K [0x0000000795580000, 0x000000079c280000, 0x00000007c0000000)
  eden space 66560K, 99% used [0x0000000795580000,0x000000079965adb0,0x0000000799680000)
  from space 5120K, 99% used [0x0000000799680000,0x0000000799b77460,0x0000000799b80000)
  to   space 12288K, 0% used [0x000000079b680000,0x000000079b680000,0x000000079c280000)
 ParOldGen       total 55808K, used 16098K [0x0000000740000000, 0x0000000743680000, 0x0000000795580000)
  object space 55808K, 28% used [0x0000000740000000,0x0000000740fb8a58,0x0000000743680000)
 Metaspace       used 24785K, capacity 25223K, committed 25472K, reserved 1073152K
  class space    used 2480K, capacity 2592K, committed 2688K, reserved 1048576K
Event: 15.967 GC heap after
Heap after GC invocations=7 (full 1):
 PSYoungGen      total 99328K, used 8445K [0x0000000795580000, 0x000000079d080000, 0x00000007c0000000)
  eden space 87040K, 0% used [0x0000000795580000,0x0000000795580000,0x000000079aa80000)
  from space 12288K, 68% used [0x000000079b680000,0x000000079bebf560,0x000000079c280000)
  to   space 12288K, 0% used [0x000000079aa80000,0x000000079aa80000,0x000000079b680000)
 ParOldGen       total 55808K, used 16106K [0x0000000740000000, 0x0000000743680000, 0x0000000795580000)
  object space 55808K, 28% used [0x0000000740000000,0x0000000740fbaa58,0x0000000743680000)
 Metaspace       used 24785K, capacity 25223K, committed 25472K, reserved 1073152K
  class space    used 2480K, capacity 2592K, committed 2688K, reserved 1048576K
}
Event: 22.044 GC heap before
{Heap before GC invocations=8 (full 1):
 PSYoungGen      total 99328K, used 95485K [0x0000000795580000, 0x000000079d080000, 0x00000007c0000000)
  eden space 87040K, 100% used [0x0000000795580000,0x000000079aa80000,0x000000079aa80000)
  from space 12288K, 68% used [0x000000079b680000,0x000000079bebf560,0x000000079c280000)
  to   space 12288K, 0% used [0x000000079aa80000,0x000000079aa80000,0x000000079b680000)
 ParOldGen       total 55808K, used 16106K [0x0000000740000000, 0x0000000743680000, 0x0000000795580000)
  object space 55808K, 28% used [0x0000000740000000,0x0000000740fbaa58,0x0000000743680000)
 Metaspace       used 24978K, capacity 25351K, committed 25728K, reserved 1073152K
  class space    used 2481K, capacity 2592K, committed 2688K, reserved 1048576K
Event: 22.053 GC heap after
Heap after GC invocations=8 (full 1):
 PSYoungGen      total 99328K, used 11725K [0x0000000795580000, 0x000000079ec80000, 0x00000007c0000000)
  eden space 87040K, 0% used [0x0000000795580000,0x0000000795580000,0x000000079aa80000)
  from space 12288K, 95% used [0x000000079aa80000,0x000000079b5f3600,0x000000079b680000)
  to   space 13824K, 0% used [0x000000079df00000,0x000000079df00000,0x000000079ec80000)
 ParOldGen       total 55808K, used 16114K [0x0000000740000000, 0x0000000743680000, 0x0000000795580000)
  object space 55808K, 28% used [0x0000000740000000,0x0000000740fbca58,0x0000000743680000)
 Metaspace       used 24978K, capacity 25351K, committed 25728K, reserved 1073152K
  class space    used 2481K, capacity 2592K, committed 2688K, reserved 1048576K
}
Event: 26.978 GC heap before
{Heap before GC invocations=9 (full 1):
 PSYoungGen      total 99328K, used 98765K [0x0000000795580000, 0x000000079ec80000, 0x00000007c0000000)
  eden space 87040K, 100% used [0x0000000795580000,0x000000079aa80000,0x000000079aa80000)
  from space 12288K, 95% used [0x000000079aa80000,0x000000079b5f3600,0x000000079b680000)
  to   space 13824K, 0% used [0x000000079df00000,0x000000079df00000,0x000000079ec80000)
 ParOldGen       total 55808K, used 16114K [0x0000000740000000, 0x0000000743680000, 0x0000000795580000)
  object space 55808K, 28% used [0x0000000740000000,0x0000000740fbca58,0x0000000743680000)
 Metaspace       used 25007K, capacity 25415K, committed 25728K, reserved 1073152K
  class space    used 2481K, capacity 2592K, committed 2688K, reserved 1048576K
Event: 26.994 GC heap after
Heap after GC invocations=9 (full 1):
 PSYoungGen      total 137216K, used 13629K [0x0000000795580000, 0x000000079ed00000, 0x00000007c0000000)
  eden space 123392K, 0% used [0x0000000795580000,0x0000000795580000,0x000000079ce00000)
  from space 13824K, 98% used [0x000000079df00000,0x000000079ec4f680,0x000000079ec80000)
  to   space 15872K, 0% used [0x000000079ce00000,0x000000079ce00000,0x000000079dd80000)
 ParOldGen       total 55808K, used 19450K [0x0000000740000000, 0x0000000743680000, 0x0000000795580000)
  object space 55808K, 34% used [0x0000000740000000,0x00000007412feb28,0x0000000743680000)
 Metaspace       used 25007K, capacity 25415K, committed 25728K, reserved 1073152K
  class space    used 2481K, capacity 2592K, committed 2688K, reserved 1048576K
}

Deoptimization events (10 events):
Event: 38.832 Thread 0x00007fdb11988800 Uncommon trap: reason=unstable_if action=reinterpret pc=0x00000001184f5558 method=java.awt.EventQueue.getPriority(Ljava/awt/AWTEvent;)I @ 71
Event: 38.835 Thread 0x00007fdb11988800 Uncommon trap: reason=unstable_if action=reinterpret pc=0x000000011851b1cc method=sun.java2d.pipe.Region.isEmpty()Z @ 19
Event: 38.835 Thread 0x00007fdb11988800 Uncommon trap: reason=unstable_if action=reinterpret pc=0x0000000118125760 method=sun.java2d.pipe.Region.isInsideXYXY(IIII)Z @ 30
Event: 38.864 Thread 0x00007fdb11298800 Uncommon trap: reason=bimorphic action=maybe_recompile pc=0x0000000117fe0534 method=java.util.HashMap.putVal(ILjava/lang/Object;Ljava/lang/Object;ZZ)Ljava/lang/Object; @ 91
Event: 38.864 Thread 0x00007fdb11298800 Uncommon trap: reason=bimorphic action=maybe_recompile pc=0x0000000117fe0534 method=java.util.HashMap.putVal(ILjava/lang/Object;Ljava/lang/Object;ZZ)Ljava/lang/Object; @ 91
Event: 38.864 Thread 0x00007fdb11298800 Uncommon trap: reason=bimorphic action=maybe_recompile pc=0x0000000117fe0534 method=java.util.HashMap.putVal(ILjava/lang/Object;Ljava/lang/Object;ZZ)Ljava/lang/Object; @ 91
Event: 38.864 Thread 0x00007fdb11298800 Uncommon trap: reason=bimorphic action=maybe_recompile pc=0x0000000117fe0534 method=java.util.HashMap.putVal(ILjava/lang/Object;Ljava/lang/Object;ZZ)Ljava/lang/Object; @ 91
Event: 38.864 Thread 0x00007fdb11298800 Uncommon trap: reason=class_check action=maybe_recompile pc=0x0000000117ef4b0c method=java.util.HashMap.putVal(ILjava/lang/Object;Ljava/lang/Object;ZZ)Ljava/lang/Object; @ 91
Event: 38.865 Thread 0x00007fdb11988800 Uncommon trap: reason=unstable_if action=reinterpret pc=0x0000000117c16aa8 method=sun.java2d.pipe.Region.isEmpty()Z @ 19
Event: 38.874 Thread 0x00007fdb12a0b800 Uncommon trap: reason=unstable_if action=reinterpret pc=0x00000001182a2e98 method=java.util.LinkedList$ListItr.<init>(Ljava/util/LinkedList;I)V @ 26

Internal exceptions (10 events):
Event: 0.260 Thread 0x00007fdb11009800 Exception <a 'java/lang/NoSuchFieldError': method resolution failed> (0x00000007957959f8) thrown at [/Users/java_re/workspace/8-2-build-macosx-x86_64/jdk8u144/9417/hotspot/src/share/vm/prims/methodHandles.cpp, line 1146]
Event: 0.502 Thread 0x00007fdb11009800 Exception <a 'java/io/FileNotFoundException'> (0x0000000795810ec0) thrown at [/Users/java_re/workspace/8-2-build-macosx-x86_64/jdk8u144/9417/hotspot/src/share/vm/prims/jni.cpp, line 709]
Event: 0.502 Thread 0x00007fdb11009800 Exception <a 'java/io/FileNotFoundException'> (0x0000000795811a28) thrown at [/Users/java_re/workspace/8-2-build-macosx-x86_64/jdk8u144/9417/hotspot/src/share/vm/prims/jni.cpp, line 709]
Event: 0.621 Thread 0x00007fdb11009800 Exception <a 'java/io/FileNotFoundException'> (0x0000000795958490) thrown at [/Users/java_re/workspace/8-2-build-macosx-x86_64/jdk8u144/9417/hotspot/src/share/vm/prims/jni.cpp, line 709]
Event: 3.065 Thread 0x00007fdb12c6b000 Exception <a 'java/lang/UnsatisfiedLinkError': com.jogamp.common.util.JarUtil.fixNativeLibAttribs(Ljava/lang/String;)Z> (0x0000000796ce04a8) thrown at [/Users/java_re/workspace/8-2-build-macosx-x86_64/jdk8u144/9417/hotspot/src/share/vm/prims/nativeLookup.
Event: 3.299 Thread 0x00007fdb11002800 Exception <a 'java/lang/NullPointerException'> (0x00000007956a3450) thrown at [/Users/java_re/workspace/8-2-build-macosx-x86_64/jdk8u144/9417/hotspot/src/share/vm/interpreter/linkResolver.cpp, line 1197]
Event: 3.981 Thread 0x00007fdb12a0b800 Exception <a 'java/io/FileNotFoundException'> (0x0000000796129390) thrown at [/Users/java_re/workspace/8-2-build-macosx-x86_64/jdk8u144/9417/hotspot/src/share/vm/prims/jni.cpp, line 709]
Event: 3.981 Thread 0x00007fdb12a0b800 Exception <a 'java/io/FileNotFoundException'> (0x0000000796132cb0) thrown at [/Users/java_re/workspace/8-2-build-macosx-x86_64/jdk8u144/9417/hotspot/src/share/vm/prims/jni.cpp, line 709]
Event: 3.981 Thread 0x00007fdb12a0b800 Implicit null exception at 0x0000000117c1b5f6 to 0x0000000117c1b9b9
Event: 4.348 Thread 0x00007fdb12a0b800 Implicit null exception at 0x0000000117e34586 to 0x0000000117e347cd

Events (10 events):
Event: 38.874 Thread 0x00007fdb12a0b800 DEOPT PACKING pc=0x00000001182a2e98 sp=0x00007000061c8990
Event: 38.874 Thread 0x00007fdb12a0b800 DEOPT UNPACKING pc=0x0000000117a46229 sp=0x00007000061c8830 mode 2
Event: 38.875 loading class java/awt/LightweightDispatcher$2
Event: 38.875 loading class java/awt/LightweightDispatcher$2 done
Event: 38.875 loading class java/awt/event/AWTEventListenerProxy
Event: 38.875 loading class java/awt/event/AWTEventListenerProxy done
Event: 38.875 Executing VM operation: Deoptimize
Event: 38.876 Executing VM operation: Deoptimize done
Event: 38.876 loading class java/awt/Toolkit$ToolkitEventMulticaster
Event: 38.876 loading class java/awt/Toolkit$ToolkitEventMulticaster done


Dynamic libraries:
0x0000000006b60000 	/System/Library/Frameworks/Cocoa.framework/Versions/A/Cocoa
0x0000000006b60000 	/System/Library/Frameworks/Security.framework/Versions/A/Security
0x0000000006b60000 	/System/Library/Frameworks/ApplicationServices.framework/Versions/A/ApplicationServices
0x0000000006b60000 	/usr/lib/libz.1.dylib
0x0000000006b60000 	/usr/lib/libSystem.B.dylib
0x0000000006b60000 	/usr/lib/libobjc.A.dylib
0x0000000006b60000 	/System/Library/Frameworks/CoreFoundation.framework/Versions/A/CoreFoundation
0x0000000006b60000 	/System/Library/Frameworks/Foundation.framework/Versions/C/Foundation
0x0000000006b60000 	/System/Library/Frameworks/AppKit.framework/Versions/C/AppKit
0x0000000006b60000 	/System/Library/Frameworks/CoreData.framework/Versions/A/CoreData
0x0000000006b60000 	/System/Library/PrivateFrameworks/RemoteViewServices.framework/Versions/A/RemoteViewServices
0x0000000006b60000 	/System/Library/PrivateFrameworks/UIFoundation.framework/Versions/A/UIFoundation
0x0000000006b60000 	/System/Library/PrivateFrameworks/DFRFoundation.framework/Versions/A/DFRFoundation
0x0000000006b60000 	/usr/lib/libenergytrace.dylib
0x0000000006b60000 	/System/Library/PrivateFrameworks/SkyLight.framework/Versions/A/SkyLight
0x0000000006b60000 	/System/Library/Frameworks/CoreGraphics.framework/Versions/A/CoreGraphics
0x0000000006b60000 	/usr/lib/libScreenReader.dylib
0x0000000006b60000 	/System/Library/Frameworks/Accelerate.framework/Versions/A/Accelerate
0x0000000006b60000 	/System/Library/Frameworks/IOSurface.framework/Versions/A/IOSurface
0x0000000006b60000 	/System/Library/Frameworks/AudioToolbox.framework/Versions/A/AudioToolbox
0x0000000006b60000 	/System/Library/Frameworks/AudioUnit.framework/Versions/A/AudioUnit
0x0000000006b60000 	/System/Library/PrivateFrameworks/DataDetectorsCore.framework/Versions/A/DataDetectorsCore
0x0000000006b60000 	/System/Library/PrivateFrameworks/DesktopServicesPriv.framework/Versions/A/DesktopServicesPriv
0x0000000006b60000 	/System/Library/Frameworks/Carbon.framework/Versions/A/Frameworks/HIToolbox.framework/Versions/A/HIToolbox
0x0000000006b60000 	/usr/lib/libicucore.A.dylib
0x0000000006b60000 	/System/Library/Frameworks/QuartzCore.framework/Versions/A/QuartzCore
0x0000000006b60000 	/System/Library/Frameworks/Carbon.framework/Versions/A/Frameworks/SpeechRecognition.framework/Versions/A/SpeechRecognition
0x0000000006b60000 	/usr/lib/libauto.dylib
0x0000000006b60000 	/usr/lib/libxml2.2.dylib
0x0000000006b60000 	/System/Library/PrivateFrameworks/CoreUI.framework/Versions/A/CoreUI
0x0000000006b60000 	/System/Library/Frameworks/CoreAudio.framework/Versions/A/CoreAudio
0x0000000006b60000 	/System/Library/Frameworks/DiskArbitration.framework/Versions/A/DiskArbitration
0x0000000006b60000 	/usr/lib/liblangid.dylib
0x0000000006b60000 	/System/Library/PrivateFrameworks/MultitouchSupport.framework/Versions/A/MultitouchSupport
0x0000000006b60000 	/System/Library/Frameworks/IOKit.framework/Versions/A/IOKit
0x0000000006b60000 	/usr/lib/libDiagnosticMessagesClient.dylib
0x0000000006b60000 	/System/Library/Frameworks/CoreServices.framework/Versions/A/CoreServices
0x0000000006b60000 	/System/Library/PrivateFrameworks/PerformanceAnalysis.framework/Versions/A/PerformanceAnalysis
0x0000000006b60000 	/System/Library/PrivateFrameworks/GenerationalStorage.framework/Versions/A/GenerationalStorage
0x0000000006b60000 	/System/Library/Frameworks/OpenGL.framework/Versions/A/OpenGL
0x0000000006b60000 	/System/Library/Frameworks/CoreImage.framework/Versions/A/CoreImage
0x0000000006b60000 	/System/Library/Frameworks/CoreText.framework/Versions/A/CoreText
0x0000000006b60000 	/System/Library/Frameworks/ImageIO.framework/Versions/A/ImageIO
0x0000000006b60000 	/System/Library/PrivateFrameworks/Backup.framework/Versions/A/Backup
0x0000000006b60000 	/usr/lib/libarchive.2.dylib
0x0000000006b60000 	/System/Library/Frameworks/CFNetwork.framework/Versions/A/CFNetwork
0x0000000006b60000 	/System/Library/Frameworks/SystemConfiguration.framework/Versions/A/SystemConfiguration
0x0000000006b60000 	/usr/lib/libCRFSuite.dylib
0x0000000006b60000 	/usr/lib/libc++.1.dylib
0x0000000006b60000 	/usr/lib/libc++abi.dylib
0x0000000006b60000 	/usr/lib/system/libcache.dylib
0x0000000006b60000 	/usr/lib/system/libcommonCrypto.dylib
0x0000000006b60000 	/usr/lib/system/libcompiler_rt.dylib
0x0000000006b60000 	/usr/lib/system/libcopyfile.dylib
0x0000000006b60000 	/usr/lib/system/libcorecrypto.dylib
0x0000000006b60000 	/usr/lib/system/libdispatch.dylib
0x0000000006b60000 	/usr/lib/system/libdyld.dylib
0x0000000006b60000 	/usr/lib/system/libkeymgr.dylib
0x0000000006b60000 	/usr/lib/system/liblaunch.dylib
0x0000000006b60000 	/usr/lib/system/libmacho.dylib
0x0000000006b60000 	/usr/lib/system/libquarantine.dylib
0x0000000006b60000 	/usr/lib/system/libremovefile.dylib
0x0000000006b60000 	/usr/lib/system/libsystem_asl.dylib
0x0000000006b60000 	/usr/lib/system/libsystem_blocks.dylib
0x0000000006b60000 	/usr/lib/system/libsystem_c.dylib
0x0000000006b60000 	/usr/lib/system/libsystem_configuration.dylib
0x0000000006b60000 	/usr/lib/system/libsystem_coreservices.dylib
0x0000000006b60000 	/usr/lib/system/libsystem_coretls.dylib
0x0000000006b60000 	/usr/lib/system/libsystem_dnssd.dylib
0x0000000006b60000 	/usr/lib/system/libsystem_info.dylib
0x0000000006b60000 	/usr/lib/system/libsystem_kernel.dylib
0x0000000006b60000 	/usr/lib/system/libsystem_m.dylib
0x0000000006b60000 	/usr/lib/system/libsystem_malloc.dylib
0x0000000006b60000 	/usr/lib/system/libsystem_network.dylib
0x0000000006b60000 	/usr/lib/system/libsystem_networkextension.dylib
0x0000000006b60000 	/usr/lib/system/libsystem_notify.dylib
0x0000000006b60000 	/usr/lib/system/libsystem_platform.dylib
0x0000000006b60000 	/usr/lib/system/libsystem_pthread.dylib
0x0000000006b60000 	/usr/lib/system/libsystem_sandbox.dylib
0x0000000006b60000 	/usr/lib/system/libsystem_secinit.dylib
0x0000000006b60000 	/usr/lib/system/libsystem_symptoms.dylib
0x0000000006b60000 	/usr/lib/system/libsystem_trace.dylib
0x0000000006b60000 	/usr/lib/system/libunwind.dylib
0x0000000006b60000 	/usr/lib/system/libxpc.dylib
0x0000000006b60000 	/usr/lib/libbsm.0.dylib
0x0000000006b60000 	/usr/lib/system/libkxld.dylib
0x0000000006b60000 	/usr/lib/libcoretls.dylib
0x0000000006b60000 	/usr/lib/libcoretls_cfhelpers.dylib
0x0000000006b60000 	/usr/lib/libOpenScriptingUtil.dylib
0x0000000006b60000 	/usr/lib/libpam.2.dylib
0x0000000006b60000 	/usr/lib/libsqlite3.dylib
0x0000000006b60000 	/usr/lib/libxar.1.dylib
0x0000000006b60000 	/usr/lib/libbz2.1.0.dylib
0x0000000006b60000 	/usr/lib/liblzma.5.dylib
0x0000000006b60000 	/usr/lib/libnetwork.dylib
0x0000000006b60000 	/usr/lib/libpcap.A.dylib
0x0000000006b60000 	/System/Library/Frameworks/CoreServices.framework/Versions/A/Frameworks/FSEvents.framework/Versions/A/FSEvents
0x0000000006b60000 	/System/Library/Frameworks/CoreServices.framework/Versions/A/Frameworks/CarbonCore.framework/Versions/A/CarbonCore
0x0000000006b60000 	/System/Library/Frameworks/CoreServices.framework/Versions/A/Frameworks/Metadata.framework/Versions/A/Metadata
0x0000000006b60000 	/System/Library/Frameworks/CoreServices.framework/Versions/A/Frameworks/OSServices.framework/Versions/A/OSServices
0x0000000006b60000 	/System/Library/Frameworks/CoreServices.framework/Versions/A/Frameworks/SearchKit.framework/Versions/A/SearchKit
0x0000000006b60000 	/System/Library/Frameworks/CoreServices.framework/Versions/A/Frameworks/AE.framework/Versions/A/AE
0x0000000006b60000 	/System/Library/Frameworks/CoreServices.framework/Versions/A/Frameworks/LaunchServices.framework/Versions/A/LaunchServices
0x0000000006b60000 	/System/Library/Frameworks/CoreServices.framework/Versions/A/Frameworks/DictionaryServices.framework/Versions/A/DictionaryServices
0x0000000006b60000 	/System/Library/Frameworks/CoreServices.framework/Versions/A/Frameworks/SharedFileList.framework/Versions/A/SharedFileList
0x0000000006b60000 	/System/Library/Frameworks/NetFS.framework/Versions/A/NetFS
0x0000000006b60000 	/System/Library/PrivateFrameworks/NetAuth.framework/Versions/A/NetAuth
0x0000000006b60000 	/System/Library/PrivateFrameworks/login.framework/Versions/A/Frameworks/loginsupport.framework/Versions/A/loginsupport
0x0000000006b60000 	/System/Library/PrivateFrameworks/TCC.framework/Versions/A/TCC
0x0000000006b60000 	/usr/lib/libmecabra.dylib
0x0000000006b60000 	/System/Library/Frameworks/ApplicationServices.framework/Versions/A/Frameworks/ATS.framework/Versions/A/ATS
0x0000000006b60000 	/System/Library/Frameworks/ApplicationServices.framework/Versions/A/Frameworks/ColorSync.framework/Versions/A/ColorSync
0x0000000006b60000 	/System/Library/Frameworks/ApplicationServices.framework/Versions/A/Frameworks/HIServices.framework/Versions/A/HIServices
0x0000000006b60000 	/System/Library/Frameworks/ApplicationServices.framework/Versions/A/Frameworks/LangAnalysis.framework/Versions/A/LangAnalysis
0x0000000006b60000 	/System/Library/Frameworks/ApplicationServices.framework/Versions/A/Frameworks/PrintCore.framework/Versions/A/PrintCore
0x0000000006b60000 	/System/Library/Frameworks/ApplicationServices.framework/Versions/A/Frameworks/QD.framework/Versions/A/QD
0x0000000006b60000 	/System/Library/Frameworks/ApplicationServices.framework/Versions/A/Frameworks/SpeechSynthesis.framework/Versions/A/SpeechSynthesis
0x0000000006b60000 	/System/Library/Frameworks/Accelerate.framework/Versions/A/Frameworks/vImage.framework/Versions/A/vImage
0x0000000006b60000 	/System/Library/Frameworks/Accelerate.framework/Versions/A/Frameworks/vecLib.framework/Versions/A/vecLib
0x0000000006b60000 	/System/Library/Frameworks/Accelerate.framework/Versions/A/Frameworks/vecLib.framework/Versions/A/libvDSP.dylib
0x0000000006b60000 	/System/Library/Frameworks/Accelerate.framework/Versions/A/Frameworks/vecLib.framework/Versions/A/libBNNS.dylib
0x0000000006b60000 	/System/Library/Frameworks/Accelerate.framework/Versions/A/Frameworks/vecLib.framework/Versions/A/libQuadrature.dylib
0x0000000006b60000 	/System/Library/Frameworks/Accelerate.framework/Versions/A/Frameworks/vecLib.framework/Versions/A/libvMisc.dylib
0x0000000006b60000 	/System/Library/Frameworks/Accelerate.framework/Versions/A/Frameworks/vecLib.framework/Versions/A/libLAPACK.dylib
0x0000000006b60000 	/System/Library/Frameworks/Accelerate.framework/Versions/A/Frameworks/vecLib.framework/Versions/A/libBLAS.dylib
0x0000000006b60000 	/System/Library/Frameworks/Accelerate.framework/Versions/A/Frameworks/vecLib.framework/Versions/A/libLinearAlgebra.dylib
0x0000000006b60000 	/System/Library/Frameworks/Accelerate.framework/Versions/A/Frameworks/vecLib.framework/Versions/A/libSparseBLAS.dylib
0x0000000006b60000 	/System/Library/Frameworks/ApplicationServices.framework/Versions/A/Frameworks/ATS.framework/Versions/A/Resources/libFontParser.dylib
0x0000000006b60000 	/System/Library/Frameworks/ApplicationServices.framework/Versions/A/Frameworks/ATS.framework/Versions/A/Resources/libFontRegistry.dylib
0x0000000006b60000 	/System/Library/Frameworks/ImageIO.framework/Versions/A/Resources/libJPEG.dylib
0x0000000006b60000 	/System/Library/Frameworks/ImageIO.framework/Versions/A/Resources/libTIFF.dylib
0x0000000006b60000 	/System/Library/Frameworks/ImageIO.framework/Versions/A/Resources/libPng.dylib
0x0000000006b60000 	/System/Library/Frameworks/ImageIO.framework/Versions/A/Resources/libGIF.dylib
0x0000000006b60000 	/System/Library/Frameworks/ImageIO.framework/Versions/A/Resources/libJP2.dylib
0x0000000006b60000 	/System/Library/Frameworks/ImageIO.framework/Versions/A/Resources/libRadiance.dylib
0x0000000006b60000 	/usr/lib/libcompression.dylib
0x0000000006b60000 	/System/Library/PrivateFrameworks/AppleJPEG.framework/Versions/A/AppleJPEG
0x0000000006b60000 	/usr/lib/libcups.2.dylib
0x0000000006b60000 	/System/Library/Frameworks/Kerberos.framework/Versions/A/Kerberos
0x0000000006b60000 	/System/Library/Frameworks/GSS.framework/Versions/A/GSS
0x0000000006b60000 	/usr/lib/libresolv.9.dylib
0x0000000006b60000 	/usr/lib/libiconv.2.dylib
0x0000000006b60000 	/System/Library/PrivateFrameworks/Heimdal.framework/Versions/A/Heimdal
0x0000000006b60000 	/usr/lib/libheimdal-asn1.dylib
0x0000000006b60000 	/System/Library/Frameworks/OpenDirectory.framework/Versions/A/OpenDirectory
0x0000000006b60000 	/System/Library/PrivateFrameworks/CommonAuth.framework/Versions/A/CommonAuth
0x0000000006b60000 	/System/Library/Frameworks/OpenDirectory.framework/Versions/A/Frameworks/CFOpenDirectory.framework/Versions/A/CFOpenDirectory
0x0000000006b60000 	/System/Library/Frameworks/SecurityFoundation.framework/Versions/A/SecurityFoundation
0x0000000006b60000 	/System/Library/PrivateFrameworks/LanguageModeling.framework/Versions/A/LanguageModeling
0x0000000006b60000 	/usr/lib/libmarisa.dylib
0x0000000006b60000 	/usr/lib/libChineseTokenizer.dylib
0x0000000006b60000 	/usr/lib/libcmph.dylib
0x0000000006b60000 	/System/Library/PrivateFrameworks/CoreEmoji.framework/Versions/A/CoreEmoji
0x0000000006b60000 	/System/Library/Frameworks/ServiceManagement.framework/Versions/A/ServiceManagement
0x0000000006b60000 	/usr/lib/libxslt.1.dylib
0x0000000006b60000 	/System/Library/Frameworks/Carbon.framework/Versions/A/Frameworks/Ink.framework/Versions/A/Ink
0x0000000006b60000 	/System/Library/PrivateFrameworks/TextureIO.framework/Versions/A/TextureIO
0x0000000006b60000 	/System/Library/Frameworks/Metal.framework/Versions/A/Metal
0x0000000006b60000 	/usr/lib/libate.dylib
0x0000000006b60000 	/System/Library/PrivateFrameworks/GPUCompiler.framework/libmetal_timestamp.dylib
0x0000000006b60000 	/System/Library/Frameworks/OpenGL.framework/Versions/A/Libraries/libCoreFSCache.dylib
0x0000000006b60000 	/System/Library/PrivateFrameworks/IOAccelerator.framework/Versions/A/IOAccelerator
0x0000000006b60000 	/System/Library/Frameworks/CoreVideo.framework/Versions/A/CoreVideo
0x0000000006b60000 	/usr/lib/libFosl_dynamic.dylib
0x0000000006b60000 	/System/Library/PrivateFrameworks/MetalPerformanceShaders.framework/Versions/A/MetalPerformanceShaders
0x0000000006b60000 	/System/Library/PrivateFrameworks/FaceCore.framework/Versions/A/FaceCore
0x0000000006b60000 	/System/Library/Frameworks/OpenCL.framework/Versions/A/OpenCL
0x0000000006b60000 	/System/Library/Frameworks/OpenGL.framework/Versions/A/Libraries/libGLU.dylib
0x0000000006b60000 	/System/Library/Frameworks/OpenGL.framework/Versions/A/Libraries/libGFXShared.dylib
0x0000000006b60000 	/System/Library/Frameworks/OpenGL.framework/Versions/A/Libraries/libGL.dylib
0x0000000006b60000 	/System/Library/Frameworks/OpenGL.framework/Versions/A/Libraries/libGLImage.dylib
0x0000000006b60000 	/System/Library/Frameworks/OpenGL.framework/Versions/A/Libraries/libCVMSPluginSupport.dylib
0x0000000006b60000 	/System/Library/Frameworks/OpenGL.framework/Versions/A/Libraries/libCoreVMClient.dylib
0x0000000006b60000 	/System/Library/PrivateFrameworks/CrashReporterSupport.framework/Versions/A/CrashReporterSupport
0x0000000006b60000 	/System/Library/PrivateFrameworks/Sharing.framework/Versions/A/Sharing
0x0000000006b60000 	/System/Library/PrivateFrameworks/IconServices.framework/Versions/A/IconServices
0x0000000006b60000 	/System/Library/PrivateFrameworks/ProtocolBuffer.framework/Versions/A/ProtocolBuffer
0x0000000006b60000 	/System/Library/PrivateFrameworks/Apple80211.framework/Versions/A/Apple80211
0x0000000006b60000 	/System/Library/Frameworks/CoreWLAN.framework/Versions/A/CoreWLAN
0x0000000006b60000 	/System/Library/PrivateFrameworks/CoreUtils.framework/Versions/A/CoreUtils
0x0000000006b60000 	/System/Library/Frameworks/IOBluetooth.framework/Versions/A/IOBluetooth
0x0000000006b60000 	/System/Library/PrivateFrameworks/CoreWiFi.framework/Versions/A/CoreWiFi
0x0000000006b60000 	/System/Library/Frameworks/CoreBluetooth.framework/Versions/A/CoreBluetooth
0x0000000006b60000 	/System/Library/Frameworks/CoreDisplay.framework/Versions/A/CoreDisplay
0x0000000006b60000 	/System/Library/PrivateFrameworks/IOPresentment.framework/Versions/A/IOPresentment
0x0000000006b60000 	/System/Library/PrivateFrameworks/DSExternalDisplay.framework/Versions/A/DSExternalDisplay
0x0000000006b60000 	/System/Library/PrivateFrameworks/DebugSymbols.framework/Versions/A/DebugSymbols
0x0000000006b60000 	/System/Library/PrivateFrameworks/CoreSymbolication.framework/Versions/A/CoreSymbolication
0x0000000006b60000 	/System/Library/PrivateFrameworks/Symbolication.framework/Versions/A/Symbolication
0x0000000006b60000 	/System/Library/PrivateFrameworks/AppleFSCompression.framework/Versions/A/AppleFSCompression
0x0000000006b60000 	/System/Library/PrivateFrameworks/SpeechRecognitionCore.framework/Versions/A/SpeechRecognitionCore
0x0000000006b60000 	/System/Library/PrivateFrameworks/ChunkingLibrary.framework/Versions/A/ChunkingLibrary
0x000000010f712000 	/Library/Java/JavaVirtualMachines/jdk1.8.0_144.jdk/Contents/Home/jre/lib/server/libjvm.dylib
0x0000000006b60000 	/usr/lib/libstdc++.6.dylib
0x00000001106b9000 	/Library/Java/JavaVirtualMachines/jdk1.8.0_144.jdk/Contents/Home/jre/lib/libverify.dylib
0x00000001106c7000 	/Library/Java/JavaVirtualMachines/jdk1.8.0_144.jdk/Contents/Home/jre/lib/libjava.dylib
0x0000000110706000 	/Library/Java/JavaVirtualMachines/jdk1.8.0_144.jdk/Contents/Home/jre/lib/libzip.dylib
0x0000000117879000 	/System/Library/Frameworks/JavaVM.framework/Frameworks/JavaRuntimeSupport.framework/JavaRuntimeSupport
0x0000000117893000 	/System/Library/Frameworks/JavaVM.framework/Versions/A/Frameworks/JavaNativeFoundation.framework/Versions/A/JavaNativeFoundation
0x00000001178a8000 	/System/Library/Frameworks/JavaVM.framework/Versions/A/JavaVM
0x0000000006b60000 	/System/Library/Frameworks/Carbon.framework/Versions/A/Carbon
0x00000001178b5000 	/System/Library/PrivateFrameworks/JavaLaunching.framework/Versions/A/JavaLaunching
0x0000000006b60000 	/System/Library/Frameworks/Carbon.framework/Versions/A/Frameworks/CommonPanels.framework/Versions/A/CommonPanels
0x0000000006b60000 	/System/Library/Frameworks/Carbon.framework/Versions/A/Frameworks/Help.framework/Versions/A/Help
0x0000000006b60000 	/System/Library/Frameworks/Carbon.framework/Versions/A/Frameworks/ImageCapture.framework/Versions/A/ImageCapture
0x0000000006b60000 	/System/Library/Frameworks/Carbon.framework/Versions/A/Frameworks/OpenScripting.framework/Versions/A/OpenScripting
0x0000000006b60000 	/System/Library/Frameworks/Carbon.framework/Versions/A/Frameworks/Print.framework/Versions/A/Print
0x0000000006b60000 	/System/Library/Frameworks/Carbon.framework/Versions/A/Frameworks/SecurityHI.framework/Versions/A/SecurityHI
0x0000000117907000 	/Library/Java/JavaVirtualMachines/jdk1.8.0_144.jdk/Contents/Home/jre/lib/libawt.dylib
0x00000001282fa000 	/Library/Java/JavaVirtualMachines/jdk1.8.0_144.jdk/Contents/Home/jre/lib/./libmlib_image.dylib
0x00000001283c6000 	/Library/Java/JavaVirtualMachines/jdk1.8.0_144.jdk/Contents/Home/jre/lib/libawt_lwawt.dylib
0x000000012847d000 	/Library/Java/JavaVirtualMachines/jdk1.8.0_144.jdk/Contents/Home/jre/lib/./libosxapp.dylib
0x0000000006b60000 	/System/Library/Frameworks/ExceptionHandling.framework/Versions/A/ExceptionHandling
0x0000000006b60000 	/System/Library/PrivateFrameworks/CoreServicesInternal.framework/Versions/A/CoreServicesInternal
0x0000000006b60000 	/System/Library/CoreServices/RawCamera.bundle/Contents/MacOS/RawCamera
0x0000000006b60000 	/System/Library/Frameworks/Accelerate.framework/Versions/A/Frameworks/vImage.framework/Versions/A/Libraries/libCGInterfaces.dylib
0x0000000006b60000 	/System/Library/Frameworks/ApplicationServices.framework/Versions/A/Frameworks/ATS.framework/Versions/A/Resources/libTrueTypeScaler.dylib
0x000000012a556000 	/System/Library/Frameworks/OpenGL.framework/Resources/GLEngine.bundle/GLEngine
0x0000000006b60000 	/System/Library/Frameworks/OpenGL.framework/Versions/A/Libraries/libGLProgrammability.dylib
0x000000012a73b000 	/System/Library/Extensions/AppleIntelBDWGraphicsGLDriver.bundle/Contents/MacOS/AppleIntelBDWGraphicsGLDriver
0x0000000006b60000 	/System/Library/PrivateFrameworks/GPUSupport.framework/Versions/A/Libraries/libGPUSupportMercury.dylib
0x000000012aea5000 	/System/Library/Frameworks/OpenGL.framework/Resources//GLRendererFloat.bundle/GLRendererFloat
0x0000000006b60000 	/System/Library/Frameworks/OpenCL.framework/Versions/A/Libraries/libcldcpuengine.dylib
0x0000000006b60000 	/usr/lib/libcrypto.0.9.8.dylib
0x0000000006b60000 	/System/Library/PrivateFrameworks/TrustEvaluationAgent.framework/Versions/A/TrustEvaluationAgent
0x000000012aed9000 	/System/Library/Extensions/AppleIntelBDWGraphicsMTLDriver.bundle/Contents/MacOS/AppleIntelBDWGraphicsMTLDriver
0x0000000006b60000 	/System/Library/PrivateFrameworks/FamilyControls.framework/Versions/A/FamilyControls
0x0000000006b60000 	/System/Library/PrivateFrameworks/CommerceKit.framework/Versions/A/Frameworks/CommerceCore.framework/Versions/A/CommerceCore
0x0000000006b60000 	/System/Library/PrivateFrameworks/SystemAdministration.framework/Versions/A/SystemAdministration
0x0000000006b60000 	/System/Library/PrivateFrameworks/AppContainer.framework/Versions/A/AppContainer
0x0000000006b60000 	/System/Library/PrivateFrameworks/SecCodeWrapper.framework/Versions/A/SecCodeWrapper
0x0000000006b60000 	/System/Library/Frameworks/DirectoryService.framework/Versions/A/DirectoryService
0x0000000006b60000 	/System/Library/PrivateFrameworks/DiskImages.framework/Versions/A/DiskImages
0x0000000006b60000 	/System/Library/PrivateFrameworks/LoginUIKit.framework/Versions/A/Frameworks/LoginUICore.framework/Versions/A/LoginUICore
0x0000000006b60000 	/usr/lib/libCoreStorage.dylib
0x0000000006b60000 	/usr/lib/libcsfde.dylib
0x0000000006b60000 	/usr/lib/libodfde.dylib
0x0000000006b60000 	/System/Library/Frameworks/DiscRecording.framework/Versions/A/DiscRecording
0x0000000006b60000 	/usr/lib/libcurl.4.dylib
0x0000000006b60000 	/System/Library/PrivateFrameworks/MediaKit.framework/Versions/A/MediaKit
0x0000000006b60000 	/System/Library/PrivateFrameworks/ProtectedCloudStorage.framework/Versions/A/ProtectedCloudStorage
0x0000000006b60000 	/System/Library/PrivateFrameworks/EFILogin.framework/Versions/A/EFILogin
0x0000000006b60000 	/usr/lib/libutil.dylib
0x0000000006b60000 	/System/Library/Frameworks/LDAP.framework/Versions/A/LDAP
0x0000000006b60000 	/usr/lib/libsasl2.2.dylib
0x0000000006b60000 	/System/Library/PrivateFrameworks/CoreDaemon.framework/Versions/B/CoreDaemon
0x0000000006b60000 	/System/Library/PrivateFrameworks/AppleSRP.framework/Versions/A/AppleSRP
0x0000000006b60000 	/System/Library/PrivateFrameworks/APFS.framework/Versions/A/APFS
0x000000012ce92000 	/Library/Java/JavaVirtualMachines/jdk1.8.0_144.jdk/Contents/Home/jre/lib/libfontmanager.dylib
0x000000012e318000 	/Library/Java/JavaVirtualMachines/jdk1.8.0_144.jdk/Contents/Home/jre/lib/libosxui.dylib
0x0000000006b60000 	/System/Library/PrivateFrameworks/ViewBridge.framework/Versions/A/ViewBridge
0x0000000006b60000 	/System/Library/PrivateFrameworks/XPCService.framework/Versions/A/XPCService
0x0000000006b60000 	/System/Library/PrivateFrameworks/AppSandbox.framework/Versions/A/AppSandbox
0x0000000006b60000 	/usr/lib/libsandbox.1.dylib
0x0000000006b60000 	/usr/lib/libMatch.1.dylib
0x000000012eec9000 	/Library/Java/JavaVirtualMachines/jdk1.8.0_144.jdk/Contents/Home/jre/lib/libnet.dylib
0x000000012eee0000 	/Library/Java/JavaVirtualMachines/jdk1.8.0_144.jdk/Contents/Home/jre/lib/libnio.dylib
0x000000012df63000 	/private/var/folders/4g/xxzpq2px2tg5jwrm0_jx44dc0000gn/T/jogamp_0000/file_cache/jln916291096448224197/jln6368219911575647938/libgluegen-rt.jnilib
0x000000012dfdd000 	/private/var/folders/4g/xxzpq2px2tg5jwrm0_jx44dc0000gn/T/jogamp_0000/file_cache/jln916291096448224197/jln6368219911575647938/libnativewindow_awt.jnilib
0x000000012e00b000 	/Library/Java/JavaVirtualMachines/jdk1.8.0_144.jdk/Contents/Home/jre/lib/libjawt.dylib
0x000000019a3a9000 	/private/var/folders/4g/xxzpq2px2tg5jwrm0_jx44dc0000gn/T/jogamp_0000/file_cache/jln916291096448224197/jln6368219911575647938/libnativewindow_macosx.jnilib
0x000000019a3e6000 	/private/var/folders/4g/xxzpq2px2tg5jwrm0_jx44dc0000gn/T/jogamp_0000/file_cache/jln916291096448224197/jln6368219911575647938/libjogl_desktop.jnilib
0x00000001a06eb000 	/Library/Java/JavaVirtualMachines/jdk1.8.0_144.jdk/Contents/Home/jre/lib/libsunec.dylib
0x00000001a01f0000 	/Library/Java/JavaVirtualMachines/jdk1.8.0_144.jdk/Contents/Home/jre/lib/libt2k.dylib
0x00000001a0321000 	/Library/Java/JavaVirtualMachines/jdk1.8.0_144.jdk/Contents/Home/jre/lib/libjpeg.dylib

VM Arguments:
jvm_args: -Djava.security.policy=java.policy.applet -Dfile.encoding=UTF-8 
java_command: sun.applet.AppletViewer module5.EarthquakeCityMap1506372351739.html
java_class_path (initial): /Users/BeenWu/Library/Mobile Documents/com~apple~CloudDocs/Eclipse Project/UCSDUnfoldingMaps/build:/Users/BeenWu/Library/Mobile Documents/com~apple~CloudDocs/Eclipse Project/UCSDUnfoldingMaps/lib/core.jar:/Users/BeenWu/Library/Mobile Documents/com~apple~CloudDocs/Eclipse Project/UCSDUnfoldingMaps/lib/gluegen-rt.jar:/Users/BeenWu/Library/Mobile Documents/com~apple~CloudDocs/Eclipse Project/UCSDUnfoldingMaps/lib/jogl-all.jar:/Users/BeenWu/Library/Mobile Documents/com~apple~CloudDocs/Eclipse Project/UCSDUnfoldingMaps/lib/log4j-1.2.15.jar:/Users/BeenWu/Library/Mobile Documents/com~apple~CloudDocs/Eclipse Project/UCSDUnfoldingMaps/lib/sqlite-jdbc-3.7.2.jar:/Users/BeenWu/Library/Mobile Documents/com~apple~CloudDocs/Eclipse Project/UCSDUnfoldingMaps/lib/json4processing.jar:/Users/BeenWu/Library/Mobile Documents/com~apple~CloudDocs/Eclipse Project/UCSDUnfoldingMaps/lib/libTUIO.jar:/Users/BeenWu/Library/Mobile Documents/com~apple~CloudDocs/Eclipse Project/UCSDUnfoldingMaps/lib/unfolding.0.9.7-uscd.jar
Launcher Type: SUN_STANDARD

Environment Variables:
PATH=/usr/bin:/bin:/usr/sbin:/sbin
SHELL=/bin/zsh

Signal Handlers:
SIGSEGV: [libjvm.dylib+0x5b26e5], sa_mask[0]=11111111011111110111111111111111, sa_flags=SA_ONSTACK|SA_RESTART|SA_SIGINFO
SIGBUS: [libjvm.dylib+0x5b26e5], sa_mask[0]=11111111011111110111111111111111, sa_flags=SA_RESTART|SA_SIGINFO
SIGFPE: [libjvm.dylib+0x489100], sa_mask[0]=11111111011111110111111111111111, sa_flags=SA_RESTART|SA_SIGINFO
SIGPIPE: [libjvm.dylib+0x489100], sa_mask[0]=11111111011111110111111111111111, sa_flags=SA_RESTART|SA_SIGINFO
SIGXFSZ: [libjvm.dylib+0x489100], sa_mask[0]=11111111011111110111111111111111, sa_flags=SA_RESTART|SA_SIGINFO
SIGILL: [libjvm.dylib+0x489100], sa_mask[0]=11111111011111110111111111111111, sa_flags=SA_RESTART|SA_SIGINFO
SIGUSR1: SIG_DFL, sa_mask[0]=00000000000000000000000000000000, sa_flags=none
SIGUSR2: [libjvm.dylib+0x488c1e], sa_mask[0]=00100000000000000000000000000000, sa_flags=SA_RESTART|SA_SIGINFO
SIGHUP: [libjvm.dylib+0x4871f5], sa_mask[0]=11111111011111110111111111111111, sa_flags=SA_RESTART|SA_SIGINFO
SIGINT: [libjvm.dylib+0x4871f5], sa_mask[0]=11111111011111110111111111111111, sa_flags=SA_RESTART|SA_SIGINFO
SIGTERM: [libjvm.dylib+0x4871f5], sa_mask[0]=11111111011111110111111111111111, sa_flags=SA_RESTART|SA_SIGINFO
SIGQUIT: [libjvm.dylib+0x4871f5], sa_mask[0]=11111111011111110111111111111111, sa_flags=SA_RESTART|SA_SIGINFO


---------------  S Y S T E M  ---------------

OS:Bsduname:Darwin 16.7.0 Darwin Kernel Version 16.7.0: Thu Jun 15 17:36:27 PDT 2017; root:xnu-3789.70.16~2/RELEASE_X86_64 x86_64
rlimit: STACK 8192k, CORE 0k, NPROC 709, NOFILE 10240, AS infinity
load average:1.99 1.39 1.25

CPU:total 4 (initial active 4) (2 cores per cpu, 2 threads per core) family 6 model 61 stepping 4, cmov, cx8, fxsr, mmx, sse, sse2, sse3, ssse3, sse4.1, sse4.2, popcnt, avx, avx2, aes, clmul, erms, 3dnowpref, lzcnt, ht, tsc, tscinvbit, bmi1, bmi2, adx

Memory: 4k page, physical 8388608k(18056k free)

/proc/meminfo:


vm_info: Java HotSpot(TM) 64-Bit Server VM (25.144-b01) for bsd-amd64 JRE (1.8.0_144-b01), built on Jul 21 2017 22:07:42 by "java_re" with gcc 4.2.1 (Based on Apple Inc. build 5658) (LLVM build 2336.11.00)

time: Mon Sep 25 16:46:30 2017
elapsed time: 38 seconds (0d 0h 0m 38s)

