#
# A fatal error has been detected by the Java Runtime Environment:
#
#  SIGSEGV (0xb) at pc=0x00007fffc5e39069, pid=783, tid=0x0000000000000307
#
# JRE version: Java(TM) SE Runtime Environment (8.0_144-b01) (build 1.8.0_144-b01)
# Java VM: Java HotSpot(TM) 64-Bit Server VM (25.144-b01 mixed mode bsd-amd64 compressed oops)
# Problematic frame:
# C  [libobjc.A.dylib+0x7069]  objc_msgSend+0x29
#
# Failed to write core dump. Core dumps have been disabled. To enable core dumping, try "ulimit -c unlimited" before starting Java again
#
# If you would like to submit a bug report, please visit:
#   http://bugreport.java.com/bugreport/crash.jsp
# The crash happened outside the Java Virtual Machine in native code.
# See problematic frame for where to report the bug.
#

---------------  T H R E A D  ---------------

Current thread (0x00007f8fcd863800):  JavaThread "AWT-AppKit" daemon [_thread_in_native, id=775, stack(0x00007fff5b490000,0x00007fff5bc90000)]

siginfo: si_signo: 11 (SIGSEGV), si_code: 1 (SEGV_MAPERR), si_addr: 0x00000000c2850000

Registers:
RAX=0x00007f8fd1021390, RBX=0x000000018eaa4450, RCX=0x00007f8fce200a40, RDX=0x0000000000000000
RSP=0x00007fff5bc8b208, RBP=0x00007fff5bc8b2c0, RSI=0x00007fffaf6c5116, RDI=0x00007f8fd1130900
R8 =0x0000000000000018, R9 =0x00007f8fce200de0, R10=0x000000010c3d0000, R11=0x00000000c2850000
R12=0x0000000000000000, R13=0x000000019356dfc0, R14=0x000000018eaa4440, R15=0x00007f8fcd863800
RIP=0x00007fffc5e39069, EFLAGS=0x0000000000010206, ERR=0x0000000000000004
  TRAPNO=0x000000000000000e

Top of Stack: (sp=0x00007fff5bc8b208)
0x00007fff5bc8b208:   000000018eaa2157 00007fff5bc8b260
0x00007fff5bc8b218:   0000000000000003 00007fff5bc8b240
0x00007fff5bc8b228:   00000001049f368e 000000019356dfc0
0x00007fff5bc8b238:   000000019356dfc0 00007f8fd1021390
0x00007fff5bc8b248:   000000018eaa46a0 000000018eaa4710
0x00007fff5bc8b258:   00007fffcbe9e6d0 00007fffccace1e0
0x00007fff5bc8b268:   000000018eaa4450 000000018eaa4690
0x00007fff5bc8b278:   00007f8fd1021390 00007f8fd1130900
0x00007fff5bc8b288:   00007f8fcbc32db0 00007f8fd1021390
0x00007fff5bc8b298:   00007f8fd1130900 00007fff5bc8b348
0x00007fff5bc8b2a8:   00007f8fcd8639f8 000000019356dfc0
0x00007fff5bc8b2b8:   00007fff5bc8b370 00007fff5bc8b338
0x00007fff5bc8b2c8:   000000010c81c9f4 000000019356dfc0
0x00007fff5bc8b2d8:   00007fff5bc8b370 00007fff5bc8b338
0x00007fff5bc8b2e8:   000000010c81c787 000000010c81c742
0x00007fff5bc8b2f8:   00007fff5bc8b2f8 000000019356dfc0
0x00007fff5bc8b308:   00007fff5bc8b370 000000018eca2bf8
0x00007fff5bc8b318:   0000000000000000 000000019356dfc0
0x00007fff5bc8b328:   0000000000000000 00007fff5bc8b358
0x00007fff5bc8b338:   00007fff5bc8b3b8 000000010c80d2bd
0x00007fff5bc8b348:   0000000740406190 000000010c816538
0x00007fff5bc8b358:   00007f8fd1021390 00007fff5bc8b3b8
0x00007fff5bc8b368:   00007f8fd1130900 000000010c817e02
0x00007fff5bc8b378:   00007fff5bc8b378 000000019356e18a
0x00007fff5bc8b388:   00007fff5bc8b3e0 000000018eca2bf8
0x00007fff5bc8b398:   0000000000000000 000000019356e198
0x00007fff5bc8b3a8:   00007fff5bc8b358 00007fff5bc8b3c8
0x00007fff5bc8b3b8:   00007fff5bc8b428 000000010c80d2bd
0x00007fff5bc8b3c8:   00007f8fd1021390 000000074036ac98
0x00007fff5bc8b3d8:   00007f8fd1130900 000000074036ac98
0x00007fff5bc8b3e8:   00007fff5bc8b3e8 0000000195a039f6
0x00007fff5bc8b3f8:   00007fff5bc8b438 0000000195a03ab0 

Instructions: (pc=0x00007fffc5e39069)
0x00007fffc5e39049:   01 2e 75 66 49 ba f8 ff ff ff ff 7f 00 00 4c 23
0x00007fffc5e39059:   17 49 89 f3 45 23 5a 18 49 c1 e3 04 4d 03 5a 10
0x00007fffc5e39069:   49 3b 33 75 04 41 ff 63 08 49 83 3b 01 76 0d 49
0x00007fffc5e39079:   83 c3 10 49 3b 33 75 f1 41 ff 63 08 72 64 4d 8b 

Register to memory mapping:

RAX=0x00007f8fd1021390 is an unknown value
RBX=0x000000018eaa4450: Java_jogamp_nativewindow_macosx_OSXUtil_GetScreenRefreshRate0+0x1cf0 in /private/var/folders/4g/xxzpq2px2tg5jwrm0_jx44dc0000gn/T/jogamp_0000/file_cache/jln7933517465190962223/jln355202366166672780/libnativewindow_macosx.jnilib at 0x000000018ea9d000
RCX=0x00007f8fce200a40 is an unknown value
RDX=0x0000000000000000 is an unknown value
RSP=0x00007fff5bc8b208 is pointing into the stack for thread: 0x00007f8fcd863800
RBP=0x00007fff5bc8b2c0 is pointing into the stack for thread: 0x00007f8fcd863800
RSI=0x00007fffaf6c5116: __NSStyleNameIndexTable+0x7fd5e in /System/Library/Frameworks/AppKit.framework/Versions/C/AppKit at 0x00007fffaea58000
RDI=0x00007f8fd1130900 is an unknown value
R8 =0x0000000000000018 is an unknown value
R9 =0x00007f8fce200de0 is an unknown value
R10=0x000000010c3d0000: OBJC_IVAR_$_AWTRunLoopObject._shouldEndRunLoop+0xa0 in /Library/Java/JavaVirtualMachines/jdk1.8.0_144.jdk/Contents/Home/jre/lib/libawt_lwawt.dylib at 0x000000010c355000
R11=0x00000000c2850000 is an unknown value
R12=0x0000000000000000 is an unknown value
R13={method} {0x000000019356dfc0} 'UnsetJAWTRootSurfaceLayer0' '(JJ)V' in 'jogamp/nativewindow/jawt/macosx/MacOSXJAWTWindow'
R14=0x000000018eaa4440: Java_jogamp_nativewindow_macosx_OSXUtil_GetScreenRefreshRate0+0x1ce0 in /private/var/folders/4g/xxzpq2px2tg5jwrm0_jx44dc0000gn/T/jogamp_0000/file_cache/jln7933517465190962223/jln355202366166672780/libnativewindow_macosx.jnilib at 0x000000018ea9d000
R15=0x00007f8fcd863800 is a thread


Stack: [0x00007fff5b490000,0x00007fff5bc90000],  sp=0x00007fff5bc8b208,  free space=8172k
Native frames: (J=compiled Java code, j=interpreted, Vv=VM code, C=native code)
C  [libobjc.A.dylib+0x7069]  objc_msgSend+0x29
j  jogamp.nativewindow.jawt.macosx.MacOSXJAWTWindow.UnsetJAWTRootSurfaceLayer0(JJ)V+0
j  jogamp.nativewindow.jawt.macosx.MacOSXJAWTWindow.access$200(JJ)V+2
j  jogamp.nativewindow.jawt.macosx.MacOSXJAWTWindow$1.run()V+38
J 3055 C1 com.jogamp.common.util.RunnableTask.run()V (345 bytes) @ 0x000000010d117a74 [0x000000010d1178e0+0x194]
v  ~StubRoutines::call_stub
V  [libjvm.dylib+0x2ee70a]  JavaCalls::call_helper(JavaValue*, methodHandle*, JavaCallArguments*, Thread*)+0x6ae
V  [libjvm.dylib+0x3258b9]  jni_invoke_nonstatic(JNIEnv_*, JavaValue*, _jobject*, JNICallType, _jmethodID*, JNI_ArgumentPusher*, Thread*)+0x2ec
V  [libjvm.dylib+0x318087]  jni_CallVoidMethod+0x16b
C  [libnativewindow_macosx.jnilib+0x5326]  Java_jogamp_nativewindow_jawt_macosx_MacOSXJAWTWindow_UnsetJAWTRootSurfaceLayer0+0x2b6
C  [Foundation+0x7152a]  __NSThreadPerformPerform+0x146
C  [CoreFoundation+0xa7321]  __CFRUNLOOP_IS_CALLING_OUT_TO_A_SOURCE0_PERFORM_FUNCTION__+0x11
C  [CoreFoundation+0x8821d]  __CFRunLoopDoSources0+0x22d
C  [CoreFoundation+0x87716]  __CFRunLoopRun+0x3a6
C  [CoreFoundation+0x87114]  CFRunLoopRunSpecific+0x1a4
C  [HIToolbox+0x30ebc]  RunCurrentEventLoopInMode+0xf0
C  [HIToolbox+0x30bf9]  ReceiveNextEventCommon+0xb8
C  [HIToolbox+0x30b26]  _BlockUntilNextEventMatchingListInModeWithFilter+0x47
C  [AppKit+0x46a54]  _DPSNextEvent+0x460
C  [AppKit+0x7c27ee]  -[NSApplication(NSEvent) _nextEventMatchingEventMask:untilDate:inMode:dequeue:]+0xaec
C  [libosxapp.dylib+0x23aa]  -[NSApplicationAWT nextEventMatchingMask:untilDate:inMode:dequeue:]+0x7c
C  [AppKit+0x3b3db]  -[NSApplication run]+0x39e
C  [libosxapp.dylib+0x214d]  +[NSApplicationAWT runAWTLoopWithApp:]+0x9c
C  [libawt_lwawt.dylib+0x45edf]  -[AWTStarter starter:]+0x389
C  [Foundation+0x7152a]  __NSThreadPerformPerform+0x146
C  [CoreFoundation+0xa7321]  __CFRUNLOOP_IS_CALLING_OUT_TO_A_SOURCE0_PERFORM_FUNCTION__+0x11
C  [CoreFoundation+0x8821d]  __CFRunLoopDoSources0+0x22d
C  [CoreFoundation+0x87716]  __CFRunLoopRun+0x3a6
C  [CoreFoundation+0x87114]  CFRunLoopRunSpecific+0x1a4
C  [java+0x6465]  CreateExecutionEnvironment+0x367
C  [java+0x218c]  JLI_Launch+0x7a0
C  [java+0x84c2]  main+0x65
C  [java+0x19e4]  start+0x34
C  0x0000000000000007

Java frames: (J=compiled Java code, j=interpreted, Vv=VM code)
j  jogamp.nativewindow.jawt.macosx.MacOSXJAWTWindow.UnsetJAWTRootSurfaceLayer0(JJ)V+0
j  jogamp.nativewindow.jawt.macosx.MacOSXJAWTWindow.access$200(JJ)V+2
j  jogamp.nativewindow.jawt.macosx.MacOSXJAWTWindow$1.run()V+38
J 3055 C1 com.jogamp.common.util.RunnableTask.run()V (345 bytes) @ 0x000000010d117a74 [0x000000010d1178e0+0x194]
v  ~StubRoutines::call_stub

---------------  P R O C E S S  ---------------

Java Threads: ( => current thread )
  0x00007f8fcdb19800 JavaThread "Thread-19" [_thread_blocked, id=72019, stack(0x000070000667a000,0x000070000677a000)]
  0x00007f8fd26ac800 JavaThread "Image Fetcher 3" daemon [_thread_blocked, id=75523, stack(0x0000700006e92000,0x0000700006f92000)]
  0x00007f8fd26ac000 JavaThread "Image Fetcher 2" daemon [_thread_blocked, id=75011, stack(0x0000700006d8f000,0x0000700006e8f000)]
  0x00007f8fd26a4000 JavaThread "Image Fetcher 1" daemon [_thread_blocked, id=74499, stack(0x0000700006c8c000,0x0000700006d8c000)]
  0x00007f8fd26a3800 JavaThread "Image Fetcher 0" daemon [_thread_blocked, id=73987, stack(0x0000700006b89000,0x0000700006c89000)]
  0x00007f8fcd732800 JavaThread "Keep-Alive-Timer" daemon [_thread_blocked, id=73531, stack(0x0000700006a86000,0x0000700006b86000)]
  0x00007f8fcc442000 JavaThread "AWT-EventQueue-1" [_thread_in_native, id=66411, stack(0x00007000064f4000,0x00007000065f4000)]
  0x00007f8fccb6d800 JavaThread "DestroyJavaVM" [_thread_blocked, id=6915, stack(0x0000700004eac000,0x0000700004fac000)]
  0x00007f8fccada000 JavaThread "AWT-EventQueue-0" [_thread_blocked, id=60435, stack(0x00007000062ee000,0x00007000063ee000)]
  0x00007f8fcc177000 JavaThread "Java2D Disposer" daemon [_thread_blocked, id=56075, stack(0x0000700006065000,0x0000700006165000)]
  0x00007f8fccab4800 JavaThread "Java2D Queue Flusher" daemon [_thread_blocked, id=55055, stack(0x0000700005f62000,0x0000700006062000)]
  0x00007f8fcc0a4800 JavaThread "AWT-Shutdown" [_thread_blocked, id=30239, stack(0x0000700005ddc000,0x0000700005edc000)]
=>0x00007f8fcd863800 JavaThread "AWT-AppKit" daemon [_thread_in_native, id=775, stack(0x00007fff5b490000,0x00007fff5bc90000)]
  0x00007f8fcc841800 JavaThread "Service Thread" daemon [_thread_blocked, id=18691, stack(0x0000700005b53000,0x0000700005c53000)]
  0x00007f8fcd80e800 JavaThread "C1 CompilerThread2" daemon [_thread_blocked, id=18179, stack(0x0000700005a50000,0x0000700005b50000)]
  0x00007f8fcc026000 JavaThread "C2 CompilerThread1" daemon [_thread_blocked, id=17667, stack(0x000070000594d000,0x0000700005a4d000)]
  0x00007f8fcc024000 JavaThread "C2 CompilerThread0" daemon [_thread_blocked, id=17155, stack(0x000070000584a000,0x000070000594a000)]
  0x00007f8fcc02d000 JavaThread "Signal Dispatcher" daemon [_thread_blocked, id=16643, stack(0x0000700005747000,0x0000700005847000)]
  0x00007f8fcd035000 JavaThread "Finalizer" daemon [_thread_blocked, id=12291, stack(0x00007000055c1000,0x00007000056c1000)]
  0x00007f8fcd032800 JavaThread "Reference Handler" daemon [_thread_blocked, id=11779, stack(0x00007000054be000,0x00007000055be000)]

Other Threads:
  0x00007f8fcd02e000 VMThread [stack: 0x00007000053bb000,0x00007000054bb000] [id=11267]
  0x00007f8fcc84a800 WatcherThread [stack: 0x0000700005c56000,0x0000700005d56000] [id=19203]

VM state:not at safepoint (normal execution)

VM Mutex/Monitor currently owned by a thread: None

Heap:
 PSYoungGen      total 71680K, used 15273K [0x0000000795580000, 0x000000079c400000, 0x00000007c0000000)
  eden space 66560K, 15% used [0x0000000795580000,0x0000000795f6b158,0x0000000799680000)
  from space 5120K, 99% used [0x0000000799680000,0x0000000799b7f500,0x0000000799b80000)
  to   space 12288K, 0% used [0x000000079b800000,0x000000079b800000,0x000000079c400000)
 ParOldGen       total 54784K, used 17503K [0x0000000740000000, 0x0000000743580000, 0x0000000795580000)
  object space 54784K, 31% used [0x0000000740000000,0x0000000741117e38,0x0000000743580000)
 Metaspace       used 24551K, capacity 24971K, committed 25216K, reserved 1071104K
  class space    used 2461K, capacity 2592K, committed 2688K, reserved 1048576K

Card table byte_map: [0x0000000105bad000,0x0000000105fae000] byte_map_base: 0x00000001021ad000

Marking Bits: (ParMarkBitMap*) 0x00000001050f35d0
 Begin Bits: [0x0000000106259000, 0x0000000108259000)
 End Bits:   [0x0000000108259000, 0x000000010a259000)

Polling page: 0x0000000103ffb000

CodeCache: size=245760Kb used=10136Kb max_used=10149Kb free=235623Kb
 bounds [0x000000010c805000, 0x000000010d205000, 0x000000011b805000]
 total_blobs=3942 nmethods=2995 adapters=860
 compilation: enabled

Compilation events (10 events):
Event: 9.656 Thread 0x00007f8fcd80e800 3319       3       java.awt.Component::dispatchEventImpl (883 bytes)
Event: 9.667 Thread 0x00007f8fcd80e800 nmethod 3319 0x000000010d1e69d0 code [0x000000010d1e73e0, 0x000000010d1efb78]
Event: 9.670 Thread 0x00007f8fcc024000 3320       4       java.util.HashMap::putVal (300 bytes)
Event: 9.673 Thread 0x00007f8fcc026000 3321  s!   4       sun.misc.URLClassPath::getLoader (243 bytes)
Event: 9.680 Thread 0x00007f8fcc026000 nmethod 3321 0x000000010d1f5e10 code [0x000000010d1f5f80, 0x000000010d1f6758]
Event: 9.680 Thread 0x00007f8fcc026000 3322  s    4       sun.misc.URLClassPath::getNextLoader (88 bytes)
Event: 9.681 Thread 0x00007f8fcd80e800 3323       3       java.util.LinkedHashMap::afterNodeRemoval (65 bytes)
Event: 9.681 Thread 0x00007f8fcd80e800 nmethod 3323 0x000000010d1f6b10 code [0x000000010d1f6c80, 0x000000010d1f7030]
Event: 9.682 Thread 0x00007f8fcc024000 nmethod 3320 0x000000010d1f7150 code [0x000000010d1f7300, 0x000000010d1f78e8]
Event: 9.683 Thread 0x00007f8fcd80e800 3325       3       java.util.concurrent.locks.AbstractQueuedSynchronizer$ConditionObject::await (98 bytes)

GC Heap History (10 events):
Event: 4.149 GC heap before
{Heap before GC invocations=2 (full 0):
 PSYoungGen      total 38400K, used 38210K [0x0000000795580000, 0x0000000798000000, 0x00000007c0000000)
  eden space 33280K, 100% used [0x0000000795580000,0x0000000797600000,0x0000000797600000)
  from space 5120K, 96% used [0x0000000797600000,0x0000000797ad0928,0x0000000797b00000)
  to   space 5120K, 0% used [0x0000000797b00000,0x0000000797b00000,0x0000000798000000)
 ParOldGen       total 87552K, used 8K [0x0000000740000000, 0x0000000745580000, 0x0000000795580000)
  object space 87552K, 0% used [0x0000000740000000,0x0000000740002000,0x0000000745580000)
 Metaspace       used 19954K, capacity 20361K, committed 20480K, reserved 1067008K
  class space    used 2065K, capacity 2197K, committed 2304K, reserved 1048576K
Event: 4.161 GC heap after
Heap after GC invocations=2 (full 0):
 PSYoungGen      total 38400K, used 5088K [0x0000000795580000, 0x0000000798000000, 0x00000007c0000000)
  eden space 33280K, 0% used [0x0000000795580000,0x0000000795580000,0x0000000797600000)
  from space 5120K, 99% used [0x0000000797b00000,0x0000000797ff8060,0x0000000798000000)
  to   space 5120K, 0% used [0x0000000797600000,0x0000000797600000,0x0000000797b00000)
 ParOldGen       total 87552K, used 2984K [0x0000000740000000, 0x0000000745580000, 0x0000000795580000)
  object space 87552K, 3% used [0x0000000740000000,0x00000007402ea068,0x0000000745580000)
 Metaspace       used 19954K, capacity 20361K, committed 20480K, reserved 1067008K
  class space    used 2065K, capacity 2197K, committed 2304K, reserved 1048576K
}
Event: 4.294 GC heap before
{Heap before GC invocations=3 (full 0):
 PSYoungGen      total 38400K, used 8288K [0x0000000795580000, 0x0000000798000000, 0x00000007c0000000)
  eden space 33280K, 9% used [0x0000000795580000,0x00000007958a01a0,0x0000000797600000)
  from space 5120K, 99% used [0x0000000797b00000,0x0000000797ff8060,0x0000000798000000)
  to   space 5120K, 0% used [0x0000000797600000,0x0000000797600000,0x0000000797b00000)
 ParOldGen       total 87552K, used 2984K [0x0000000740000000, 0x0000000745580000, 0x0000000795580000)
  object space 87552K, 3% used [0x0000000740000000,0x00000007402ea068,0x0000000745580000)
 Metaspace       used 20823K, capacity 21233K, committed 21248K, reserved 1069056K
  class space    used 2166K, capacity 2295K, committed 2304K, reserved 1048576K
Event: 4.302 GC heap after
Heap after GC invocations=3 (full 0):
 PSYoungGen      total 38400K, used 5092K [0x0000000795580000, 0x000000079a080000, 0x00000007c0000000)
  eden space 33280K, 0% used [0x0000000795580000,0x0000000795580000,0x0000000797600000)
  from space 5120K, 99% used [0x0000000797600000,0x0000000797af9088,0x0000000797b00000)
  to   space 5120K, 0% used [0x0000000799b80000,0x0000000799b80000,0x000000079a080000)
 ParOldGen       total 87552K, used 3548K [0x0000000740000000, 0x0000000745580000, 0x0000000795580000)
  object space 87552K, 4% used [0x0000000740000000,0x00000007403771d0,0x0000000745580000)
 Metaspace       used 20823K, capacity 21233K, committed 21248K, reserved 1069056K
  class space    used 2166K, capacity 2295K, committed 2304K, reserved 1048576K
}
Event: 4.302 GC heap before
{Heap before GC invocations=4 (full 1):
 PSYoungGen      total 38400K, used 5092K [0x0000000795580000, 0x000000079a080000, 0x00000007c0000000)
  eden space 33280K, 0% used [0x0000000795580000,0x0000000795580000,0x0000000797600000)
  from space 5120K, 99% used [0x0000000797600000,0x0000000797af9088,0x0000000797b00000)
  to   space 5120K, 0% used [0x0000000799b80000,0x0000000799b80000,0x000000079a080000)
 ParOldGen       total 87552K, used 3548K [0x0000000740000000, 0x0000000745580000, 0x0000000795580000)
  object space 87552K, 4% used [0x0000000740000000,0x00000007403771d0,0x0000000745580000)
 Metaspace       used 20823K, capacity 21233K, committed 21248K, reserved 1069056K
  class space    used 2166K, capacity 2295K, committed 2304K, reserved 1048576K
Event: 4.344 GC heap after
Heap after GC invocations=4 (full 1):
 PSYoungGen      total 38400K, used 0K [0x0000000795580000, 0x000000079a080000, 0x00000007c0000000)
  eden space 33280K, 0% used [0x0000000795580000,0x0000000795580000,0x0000000797600000)
  from space 5120K, 0% used [0x0000000797600000,0x0000000797600000,0x0000000797b00000)
  to   space 5120K, 0% used [0x0000000799b80000,0x0000000799b80000,0x000000079a080000)
 ParOldGen       total 54784K, used 7388K [0x0000000740000000, 0x0000000743580000, 0x0000000795580000)
  object space 54784K, 13% used [0x0000000740000000,0x0000000740737188,0x0000000743580000)
 Metaspace       used 20821K, capacity 21231K, committed 21248K, reserved 1069056K
  class space    used 2165K, capacity 2294K, committed 2304K, reserved 1048576K
}
Event: 5.190 GC heap before
{Heap before GC invocations=5 (full 1):
 PSYoungGen      total 38400K, used 33280K [0x0000000795580000, 0x000000079a080000, 0x00000007c0000000)
  eden space 33280K, 100% used [0x0000000795580000,0x0000000797600000,0x0000000797600000)
  from space 5120K, 0% used [0x0000000797600000,0x0000000797600000,0x0000000797b00000)
  to   space 5120K, 0% used [0x0000000799b80000,0x0000000799b80000,0x000000079a080000)
 ParOldGen       total 54784K, used 7388K [0x0000000740000000, 0x0000000743580000, 0x0000000795580000)
  object space 54784K, 13% used [0x0000000740000000,0x0000000740737188,0x0000000743580000)
 Metaspace       used 23871K, capacity 24287K, committed 24576K, reserved 1071104K
  class space    used 2448K, capacity 2558K, committed 2560K, reserved 1048576K
Event: 5.199 GC heap after
Heap after GC invocations=5 (full 1):
 PSYoungGen      total 60416K, used 5117K [0x0000000795580000, 0x000000079a080000, 0x00000007c0000000)
  eden space 55296K, 0% used [0x0000000795580000,0x0000000795580000,0x0000000798b80000)
  from space 5120K, 99% used [0x0000000799b80000,0x000000079a07f4f0,0x000000079a080000)
  to   space 5120K, 0% used [0x0000000799680000,0x0000000799680000,0x0000000799b80000)
 ParOldGen       total 54784K, used 14269K [0x0000000740000000, 0x0000000743580000, 0x0000000795580000)
  object space 54784K, 26% used [0x0000000740000000,0x0000000740def4c8,0x0000000743580000)
 Metaspace       used 23871K, capacity 24287K, committed 24576K, reserved 1071104K
  class space    used 2448K, capacity 2558K, committed 2560K, reserved 1048576K
}
Event: 8.838 GC heap before
{Heap before GC invocations=6 (full 1):
 PSYoungGen      total 60416K, used 60413K [0x0000000795580000, 0x000000079a080000, 0x00000007c0000000)
  eden space 55296K, 100% used [0x0000000795580000,0x0000000798b80000,0x0000000798b80000)
  from space 5120K, 99% used [0x0000000799b80000,0x000000079a07f4f0,0x000000079a080000)
  to   space 5120K, 0% used [0x0000000799680000,0x0000000799680000,0x0000000799b80000)
 ParOldGen       total 54784K, used 14269K [0x0000000740000000, 0x0000000743580000, 0x0000000795580000)
  object space 54784K, 26% used [0x0000000740000000,0x0000000740def4c8,0x0000000743580000)
 Metaspace       used 24370K, capacity 24843K, committed 25216K, reserved 1071104K
  class space    used 2454K, capacity 2592K, committed 2688K, reserved 1048576K
Event: 8.843 GC heap after
Heap after GC invocations=6 (full 1):
 PSYoungGen      total 71680K, used 5117K [0x0000000795580000, 0x000000079c400000, 0x00000007c0000000)
  eden space 66560K, 0% used [0x0000000795580000,0x0000000795580000,0x0000000799680000)
  from space 5120K, 99% used [0x0000000799680000,0x0000000799b7f500,0x0000000799b80000)
  to   space 12288K, 0% used [0x000000079b800000,0x000000079b800000,0x000000079c400000)
 ParOldGen       total 54784K, used 17503K [0x0000000740000000, 0x0000000743580000, 0x0000000795580000)
  object space 54784K, 31% used [0x0000000740000000,0x0000000741117e38,0x0000000743580000)
 Metaspace       used 24370K, capacity 24843K, committed 25216K, reserved 1071104K
  class space    used 2454K, capacity 2592K, committed 2688K, reserved 1048576K
}

Deoptimization events (10 events):
Event: 7.048 Thread 0x00007f8fcc442000 Uncommon trap: reason=unstable_if action=reinterpret pc=0x000000010cdd11f0 method=sun.font.FontDesignMetrics.getLatinCharWidth(C)F @ 11
Event: 7.049 Thread 0x00007f8fcc442000 Uncommon trap: reason=unstable_if action=reinterpret pc=0x000000010cdd31cc method=sun.font.FontDesignMetrics.getLatinCharWidth(C)F @ 11
Event: 7.050 Thread 0x00007f8fcc442000 Uncommon trap: reason=unstable_if action=reinterpret pc=0x000000010ce6744c method=sun.font.FontDesignMetrics.getLatinCharWidth(C)F @ 11
Event: 9.656 Thread 0x00007f8fccada000 Uncommon trap: reason=unstable_if action=reinterpret pc=0x000000010ce11e14 method=java.awt.Font.equals(Ljava/lang/Object;)Z @ 2
Event: 9.669 Thread 0x00007f8fcc0f8800 Uncommon trap: reason=bimorphic action=maybe_recompile pc=0x000000010cd89598 method=java.util.HashMap.putVal(ILjava/lang/Object;Ljava/lang/Object;ZZ)Ljava/lang/Object; @ 91
Event: 9.669 Thread 0x00007f8fcc0f8800 Uncommon trap: reason=bimorphic action=maybe_recompile pc=0x000000010cd89598 method=java.util.HashMap.putVal(ILjava/lang/Object;Ljava/lang/Object;ZZ)Ljava/lang/Object; @ 91
Event: 9.669 Thread 0x00007f8fcc0f8800 Uncommon trap: reason=bimorphic action=maybe_recompile pc=0x000000010cd89598 method=java.util.HashMap.putVal(ILjava/lang/Object;Ljava/lang/Object;ZZ)Ljava/lang/Object; @ 91
Event: 9.669 Thread 0x00007f8fcc0f8800 Uncommon trap: reason=bimorphic action=maybe_recompile pc=0x000000010cd89598 method=java.util.HashMap.putVal(ILjava/lang/Object;Ljava/lang/Object;ZZ)Ljava/lang/Object; @ 91
Event: 9.669 Thread 0x00007f8fcc0f8800 Uncommon trap: reason=class_check action=maybe_recompile pc=0x000000010ccb3810 method=java.util.HashMap.putVal(ILjava/lang/Object;Ljava/lang/Object;ZZ)Ljava/lang/Object; @ 91
Event: 9.684 Thread 0x00007f8fcdb19800 Uncommon trap: reason=predicate action=maybe_recompile pc=0x000000010d03d69c method=java.util.Vector.indexOf(Ljava/lang/Object;I)I @ 44

Internal exceptions (10 events):
Event: 0.338 Thread 0x00007f8fcd801800 Exception <a 'java/io/FileNotFoundException'> (0x0000000795810ec0) thrown at [/Users/java_re/workspace/8-2-build-macosx-x86_64/jdk8u144/9417/hotspot/src/share/vm/prims/jni.cpp, line 709]
Event: 0.338 Thread 0x00007f8fcd801800 Exception <a 'java/io/FileNotFoundException'> (0x0000000795811a28) thrown at [/Users/java_re/workspace/8-2-build-macosx-x86_64/jdk8u144/9417/hotspot/src/share/vm/prims/jni.cpp, line 709]
Event: 0.481 Thread 0x00007f8fcd801800 Exception <a 'java/io/FileNotFoundException'> (0x0000000795958490) thrown at [/Users/java_re/workspace/8-2-build-macosx-x86_64/jdk8u144/9417/hotspot/src/share/vm/prims/jni.cpp, line 709]
Event: 2.909 Thread 0x00007f8fcd2d6000 Exception <a 'java/lang/UnsatisfiedLinkError': com.jogamp.common.util.JarUtil.fixNativeLibAttribs(Ljava/lang/String;)Z> (0x0000000796d0b968) thrown at [/Users/java_re/workspace/8-2-build-macosx-x86_64/jdk8u144/9417/hotspot/src/share/vm/prims/nativeLookup.
Event: 3.118 Thread 0x00007f8fcd035000 Exception <a 'java/lang/NullPointerException'> (0x00000007956a2d78) thrown at [/Users/java_re/workspace/8-2-build-macosx-x86_64/jdk8u144/9417/hotspot/src/share/vm/interpreter/linkResolver.cpp, line 1197]
Event: 3.788 Thread 0x00007f8fcc442000 Exception <a 'java/io/FileNotFoundException'> (0x00000007961a8c80) thrown at [/Users/java_re/workspace/8-2-build-macosx-x86_64/jdk8u144/9417/hotspot/src/share/vm/prims/jni.cpp, line 709]
Event: 3.788 Thread 0x00007f8fcc442000 Exception <a 'java/io/FileNotFoundException'> (0x00000007961b25a8) thrown at [/Users/java_re/workspace/8-2-build-macosx-x86_64/jdk8u144/9417/hotspot/src/share/vm/prims/jni.cpp, line 709]
Event: 3.788 Thread 0x00007f8fcc442000 Implicit null exception at 0x000000010c9dd1f6 to 0x000000010c9dd5b9
Event: 4.147 Thread 0x00007f8fcc442000 Implicit null exception at 0x000000010cbf12c6 to 0x000000010cbf150d
Event: 5.087 Thread 0x00007f8fcc442000 Implicit null exception at 0x000000010cef3725 to 0x000000010cef3879

Events (10 events):
Event: 9.683 loading class java/awt/LightweightDispatcher$2 done
Event: 9.683 loading class java/awt/event/AWTEventListenerProxy
Event: 9.683 loading class java/awt/event/AWTEventListenerProxy done
Event: 9.683 loading class java/awt/Toolkit$ToolkitEventMulticaster
Event: 9.683 loading class java/awt/Toolkit$ToolkitEventMulticaster done
Event: 9.684 Thread 0x00007f8fcc0f8800 Thread exited: 0x00007f8fcc0f8800
Event: 9.684 Thread 0x00007f8fcdb19800 Uncommon trap: trap_request=0xffffff86 fr.pc=0x000000010d03d69c
Event: 9.685 Thread 0x00007f8fcdb19800 DEOPT PACKING pc=0x000000010d03d69c sp=0x0000700006779780
Event: 9.685 Thread 0x00007f8fcdb19800 DEOPT UNPACKING pc=0x000000010c80a229 sp=0x0000700006779748 mode 2
Event: 9.685 loading class java/awt/Window$1DisposeAction


Dynamic libraries:
0x000000003bba7000 	/System/Library/Frameworks/Cocoa.framework/Versions/A/Cocoa
0x000000003bba7000 	/System/Library/Frameworks/Security.framework/Versions/A/Security
0x000000003bba7000 	/System/Library/Frameworks/ApplicationServices.framework/Versions/A/ApplicationServices
0x000000003bba7000 	/usr/lib/libz.1.dylib
0x000000003bba7000 	/usr/lib/libSystem.B.dylib
0x000000003bba7000 	/usr/lib/libobjc.A.dylib
0x000000003bba7000 	/System/Library/Frameworks/CoreFoundation.framework/Versions/A/CoreFoundation
0x000000003bba7000 	/System/Library/Frameworks/Foundation.framework/Versions/C/Foundation
0x000000003bba7000 	/System/Library/Frameworks/AppKit.framework/Versions/C/AppKit
0x000000003bba7000 	/System/Library/Frameworks/CoreData.framework/Versions/A/CoreData
0x000000003bba7000 	/System/Library/PrivateFrameworks/RemoteViewServices.framework/Versions/A/RemoteViewServices
0x000000003bba7000 	/System/Library/PrivateFrameworks/UIFoundation.framework/Versions/A/UIFoundation
0x000000003bba7000 	/System/Library/PrivateFrameworks/DFRFoundation.framework/Versions/A/DFRFoundation
0x000000003bba7000 	/usr/lib/libenergytrace.dylib
0x000000003bba7000 	/System/Library/PrivateFrameworks/SkyLight.framework/Versions/A/SkyLight
0x000000003bba7000 	/System/Library/Frameworks/CoreGraphics.framework/Versions/A/CoreGraphics
0x000000003bba7000 	/usr/lib/libScreenReader.dylib
0x000000003bba7000 	/System/Library/Frameworks/Accelerate.framework/Versions/A/Accelerate
0x000000003bba7000 	/System/Library/Frameworks/IOSurface.framework/Versions/A/IOSurface
0x000000003bba7000 	/System/Library/Frameworks/AudioToolbox.framework/Versions/A/AudioToolbox
0x000000003bba7000 	/System/Library/Frameworks/AudioUnit.framework/Versions/A/AudioUnit
0x000000003bba7000 	/System/Library/PrivateFrameworks/DataDetectorsCore.framework/Versions/A/DataDetectorsCore
0x000000003bba7000 	/System/Library/PrivateFrameworks/DesktopServicesPriv.framework/Versions/A/DesktopServicesPriv
0x000000003bba7000 	/System/Library/Frameworks/Carbon.framework/Versions/A/Frameworks/HIToolbox.framework/Versions/A/HIToolbox
0x000000003bba7000 	/usr/lib/libicucore.A.dylib
0x000000003bba7000 	/System/Library/Frameworks/QuartzCore.framework/Versions/A/QuartzCore
0x000000003bba7000 	/System/Library/Frameworks/Carbon.framework/Versions/A/Frameworks/SpeechRecognition.framework/Versions/A/SpeechRecognition
0x000000003bba7000 	/usr/lib/libauto.dylib
0x000000003bba7000 	/usr/lib/libxml2.2.dylib
0x000000003bba7000 	/System/Library/PrivateFrameworks/CoreUI.framework/Versions/A/CoreUI
0x000000003bba7000 	/System/Library/Frameworks/CoreAudio.framework/Versions/A/CoreAudio
0x000000003bba7000 	/System/Library/Frameworks/DiskArbitration.framework/Versions/A/DiskArbitration
0x000000003bba7000 	/usr/lib/liblangid.dylib
0x000000003bba7000 	/System/Library/PrivateFrameworks/MultitouchSupport.framework/Versions/A/MultitouchSupport
0x000000003bba7000 	/System/Library/Frameworks/IOKit.framework/Versions/A/IOKit
0x000000003bba7000 	/usr/lib/libDiagnosticMessagesClient.dylib
0x000000003bba7000 	/System/Library/Frameworks/CoreServices.framework/Versions/A/CoreServices
0x000000003bba7000 	/System/Library/PrivateFrameworks/PerformanceAnalysis.framework/Versions/A/PerformanceAnalysis
0x000000003bba7000 	/System/Library/PrivateFrameworks/GenerationalStorage.framework/Versions/A/GenerationalStorage
0x000000003bba7000 	/System/Library/Frameworks/OpenGL.framework/Versions/A/OpenGL
0x000000003bba7000 	/System/Library/Frameworks/CoreImage.framework/Versions/A/CoreImage
0x000000003bba7000 	/System/Library/Frameworks/CoreText.framework/Versions/A/CoreText
0x000000003bba7000 	/System/Library/Frameworks/ImageIO.framework/Versions/A/ImageIO
0x000000003bba7000 	/System/Library/PrivateFrameworks/Backup.framework/Versions/A/Backup
0x000000003bba7000 	/usr/lib/libarchive.2.dylib
0x000000003bba7000 	/System/Library/Frameworks/CFNetwork.framework/Versions/A/CFNetwork
0x000000003bba7000 	/System/Library/Frameworks/SystemConfiguration.framework/Versions/A/SystemConfiguration
0x000000003bba7000 	/usr/lib/libCRFSuite.dylib
0x000000003bba7000 	/usr/lib/libc++.1.dylib
0x000000003bba7000 	/usr/lib/libc++abi.dylib
0x000000003bba7000 	/usr/lib/system/libcache.dylib
0x000000003bba7000 	/usr/lib/system/libcommonCrypto.dylib
0x000000003bba7000 	/usr/lib/system/libcompiler_rt.dylib
0x000000003bba7000 	/usr/lib/system/libcopyfile.dylib
0x000000003bba7000 	/usr/lib/system/libcorecrypto.dylib
0x000000003bba7000 	/usr/lib/system/libdispatch.dylib
0x000000003bba7000 	/usr/lib/system/libdyld.dylib
0x000000003bba7000 	/usr/lib/system/libkeymgr.dylib
0x000000003bba7000 	/usr/lib/system/liblaunch.dylib
0x000000003bba7000 	/usr/lib/system/libmacho.dylib
0x000000003bba7000 	/usr/lib/system/libquarantine.dylib
0x000000003bba7000 	/usr/lib/system/libremovefile.dylib
0x000000003bba7000 	/usr/lib/system/libsystem_asl.dylib
0x000000003bba7000 	/usr/lib/system/libsystem_blocks.dylib
0x000000003bba7000 	/usr/lib/system/libsystem_c.dylib
0x000000003bba7000 	/usr/lib/system/libsystem_configuration.dylib
0x000000003bba7000 	/usr/lib/system/libsystem_coreservices.dylib
0x000000003bba7000 	/usr/lib/system/libsystem_coretls.dylib
0x000000003bba7000 	/usr/lib/system/libsystem_dnssd.dylib
0x000000003bba7000 	/usr/lib/system/libsystem_info.dylib
0x000000003bba7000 	/usr/lib/system/libsystem_kernel.dylib
0x000000003bba7000 	/usr/lib/system/libsystem_m.dylib
0x000000003bba7000 	/usr/lib/system/libsystem_malloc.dylib
0x000000003bba7000 	/usr/lib/system/libsystem_network.dylib
0x000000003bba7000 	/usr/lib/system/libsystem_networkextension.dylib
0x000000003bba7000 	/usr/lib/system/libsystem_notify.dylib
0x000000003bba7000 	/usr/lib/system/libsystem_platform.dylib
0x000000003bba7000 	/usr/lib/system/libsystem_pthread.dylib
0x000000003bba7000 	/usr/lib/system/libsystem_sandbox.dylib
0x000000003bba7000 	/usr/lib/system/libsystem_secinit.dylib
0x000000003bba7000 	/usr/lib/system/libsystem_symptoms.dylib
0x000000003bba7000 	/usr/lib/system/libsystem_trace.dylib
0x000000003bba7000 	/usr/lib/system/libunwind.dylib
0x000000003bba7000 	/usr/lib/system/libxpc.dylib
0x000000003bba7000 	/usr/lib/libbsm.0.dylib
0x000000003bba7000 	/usr/lib/system/libkxld.dylib
0x000000003bba7000 	/usr/lib/libcoretls.dylib
0x000000003bba7000 	/usr/lib/libcoretls_cfhelpers.dylib
0x000000003bba7000 	/usr/lib/libOpenScriptingUtil.dylib
0x000000003bba7000 	/usr/lib/libpam.2.dylib
0x000000003bba7000 	/usr/lib/libsqlite3.dylib
0x000000003bba7000 	/usr/lib/libxar.1.dylib
0x000000003bba7000 	/usr/lib/libbz2.1.0.dylib
0x000000003bba7000 	/usr/lib/liblzma.5.dylib
0x000000003bba7000 	/usr/lib/libnetwork.dylib
0x000000003bba7000 	/usr/lib/libpcap.A.dylib
0x000000003bba7000 	/System/Library/Frameworks/CoreServices.framework/Versions/A/Frameworks/FSEvents.framework/Versions/A/FSEvents
0x000000003bba7000 	/System/Library/Frameworks/CoreServices.framework/Versions/A/Frameworks/CarbonCore.framework/Versions/A/CarbonCore
0x000000003bba7000 	/System/Library/Frameworks/CoreServices.framework/Versions/A/Frameworks/Metadata.framework/Versions/A/Metadata
0x000000003bba7000 	/System/Library/Frameworks/CoreServices.framework/Versions/A/Frameworks/OSServices.framework/Versions/A/OSServices
0x000000003bba7000 	/System/Library/Frameworks/CoreServices.framework/Versions/A/Frameworks/SearchKit.framework/Versions/A/SearchKit
0x000000003bba7000 	/System/Library/Frameworks/CoreServices.framework/Versions/A/Frameworks/AE.framework/Versions/A/AE
0x000000003bba7000 	/System/Library/Frameworks/CoreServices.framework/Versions/A/Frameworks/LaunchServices.framework/Versions/A/LaunchServices
0x000000003bba7000 	/System/Library/Frameworks/CoreServices.framework/Versions/A/Frameworks/DictionaryServices.framework/Versions/A/DictionaryServices
0x000000003bba7000 	/System/Library/Frameworks/CoreServices.framework/Versions/A/Frameworks/SharedFileList.framework/Versions/A/SharedFileList
0x000000003bba7000 	/System/Library/Frameworks/NetFS.framework/Versions/A/NetFS
0x000000003bba7000 	/System/Library/PrivateFrameworks/NetAuth.framework/Versions/A/NetAuth
0x000000003bba7000 	/System/Library/PrivateFrameworks/login.framework/Versions/A/Frameworks/loginsupport.framework/Versions/A/loginsupport
0x000000003bba7000 	/System/Library/PrivateFrameworks/TCC.framework/Versions/A/TCC
0x000000003bba7000 	/usr/lib/libmecabra.dylib
0x000000003bba7000 	/System/Library/Frameworks/ApplicationServices.framework/Versions/A/Frameworks/ATS.framework/Versions/A/ATS
0x000000003bba7000 	/System/Library/Frameworks/ApplicationServices.framework/Versions/A/Frameworks/ColorSync.framework/Versions/A/ColorSync
0x000000003bba7000 	/System/Library/Frameworks/ApplicationServices.framework/Versions/A/Frameworks/HIServices.framework/Versions/A/HIServices
0x000000003bba7000 	/System/Library/Frameworks/ApplicationServices.framework/Versions/A/Frameworks/LangAnalysis.framework/Versions/A/LangAnalysis
0x000000003bba7000 	/System/Library/Frameworks/ApplicationServices.framework/Versions/A/Frameworks/PrintCore.framework/Versions/A/PrintCore
0x000000003bba7000 	/System/Library/Frameworks/ApplicationServices.framework/Versions/A/Frameworks/QD.framework/Versions/A/QD
0x000000003bba7000 	/System/Library/Frameworks/ApplicationServices.framework/Versions/A/Frameworks/SpeechSynthesis.framework/Versions/A/SpeechSynthesis
0x000000003bba7000 	/System/Library/Frameworks/Accelerate.framework/Versions/A/Frameworks/vImage.framework/Versions/A/vImage
0x000000003bba7000 	/System/Library/Frameworks/Accelerate.framework/Versions/A/Frameworks/vecLib.framework/Versions/A/vecLib
0x000000003bba7000 	/System/Library/Frameworks/Accelerate.framework/Versions/A/Frameworks/vecLib.framework/Versions/A/libvDSP.dylib
0x000000003bba7000 	/System/Library/Frameworks/Accelerate.framework/Versions/A/Frameworks/vecLib.framework/Versions/A/libBNNS.dylib
0x000000003bba7000 	/System/Library/Frameworks/Accelerate.framework/Versions/A/Frameworks/vecLib.framework/Versions/A/libQuadrature.dylib
0x000000003bba7000 	/System/Library/Frameworks/Accelerate.framework/Versions/A/Frameworks/vecLib.framework/Versions/A/libvMisc.dylib
0x000000003bba7000 	/System/Library/Frameworks/Accelerate.framework/Versions/A/Frameworks/vecLib.framework/Versions/A/libLAPACK.dylib
0x000000003bba7000 	/System/Library/Frameworks/Accelerate.framework/Versions/A/Frameworks/vecLib.framework/Versions/A/libBLAS.dylib
0x000000003bba7000 	/System/Library/Frameworks/Accelerate.framework/Versions/A/Frameworks/vecLib.framework/Versions/A/libLinearAlgebra.dylib
0x000000003bba7000 	/System/Library/Frameworks/Accelerate.framework/Versions/A/Frameworks/vecLib.framework/Versions/A/libSparseBLAS.dylib
0x000000003bba7000 	/System/Library/Frameworks/ApplicationServices.framework/Versions/A/Frameworks/ATS.framework/Versions/A/Resources/libFontParser.dylib
0x000000003bba7000 	/System/Library/Frameworks/ApplicationServices.framework/Versions/A/Frameworks/ATS.framework/Versions/A/Resources/libFontRegistry.dylib
0x000000003bba7000 	/System/Library/Frameworks/ImageIO.framework/Versions/A/Resources/libJPEG.dylib
0x000000003bba7000 	/System/Library/Frameworks/ImageIO.framework/Versions/A/Resources/libTIFF.dylib
0x000000003bba7000 	/System/Library/Frameworks/ImageIO.framework/Versions/A/Resources/libPng.dylib
0x000000003bba7000 	/System/Library/Frameworks/ImageIO.framework/Versions/A/Resources/libGIF.dylib
0x000000003bba7000 	/System/Library/Frameworks/ImageIO.framework/Versions/A/Resources/libJP2.dylib
0x000000003bba7000 	/System/Library/Frameworks/ImageIO.framework/Versions/A/Resources/libRadiance.dylib
0x000000003bba7000 	/usr/lib/libcompression.dylib
0x000000003bba7000 	/System/Library/PrivateFrameworks/AppleJPEG.framework/Versions/A/AppleJPEG
0x000000003bba7000 	/usr/lib/libcups.2.dylib
0x000000003bba7000 	/System/Library/Frameworks/Kerberos.framework/Versions/A/Kerberos
0x000000003bba7000 	/System/Library/Frameworks/GSS.framework/Versions/A/GSS
0x000000003bba7000 	/usr/lib/libresolv.9.dylib
0x000000003bba7000 	/usr/lib/libiconv.2.dylib
0x000000003bba7000 	/System/Library/PrivateFrameworks/Heimdal.framework/Versions/A/Heimdal
0x000000003bba7000 	/usr/lib/libheimdal-asn1.dylib
0x000000003bba7000 	/System/Library/Frameworks/OpenDirectory.framework/Versions/A/OpenDirectory
0x000000003bba7000 	/System/Library/PrivateFrameworks/CommonAuth.framework/Versions/A/CommonAuth
0x000000003bba7000 	/System/Library/Frameworks/OpenDirectory.framework/Versions/A/Frameworks/CFOpenDirectory.framework/Versions/A/CFOpenDirectory
0x000000003bba7000 	/System/Library/Frameworks/SecurityFoundation.framework/Versions/A/SecurityFoundation
0x000000003bba7000 	/System/Library/PrivateFrameworks/LanguageModeling.framework/Versions/A/LanguageModeling
0x000000003bba7000 	/usr/lib/libmarisa.dylib
0x000000003bba7000 	/usr/lib/libChineseTokenizer.dylib
0x000000003bba7000 	/usr/lib/libcmph.dylib
0x000000003bba7000 	/System/Library/PrivateFrameworks/CoreEmoji.framework/Versions/A/CoreEmoji
0x000000003bba7000 	/System/Library/Frameworks/ServiceManagement.framework/Versions/A/ServiceManagement
0x000000003bba7000 	/usr/lib/libxslt.1.dylib
0x000000003bba7000 	/System/Library/Frameworks/Carbon.framework/Versions/A/Frameworks/Ink.framework/Versions/A/Ink
0x000000003bba7000 	/System/Library/PrivateFrameworks/TextureIO.framework/Versions/A/TextureIO
0x000000003bba7000 	/System/Library/Frameworks/Metal.framework/Versions/A/Metal
0x000000003bba7000 	/usr/lib/libate.dylib
0x000000003bba7000 	/System/Library/PrivateFrameworks/GPUCompiler.framework/libmetal_timestamp.dylib
0x000000003bba7000 	/System/Library/Frameworks/OpenGL.framework/Versions/A/Libraries/libCoreFSCache.dylib
0x000000003bba7000 	/System/Library/PrivateFrameworks/IOAccelerator.framework/Versions/A/IOAccelerator
0x000000003bba7000 	/System/Library/Frameworks/CoreVideo.framework/Versions/A/CoreVideo
0x000000003bba7000 	/usr/lib/libFosl_dynamic.dylib
0x000000003bba7000 	/System/Library/PrivateFrameworks/MetalPerformanceShaders.framework/Versions/A/MetalPerformanceShaders
0x000000003bba7000 	/System/Library/PrivateFrameworks/FaceCore.framework/Versions/A/FaceCore
0x000000003bba7000 	/System/Library/Frameworks/OpenCL.framework/Versions/A/OpenCL
0x000000003bba7000 	/System/Library/Frameworks/OpenGL.framework/Versions/A/Libraries/libGLU.dylib
0x000000003bba7000 	/System/Library/Frameworks/OpenGL.framework/Versions/A/Libraries/libGFXShared.dylib
0x000000003bba7000 	/System/Library/Frameworks/OpenGL.framework/Versions/A/Libraries/libGL.dylib
0x000000003bba7000 	/System/Library/Frameworks/OpenGL.framework/Versions/A/Libraries/libGLImage.dylib
0x000000003bba7000 	/System/Library/Frameworks/OpenGL.framework/Versions/A/Libraries/libCVMSPluginSupport.dylib
0x000000003bba7000 	/System/Library/Frameworks/OpenGL.framework/Versions/A/Libraries/libCoreVMClient.dylib
0x000000003bba7000 	/System/Library/PrivateFrameworks/CrashReporterSupport.framework/Versions/A/CrashReporterSupport
0x000000003bba7000 	/System/Library/PrivateFrameworks/Sharing.framework/Versions/A/Sharing
0x000000003bba7000 	/System/Library/PrivateFrameworks/IconServices.framework/Versions/A/IconServices
0x000000003bba7000 	/System/Library/PrivateFrameworks/ProtocolBuffer.framework/Versions/A/ProtocolBuffer
0x000000003bba7000 	/System/Library/PrivateFrameworks/Apple80211.framework/Versions/A/Apple80211
0x000000003bba7000 	/System/Library/Frameworks/CoreWLAN.framework/Versions/A/CoreWLAN
0x000000003bba7000 	/System/Library/PrivateFrameworks/CoreUtils.framework/Versions/A/CoreUtils
0x000000003bba7000 	/System/Library/Frameworks/IOBluetooth.framework/Versions/A/IOBluetooth
0x000000003bba7000 	/System/Library/PrivateFrameworks/CoreWiFi.framework/Versions/A/CoreWiFi
0x000000003bba7000 	/System/Library/Frameworks/CoreBluetooth.framework/Versions/A/CoreBluetooth
0x000000003bba7000 	/System/Library/Frameworks/CoreDisplay.framework/Versions/A/CoreDisplay
0x000000003bba7000 	/System/Library/PrivateFrameworks/IOPresentment.framework/Versions/A/IOPresentment
0x000000003bba7000 	/System/Library/PrivateFrameworks/DSExternalDisplay.framework/Versions/A/DSExternalDisplay
0x000000003bba7000 	/System/Library/PrivateFrameworks/DebugSymbols.framework/Versions/A/DebugSymbols
0x000000003bba7000 	/System/Library/PrivateFrameworks/CoreSymbolication.framework/Versions/A/CoreSymbolication
0x000000003bba7000 	/System/Library/PrivateFrameworks/Symbolication.framework/Versions/A/Symbolication
0x000000003bba7000 	/System/Library/PrivateFrameworks/AppleFSCompression.framework/Versions/A/AppleFSCompression
0x000000003bba7000 	/System/Library/PrivateFrameworks/SpeechRecognitionCore.framework/Versions/A/SpeechRecognitionCore
0x000000003bba7000 	/System/Library/PrivateFrameworks/ChunkingLibrary.framework/Versions/A/ChunkingLibrary
0x0000000104800000 	/Library/Java/JavaVirtualMachines/jdk1.8.0_144.jdk/Contents/Home/jre/lib/server/libjvm.dylib
0x000000003bba7000 	/usr/lib/libstdc++.6.dylib
0x0000000103fed000 	/Library/Java/JavaVirtualMachines/jdk1.8.0_144.jdk/Contents/Home/jre/lib/libverify.dylib
0x00000001057a7000 	/Library/Java/JavaVirtualMachines/jdk1.8.0_144.jdk/Contents/Home/jre/lib/libjava.dylib
0x00000001057e4000 	/Library/Java/JavaVirtualMachines/jdk1.8.0_144.jdk/Contents/Home/jre/lib/libzip.dylib
0x000000010c151000 	/System/Library/Frameworks/JavaVM.framework/Frameworks/JavaRuntimeSupport.framework/JavaRuntimeSupport
0x000000010c16b000 	/System/Library/Frameworks/JavaVM.framework/Versions/A/Frameworks/JavaNativeFoundation.framework/Versions/A/JavaNativeFoundation
0x000000010c180000 	/System/Library/Frameworks/JavaVM.framework/Versions/A/JavaVM
0x000000003bba7000 	/System/Library/Frameworks/Carbon.framework/Versions/A/Carbon
0x000000010c18d000 	/System/Library/PrivateFrameworks/JavaLaunching.framework/Versions/A/JavaLaunching
0x000000003bba7000 	/System/Library/Frameworks/Carbon.framework/Versions/A/Frameworks/CommonPanels.framework/Versions/A/CommonPanels
0x000000003bba7000 	/System/Library/Frameworks/Carbon.framework/Versions/A/Frameworks/Help.framework/Versions/A/Help
0x000000003bba7000 	/System/Library/Frameworks/Carbon.framework/Versions/A/Frameworks/ImageCapture.framework/Versions/A/ImageCapture
0x000000003bba7000 	/System/Library/Frameworks/Carbon.framework/Versions/A/Frameworks/OpenScripting.framework/Versions/A/OpenScripting
0x000000003bba7000 	/System/Library/Frameworks/Carbon.framework/Versions/A/Frameworks/Print.framework/Versions/A/Print
0x000000003bba7000 	/System/Library/Frameworks/Carbon.framework/Versions/A/Frameworks/SecurityHI.framework/Versions/A/SecurityHI
0x000000010c1e1000 	/Library/Java/JavaVirtualMachines/jdk1.8.0_144.jdk/Contents/Home/jre/lib/libawt.dylib
0x000000010c289000 	/Library/Java/JavaVirtualMachines/jdk1.8.0_144.jdk/Contents/Home/jre/lib/./libmlib_image.dylib
0x000000010c355000 	/Library/Java/JavaVirtualMachines/jdk1.8.0_144.jdk/Contents/Home/jre/lib/libawt_lwawt.dylib
0x000000010c40c000 	/Library/Java/JavaVirtualMachines/jdk1.8.0_144.jdk/Contents/Home/jre/lib/./libosxapp.dylib
0x000000003bba7000 	/System/Library/Frameworks/ExceptionHandling.framework/Versions/A/ExceptionHandling
0x000000003bba7000 	/System/Library/PrivateFrameworks/CoreServicesInternal.framework/Versions/A/CoreServicesInternal
0x000000003bba7000 	/System/Library/CoreServices/RawCamera.bundle/Contents/MacOS/RawCamera
0x000000003bba7000 	/System/Library/Frameworks/Accelerate.framework/Versions/A/Frameworks/vImage.framework/Versions/A/Libraries/libCGInterfaces.dylib
0x000000003bba7000 	/System/Library/Frameworks/ApplicationServices.framework/Versions/A/Frameworks/ATS.framework/Versions/A/Resources/libTrueTypeScaler.dylib
0x000000011ee2f000 	/System/Library/Frameworks/OpenGL.framework/Resources/GLEngine.bundle/GLEngine
0x000000003bba7000 	/System/Library/Frameworks/OpenGL.framework/Versions/A/Libraries/libGLProgrammability.dylib
0x000000011f014000 	/System/Library/Extensions/AppleIntelBDWGraphicsGLDriver.bundle/Contents/MacOS/AppleIntelBDWGraphicsGLDriver
0x000000003bba7000 	/System/Library/PrivateFrameworks/GPUSupport.framework/Versions/A/Libraries/libGPUSupportMercury.dylib
0x000000011f77e000 	/System/Library/Frameworks/OpenGL.framework/Resources//GLRendererFloat.bundle/GLRendererFloat
0x000000003bba7000 	/System/Library/Frameworks/OpenCL.framework/Versions/A/Libraries/libcldcpuengine.dylib
0x000000003bba7000 	/usr/lib/libcrypto.0.9.8.dylib
0x000000003bba7000 	/System/Library/PrivateFrameworks/TrustEvaluationAgent.framework/Versions/A/TrustEvaluationAgent
0x000000011f7b2000 	/System/Library/Extensions/AppleIntelBDWGraphicsMTLDriver.bundle/Contents/MacOS/AppleIntelBDWGraphicsMTLDriver
0x000000003bba7000 	/System/Library/PrivateFrameworks/FamilyControls.framework/Versions/A/FamilyControls
0x000000003bba7000 	/System/Library/PrivateFrameworks/CommerceKit.framework/Versions/A/Frameworks/CommerceCore.framework/Versions/A/CommerceCore
0x000000003bba7000 	/System/Library/PrivateFrameworks/SystemAdministration.framework/Versions/A/SystemAdministration
0x000000003bba7000 	/System/Library/PrivateFrameworks/AppContainer.framework/Versions/A/AppContainer
0x000000003bba7000 	/System/Library/PrivateFrameworks/SecCodeWrapper.framework/Versions/A/SecCodeWrapper
0x000000003bba7000 	/System/Library/Frameworks/DirectoryService.framework/Versions/A/DirectoryService
0x000000003bba7000 	/System/Library/PrivateFrameworks/DiskImages.framework/Versions/A/DiskImages
0x000000003bba7000 	/System/Library/PrivateFrameworks/LoginUIKit.framework/Versions/A/Frameworks/LoginUICore.framework/Versions/A/LoginUICore
0x000000003bba7000 	/usr/lib/libCoreStorage.dylib
0x000000003bba7000 	/usr/lib/libcsfde.dylib
0x000000003bba7000 	/usr/lib/libodfde.dylib
0x000000003bba7000 	/System/Library/Frameworks/DiscRecording.framework/Versions/A/DiscRecording
0x000000003bba7000 	/usr/lib/libcurl.4.dylib
0x000000003bba7000 	/System/Library/PrivateFrameworks/MediaKit.framework/Versions/A/MediaKit
0x000000003bba7000 	/System/Library/PrivateFrameworks/ProtectedCloudStorage.framework/Versions/A/ProtectedCloudStorage
0x000000003bba7000 	/System/Library/PrivateFrameworks/EFILogin.framework/Versions/A/EFILogin
0x000000003bba7000 	/usr/lib/libutil.dylib
0x000000003bba7000 	/System/Library/Frameworks/LDAP.framework/Versions/A/LDAP
0x000000003bba7000 	/usr/lib/libsasl2.2.dylib
0x000000003bba7000 	/System/Library/PrivateFrameworks/CoreDaemon.framework/Versions/B/CoreDaemon
0x000000003bba7000 	/System/Library/PrivateFrameworks/AppleSRP.framework/Versions/A/AppleSRP
0x000000003bba7000 	/System/Library/PrivateFrameworks/APFS.framework/Versions/A/APFS
0x0000000121784000 	/Library/Java/JavaVirtualMachines/jdk1.8.0_144.jdk/Contents/Home/jre/lib/libfontmanager.dylib
0x000000003bba7000 	/System/Library/PrivateFrameworks/ViewBridge.framework/Versions/A/ViewBridge
0x000000003bba7000 	/System/Library/PrivateFrameworks/XPCService.framework/Versions/A/XPCService
0x000000003bba7000 	/System/Library/PrivateFrameworks/AppSandbox.framework/Versions/A/AppSandbox
0x000000003bba7000 	/usr/lib/libsandbox.1.dylib
0x000000003bba7000 	/usr/lib/libMatch.1.dylib
0x0000000122c0a000 	/Library/Java/JavaVirtualMachines/jdk1.8.0_144.jdk/Contents/Home/jre/lib/libosxui.dylib
0x00000001239bd000 	/Library/Java/JavaVirtualMachines/jdk1.8.0_144.jdk/Contents/Home/jre/lib/libnet.dylib
0x0000000123bb9000 	/Library/Java/JavaVirtualMachines/jdk1.8.0_144.jdk/Contents/Home/jre/lib/libnio.dylib
0x0000000122854000 	/private/var/folders/4g/xxzpq2px2tg5jwrm0_jx44dc0000gn/T/jogamp_0000/file_cache/jln7933517465190962223/jln355202366166672780/libgluegen-rt.jnilib
0x00000001228cf000 	/private/var/folders/4g/xxzpq2px2tg5jwrm0_jx44dc0000gn/T/jogamp_0000/file_cache/jln7933517465190962223/jln355202366166672780/libnativewindow_awt.jnilib
0x00000001228fd000 	/Library/Java/JavaVirtualMachines/jdk1.8.0_144.jdk/Contents/Home/jre/lib/libjawt.dylib
0x000000018ea9d000 	/private/var/folders/4g/xxzpq2px2tg5jwrm0_jx44dc0000gn/T/jogamp_0000/file_cache/jln7933517465190962223/jln355202366166672780/libnativewindow_macosx.jnilib
0x000000018ecda000 	/private/var/folders/4g/xxzpq2px2tg5jwrm0_jx44dc0000gn/T/jogamp_0000/file_cache/jln7933517465190962223/jln355202366166672780/libjogl_desktop.jnilib
0x0000000195018000 	/Library/Java/JavaVirtualMachines/jdk1.8.0_144.jdk/Contents/Home/jre/lib/libsunec.dylib
0x000000018f3e5000 	/Library/Java/JavaVirtualMachines/jdk1.8.0_144.jdk/Contents/Home/jre/lib/libt2k.dylib
0x000000018eeb5000 	/Library/Java/JavaVirtualMachines/jdk1.8.0_144.jdk/Contents/Home/jre/lib/libjpeg.dylib

VM Arguments:
jvm_args: -Djava.security.policy=java.policy.applet -Dfile.encoding=UTF-8 
java_command: sun.applet.AppletViewer module5.EarthquakeCityMap1506631854697.html
java_class_path (initial): /Users/BeenWu/Library/Mobile Documents/com~apple~CloudDocs/Eclipse Project/UCSDUnfoldingMaps/build:/Users/BeenWu/Library/Mobile Documents/com~apple~CloudDocs/Eclipse Project/UCSDUnfoldingMaps/lib/core.jar:/Users/BeenWu/Library/Mobile Documents/com~apple~CloudDocs/Eclipse Project/UCSDUnfoldingMaps/lib/gluegen-rt.jar:/Users/BeenWu/Library/Mobile Documents/com~apple~CloudDocs/Eclipse Project/UCSDUnfoldingMaps/lib/jogl-all.jar:/Users/BeenWu/Library/Mobile Documents/com~apple~CloudDocs/Eclipse Project/UCSDUnfoldingMaps/lib/log4j-1.2.15.jar:/Users/BeenWu/Library/Mobile Documents/com~apple~CloudDocs/Eclipse Project/UCSDUnfoldingMaps/lib/sqlite-jdbc-3.7.2.jar:/Users/BeenWu/Library/Mobile Documents/com~apple~CloudDocs/Eclipse Project/UCSDUnfoldingMaps/lib/json4processing.jar:/Users/BeenWu/Library/Mobile Documents/com~apple~CloudDocs/Eclipse Project/UCSDUnfoldingMaps/lib/libTUIO.jar:/Users/BeenWu/Library/Mobile Documents/com~apple~CloudDocs/Eclipse Project/UCSDUnfoldingMaps/lib/unfolding.0.9.7-uscd.jar
Launcher Type: SUN_STANDARD

Environment Variables:
PATH=/usr/bin:/bin:/usr/sbin:/sbin
SHELL=/bin/zsh

Signal Handlers:
SIGSEGV: [libjvm.dylib+0x5b26e5], sa_mask[0]=11111111011111110111111111111111, sa_flags=SA_ONSTACK|SA_RESTART|SA_SIGINFO
SIGBUS: [libjvm.dylib+0x5b26e5], sa_mask[0]=11111111011111110111111111111111, sa_flags=SA_RESTART|SA_SIGINFO
SIGFPE: [libjvm.dylib+0x489100], sa_mask[0]=11111111011111110111111111111111, sa_flags=SA_RESTART|SA_SIGINFO
SIGPIPE: [libjvm.dylib+0x489100], sa_mask[0]=11111111011111110111111111111111, sa_flags=SA_RESTART|SA_SIGINFO
SIGXFSZ: [libjvm.dylib+0x489100], sa_mask[0]=11111111011111110111111111111111, sa_flags=SA_RESTART|SA_SIGINFO
SIGILL: [libjvm.dylib+0x489100], sa_mask[0]=11111111011111110111111111111111, sa_flags=SA_RESTART|SA_SIGINFO
SIGUSR1: SIG_DFL, sa_mask[0]=00000000000000000000000000000000, sa_flags=none
SIGUSR2: [libjvm.dylib+0x488c1e], sa_mask[0]=00100000000000000000000000000000, sa_flags=SA_RESTART|SA_SIGINFO
SIGHUP: [libjvm.dylib+0x4871f5], sa_mask[0]=11111111011111110111111111111111, sa_flags=SA_RESTART|SA_SIGINFO
SIGINT: [libjvm.dylib+0x4871f5], sa_mask[0]=11111111011111110111111111111111, sa_flags=SA_RESTART|SA_SIGINFO
SIGTERM: [libjvm.dylib+0x4871f5], sa_mask[0]=11111111011111110111111111111111, sa_flags=SA_RESTART|SA_SIGINFO
SIGQUIT: [libjvm.dylib+0x4871f5], sa_mask[0]=11111111011111110111111111111111, sa_flags=SA_RESTART|SA_SIGINFO


---------------  S Y S T E M  ---------------

OS:Bsduname:Darwin 16.7.0 Darwin Kernel Version 16.7.0: Thu Jun 15 17:36:27 PDT 2017; root:xnu-3789.70.16~2/RELEASE_X86_64 x86_64
rlimit: STACK 8192k, CORE 0k, NPROC 709, NOFILE 10240, AS infinity
load average:1.79 1.61 1.49

CPU:total 4 (initial active 4) (2 cores per cpu, 2 threads per core) family 6 model 61 stepping 4, cmov, cx8, fxsr, mmx, sse, sse2, sse3, ssse3, sse4.1, sse4.2, popcnt, avx, avx2, aes, clmul, erms, 3dnowpref, lzcnt, ht, tsc, tscinvbit, bmi1, bmi2, adx

Memory: 4k page, physical 8388608k(284036k free)

/proc/meminfo:


vm_info: Java HotSpot(TM) 64-Bit Server VM (25.144-b01) for bsd-amd64 JRE (1.8.0_144-b01), built on Jul 21 2017 22:07:42 by "java_re" with gcc 4.2.1 (Based on Apple Inc. build 5658) (LLVM build 2336.11.00)

time: Thu Sep 28 16:51:04 2017
elapsed time: 9 seconds (0d 0h 0m 9s)

