#
# A fatal error has been detected by the Java Runtime Environment:
#
#  SIGSEGV (0xb) at pc=0x00007fffac02505d, pid=841, tid=0x0000000000000307
#
# JRE version: Java(TM) SE Runtime Environment (8.0_144-b01) (build 1.8.0_144-b01)
# Java VM: Java HotSpot(TM) 64-Bit Server VM (25.144-b01 mixed mode bsd-amd64 compressed oops)
# Problematic frame:
# C  [libobjc.A.dylib+0x705d]  objc_msgSend+0x1d
#
# Failed to write core dump. Core dumps have been disabled. To enable core dumping, try "ulimit -c unlimited" before starting Java again
#
# If you would like to submit a bug report, please visit:
#   http://bugreport.java.com/bugreport/crash.jsp
# The crash happened outside the Java Virtual Machine in native code.
# See problematic frame for where to report the bug.
#

---------------  T H R E A D  ---------------

Current thread (0x00007fe3f709b800):  JavaThread "AWT-AppKit" daemon [_thread_in_native, id=775, stack(0x00007fff5cbd6000,0x00007fff5d3d6000)]

siginfo: si_signo: 11 (SIGSEGV), si_code: 1 (SEGV_MAPERR), si_addr: 0x0000000000000018

Registers:
RAX=0x00007fe3fb55b290, RBX=0x000000018d3c9450, RCX=0x00007fe3f8100080, RDX=0x0000000000000000
RSP=0x00007fff5d3d1208, RBP=0x00007fff5d3d12c0, RSI=0x00007fff958b1116, RDI=0x00007fe3fb0f5ae0
R8 =0x0000000000000018, R9 =0x00007fe3f81000c0, R10=0x0000000000000000, R11=0x00007fff958b1116
R12=0x0000000000000000, R13=0x00000001914c6ac0, R14=0x000000018d3c9440, R15=0x00007fe3f709b800
RIP=0x00007fffac02505d, EFLAGS=0x0000000000010246, ERR=0x0000000000000004
  TRAPNO=0x000000000000000e

Top of Stack: (sp=0x00007fff5d3d1208)
0x00007fff5d3d1208:   000000018d3c7157 00007fff5d3d1260
0x00007fff5d3d1218:   0000000000000003 00007fff5d3d1240
0x00007fff5d3d1228:   00000001033f368e 00000001914c6ac0
0x00007fff5d3d1238:   00000001914c6ac0 00007fe3fb55b290
0x00007fff5d3d1248:   000000018d3c96a0 000000018d3c9710
0x00007fff5d3d1258:   00007fffb208a6d0 00007fffb2cba1e0
0x00007fff5d3d1268:   000000018d3c9450 000000018d3c9690
0x00007fff5d3d1278:   00007fe3fb55b290 00007fe3fb0f5ae0
0x00007fff5d3d1288:   00007fe3f5c45580 00007fe3fb55b290
0x00007fff5d3d1298:   00007fe3fb0f5ae0 00007fff5d3d1348
0x00007fff5d3d12a8:   00007fe3f709b9f8 00000001914c6ac0
0x00007fff5d3d12b8:   00007fff5d3d1370 00007fff5d3d1338
0x00007fff5d3d12c8:   00000001061e09f4 00000001914c6ac0
0x00007fff5d3d12d8:   00007fff5d3d1370 00007fff5d3d1338
0x00007fff5d3d12e8:   00000001061e0787 00000001061e0742
0x00007fff5d3d12f8:   00007fff5d3d12f8 00000001914c6ac0
0x00007fff5d3d1308:   00007fff5d3d1370 00000001914c96f8
0x00007fff5d3d1318:   0000000000000000 00000001914c6ac0
0x00007fff5d3d1328:   0000000000000000 00007fff5d3d1358
0x00007fff5d3d1338:   00007fff5d3d13b8 00000001061d12bd
0x00007fff5d3d1348:   0000000740df9878 00000001061da538
0x00007fff5d3d1358:   00007fe3fb55b290 00007fff5d3d13b8
0x00007fff5d3d1368:   00007fe3fb0f5ae0 00000001061dbe02
0x00007fff5d3d1378:   00007fff5d3d1378 00000001914c6c8a
0x00007fff5d3d1388:   00007fff5d3d13e0 00000001914c96f8
0x00007fff5d3d1398:   0000000000000000 00000001914c6c98
0x00007fff5d3d13a8:   00007fff5d3d1358 00007fff5d3d13c8
0x00007fff5d3d13b8:   00007fff5d3d1428 00000001061d12bd
0x00007fff5d3d13c8:   00007fe3fb55b290 0000000740b01c50
0x00007fff5d3d13d8:   00007fe3fb0f5ae0 0000000740b01c50
0x00007fff5d3d13e8:   00007fff5d3d13e8 00000001982a76ae
0x00007fff5d3d13f8:   00007fff5d3d1438 00000001982a7768 

Instructions: (pc=0x00007fffac02505d)
0x00007fffac02503d:   0f 1f 00 48 85 ff 2e 74 62 40 f6 c7 01 2e 75 66
0x00007fffac02504d:   49 ba f8 ff ff ff ff 7f 00 00 4c 23 17 49 89 f3
0x00007fffac02505d:   45 23 5a 18 49 c1 e3 04 4d 03 5a 10 49 3b 33 75
0x00007fffac02506d:   04 41 ff 63 08 49 83 3b 01 76 0d 49 83 c3 10 49 

Register to memory mapping:

RAX=0x00007fe3fb55b290 is an unknown value
RBX=0x000000018d3c9450: Java_jogamp_nativewindow_macosx_OSXUtil_GetScreenRefreshRate0+0x1cf0 in /private/var/folders/4g/xxzpq2px2tg5jwrm0_jx44dc0000gn/T/jogamp_0000/file_cache/jln7354905053213139471/jln539436396147591067/libnativewindow_macosx.jnilib at 0x000000018d3c2000
RCX=0x00007fe3f8100080 is an unknown value
RDX=0x0000000000000000 is an unknown value
RSP=0x00007fff5d3d1208 is pointing into the stack for thread: 0x00007fe3f709b800
RBP=0x00007fff5d3d12c0 is pointing into the stack for thread: 0x00007fe3f709b800
RSI=0x00007fff958b1116: __NSStyleNameIndexTable+0x7fd5e in /System/Library/Frameworks/AppKit.framework/Versions/C/AppKit at 0x00007fff94c44000
RDI=0x00007fe3fb0f5ae0 is an unknown value
R8 =0x0000000000000018 is an unknown value
R9 =0x00007fe3f81000c0 is an unknown value
R10=0x0000000000000000 is an unknown value
R11=0x00007fff958b1116: __NSStyleNameIndexTable+0x7fd5e in /System/Library/Frameworks/AppKit.framework/Versions/C/AppKit at 0x00007fff94c44000
R12=0x0000000000000000 is an unknown value
R13={method} {0x00000001914c6ac0} 'UnsetJAWTRootSurfaceLayer0' '(JJ)V' in 'jogamp/nativewindow/jawt/macosx/MacOSXJAWTWindow'
R14=0x000000018d3c9440: Java_jogamp_nativewindow_macosx_OSXUtil_GetScreenRefreshRate0+0x1ce0 in /private/var/folders/4g/xxzpq2px2tg5jwrm0_jx44dc0000gn/T/jogamp_0000/file_cache/jln7354905053213139471/jln539436396147591067/libnativewindow_macosx.jnilib at 0x000000018d3c2000
R15=0x00007fe3f709b800 is a thread


Stack: [0x00007fff5cbd6000,0x00007fff5d3d6000],  sp=0x00007fff5d3d1208,  free space=8172k
Native frames: (J=compiled Java code, j=interpreted, Vv=VM code, C=native code)
C  [libobjc.A.dylib+0x705d]  objc_msgSend+0x1d
j  jogamp.nativewindow.jawt.macosx.MacOSXJAWTWindow.UnsetJAWTRootSurfaceLayer0(JJ)V+0
j  jogamp.nativewindow.jawt.macosx.MacOSXJAWTWindow.access$200(JJ)V+2
j  jogamp.nativewindow.jawt.macosx.MacOSXJAWTWindow$1.run()V+38
J 2491 C1 com.jogamp.common.util.RunnableTask.run()V (345 bytes) @ 0x0000000106a33064 [0x0000000106a32ec0+0x1a4]
v  ~StubRoutines::call_stub
V  [libjvm.dylib+0x2ee70a]
V  [libjvm.dylib+0x3258b9]
V  [libjvm.dylib+0x318087]
C  [libnativewindow_macosx.jnilib+0x5326]  Java_jogamp_nativewindow_jawt_macosx_MacOSXJAWTWindow_UnsetJAWTRootSurfaceLayer0+0x2b6
C  [Foundation+0x7152a]  __NSThreadPerformPerform+0x146
C  [CoreFoundation+0xa7321]  __CFRUNLOOP_IS_CALLING_OUT_TO_A_SOURCE0_PERFORM_FUNCTION__+0x11
C  [CoreFoundation+0x8821d]  __CFRunLoopDoSources0+0x22d
C  [CoreFoundation+0x87716]  __CFRunLoopRun+0x3a6
C  [CoreFoundation+0x87114]  CFRunLoopRunSpecific+0x1a4
C  [HIToolbox+0x30ebc]  RunCurrentEventLoopInMode+0xf0
C  [HIToolbox+0x30bf9]  ReceiveNextEventCommon+0xb8
C  [HIToolbox+0x30b26]  _BlockUntilNextEventMatchingListInModeWithFilter+0x47
C  [AppKit+0x46a54]  _DPSNextEvent+0x460
C  [AppKit+0x7c27ee]  -[NSApplication(NSEvent) _nextEventMatchingEventMask:untilDate:inMode:dequeue:]+0xaec
C  [libosxapp.dylib+0x23aa]  -[NSApplicationAWT nextEventMatchingMask:untilDate:inMode:dequeue:]+0x7c
C  [AppKit+0x3b3db]  -[NSApplication run]+0x39e
C  [libosxapp.dylib+0x214d]  +[NSApplicationAWT runAWTLoopWithApp:]+0x9c
C  [libawt_lwawt.dylib+0x45edf]  -[AWTStarter starter:]+0x389
C  [Foundation+0x7152a]  __NSThreadPerformPerform+0x146
C  [CoreFoundation+0xa7321]  __CFRUNLOOP_IS_CALLING_OUT_TO_A_SOURCE0_PERFORM_FUNCTION__+0x11
C  [CoreFoundation+0x8821d]  __CFRunLoopDoSources0+0x22d
C  [CoreFoundation+0x87716]  __CFRunLoopRun+0x3a6
C  [CoreFoundation+0x87114]  CFRunLoopRunSpecific+0x1a4
C  [java+0x6465]  CreateExecutionEnvironment+0x367
C  [java+0x218c]  JLI_Launch+0x7a0
C  [java+0x84c2]  main+0x65
C  [java+0x19e4]  start+0x34
C  0x0000000000000007

Java frames: (J=compiled Java code, j=interpreted, Vv=VM code)
j  jogamp.nativewindow.jawt.macosx.MacOSXJAWTWindow.UnsetJAWTRootSurfaceLayer0(JJ)V+0
j  jogamp.nativewindow.jawt.macosx.MacOSXJAWTWindow.access$200(JJ)V+2
j  jogamp.nativewindow.jawt.macosx.MacOSXJAWTWindow$1.run()V+38
J 2491 C1 com.jogamp.common.util.RunnableTask.run()V (345 bytes) @ 0x0000000106a33064 [0x0000000106a32ec0+0x1a4]
v  ~StubRoutines::call_stub

---------------  P R O C E S S  ---------------

Java Threads: ( => current thread )
  0x00007fe3f6673000 JavaThread "Thread-52" [_thread_blocked, id=5223, stack(0x0000700007365000,0x0000700007465000)]
  0x00007fe3fc107800 JavaThread "Thread-51" [_thread_in_native, id=42047, stack(0x000070000705c000,0x000070000715c000)]
  0x00007fe3fc8ab800 JavaThread "Thread-50" [_thread_in_native, id=4651, stack(0x000070000715f000,0x000070000725f000)]
  0x00007fe3fc347000 JavaThread "Thread-49" [_thread_in_native, id=5607, stack(0x0000700006e56000,0x0000700006f56000)]
  0x00007fe3f7ec8000 JavaThread "Thread-47" [_thread_in_native, id=4187, stack(0x0000700006f59000,0x0000700007059000)]
  0x00007fe3fc0b6000 JavaThread "Keep-Alive-Timer" daemon [_thread_blocked, id=41239, stack(0x0000700007262000,0x0000700007362000)]
  0x00007fe3f78dc800 JavaThread "Animation Thread" [_thread_blocked, id=67119, stack(0x0000700006bcd000,0x0000700006ccd000)]
  0x00007fe3f7bae800 JavaThread "AWT-EventQueue-1" [_thread_in_native, id=68567, stack(0x0000700006cd0000,0x0000700006dd0000)]
  0x00007fe3f7005800 JavaThread "DestroyJavaVM" [_thread_blocked, id=7171, stack(0x0000700005688000,0x0000700005788000)]
  0x00007fe3f78ff000 JavaThread "AWT-EventQueue-0" [_thread_blocked, id=60947, stack(0x0000700006aca000,0x0000700006bca000)]
  0x00007fe3f69e9800 JavaThread "Java2D Disposer" daemon [_thread_blocked, id=55059, stack(0x0000700006841000,0x0000700006941000)]
  0x00007fe3f7155800 JavaThread "Java2D Queue Flusher" daemon [_thread_blocked, id=48463, stack(0x000070000673e000,0x000070000683e000)]
  0x00007fe3f709a800 JavaThread "AWT-Shutdown" [_thread_blocked, id=30495, stack(0x0000700006535000,0x0000700006635000)]
=>0x00007fe3f709b800 JavaThread "AWT-AppKit" daemon [_thread_in_native, id=775, stack(0x00007fff5cbd6000,0x00007fff5d3d6000)]
  0x00007fe3f7829800 JavaThread "Service Thread" daemon [_thread_blocked, id=18691, stack(0x00007000062ac000,0x00007000063ac000)]
  0x00007fe3f6858800 JavaThread "C1 CompilerThread2" daemon [_thread_blocked, id=18179, stack(0x00007000061a9000,0x00007000062a9000)]
  0x00007fe3f684b000 JavaThread "C2 CompilerThread1" daemon [_thread_blocked, id=17667, stack(0x00007000060a6000,0x00007000061a6000)]
  0x00007fe3f702a800 JavaThread "C2 CompilerThread0" daemon [_thread_blocked, id=17155, stack(0x0000700005fa3000,0x00007000060a3000)]
  0x00007fe3f7025800 JavaThread "Signal Dispatcher" daemon [_thread_blocked, id=16643, stack(0x0000700005ea0000,0x0000700005fa0000)]
  0x00007fe3f6812000 JavaThread "Finalizer" daemon [_thread_blocked, id=12547, stack(0x0000700005d9d000,0x0000700005e9d000)]
  0x00007fe3f680f800 JavaThread "Reference Handler" daemon [_thread_blocked, id=12035, stack(0x0000700005c9a000,0x0000700005d9a000)]

Other Threads:
  0x00007fe3f7815000 VMThread [stack: 0x0000700005b97000,0x0000700005c97000] [id=11523]
  0x00007fe3f7826800 WatcherThread [stack: 0x00007000063af000,0x00007000064af000] [id=19203]

VM state:not at safepoint (normal execution)

VM Mutex/Monitor currently owned by a thread: None

Heap:
 PSYoungGen      total 77824K, used 38993K [0x0000000795580000, 0x000000079b000000, 0x00000007c0000000)
  eden space 65024K, 51% used [0x0000000795580000,0x0000000797650328,0x0000000799500000)
  from space 12800K, 42% used [0x000000079a380000,0x000000079a8c41f0,0x000000079b000000)
  to   space 13824K, 0% used [0x0000000799500000,0x0000000799500000,0x000000079a280000)
 ParOldGen       total 59392K, used 15971K [0x0000000740000000, 0x0000000743a00000, 0x0000000795580000)
  object space 59392K, 26% used [0x0000000740000000,0x0000000740f98c80,0x0000000743a00000)
 Metaspace       used 21344K, capacity 21667K, committed 22016K, reserved 1069056K
  class space    used 2106K, capacity 2216K, committed 2304K, reserved 1048576K

Card table byte_map: [0x0000000104567000,0x0000000104968000] byte_map_base: 0x0000000100b67000

Marking Bits: (ParMarkBitMap*) 0x0000000103af35d0
 Begin Bits: [0x00000001151c9000, 0x00000001171c9000)
 End Bits:   [0x00000001171c9000, 0x00000001191c9000)

Polling page: 0x00000001028ea000

CodeCache: size=245760Kb used=9445Kb max_used=9983Kb free=236314Kb
 bounds [0x00000001061c9000, 0x0000000106bc9000, 0x00000001151c9000]
 total_blobs=3587 nmethods=2677 adapters=823
 compilation: enabled

Compilation events (10 events):
Event: 19.421 Thread 0x00007fe3f6858800 3056       3       java.awt.Rectangle::intersection (180 bytes)
Event: 19.422 Thread 0x00007fe3f6858800 nmethod 3056 0x0000000106893ad0 code [0x0000000106893c60, 0x0000000106894190]
Event: 19.423 Thread 0x00007fe3f6858800 3057       3       sun.java2d.pipe.PixelToParallelogramConverter::normalize (15 bytes)
Event: 19.423 Thread 0x00007fe3f6858800 nmethod 3057 0x00000001066d8b10 code [0x00000001066d8cc0, 0x00000001066d8f48]
Event: 19.436 Thread 0x00007fe3f6858800 3058       3       java.lang.Boolean::valueOf (14 bytes)
Event: 19.436 Thread 0x00007fe3f6858800 nmethod 3058 0x00000001066e6390 code [0x00000001066e6500, 0x00000001066e6690]
Event: 19.437 Thread 0x00007fe3f6858800 3059       3       sun.java2d.pipe.RenderBuffer::position (11 bytes)
Event: 19.438 Thread 0x00007fe3f6858800 nmethod 3059 0x0000000106764050 code [0x00000001067641a0, 0x00000001067642f0]
Event: 19.445 Thread 0x00007fe3f6858800 3060       3       sun.net.www.ParseUtil::canonizeString (195 bytes)
Event: 19.447 Thread 0x00007fe3f6858800 nmethod 3060 0x0000000106809790 code [0x0000000106809b60, 0x000000010680bfa8]

GC Heap History (10 events):
Event: 6.765 GC heap before
{Heap before GC invocations=3 (full 0):
 PSYoungGen      total 38400K, used 38397K [0x0000000795580000, 0x000000079a080000, 0x00000007c0000000)
  eden space 33280K, 100% used [0x0000000795580000,0x0000000797600000,0x0000000797600000)
  from space 5120K, 99% used [0x0000000797b00000,0x0000000797fff420,0x0000000798000000)
  to   space 5120K, 0% used [0x0000000797600000,0x0000000797600000,0x0000000797b00000)
 ParOldGen       total 87552K, used 7465K [0x0000000740000000, 0x0000000745580000, 0x0000000795580000)
  object space 87552K, 8% used [0x0000000740000000,0x000000074074a798,0x0000000745580000)
 Metaspace       used 20752K, capacity 21053K, committed 21248K, reserved 1069056K
  class space    used 2091K, capacity 2183K, committed 2304K, reserved 1048576K
Event: 6.775 GC heap after
Heap after GC invocations=3 (full 0):
 PSYoungGen      total 38400K, used 5117K [0x0000000795580000, 0x0000000798000000, 0x00000007c0000000)
  eden space 33280K, 0% used [0x0000000795580000,0x0000000795580000,0x0000000797600000)
  from space 5120K, 99% used [0x0000000797600000,0x0000000797aff420,0x0000000797b00000)
  to   space 5120K, 0% used [0x0000000797b00000,0x0000000797b00000,0x0000000798000000)
 ParOldGen       total 87552K, used 11874K [0x0000000740000000, 0x0000000745580000, 0x0000000795580000)
  object space 87552K, 13% used [0x0000000740000000,0x0000000740b98ac0,0x0000000745580000)
 Metaspace       used 20752K, capacity 21053K, committed 21248K, reserved 1069056K
  class space    used 2091K, capacity 2183K, committed 2304K, reserved 1048576K
}
Event: 6.778 GC heap before
{Heap before GC invocations=4 (full 0):
 PSYoungGen      total 38400K, used 5785K [0x0000000795580000, 0x0000000798000000, 0x00000007c0000000)
  eden space 33280K, 2% used [0x0000000795580000,0x0000000795627038,0x0000000797600000)
  from space 5120K, 99% used [0x0000000797600000,0x0000000797aff420,0x0000000797b00000)
  to   space 5120K, 0% used [0x0000000797b00000,0x0000000797b00000,0x0000000798000000)
 ParOldGen       total 87552K, used 11874K [0x0000000740000000, 0x0000000745580000, 0x0000000795580000)
  object space 87552K, 13% used [0x0000000740000000,0x0000000740b98ac0,0x0000000745580000)
 Metaspace       used 20753K, capacity 21053K, committed 21248K, reserved 1069056K
  class space    used 2091K, capacity 2183K, committed 2304K, reserved 1048576K
Event: 6.786 GC heap after
Heap after GC invocations=4 (full 0):
 PSYoungGen      total 38400K, used 5117K [0x0000000795580000, 0x000000079a080000, 0x00000007c0000000)
  eden space 33280K, 0% used [0x0000000795580000,0x0000000795580000,0x0000000797600000)
  from space 5120K, 99% used [0x0000000797b00000,0x0000000797fff420,0x0000000798000000)
  to   space 5120K, 0% used [0x0000000797600000,0x0000000797600000,0x0000000797b00000)
 ParOldGen       total 87552K, used 11882K [0x0000000740000000, 0x0000000745580000, 0x0000000795580000)
  object space 87552K, 13% used [0x0000000740000000,0x0000000740b9aac0,0x0000000745580000)
 Metaspace       used 20753K, capacity 21053K, committed 21248K, reserved 1069056K
  class space    used 2091K, capacity 2183K, committed 2304K, reserved 1048576K
}
Event: 6.786 GC heap before
{Heap before GC invocations=5 (full 1):
 PSYoungGen      total 38400K, used 5117K [0x0000000795580000, 0x000000079a080000, 0x00000007c0000000)
  eden space 33280K, 0% used [0x0000000795580000,0x0000000795580000,0x0000000797600000)
  from space 5120K, 99% used [0x0000000797b00000,0x0000000797fff420,0x0000000798000000)
  to   space 5120K, 0% used [0x0000000797600000,0x0000000797600000,0x0000000797b00000)
 ParOldGen       total 87552K, used 11882K [0x0000000740000000, 0x0000000745580000, 0x0000000795580000)
  object space 87552K, 13% used [0x0000000740000000,0x0000000740b9aac0,0x0000000745580000)
 Metaspace       used 20753K, capacity 21053K, committed 21248K, reserved 1069056K
  class space    used 2091K, capacity 2183K, committed 2304K, reserved 1048576K
Event: 6.823 GC heap after
Heap after GC invocations=5 (full 1):
 PSYoungGen      total 38400K, used 0K [0x0000000795580000, 0x000000079a080000, 0x00000007c0000000)
  eden space 33280K, 0% used [0x0000000795580000,0x0000000795580000,0x0000000797600000)
  from space 5120K, 0% used [0x0000000797b00000,0x0000000797b00000,0x0000000798000000)
  to   space 5120K, 0% used [0x0000000797600000,0x0000000797600000,0x0000000797b00000)
 ParOldGen       total 59392K, used 15955K [0x0000000740000000, 0x0000000743a00000, 0x0000000795580000)
  object space 59392K, 26% used [0x0000000740000000,0x0000000740f94c80,0x0000000743a00000)
 Metaspace       used 20753K, capacity 21053K, committed 21248K, reserved 1069056K
  class space    used 2091K, capacity 2183K, committed 2304K, reserved 1048576K
}
Event: 11.534 GC heap before
{Heap before GC invocations=6 (full 1):
 PSYoungGen      total 38400K, used 33238K [0x0000000795580000, 0x000000079a080000, 0x00000007c0000000)
  eden space 33280K, 99% used [0x0000000795580000,0x00000007975f5bf0,0x0000000797600000)
  from space 5120K, 0% used [0x0000000797b00000,0x0000000797b00000,0x0000000798000000)
  to   space 5120K, 0% used [0x0000000797600000,0x0000000797600000,0x0000000797b00000)
 ParOldGen       total 59392K, used 15955K [0x0000000740000000, 0x0000000743a00000, 0x0000000795580000)
  object space 59392K, 26% used [0x0000000740000000,0x0000000740f94c80,0x0000000743a00000)
 Metaspace       used 21101K, capacity 21443K, committed 21760K, reserved 1069056K
  class space    used 2097K, capacity 2184K, committed 2304K, reserved 1048576K
Event: 11.537 GC heap after
Heap after GC invocations=6 (full 1):
 PSYoungGen      total 38400K, used 1632K [0x0000000795580000, 0x000000079b180000, 0x00000007c0000000)
  eden space 33280K, 0% used [0x0000000795580000,0x0000000795580000,0x0000000797600000)
  from space 5120K, 31% used [0x0000000797600000,0x0000000797798090,0x0000000797b00000)
  to   space 14336K, 0% used [0x000000079a380000,0x000000079a380000,0x000000079b180000)
 ParOldGen       total 59392K, used 15963K [0x0000000740000000, 0x0000000743a00000, 0x0000000795580000)
  object space 59392K, 26% used [0x0000000740000000,0x0000000740f96c80,0x0000000743a00000)
 Metaspace       used 21101K, capacity 21443K, committed 21760K, reserved 1069056K
  class space    used 2097K, capacity 2184K, committed 2304K, reserved 1048576K
}
Event: 17.254 GC heap before
{Heap before GC invocations=7 (full 1):
 PSYoungGen      total 38400K, used 34890K [0x0000000795580000, 0x000000079b180000, 0x00000007c0000000)
  eden space 33280K, 99% used [0x0000000795580000,0x00000007975fa7e0,0x0000000797600000)
  from space 5120K, 31% used [0x0000000797600000,0x0000000797798090,0x0000000797b00000)
  to   space 14336K, 0% used [0x000000079a380000,0x000000079a380000,0x000000079b180000)
 ParOldGen       total 59392K, used 15963K [0x0000000740000000, 0x0000000743a00000, 0x0000000795580000)
  object space 59392K, 26% used [0x0000000740000000,0x0000000740f96c80,0x0000000743a00000)
 Metaspace       used 21216K, capacity 21571K, committed 21760K, reserved 1069056K
  class space    used 2097K, capacity 2184K, committed 2304K, reserved 1048576K
Event: 17.258 GC heap after
Heap after GC invocations=7 (full 1):
 PSYoungGen      total 77824K, used 5392K [0x0000000795580000, 0x000000079b000000, 0x00000007c0000000)
  eden space 65024K, 0% used [0x0000000795580000,0x0000000795580000,0x0000000799500000)
  from space 12800K, 42% used [0x000000079a380000,0x000000079a8c41f0,0x000000079b000000)
  to   space 13824K, 0% used [0x0000000799500000,0x0000000799500000,0x000000079a280000)
 ParOldGen       total 59392K, used 15971K [0x0000000740000000, 0x0000000743a00000, 0x0000000795580000)
  object space 59392K, 26% used [0x0000000740000000,0x0000000740f98c80,0x0000000743a00000)
 Metaspace       used 21216K, capacity 21571K, committed 21760K, reserved 1069056K
  class space    used 2097K, capacity 2184K, committed 2304K, reserved 1048576K
}

Deoptimization events (10 events):
Event: 10.817 Thread 0x00007fe3f7bae800 Uncommon trap: reason=unstable_if action=reinterpret pc=0x0000000106995784 method=de.fhpotsdam.unfolding.core.Coordinate.equals(Ljava/lang/Object;)Z @ 38
Event: 10.850 Thread 0x00007fe3f7bae800 Uncommon trap: reason=unstable_if action=reinterpret pc=0x000000010686642c method=sun.misc.FloatingDecimal$BinaryToASCIIBuffer.developLongDigits(IJI)V @ 104
Event: 10.850 Thread 0x00007fe3f7bae800 Uncommon trap: reason=unstable_if action=reinterpret pc=0x00000001068420ec method=sun.misc.FloatingDecimal$BinaryToASCIIBuffer.getChars([C)I @ 94
Event: 10.850 Thread 0x00007fe3f7bae800 Uncommon trap: reason=unstable_if action=reinterpret pc=0x0000000106799a54 method=java.text.DigitList.getDataChars(I)[C @ 13
Event: 10.850 Thread 0x00007fe3f7bae800 Uncommon trap: reason=unstable_if action=reinterpret pc=0x000000010684a0b0 method=java.text.DecimalFormat.subformat(Ljava/lang/StringBuffer;Ljava/text/Format$FieldDelegate;ZZIIII)Ljava/lang/StringBuffer; @ 753
Event: 10.850 Thread 0x00007fe3f7bae800 Uncommon trap: reason=unstable_if action=reinterpret pc=0x0000000106868b40 method=sun.misc.FloatingDecimal$BinaryToASCIIBuffer.developLongDigits(IJI)V @ 104
Event: 10.917 Thread 0x00007fe3f7bae800 Uncommon trap: reason=unstable_if action=reinterpret pc=0x000000010684efe8 method=java.lang.Long.numberOfTrailingZeros(J)I @ 44
Event: 19.421 Thread 0x00007fe3f7bae800 Uncommon trap: reason=unstable_if action=reinterpret pc=0x0000000106678928 method=com.jogamp.common.util.VersionNumber.compareTo(Lcom/jogamp/common/util/VersionNumber;)I @ 21
Event: 19.423 Thread 0x00007fe3f78ff000 Uncommon trap: reason=unstable_if action=reinterpret pc=0x00000001069c3914 method=java.awt.font.FontRenderContext.equals(Ljava/awt/font/FontRenderContext;)Z @ 2
Event: 19.435 Thread 0x00007fe3f6209000 Uncommon trap: reason=unstable_if action=reinterpret pc=0x00000001067fb8d4 method=java.util.HashMap.putVal(ILjava/lang/Object;Ljava/lang/Object;ZZ)Ljava/lang/Object; @ 81

Internal exceptions (10 events):
Event: 18.574 Thread 0x00007fe3fc347000 Exception <a 'java/security/PrivilegedActionException'> (0x0000000795fcbaa0) thrown at [/Users/java_re/workspace/8-2-build-macosx-x86_64/jdk8u144/9417/hotspot/src/share/vm/prims/jvm.cpp, line 1390]
Event: 18.574 Thread 0x00007fe3fc107800 Exception <a 'java/security/PrivilegedActionException'> (0x000000079608dc00) thrown at [/Users/java_re/workspace/8-2-build-macosx-x86_64/jdk8u144/9417/hotspot/src/share/vm/prims/jvm.cpp, line 1390]
Event: 18.589 Thread 0x00007fe3fc03e000 Exception <a 'java/net/SocketException': Socket closed> (0x00000007967f96d8) thrown at [/Users/java_re/workspace/8-2-build-macosx-x86_64/jdk8u144/9417/hotspot/src/share/vm/prims/jni.cpp, line 735]
Event: 18.589 Thread 0x00007fe3fc03e000 Exception <a 'java/net/SocketException': Socket closed> (0x00000007967f9b30) thrown at [/Users/java_re/workspace/8-2-build-macosx-x86_64/jdk8u144/9417/hotspot/src/share/vm/prims/jni.cpp, line 735]
Event: 18.589 Thread 0x00007fe3fc03e000 Exception <a 'java/net/SocketException': Socket closed> (0x00000007967f9f88) thrown at [/Users/java_re/workspace/8-2-build-macosx-x86_64/jdk8u144/9417/hotspot/src/share/vm/prims/jni.cpp, line 735]
Event: 18.782 Thread 0x00007fe3fc2a1800 Exception <a 'java/security/PrivilegedActionException'> (0x000000079600cb48) thrown at [/Users/java_re/workspace/8-2-build-macosx-x86_64/jdk8u144/9417/hotspot/src/share/vm/prims/jvm.cpp, line 1390]
Event: 19.030 Thread 0x00007fe3fc347000 Exception <a 'java/security/PrivilegedActionException'> (0x0000000796885e90) thrown at [/Users/java_re/workspace/8-2-build-macosx-x86_64/jdk8u144/9417/hotspot/src/share/vm/prims/jvm.cpp, line 1390]
Event: 19.091 Thread 0x00007fe3fc03e000 Exception <a 'java/security/PrivilegedActionException'> (0x00000007968077d8) thrown at [/Users/java_re/workspace/8-2-build-macosx-x86_64/jdk8u144/9417/hotspot/src/share/vm/prims/jvm.cpp, line 1390]
Event: 19.220 Thread 0x00007fe3fc107800 Exception <a 'java/security/PrivilegedActionException'> (0x00000007968c6f38) thrown at [/Users/java_re/workspace/8-2-build-macosx-x86_64/jdk8u144/9417/hotspot/src/share/vm/prims/jvm.cpp, line 1390]
Event: 19.350 Thread 0x00007fe3fd169000 Exception <a 'java/security/PrivilegedActionException'> (0x0000000796e9bf30) thrown at [/Users/java_re/workspace/8-2-build-macosx-x86_64/jdk8u144/9417/hotspot/src/share/vm/prims/jvm.cpp, line 1390]

Events (10 events):
Event: 19.444 loading class com/jogamp/nativewindow/awt/JAWTWindow$JAWTComponentListener$2
Event: 19.444 loading class com/jogamp/nativewindow/awt/JAWTWindow$JAWTComponentListener$2 done
Event: 19.448 loading class jogamp/nativewindow/jawt/macosx/MacOSXJAWTWindow$1
Event: 19.448 loading class jogamp/nativewindow/jawt/macosx/MacOSXJAWTWindow$1 done
Event: 19.450 loading class java/awt/LightweightDispatcher$2
Event: 19.450 loading class java/awt/LightweightDispatcher$2 done
Event: 19.450 loading class java/awt/event/AWTEventListenerProxy
Event: 19.450 loading class java/awt/event/AWTEventListenerProxy done
Event: 19.450 loading class java/awt/Toolkit$ToolkitEventMulticaster
Event: 19.450 loading class java/awt/Toolkit$ToolkitEventMulticaster done


Dynamic libraries:
0x0000000021d93000 	/System/Library/Frameworks/Cocoa.framework/Versions/A/Cocoa
0x0000000021d93000 	/System/Library/Frameworks/Security.framework/Versions/A/Security
0x0000000021d93000 	/System/Library/Frameworks/ApplicationServices.framework/Versions/A/ApplicationServices
0x0000000021d93000 	/usr/lib/libz.1.dylib
0x0000000021d93000 	/usr/lib/libSystem.B.dylib
0x0000000021d93000 	/usr/lib/libobjc.A.dylib
0x0000000021d93000 	/System/Library/Frameworks/CoreFoundation.framework/Versions/A/CoreFoundation
0x0000000021d93000 	/System/Library/Frameworks/Foundation.framework/Versions/C/Foundation
0x0000000021d93000 	/System/Library/Frameworks/AppKit.framework/Versions/C/AppKit
0x0000000021d93000 	/System/Library/Frameworks/CoreData.framework/Versions/A/CoreData
0x0000000021d93000 	/System/Library/PrivateFrameworks/RemoteViewServices.framework/Versions/A/RemoteViewServices
0x0000000021d93000 	/System/Library/PrivateFrameworks/UIFoundation.framework/Versions/A/UIFoundation
0x0000000021d93000 	/System/Library/PrivateFrameworks/DFRFoundation.framework/Versions/A/DFRFoundation
0x0000000021d93000 	/usr/lib/libenergytrace.dylib
0x0000000021d93000 	/System/Library/PrivateFrameworks/SkyLight.framework/Versions/A/SkyLight
0x0000000021d93000 	/System/Library/Frameworks/CoreGraphics.framework/Versions/A/CoreGraphics
0x0000000021d93000 	/usr/lib/libScreenReader.dylib
0x0000000021d93000 	/System/Library/Frameworks/Accelerate.framework/Versions/A/Accelerate
0x0000000021d93000 	/System/Library/Frameworks/IOSurface.framework/Versions/A/IOSurface
0x0000000021d93000 	/System/Library/Frameworks/AudioToolbox.framework/Versions/A/AudioToolbox
0x0000000021d93000 	/System/Library/Frameworks/AudioUnit.framework/Versions/A/AudioUnit
0x0000000021d93000 	/System/Library/PrivateFrameworks/DataDetectorsCore.framework/Versions/A/DataDetectorsCore
0x0000000021d93000 	/System/Library/PrivateFrameworks/DesktopServicesPriv.framework/Versions/A/DesktopServicesPriv
0x0000000021d93000 	/System/Library/Frameworks/Carbon.framework/Versions/A/Frameworks/HIToolbox.framework/Versions/A/HIToolbox
0x0000000021d93000 	/usr/lib/libicucore.A.dylib
0x0000000021d93000 	/System/Library/Frameworks/QuartzCore.framework/Versions/A/QuartzCore
0x0000000021d93000 	/System/Library/Frameworks/Carbon.framework/Versions/A/Frameworks/SpeechRecognition.framework/Versions/A/SpeechRecognition
0x0000000021d93000 	/usr/lib/libauto.dylib
0x0000000021d93000 	/usr/lib/libxml2.2.dylib
0x0000000021d93000 	/System/Library/PrivateFrameworks/CoreUI.framework/Versions/A/CoreUI
0x0000000021d93000 	/System/Library/Frameworks/CoreAudio.framework/Versions/A/CoreAudio
0x0000000021d93000 	/System/Library/Frameworks/DiskArbitration.framework/Versions/A/DiskArbitration
0x0000000021d93000 	/usr/lib/liblangid.dylib
0x0000000021d93000 	/System/Library/PrivateFrameworks/MultitouchSupport.framework/Versions/A/MultitouchSupport
0x0000000021d93000 	/System/Library/Frameworks/IOKit.framework/Versions/A/IOKit
0x0000000021d93000 	/usr/lib/libDiagnosticMessagesClient.dylib
0x0000000021d93000 	/System/Library/Frameworks/CoreServices.framework/Versions/A/CoreServices
0x0000000021d93000 	/System/Library/PrivateFrameworks/PerformanceAnalysis.framework/Versions/A/PerformanceAnalysis
0x0000000021d93000 	/System/Library/PrivateFrameworks/GenerationalStorage.framework/Versions/A/GenerationalStorage
0x0000000021d93000 	/System/Library/Frameworks/OpenGL.framework/Versions/A/OpenGL
0x0000000021d93000 	/System/Library/Frameworks/CoreImage.framework/Versions/A/CoreImage
0x0000000021d93000 	/System/Library/Frameworks/CoreText.framework/Versions/A/CoreText
0x0000000021d93000 	/System/Library/Frameworks/ImageIO.framework/Versions/A/ImageIO
0x0000000021d93000 	/System/Library/PrivateFrameworks/Backup.framework/Versions/A/Backup
0x0000000021d93000 	/usr/lib/libarchive.2.dylib
0x0000000021d93000 	/System/Library/Frameworks/CFNetwork.framework/Versions/A/CFNetwork
0x0000000021d93000 	/System/Library/Frameworks/SystemConfiguration.framework/Versions/A/SystemConfiguration
0x0000000021d93000 	/usr/lib/libCRFSuite.dylib
0x0000000021d93000 	/usr/lib/libc++.1.dylib
0x0000000021d93000 	/usr/lib/libc++abi.dylib
0x0000000021d93000 	/usr/lib/system/libcache.dylib
0x0000000021d93000 	/usr/lib/system/libcommonCrypto.dylib
0x0000000021d93000 	/usr/lib/system/libcompiler_rt.dylib
0x0000000021d93000 	/usr/lib/system/libcopyfile.dylib
0x0000000021d93000 	/usr/lib/system/libcorecrypto.dylib
0x0000000021d93000 	/usr/lib/system/libdispatch.dylib
0x0000000021d93000 	/usr/lib/system/libdyld.dylib
0x0000000021d93000 	/usr/lib/system/libkeymgr.dylib
0x0000000021d93000 	/usr/lib/system/liblaunch.dylib
0x0000000021d93000 	/usr/lib/system/libmacho.dylib
0x0000000021d93000 	/usr/lib/system/libquarantine.dylib
0x0000000021d93000 	/usr/lib/system/libremovefile.dylib
0x0000000021d93000 	/usr/lib/system/libsystem_asl.dylib
0x0000000021d93000 	/usr/lib/system/libsystem_blocks.dylib
0x0000000021d93000 	/usr/lib/system/libsystem_c.dylib
0x0000000021d93000 	/usr/lib/system/libsystem_configuration.dylib
0x0000000021d93000 	/usr/lib/system/libsystem_coreservices.dylib
0x0000000021d93000 	/usr/lib/system/libsystem_coretls.dylib
0x0000000021d93000 	/usr/lib/system/libsystem_dnssd.dylib
0x0000000021d93000 	/usr/lib/system/libsystem_info.dylib
0x0000000021d93000 	/usr/lib/system/libsystem_kernel.dylib
0x0000000021d93000 	/usr/lib/system/libsystem_m.dylib
0x0000000021d93000 	/usr/lib/system/libsystem_malloc.dylib
0x0000000021d93000 	/usr/lib/system/libsystem_network.dylib
0x0000000021d93000 	/usr/lib/system/libsystem_networkextension.dylib
0x0000000021d93000 	/usr/lib/system/libsystem_notify.dylib
0x0000000021d93000 	/usr/lib/system/libsystem_platform.dylib
0x0000000021d93000 	/usr/lib/system/libsystem_pthread.dylib
0x0000000021d93000 	/usr/lib/system/libsystem_sandbox.dylib
0x0000000021d93000 	/usr/lib/system/libsystem_secinit.dylib
0x0000000021d93000 	/usr/lib/system/libsystem_symptoms.dylib
0x0000000021d93000 	/usr/lib/system/libsystem_trace.dylib
0x0000000021d93000 	/usr/lib/system/libunwind.dylib
0x0000000021d93000 	/usr/lib/system/libxpc.dylib
0x0000000021d93000 	/usr/lib/libbsm.0.dylib
0x0000000021d93000 	/usr/lib/system/libkxld.dylib
0x0000000021d93000 	/usr/lib/libcoretls.dylib
0x0000000021d93000 	/usr/lib/libcoretls_cfhelpers.dylib
0x0000000021d93000 	/usr/lib/libOpenScriptingUtil.dylib
0x0000000021d93000 	/usr/lib/libpam.2.dylib
0x0000000021d93000 	/usr/lib/libsqlite3.dylib
0x0000000021d93000 	/usr/lib/libxar.1.dylib
0x0000000021d93000 	/usr/lib/libbz2.1.0.dylib
0x0000000021d93000 	/usr/lib/liblzma.5.dylib
0x0000000021d93000 	/usr/lib/libnetwork.dylib
0x0000000021d93000 	/usr/lib/libpcap.A.dylib
0x0000000021d93000 	/System/Library/Frameworks/CoreServices.framework/Versions/A/Frameworks/FSEvents.framework/Versions/A/FSEvents
0x0000000021d93000 	/System/Library/Frameworks/CoreServices.framework/Versions/A/Frameworks/CarbonCore.framework/Versions/A/CarbonCore
0x0000000021d93000 	/System/Library/Frameworks/CoreServices.framework/Versions/A/Frameworks/Metadata.framework/Versions/A/Metadata
0x0000000021d93000 	/System/Library/Frameworks/CoreServices.framework/Versions/A/Frameworks/OSServices.framework/Versions/A/OSServices
0x0000000021d93000 	/System/Library/Frameworks/CoreServices.framework/Versions/A/Frameworks/SearchKit.framework/Versions/A/SearchKit
0x0000000021d93000 	/System/Library/Frameworks/CoreServices.framework/Versions/A/Frameworks/AE.framework/Versions/A/AE
0x0000000021d93000 	/System/Library/Frameworks/CoreServices.framework/Versions/A/Frameworks/LaunchServices.framework/Versions/A/LaunchServices
0x0000000021d93000 	/System/Library/Frameworks/CoreServices.framework/Versions/A/Frameworks/DictionaryServices.framework/Versions/A/DictionaryServices
0x0000000021d93000 	/System/Library/Frameworks/CoreServices.framework/Versions/A/Frameworks/SharedFileList.framework/Versions/A/SharedFileList
0x0000000021d93000 	/System/Library/Frameworks/NetFS.framework/Versions/A/NetFS
0x0000000021d93000 	/System/Library/PrivateFrameworks/NetAuth.framework/Versions/A/NetAuth
0x0000000021d93000 	/System/Library/PrivateFrameworks/login.framework/Versions/A/Frameworks/loginsupport.framework/Versions/A/loginsupport
0x0000000021d93000 	/System/Library/PrivateFrameworks/TCC.framework/Versions/A/TCC
0x0000000021d93000 	/usr/lib/libmecabra.dylib
0x0000000021d93000 	/System/Library/Frameworks/ApplicationServices.framework/Versions/A/Frameworks/ATS.framework/Versions/A/ATS
0x0000000021d93000 	/System/Library/Frameworks/ApplicationServices.framework/Versions/A/Frameworks/ColorSync.framework/Versions/A/ColorSync
0x0000000021d93000 	/System/Library/Frameworks/ApplicationServices.framework/Versions/A/Frameworks/HIServices.framework/Versions/A/HIServices
0x0000000021d93000 	/System/Library/Frameworks/ApplicationServices.framework/Versions/A/Frameworks/LangAnalysis.framework/Versions/A/LangAnalysis
0x0000000021d93000 	/System/Library/Frameworks/ApplicationServices.framework/Versions/A/Frameworks/PrintCore.framework/Versions/A/PrintCore
0x0000000021d93000 	/System/Library/Frameworks/ApplicationServices.framework/Versions/A/Frameworks/QD.framework/Versions/A/QD
0x0000000021d93000 	/System/Library/Frameworks/ApplicationServices.framework/Versions/A/Frameworks/SpeechSynthesis.framework/Versions/A/SpeechSynthesis
0x0000000021d93000 	/System/Library/Frameworks/Accelerate.framework/Versions/A/Frameworks/vImage.framework/Versions/A/vImage
0x0000000021d93000 	/System/Library/Frameworks/Accelerate.framework/Versions/A/Frameworks/vecLib.framework/Versions/A/vecLib
0x0000000021d93000 	/System/Library/Frameworks/Accelerate.framework/Versions/A/Frameworks/vecLib.framework/Versions/A/libvDSP.dylib
0x0000000021d93000 	/System/Library/Frameworks/Accelerate.framework/Versions/A/Frameworks/vecLib.framework/Versions/A/libBNNS.dylib
0x0000000021d93000 	/System/Library/Frameworks/Accelerate.framework/Versions/A/Frameworks/vecLib.framework/Versions/A/libQuadrature.dylib
0x0000000021d93000 	/System/Library/Frameworks/Accelerate.framework/Versions/A/Frameworks/vecLib.framework/Versions/A/libvMisc.dylib
0x0000000021d93000 	/System/Library/Frameworks/Accelerate.framework/Versions/A/Frameworks/vecLib.framework/Versions/A/libLAPACK.dylib
0x0000000021d93000 	/System/Library/Frameworks/Accelerate.framework/Versions/A/Frameworks/vecLib.framework/Versions/A/libBLAS.dylib
0x0000000021d93000 	/System/Library/Frameworks/Accelerate.framework/Versions/A/Frameworks/vecLib.framework/Versions/A/libLinearAlgebra.dylib
0x0000000021d93000 	/System/Library/Frameworks/Accelerate.framework/Versions/A/Frameworks/vecLib.framework/Versions/A/libSparseBLAS.dylib
0x0000000021d93000 	/System/Library/Frameworks/ApplicationServices.framework/Versions/A/Frameworks/ATS.framework/Versions/A/Resources/libFontParser.dylib
0x0000000021d93000 	/System/Library/Frameworks/ApplicationServices.framework/Versions/A/Frameworks/ATS.framework/Versions/A/Resources/libFontRegistry.dylib
0x0000000021d93000 	/System/Library/Frameworks/ImageIO.framework/Versions/A/Resources/libJPEG.dylib
0x0000000021d93000 	/System/Library/Frameworks/ImageIO.framework/Versions/A/Resources/libTIFF.dylib
0x0000000021d93000 	/System/Library/Frameworks/ImageIO.framework/Versions/A/Resources/libPng.dylib
0x0000000021d93000 	/System/Library/Frameworks/ImageIO.framework/Versions/A/Resources/libGIF.dylib
0x0000000021d93000 	/System/Library/Frameworks/ImageIO.framework/Versions/A/Resources/libJP2.dylib
0x0000000021d93000 	/System/Library/Frameworks/ImageIO.framework/Versions/A/Resources/libRadiance.dylib
0x0000000021d93000 	/usr/lib/libcompression.dylib
0x0000000021d93000 	/System/Library/PrivateFrameworks/AppleJPEG.framework/Versions/A/AppleJPEG
0x0000000021d93000 	/usr/lib/libcups.2.dylib
0x0000000021d93000 	/System/Library/Frameworks/Kerberos.framework/Versions/A/Kerberos
0x0000000021d93000 	/System/Library/Frameworks/GSS.framework/Versions/A/GSS
0x0000000021d93000 	/usr/lib/libresolv.9.dylib
0x0000000021d93000 	/usr/lib/libiconv.2.dylib
0x0000000021d93000 	/System/Library/PrivateFrameworks/Heimdal.framework/Versions/A/Heimdal
0x0000000021d93000 	/usr/lib/libheimdal-asn1.dylib
0x0000000021d93000 	/System/Library/Frameworks/OpenDirectory.framework/Versions/A/OpenDirectory
0x0000000021d93000 	/System/Library/PrivateFrameworks/CommonAuth.framework/Versions/A/CommonAuth
0x0000000021d93000 	/System/Library/Frameworks/OpenDirectory.framework/Versions/A/Frameworks/CFOpenDirectory.framework/Versions/A/CFOpenDirectory
0x0000000021d93000 	/System/Library/Frameworks/SecurityFoundation.framework/Versions/A/SecurityFoundation
0x0000000021d93000 	/System/Library/PrivateFrameworks/LanguageModeling.framework/Versions/A/LanguageModeling
0x0000000021d93000 	/usr/lib/libmarisa.dylib
0x0000000021d93000 	/usr/lib/libChineseTokenizer.dylib
0x0000000021d93000 	/usr/lib/libcmph.dylib
0x0000000021d93000 	/System/Library/PrivateFrameworks/CoreEmoji.framework/Versions/A/CoreEmoji
0x0000000021d93000 	/System/Library/Frameworks/ServiceManagement.framework/Versions/A/ServiceManagement
0x0000000021d93000 	/usr/lib/libxslt.1.dylib
0x0000000021d93000 	/System/Library/Frameworks/Carbon.framework/Versions/A/Frameworks/Ink.framework/Versions/A/Ink
0x0000000021d93000 	/System/Library/PrivateFrameworks/TextureIO.framework/Versions/A/TextureIO
0x0000000021d93000 	/System/Library/Frameworks/Metal.framework/Versions/A/Metal
0x0000000021d93000 	/usr/lib/libate.dylib
0x0000000021d93000 	/System/Library/PrivateFrameworks/GPUCompiler.framework/libmetal_timestamp.dylib
0x0000000021d93000 	/System/Library/Frameworks/OpenGL.framework/Versions/A/Libraries/libCoreFSCache.dylib
0x0000000021d93000 	/System/Library/PrivateFrameworks/IOAccelerator.framework/Versions/A/IOAccelerator
0x0000000021d93000 	/System/Library/Frameworks/CoreVideo.framework/Versions/A/CoreVideo
0x0000000021d93000 	/usr/lib/libFosl_dynamic.dylib
0x0000000021d93000 	/System/Library/PrivateFrameworks/MetalPerformanceShaders.framework/Versions/A/MetalPerformanceShaders
0x0000000021d93000 	/System/Library/PrivateFrameworks/FaceCore.framework/Versions/A/FaceCore
0x0000000021d93000 	/System/Library/Frameworks/OpenCL.framework/Versions/A/OpenCL
0x0000000021d93000 	/System/Library/Frameworks/OpenGL.framework/Versions/A/Libraries/libGLU.dylib
0x0000000021d93000 	/System/Library/Frameworks/OpenGL.framework/Versions/A/Libraries/libGFXShared.dylib
0x0000000021d93000 	/System/Library/Frameworks/OpenGL.framework/Versions/A/Libraries/libGL.dylib
0x0000000021d93000 	/System/Library/Frameworks/OpenGL.framework/Versions/A/Libraries/libGLImage.dylib
0x0000000021d93000 	/System/Library/Frameworks/OpenGL.framework/Versions/A/Libraries/libCVMSPluginSupport.dylib
0x0000000021d93000 	/System/Library/Frameworks/OpenGL.framework/Versions/A/Libraries/libCoreVMClient.dylib
0x0000000021d93000 	/System/Library/PrivateFrameworks/CrashReporterSupport.framework/Versions/A/CrashReporterSupport
0x0000000021d93000 	/System/Library/PrivateFrameworks/Sharing.framework/Versions/A/Sharing
0x0000000021d93000 	/System/Library/PrivateFrameworks/IconServices.framework/Versions/A/IconServices
0x0000000021d93000 	/System/Library/PrivateFrameworks/ProtocolBuffer.framework/Versions/A/ProtocolBuffer
0x0000000021d93000 	/System/Library/PrivateFrameworks/Apple80211.framework/Versions/A/Apple80211
0x0000000021d93000 	/System/Library/Frameworks/CoreWLAN.framework/Versions/A/CoreWLAN
0x0000000021d93000 	/System/Library/PrivateFrameworks/CoreUtils.framework/Versions/A/CoreUtils
0x0000000021d93000 	/System/Library/Frameworks/IOBluetooth.framework/Versions/A/IOBluetooth
0x0000000021d93000 	/System/Library/PrivateFrameworks/CoreWiFi.framework/Versions/A/CoreWiFi
0x0000000021d93000 	/System/Library/Frameworks/CoreBluetooth.framework/Versions/A/CoreBluetooth
0x0000000021d93000 	/System/Library/Frameworks/CoreDisplay.framework/Versions/A/CoreDisplay
0x0000000021d93000 	/System/Library/PrivateFrameworks/IOPresentment.framework/Versions/A/IOPresentment
0x0000000021d93000 	/System/Library/PrivateFrameworks/DSExternalDisplay.framework/Versions/A/DSExternalDisplay
0x0000000021d93000 	/System/Library/PrivateFrameworks/DebugSymbols.framework/Versions/A/DebugSymbols
0x0000000021d93000 	/System/Library/PrivateFrameworks/CoreSymbolication.framework/Versions/A/CoreSymbolication
0x0000000021d93000 	/System/Library/PrivateFrameworks/Symbolication.framework/Versions/A/Symbolication
0x0000000021d93000 	/System/Library/PrivateFrameworks/AppleFSCompression.framework/Versions/A/AppleFSCompression
0x0000000021d93000 	/System/Library/PrivateFrameworks/SpeechRecognitionCore.framework/Versions/A/SpeechRecognitionCore
0x0000000021d93000 	/System/Library/PrivateFrameworks/ChunkingLibrary.framework/Versions/A/ChunkingLibrary
0x0000000103200000 	/Library/Java/JavaVirtualMachines/jdk1.8.0_144.jdk/Contents/Home/jre/lib/server/libjvm.dylib
0x0000000021d93000 	/usr/lib/libstdc++.6.dylib
0x00000001028a7000 	/Library/Java/JavaVirtualMachines/jdk1.8.0_144.jdk/Contents/Home/jre/lib/libverify.dylib
0x00000001028b5000 	/Library/Java/JavaVirtualMachines/jdk1.8.0_144.jdk/Contents/Home/jre/lib/libjava.dylib
0x00000001028f4000 	/Library/Java/JavaVirtualMachines/jdk1.8.0_144.jdk/Contents/Home/jre/lib/libzip.dylib
0x000000010610f000 	/System/Library/Frameworks/JavaVM.framework/Frameworks/JavaRuntimeSupport.framework/JavaRuntimeSupport
0x0000000106129000 	/System/Library/Frameworks/JavaVM.framework/Versions/A/Frameworks/JavaNativeFoundation.framework/Versions/A/JavaNativeFoundation
0x0000000119ac9000 	/System/Library/Frameworks/JavaVM.framework/Versions/A/JavaVM
0x0000000021d93000 	/System/Library/Frameworks/Carbon.framework/Versions/A/Carbon
0x0000000119ad6000 	/System/Library/PrivateFrameworks/JavaLaunching.framework/Versions/A/JavaLaunching
0x0000000021d93000 	/System/Library/Frameworks/Carbon.framework/Versions/A/Frameworks/CommonPanels.framework/Versions/A/CommonPanels
0x0000000021d93000 	/System/Library/Frameworks/Carbon.framework/Versions/A/Frameworks/Help.framework/Versions/A/Help
0x0000000021d93000 	/System/Library/Frameworks/Carbon.framework/Versions/A/Frameworks/ImageCapture.framework/Versions/A/ImageCapture
0x0000000021d93000 	/System/Library/Frameworks/Carbon.framework/Versions/A/Frameworks/OpenScripting.framework/Versions/A/OpenScripting
0x0000000021d93000 	/System/Library/Frameworks/Carbon.framework/Versions/A/Frameworks/Print.framework/Versions/A/Print
0x0000000021d93000 	/System/Library/Frameworks/Carbon.framework/Versions/A/Frameworks/SecurityHI.framework/Versions/A/SecurityHI
0x000000011b3df000 	/Library/Java/JavaVirtualMachines/jdk1.8.0_144.jdk/Contents/Home/jre/lib/libawt.dylib
0x000000011b487000 	/Library/Java/JavaVirtualMachines/jdk1.8.0_144.jdk/Contents/Home/jre/lib/./libmlib_image.dylib
0x000000011b553000 	/Library/Java/JavaVirtualMachines/jdk1.8.0_144.jdk/Contents/Home/jre/lib/libawt_lwawt.dylib
0x000000011b60a000 	/Library/Java/JavaVirtualMachines/jdk1.8.0_144.jdk/Contents/Home/jre/lib/./libosxapp.dylib
0x0000000021d93000 	/System/Library/Frameworks/ExceptionHandling.framework/Versions/A/ExceptionHandling
0x0000000021d93000 	/System/Library/PrivateFrameworks/CoreServicesInternal.framework/Versions/A/CoreServicesInternal
0x0000000021d93000 	/System/Library/CoreServices/RawCamera.bundle/Contents/MacOS/RawCamera
0x0000000021d93000 	/System/Library/Frameworks/Accelerate.framework/Versions/A/Frameworks/vImage.framework/Versions/A/Libraries/libCGInterfaces.dylib
0x0000000021d93000 	/System/Library/Frameworks/ApplicationServices.framework/Versions/A/Frameworks/ATS.framework/Versions/A/Resources/libTrueTypeScaler.dylib
0x000000011d80e000 	/System/Library/Frameworks/OpenGL.framework/Resources/GLEngine.bundle/GLEngine
0x0000000021d93000 	/System/Library/Frameworks/OpenGL.framework/Versions/A/Libraries/libGLProgrammability.dylib
0x000000011d9f3000 	/System/Library/Extensions/AppleIntelBDWGraphicsGLDriver.bundle/Contents/MacOS/AppleIntelBDWGraphicsGLDriver
0x0000000021d93000 	/System/Library/PrivateFrameworks/GPUSupport.framework/Versions/A/Libraries/libGPUSupportMercury.dylib
0x000000011c9de000 	/System/Library/Frameworks/OpenGL.framework/Resources//GLRendererFloat.bundle/GLRendererFloat
0x0000000021d93000 	/System/Library/Frameworks/OpenCL.framework/Versions/A/Libraries/libcldcpuengine.dylib
0x0000000021d93000 	/usr/lib/libcrypto.0.9.8.dylib
0x0000000021d93000 	/System/Library/PrivateFrameworks/TrustEvaluationAgent.framework/Versions/A/TrustEvaluationAgent
0x000000011e15d000 	/System/Library/Extensions/AppleIntelBDWGraphicsMTLDriver.bundle/Contents/MacOS/AppleIntelBDWGraphicsMTLDriver
0x0000000021d93000 	/System/Library/PrivateFrameworks/FamilyControls.framework/Versions/A/FamilyControls
0x0000000021d93000 	/System/Library/PrivateFrameworks/CommerceKit.framework/Versions/A/Frameworks/CommerceCore.framework/Versions/A/CommerceCore
0x0000000021d93000 	/System/Library/PrivateFrameworks/SystemAdministration.framework/Versions/A/SystemAdministration
0x0000000021d93000 	/System/Library/PrivateFrameworks/AppContainer.framework/Versions/A/AppContainer
0x0000000021d93000 	/System/Library/PrivateFrameworks/SecCodeWrapper.framework/Versions/A/SecCodeWrapper
0x0000000021d93000 	/System/Library/Frameworks/DirectoryService.framework/Versions/A/DirectoryService
0x0000000021d93000 	/System/Library/PrivateFrameworks/DiskImages.framework/Versions/A/DiskImages
0x0000000021d93000 	/System/Library/PrivateFrameworks/LoginUIKit.framework/Versions/A/Frameworks/LoginUICore.framework/Versions/A/LoginUICore
0x0000000021d93000 	/usr/lib/libCoreStorage.dylib
0x0000000021d93000 	/usr/lib/libcsfde.dylib
0x0000000021d93000 	/usr/lib/libodfde.dylib
0x0000000021d93000 	/System/Library/Frameworks/DiscRecording.framework/Versions/A/DiscRecording
0x0000000021d93000 	/usr/lib/libcurl.4.dylib
0x0000000021d93000 	/System/Library/PrivateFrameworks/MediaKit.framework/Versions/A/MediaKit
0x0000000021d93000 	/System/Library/PrivateFrameworks/ProtectedCloudStorage.framework/Versions/A/ProtectedCloudStorage
0x0000000021d93000 	/System/Library/PrivateFrameworks/EFILogin.framework/Versions/A/EFILogin
0x0000000021d93000 	/usr/lib/libutil.dylib
0x0000000021d93000 	/System/Library/Frameworks/LDAP.framework/Versions/A/LDAP
0x0000000021d93000 	/usr/lib/libsasl2.2.dylib
0x0000000021d93000 	/System/Library/PrivateFrameworks/CoreDaemon.framework/Versions/B/CoreDaemon
0x0000000021d93000 	/System/Library/PrivateFrameworks/AppleSRP.framework/Versions/A/AppleSRP
0x0000000021d93000 	/System/Library/PrivateFrameworks/APFS.framework/Versions/A/APFS
0x00000001200ae000 	/Library/Java/JavaVirtualMachines/jdk1.8.0_144.jdk/Contents/Home/jre/lib/libfontmanager.dylib
0x0000000121531000 	/Library/Java/JavaVirtualMachines/jdk1.8.0_144.jdk/Contents/Home/jre/lib/libosxui.dylib
0x0000000021d93000 	/System/Library/PrivateFrameworks/ViewBridge.framework/Versions/A/ViewBridge
0x0000000021d93000 	/System/Library/PrivateFrameworks/XPCService.framework/Versions/A/XPCService
0x0000000021d93000 	/System/Library/PrivateFrameworks/AppSandbox.framework/Versions/A/AppSandbox
0x0000000021d93000 	/usr/lib/libsandbox.1.dylib
0x0000000021d93000 	/usr/lib/libMatch.1.dylib
0x000000012222c000 	/Library/Java/JavaVirtualMachines/jdk1.8.0_144.jdk/Contents/Home/jre/lib/libnet.dylib
0x0000000122243000 	/Library/Java/JavaVirtualMachines/jdk1.8.0_144.jdk/Contents/Home/jre/lib/libnio.dylib
0x000000012117c000 	/private/var/folders/4g/xxzpq2px2tg5jwrm0_jx44dc0000gn/T/jogamp_0000/file_cache/jln7354905053213139471/jln539436396147591067/libgluegen-rt.jnilib
0x00000001211f7000 	/private/var/folders/4g/xxzpq2px2tg5jwrm0_jx44dc0000gn/T/jogamp_0000/file_cache/jln7354905053213139471/jln539436396147591067/libnativewindow_awt.jnilib
0x0000000121224000 	/Library/Java/JavaVirtualMachines/jdk1.8.0_144.jdk/Contents/Home/jre/lib/libjawt.dylib
0x000000018d3c2000 	/private/var/folders/4g/xxzpq2px2tg5jwrm0_jx44dc0000gn/T/jogamp_0000/file_cache/jln7354905053213139471/jln539436396147591067/libnativewindow_macosx.jnilib
0x000000018d5ff000 	/private/var/folders/4g/xxzpq2px2tg5jwrm0_jx44dc0000gn/T/jogamp_0000/file_cache/jln7354905053213139471/jln539436396147591067/libjogl_desktop.jnilib
0x000000018dd0a000 	/Library/Java/JavaVirtualMachines/jdk1.8.0_144.jdk/Contents/Home/jre/lib/libt2k.dylib

VM Arguments:
jvm_args: -Djava.security.policy=java.policy.applet -Dfile.encoding=UTF-8 
java_command: sun.applet.AppletViewer module4.EarthquakeCityMap1505936215974.html
java_class_path (initial): /Users/BeenWu/Library/Mobile Documents/com~apple~CloudDocs/Eclipse Project/UCSDUnfoldingMaps/build:/Users/BeenWu/Library/Mobile Documents/com~apple~CloudDocs/Eclipse Project/UCSDUnfoldingMaps/lib/core.jar:/Users/BeenWu/Library/Mobile Documents/com~apple~CloudDocs/Eclipse Project/UCSDUnfoldingMaps/lib/gluegen-rt.jar:/Users/BeenWu/Library/Mobile Documents/com~apple~CloudDocs/Eclipse Project/UCSDUnfoldingMaps/lib/jogl-all.jar:/Users/BeenWu/Library/Mobile Documents/com~apple~CloudDocs/Eclipse Project/UCSDUnfoldingMaps/lib/log4j-1.2.15.jar:/Users/BeenWu/Library/Mobile Documents/com~apple~CloudDocs/Eclipse Project/UCSDUnfoldingMaps/lib/sqlite-jdbc-3.7.2.jar:/Users/BeenWu/Library/Mobile Documents/com~apple~CloudDocs/Eclipse Project/UCSDUnfoldingMaps/lib/json4processing.jar:/Users/BeenWu/Library/Mobile Documents/com~apple~CloudDocs/Eclipse Project/UCSDUnfoldingMaps/lib/libTUIO.jar:/Users/BeenWu/Library/Mobile Documents/com~apple~CloudDocs/Eclipse Project/UCSDUnfoldingMaps/lib/unfolding.0.9.7-uscd.jar
Launcher Type: SUN_STANDARD

Environment Variables:
PATH=/usr/bin:/bin:/usr/sbin:/sbin
SHELL=/bin/bash

Signal Handlers:
SIGSEGV: [libjvm.dylib+0x5b26e5], sa_mask[0]=11111111011111110111111111111111, sa_flags=SA_ONSTACK|SA_RESTART|SA_SIGINFO
SIGBUS: [libjvm.dylib+0x5b26e5], sa_mask[0]=11111111011111110111111111111111, sa_flags=SA_RESTART|SA_SIGINFO
SIGFPE: [libjvm.dylib+0x489100], sa_mask[0]=11111111011111110111111111111111, sa_flags=SA_RESTART|SA_SIGINFO
SIGPIPE: [libjvm.dylib+0x489100], sa_mask[0]=11111111011111110111111111111111, sa_flags=SA_RESTART|SA_SIGINFO
SIGXFSZ: [libjvm.dylib+0x489100], sa_mask[0]=11111111011111110111111111111111, sa_flags=SA_RESTART|SA_SIGINFO
SIGILL: [libjvm.dylib+0x489100], sa_mask[0]=11111111011111110111111111111111, sa_flags=SA_RESTART|SA_SIGINFO
SIGUSR1: SIG_DFL, sa_mask[0]=00000000000000000000000000000000, sa_flags=none
SIGUSR2: [libjvm.dylib+0x488c1e], sa_mask[0]=00100000000000000000000000000000, sa_flags=SA_RESTART|SA_SIGINFO
SIGHUP: [libjvm.dylib+0x4871f5], sa_mask[0]=11111111011111110111111111111111, sa_flags=SA_RESTART|SA_SIGINFO
SIGINT: [libjvm.dylib+0x4871f5], sa_mask[0]=11111111011111110111111111111111, sa_flags=SA_RESTART|SA_SIGINFO
SIGTERM: [libjvm.dylib+0x4871f5], sa_mask[0]=11111111011111110111111111111111, sa_flags=SA_RESTART|SA_SIGINFO
SIGQUIT: [libjvm.dylib+0x4871f5], sa_mask[0]=11111111011111110111111111111111, sa_flags=SA_RESTART|SA_SIGINFO


---------------  S Y S T E M  ---------------

OS:Bsduname:Darwin 16.7.0 Darwin Kernel Version 16.7.0: Thu Jun 15 17:36:27 PDT 2017; root:xnu-3789.70.16~2/RELEASE_X86_64 x86_64
rlimit: STACK 8192k, CORE 0k, NPROC 709, NOFILE 10240, AS infinity
load average:2.43 1.80 1.52

CPU:total 4 (initial active 4) (2 cores per cpu, 2 threads per core) family 6 model 61 stepping 4, cmov, cx8, fxsr, mmx, sse, sse2, sse3, ssse3, sse4.1, sse4.2, popcnt, avx, avx2, aes, clmul, erms, 3dnowpref, lzcnt, ht, tsc, tscinvbit, bmi1, bmi2, adx

Memory: 4k page, physical 8388608k(77516k free)

/proc/meminfo:


vm_info: Java HotSpot(TM) 64-Bit Server VM (25.144-b01) for bsd-amd64 JRE (1.8.0_144-b01), built on Jul 21 2017 22:07:42 by "java_re" with gcc 4.2.1 (Based on Apple Inc. build 5658) (LLVM build 2336.11.00)

time: Wed Sep 20 15:37:15 2017
elapsed time: 19 seconds (0d 0h 0m 19s)

