#
# A fatal error has been detected by the Java Runtime Environment:
#
#  SIGSEGV (0xb) at pc=0x00007fff8cdaf05d, pid=929, tid=0x0000000000000307
#
# JRE version: Java(TM) SE Runtime Environment (8.0_144-b01) (build 1.8.0_144-b01)
# Java VM: Java HotSpot(TM) 64-Bit Server VM (25.144-b01 mixed mode bsd-amd64 compressed oops)
# Problematic frame:
# C  [libobjc.A.dylib+0x705d]  objc_msgSend+0x1d
#
# Failed to write core dump. Core dumps have been disabled. To enable core dumping, try "ulimit -c unlimited" before starting Java again
#
# If you would like to submit a bug report, please visit:
#   http://bugreport.java.com/bugreport/crash.jsp
# The crash happened outside the Java Virtual Machine in native code.
# See problematic frame for where to report the bug.
#

---------------  T H R E A D  ---------------

Current thread (0x00007fba7b0b1800):  JavaThread "AWT-AppKit" daemon [_thread_in_native, id=775, stack(0x00007fff50347000,0x00007fff50b47000)]

siginfo: si_signo: 11 (SIGSEGV), si_code: 1 (SEGV_MAPERR), si_addr: 0x0000000000000018

Registers:
RAX=0x00007fba7ed32960, RBX=0x00000001996c7450, RCX=0x00007fba7be00b50, RDX=0x0000000000000000
RSP=0x00007fff50b42208, RBP=0x00007fff50b422c0, RSI=0x00007fff7663b116, RDI=0x00007fba7e8b2b30
R8 =0x0000000000000018, R9 =0x00007fba7be00c70, R10=0x0000000000000000, R11=0x00007fff7663b116
R12=0x0000000000000000, R13=0x000000019b1d1818, R14=0x00000001996c7440, R15=0x00007fba7b0b1800
RIP=0x00007fff8cdaf05d, EFLAGS=0x0000000000010246, ERR=0x0000000000000004
  TRAPNO=0x000000000000000e

Top of Stack: (sp=0x00007fff50b42208)
0x00007fff50b42208:   00000001996c5157 00007fff50b42260
0x00007fff50b42218:   0000000000000003 00007fff50b42240
0x00007fff50b42228:   000000010fbf368e 000000019b1d1818
0x00007fff50b42238:   000000019b1d1818 00007fba7ed32960
0x00007fff50b42248:   00000001996c76a0 00000001996c7710
0x00007fff50b42258:   00007fff92e146d0 00007fff93a441e0
0x00007fff50b42268:   00000001996c7450 00000001996c7690
0x00007fff50b42278:   00007fba7ed32960 00007fba7e8b2b30
0x00007fff50b42288:   00007fba79734a20 00007fba7ed32960
0x00007fff50b42298:   00007fba7e8b2b30 00007fff50b42348
0x00007fff50b422a8:   00007fba7b0b19f8 000000019b1d1818
0x00007fff50b422b8:   00007fff50b42370 00007fff50b42338
0x00007fff50b422c8:   0000000113c839f4 000000019b1d1818
0x00007fff50b422d8:   00007fff50b42370 00007fff50b42338
0x00007fff50b422e8:   0000000113c83787 0000000113c83742
0x00007fff50b422f8:   00007fff50b422f8 000000019b1d1818
0x00007fff50b42308:   00007fff50b42370 000000019b1d4450
0x00007fff50b42318:   0000000000000000 000000019b1d1818
0x00007fff50b42328:   0000000000000000 00007fff50b42358
0x00007fff50b42338:   00007fff50b423b8 0000000113c742bd
0x00007fff50b42348:   0000000740ea24d0 0000000113c7d538
0x00007fff50b42358:   00007fba7ed32960 00007fff50b423b8
0x00007fff50b42368:   00007fba7e8b2b30 0000000113c7ee02
0x00007fff50b42378:   00007fff50b42378 000000019b1d19e2
0x00007fff50b42388:   00007fff50b423e0 000000019b1d4450
0x00007fff50b42398:   0000000000000000 000000019b1d19f0
0x00007fff50b423a8:   00007fff50b42358 00007fff50b423c8
0x00007fff50b423b8:   00007fff50b42428 0000000113c742bd
0x00007fff50b423c8:   00007fba7ed32960 0000000740eb3de0
0x00007fff50b423d8:   00007fba7e8b2b30 0000000740eb3de0
0x00007fff50b423e8:   00007fff50b423e8 000000019f59e726
0x00007fff50b423f8:   00007fff50b42438 000000019f59e7e0 

Instructions: (pc=0x00007fff8cdaf05d)
0x00007fff8cdaf03d:   0f 1f 00 48 85 ff 2e 74 62 40 f6 c7 01 2e 75 66
0x00007fff8cdaf04d:   49 ba f8 ff ff ff ff 7f 00 00 4c 23 17 49 89 f3
0x00007fff8cdaf05d:   45 23 5a 18 49 c1 e3 04 4d 03 5a 10 49 3b 33 75
0x00007fff8cdaf06d:   04 41 ff 63 08 49 83 3b 01 76 0d 49 83 c3 10 49 

Register to memory mapping:

RAX=0x00007fba7ed32960 is an unknown value
RBX=0x00000001996c7450: Java_jogamp_nativewindow_macosx_OSXUtil_GetScreenRefreshRate0+0x1cf0 in /private/var/folders/4g/xxzpq2px2tg5jwrm0_jx44dc0000gn/T/jogamp_0000/file_cache/jln1220140998343435971/jln4997515994674215472/libnativewindow_macosx.jnilib at 0x00000001996c0000
RCX=0x00007fba7be00b50 is an unknown value
RDX=0x0000000000000000 is an unknown value
RSP=0x00007fff50b42208 is pointing into the stack for thread: 0x00007fba7b0b1800
RBP=0x00007fff50b422c0 is pointing into the stack for thread: 0x00007fba7b0b1800
RSI=0x00007fff7663b116: __NSStyleNameIndexTable+0x7fd5e in /System/Library/Frameworks/AppKit.framework/Versions/C/AppKit at 0x00007fff759ce000
RDI=0x00007fba7e8b2b30 is an unknown value
R8 =0x0000000000000018 is an unknown value
R9 =0x00007fba7be00c70 is an unknown value
R10=0x0000000000000000 is an unknown value
R11=0x00007fff7663b116: __NSStyleNameIndexTable+0x7fd5e in /System/Library/Frameworks/AppKit.framework/Versions/C/AppKit at 0x00007fff759ce000
R12=0x0000000000000000 is an unknown value
R13={method} {0x000000019b1d1818} 'UnsetJAWTRootSurfaceLayer0' '(JJ)V' in 'jogamp/nativewindow/jawt/macosx/MacOSXJAWTWindow'
R14=0x00000001996c7440: Java_jogamp_nativewindow_macosx_OSXUtil_GetScreenRefreshRate0+0x1ce0 in /private/var/folders/4g/xxzpq2px2tg5jwrm0_jx44dc0000gn/T/jogamp_0000/file_cache/jln1220140998343435971/jln4997515994674215472/libnativewindow_macosx.jnilib at 0x00000001996c0000
R15=0x00007fba7b0b1800 is a thread


Stack: [0x00007fff50347000,0x00007fff50b47000],  sp=0x00007fff50b42208,  free space=8172k
Native frames: (J=compiled Java code, j=interpreted, Vv=VM code, C=native code)
C  [libobjc.A.dylib+0x705d]  objc_msgSend+0x1d
j  jogamp.nativewindow.jawt.macosx.MacOSXJAWTWindow.UnsetJAWTRootSurfaceLayer0(JJ)V+0
j  jogamp.nativewindow.jawt.macosx.MacOSXJAWTWindow.access$200(JJ)V+2
j  jogamp.nativewindow.jawt.macosx.MacOSXJAWTWindow$1.run()V+38
J 2565 C1 com.jogamp.common.util.RunnableTask.run()V (345 bytes) @ 0x00000001144aab74 [0x00000001144aa9e0+0x194]
v  ~StubRoutines::call_stub
V  [libjvm.dylib+0x2ee70a]  JavaCalls::call_helper(JavaValue*, methodHandle*, JavaCallArguments*, Thread*)+0x6ae
V  [libjvm.dylib+0x3258b9]  jni_invoke_nonstatic(JNIEnv_*, JavaValue*, _jobject*, JNICallType, _jmethodID*, JNI_ArgumentPusher*, Thread*)+0x2ec
V  [libjvm.dylib+0x318087]  jni_CallVoidMethod+0x16b
C  [libnativewindow_macosx.jnilib+0x5326]  Java_jogamp_nativewindow_jawt_macosx_MacOSXJAWTWindow_UnsetJAWTRootSurfaceLayer0+0x2b6
C  [Foundation+0x7152a]  __NSThreadPerformPerform+0x146
C  [CoreFoundation+0xa7321]  __CFRUNLOOP_IS_CALLING_OUT_TO_A_SOURCE0_PERFORM_FUNCTION__+0x11
C  [CoreFoundation+0x8821d]  __CFRunLoopDoSources0+0x22d
C  [CoreFoundation+0x87716]  __CFRunLoopRun+0x3a6
C  [CoreFoundation+0x87114]  CFRunLoopRunSpecific+0x1a4
C  [HIToolbox+0x30ebc]  RunCurrentEventLoopInMode+0xf0
C  [HIToolbox+0x30bf9]  ReceiveNextEventCommon+0xb8
C  [HIToolbox+0x30b26]  _BlockUntilNextEventMatchingListInModeWithFilter+0x47
C  [AppKit+0x46a54]  _DPSNextEvent+0x460
C  [AppKit+0x7c27ee]  -[NSApplication(NSEvent) _nextEventMatchingEventMask:untilDate:inMode:dequeue:]+0xaec
C  [libosxapp.dylib+0x23aa]  -[NSApplicationAWT nextEventMatchingMask:untilDate:inMode:dequeue:]+0x7c
C  [AppKit+0x3b3db]  -[NSApplication run]+0x39e
C  [libosxapp.dylib+0x214d]  +[NSApplicationAWT runAWTLoopWithApp:]+0x9c
C  [libawt_lwawt.dylib+0x45edf]  -[AWTStarter starter:]+0x389
C  [Foundation+0x7152a]  __NSThreadPerformPerform+0x146
C  [CoreFoundation+0xa7321]  __CFRUNLOOP_IS_CALLING_OUT_TO_A_SOURCE0_PERFORM_FUNCTION__+0x11
C  [CoreFoundation+0x8821d]  __CFRunLoopDoSources0+0x22d
C  [CoreFoundation+0x87716]  __CFRunLoopRun+0x3a6
C  [CoreFoundation+0x87114]  CFRunLoopRunSpecific+0x1a4
C  [java+0x6465]  CreateExecutionEnvironment+0x367
C  [java+0x218c]  JLI_Launch+0x7a0
C  [java+0x84c2]  main+0x65
C  [java+0x19e4]  start+0x34
C  0x0000000000000007

Java frames: (J=compiled Java code, j=interpreted, Vv=VM code)
j  jogamp.nativewindow.jawt.macosx.MacOSXJAWTWindow.UnsetJAWTRootSurfaceLayer0(JJ)V+0
j  jogamp.nativewindow.jawt.macosx.MacOSXJAWTWindow.access$200(JJ)V+2
j  jogamp.nativewindow.jawt.macosx.MacOSXJAWTWindow$1.run()V+38
J 2565 C1 com.jogamp.common.util.RunnableTask.run()V (345 bytes) @ 0x00000001144aab74 [0x00000001144aa9e0+0x194]
v  ~StubRoutines::call_stub

---------------  P R O C E S S  ---------------

Java Threads: ( => current thread )
  0x00007fba79ba6800 JavaThread "Thread-19" [_thread_blocked, id=72747, stack(0x0000700002a9e000,0x0000700002b9e000)]
  0x00007fba7a623000 JavaThread "Image Fetcher 3" daemon [_thread_blocked, id=75011, stack(0x0000700003233000,0x0000700003333000)]
  0x00007fba7a622800 JavaThread "Image Fetcher 2" daemon [_thread_blocked, id=74499, stack(0x0000700003130000,0x0000700003230000)]
  0x00007fba8006a000 JavaThread "Image Fetcher 1" daemon [_thread_blocked, id=73987, stack(0x000070000302d000,0x000070000312d000)]
  0x00007fba7f373800 JavaThread "Image Fetcher 0" daemon [_thread_blocked, id=73475, stack(0x0000700002f2a000,0x000070000302a000)]
  0x00007fba7f376000 JavaThread "Keep-Alive-Timer" daemon [_thread_blocked, id=71003, stack(0x0000700002e27000,0x0000700002f27000)]
  0x00007fba79c34800 JavaThread "Animation Thread" [_thread_blocked, id=69227, stack(0x0000700002815000,0x0000700002915000)]
  0x00007fba7b2e4800 JavaThread "AWT-EventQueue-1" [_thread_in_native, id=69399, stack(0x0000700002918000,0x0000700002a18000)]
  0x00007fba7aa2b000 JavaThread "DestroyJavaVM" [_thread_blocked, id=7171, stack(0x00007000012d0000,0x00007000013d0000)]
  0x00007fba7a9de800 JavaThread "AWT-EventQueue-0" [_thread_blocked, id=60947, stack(0x0000700002712000,0x0000700002812000)]
  0x00007fba7a134800 JavaThread "Java2D Disposer" daemon [_thread_blocked, id=55051, stack(0x0000700002489000,0x0000700002589000)]
  0x00007fba7a127000 JavaThread "Java2D Queue Flusher" daemon [_thread_blocked, id=48439, stack(0x0000700002386000,0x0000700002486000)]
  0x00007fba7987f800 JavaThread "AWT-Shutdown" [_thread_blocked, id=30495, stack(0x000070000217d000,0x000070000227d000)]
=>0x00007fba7b0b1800 JavaThread "AWT-AppKit" daemon [_thread_in_native, id=775, stack(0x00007fff50347000,0x00007fff50b47000)]
  0x00007fba7a82f000 JavaThread "Service Thread" daemon [_thread_blocked, id=18691, stack(0x0000700001ef4000,0x0000700001ff4000)]
  0x00007fba7a806800 JavaThread "C1 CompilerThread2" daemon [_thread_blocked, id=18179, stack(0x0000700001df1000,0x0000700001ef1000)]
  0x00007fba7a013800 JavaThread "C2 CompilerThread1" daemon [_thread_blocked, id=17667, stack(0x0000700001cee000,0x0000700001dee000)]
  0x00007fba7a00b800 JavaThread "C2 CompilerThread0" daemon [_thread_blocked, id=17155, stack(0x0000700001beb000,0x0000700001ceb000)]
  0x00007fba7a805000 JavaThread "Signal Dispatcher" daemon [_thread_blocked, id=16643, stack(0x0000700001ae8000,0x0000700001be8000)]
  0x00007fba79817800 JavaThread "Finalizer" daemon [_thread_blocked, id=12547, stack(0x00007000019e5000,0x0000700001ae5000)]
  0x00007fba79815000 JavaThread "Reference Handler" daemon [_thread_blocked, id=12035, stack(0x00007000018e2000,0x00007000019e2000)]

Other Threads:
  0x00007fba7a804000 VMThread [stack: 0x00007000017df000,0x00007000018df000] [id=11523]
  0x00007fba7a83c800 WatcherThread [stack: 0x0000700001ff7000,0x00007000020f7000] [id=19203]

VM state:not at safepoint (normal execution)

VM Mutex/Monitor currently owned by a thread: None

Heap:
 PSYoungGen      total 38400K, used 18223K [0x0000000795580000, 0x0000000798000000, 0x00000007c0000000)
  eden space 33280K, 54% used [0x0000000795580000,0x000000079674bf28,0x0000000797600000)
  from space 5120K, 0% used [0x0000000797600000,0x0000000797600000,0x0000000797b00000)
  to   space 5120K, 0% used [0x0000000797b00000,0x0000000797b00000,0x0000000798000000)
 ParOldGen       total 73216K, used 16622K [0x0000000740000000, 0x0000000744780000, 0x0000000795580000)
  object space 73216K, 22% used [0x0000000740000000,0x000000074103bb30,0x0000000744780000)
 Metaspace       used 21055K, capacity 21361K, committed 21504K, reserved 1069056K
  class space    used 2113K, capacity 2219K, committed 2304K, reserved 1048576K

Card table byte_map: [0x0000000110d67000,0x0000000111168000] byte_map_base: 0x000000010d367000

Marking Bits: (ParMarkBitMap*) 0x00000001102f35d0
 Begin Bits: [0x0000000122c6c000, 0x0000000124c6c000)
 End Bits:   [0x0000000124c6c000, 0x0000000126c6c000)

Polling page: 0x000000010f179000

CodeCache: size=245760Kb used=8471Kb max_used=8471Kb free=237288Kb
 bounds [0x0000000113c6c000, 0x00000001144bc000, 0x0000000122c6c000]
 total_blobs=3373 nmethods=2460 adapters=826
 compilation: enabled

Compilation events (10 events):
Event: 8.271 Thread 0x00007fba7a806800 nmethod 2568 0x00000001144b2890 code [0x00000001144b29e0, 0x00000001144b2af0]
Event: 8.272 Thread 0x00007fba7a806800 2569   !   3       sun.lwawt.LWComponentPeer::isShowing (49 bytes)
Event: 8.273 Thread 0x00007fba7a806800 nmethod 2569 0x00000001144b1b10 code [0x00000001144b1cc0, 0x00000001144b25c8]
Event: 8.285 Thread 0x00007fba7a806800 2570       3       sun.awt.AWTAccessor::getEventQueueAccessor (18 bytes)
Event: 8.285 Thread 0x00007fba7a806800 nmethod 2570 0x00000001144b1690 code [0x00000001144b1800, 0x00000001144b1a68]
Event: 8.285 Thread 0x00007fba7a806800 2571       3       sun.java2d.SunGraphics2D::invalidatePipe (41 bytes)
Event: 8.286 Thread 0x00007fba7a806800 nmethod 2571 0x00000001144b12d0 code [0x00000001144b1440, 0x00000001144b1630]
Event: 8.296 Thread 0x00007fba7a806800 2572       3       sun.net.www.protocol.jar.Handler::parseURL (201 bytes)
Event: 8.298 Thread 0x00007fba7a806800 nmethod 2572 0x00000001144b5150 code [0x00000001144b5400, 0x00000001144b6868]
Event: 8.298 Thread 0x00007fba7a806800 2573       3       java.net.URLStreamHandler::setURL (159 bytes)

GC Heap History (8 events):
Event: 3.242 GC heap before
{Heap before GC invocations=1 (full 0):
 PSYoungGen      total 38400K, used 33280K [0x0000000795580000, 0x0000000798000000, 0x00000007c0000000)
  eden space 33280K, 100% used [0x0000000795580000,0x0000000797600000,0x0000000797600000)
  from space 5120K, 0% used [0x0000000797b00000,0x0000000797b00000,0x0000000798000000)
  to   space 5120K, 0% used [0x0000000797600000,0x0000000797600000,0x0000000797b00000)
 ParOldGen       total 87552K, used 0K [0x0000000740000000, 0x0000000745580000, 0x0000000795580000)
  object space 87552K, 0% used [0x0000000740000000,0x0000000740000000,0x0000000745580000)
 Metaspace       used 15862K, capacity 16209K, committed 16384K, reserved 1064960K
  class space    used 1629K, capacity 1727K, committed 1792K, reserved 1048576K
Event: 3.250 GC heap after
Heap after GC invocations=1 (full 0):
 PSYoungGen      total 38400K, used 4940K [0x0000000795580000, 0x0000000798000000, 0x00000007c0000000)
  eden space 33280K, 0% used [0x0000000795580000,0x0000000795580000,0x0000000797600000)
  from space 5120K, 96% used [0x0000000797600000,0x0000000797ad31b8,0x0000000797b00000)
  to   space 5120K, 0% used [0x0000000797b00000,0x0000000797b00000,0x0000000798000000)
 ParOldGen       total 87552K, used 16K [0x0000000740000000, 0x0000000745580000, 0x0000000795580000)
  object space 87552K, 0% used [0x0000000740000000,0x0000000740004000,0x0000000745580000)
 Metaspace       used 15862K, capacity 16209K, committed 16384K, reserved 1064960K
  class space    used 1629K, capacity 1727K, committed 1792K, reserved 1048576K
}
Event: 4.439 GC heap before
{Heap before GC invocations=2 (full 0):
 PSYoungGen      total 38400K, used 38220K [0x0000000795580000, 0x0000000798000000, 0x00000007c0000000)
  eden space 33280K, 100% used [0x0000000795580000,0x0000000797600000,0x0000000797600000)
  from space 5120K, 96% used [0x0000000797600000,0x0000000797ad31b8,0x0000000797b00000)
  to   space 5120K, 0% used [0x0000000797b00000,0x0000000797b00000,0x0000000798000000)
 ParOldGen       total 87552K, used 16K [0x0000000740000000, 0x0000000745580000, 0x0000000795580000)
  object space 87552K, 0% used [0x0000000740000000,0x0000000740004000,0x0000000745580000)
 Metaspace       used 19697K, capacity 20013K, committed 20096K, reserved 1067008K
  class space    used 2031K, capacity 2117K, committed 2176K, reserved 1048576K
Event: 4.456 GC heap after
Heap after GC invocations=2 (full 0):
 PSYoungGen      total 38400K, used 5118K [0x0000000795580000, 0x0000000798000000, 0x00000007c0000000)
  eden space 33280K, 0% used [0x0000000795580000,0x0000000795580000,0x0000000797600000)
  from space 5120K, 99% used [0x0000000797b00000,0x0000000797fffba0,0x0000000798000000)
  to   space 5120K, 0% used [0x0000000797600000,0x0000000797600000,0x0000000797b00000)
 ParOldGen       total 87552K, used 7920K [0x0000000740000000, 0x0000000745580000, 0x0000000795580000)
  object space 87552K, 9% used [0x0000000740000000,0x00000007407bc1c0,0x0000000745580000)
 Metaspace       used 19697K, capacity 20013K, committed 20096K, reserved 1067008K
  class space    used 2031K, capacity 2117K, committed 2176K, reserved 1048576K
}
Event: 5.220 GC heap before
{Heap before GC invocations=3 (full 0):
 PSYoungGen      total 38400K, used 28963K [0x0000000795580000, 0x0000000798000000, 0x00000007c0000000)
  eden space 33280K, 71% used [0x0000000795580000,0x0000000796cc91d0,0x0000000797600000)
  from space 5120K, 99% used [0x0000000797b00000,0x0000000797fffba0,0x0000000798000000)
  to   space 5120K, 0% used [0x0000000797600000,0x0000000797600000,0x0000000797b00000)
 ParOldGen       total 87552K, used 7920K [0x0000000740000000, 0x0000000745580000, 0x0000000795580000)
  object space 87552K, 9% used [0x0000000740000000,0x00000007407bc1c0,0x0000000745580000)
 Metaspace       used 20768K, capacity 21127K, committed 21248K, reserved 1069056K
  class space    used 2109K, capacity 2226K, committed 2304K, reserved 1048576K
Event: 5.229 GC heap after
Heap after GC invocations=3 (full 0):
 PSYoungGen      total 38400K, used 5117K [0x0000000795580000, 0x0000000798000000, 0x00000007c0000000)
  eden space 33280K, 0% used [0x0000000795580000,0x0000000795580000,0x0000000797600000)
  from space 5120K, 99% used [0x0000000797600000,0x0000000797aff450,0x0000000797b00000)
  to   space 5120K, 0% used [0x0000000797b00000,0x0000000797b00000,0x0000000798000000)
 ParOldGen       total 87552K, used 12472K [0x0000000740000000, 0x0000000745580000, 0x0000000795580000)
  object space 87552K, 14% used [0x0000000740000000,0x0000000740c2e260,0x0000000745580000)
 Metaspace       used 20768K, capacity 21127K, committed 21248K, reserved 1069056K
  class space    used 2109K, capacity 2226K, committed 2304K, reserved 1048576K
}
Event: 5.229 GC heap before
{Heap before GC invocations=4 (full 1):
 PSYoungGen      total 38400K, used 5117K [0x0000000795580000, 0x0000000798000000, 0x00000007c0000000)
  eden space 33280K, 0% used [0x0000000795580000,0x0000000795580000,0x0000000797600000)
  from space 5120K, 99% used [0x0000000797600000,0x0000000797aff450,0x0000000797b00000)
  to   space 5120K, 0% used [0x0000000797b00000,0x0000000797b00000,0x0000000798000000)
 ParOldGen       total 87552K, used 12472K [0x0000000740000000, 0x0000000745580000, 0x0000000795580000)
  object space 87552K, 14% used [0x0000000740000000,0x0000000740c2e260,0x0000000745580000)
 Metaspace       used 20768K, capacity 21127K, committed 21248K, reserved 1069056K
  class space    used 2109K, capacity 2226K, committed 2304K, reserved 1048576K
Event: 5.264 GC heap after
Heap after GC invocations=4 (full 1):
 PSYoungGen      total 38400K, used 0K [0x0000000795580000, 0x0000000798000000, 0x00000007c0000000)
  eden space 33280K, 0% used [0x0000000795580000,0x0000000795580000,0x0000000797600000)
  from space 5120K, 0% used [0x0000000797600000,0x0000000797600000,0x0000000797b00000)
  to   space 5120K, 0% used [0x0000000797b00000,0x0000000797b00000,0x0000000798000000)
 ParOldGen       total 73216K, used 16622K [0x0000000740000000, 0x0000000744780000, 0x0000000795580000)
  object space 73216K, 22% used [0x0000000740000000,0x000000074103bb30,0x0000000744780000)
 Metaspace       used 20756K, capacity 21099K, committed 21248K, reserved 1069056K
  class space    used 2104K, capacity 2218K, committed 2304K, reserved 1048576K
}

Deoptimization events (10 events):
Event: 3.002 Thread 0x00007fba79c34800 Uncommon trap: reason=unstable_if action=reinterpret pc=0x0000000113e48024 method=java.lang.String.indexOf([CII[CIII)I @ 3
Event: 3.972 Thread 0x00007fba7b2e4800 Uncommon trap: reason=unstable_if action=reinterpret pc=0x0000000113e4a5d0 method=java.lang.AbstractStringBuilder.append(Ljava/lang/String;)Ljava/lang/AbstractStringBuilder; @ 1
Event: 4.180 Thread 0x00007fba7b2e4800 Uncommon trap: reason=unstable_if action=reinterpret pc=0x0000000114091460 method=sun.misc.FloatingDecimal.readJavaFormatString(Ljava/lang/String;)Lsun/misc/FloatingDecimal$ASCIIToBinaryConverter; @ 445
Event: 4.363 Thread 0x00007fba7b2e4800 Uncommon trap: reason=unstable_if action=reinterpret pc=0x000000011405a5e4 method=java.util.HashMap$HashIterator.<init>(Ljava/util/HashMap;)V @ 38
Event: 4.469 Thread 0x00007fba7b2e4800 Uncommon trap: reason=unstable_if action=reinterpret pc=0x000000011408d7d0 method=java.lang.String.trim()Ljava/lang/String; @ 23
Event: 5.901 Thread 0x00007fba7b2e4800 Uncommon trap: reason=unstable_if action=reinterpret pc=0x0000000114396250 method=processing.core.PApplet.min(II)I @ 2
Event: 8.269 Thread 0x00007fba7b2e4800 Uncommon trap: reason=unstable_if action=reinterpret pc=0x00000001144909a8 method=java.util.WeakHashMap.get(Ljava/lang/Object;)Ljava/lang/Object; @ 35
Event: 8.271 Thread 0x00007fba7a9de800 Uncommon trap: reason=unstable_if action=reinterpret pc=0x00000001143da5f8 method=java.awt.font.FontRenderContext.equals(Ljava/awt/font/FontRenderContext;)Z @ 2
Event: 8.271 Thread 0x00007fba7a9de800 Uncommon trap: reason=unstable_if action=reinterpret pc=0x00000001143cfb54 method=java.awt.Font.equals(Ljava/lang/Object;)Z @ 2
Event: 8.285 Thread 0x00007fba7a9de800 Uncommon trap: reason=unstable_if action=reinterpret pc=0x00000001143c8538 method=java.awt.font.FontRenderContext.equals(Ljava/awt/font/FontRenderContext;)Z @ 2

Internal exceptions (10 events):
Event: 0.220 Thread 0x00007fba7b005000 Exception <a 'java/lang/NoSuchFieldError': method resolution failed> (0x00000007957959f8) thrown at [/Users/java_re/workspace/8-2-build-macosx-x86_64/jdk8u144/9417/hotspot/src/share/vm/prims/methodHandles.cpp, line 1146]
Event: 0.448 Thread 0x00007fba7b005000 Exception <a 'java/io/FileNotFoundException'> (0x0000000795810ed0) thrown at [/Users/java_re/workspace/8-2-build-macosx-x86_64/jdk8u144/9417/hotspot/src/share/vm/prims/jni.cpp, line 709]
Event: 0.448 Thread 0x00007fba7b005000 Exception <a 'java/io/FileNotFoundException'> (0x0000000795811a38) thrown at [/Users/java_re/workspace/8-2-build-macosx-x86_64/jdk8u144/9417/hotspot/src/share/vm/prims/jni.cpp, line 709]
Event: 0.570 Thread 0x00007fba7b005000 Exception <a 'java/io/FileNotFoundException'> (0x0000000795958498) thrown at [/Users/java_re/workspace/8-2-build-macosx-x86_64/jdk8u144/9417/hotspot/src/share/vm/prims/jni.cpp, line 709]
Event: 3.026 Thread 0x00007fba79c34800 Exception <a 'java/lang/UnsatisfiedLinkError': com.jogamp.common.util.JarUtil.fixNativeLibAttribs(Ljava/lang/String;)Z> (0x0000000796ce02b8) thrown at [/Users/java_re/workspace/8-2-build-macosx-x86_64/jdk8u144/9417/hotspot/src/share/vm/prims/nativeLookup.
Event: 3.251 Thread 0x00007fba79817800 Exception <a 'java/lang/NullPointerException'> (0x00000007956a1830) thrown at [/Users/java_re/workspace/8-2-build-macosx-x86_64/jdk8u144/9417/hotspot/src/share/vm/interpreter/linkResolver.cpp, line 1197]
Event: 3.971 Thread 0x00007fba7b2e4800 Exception <a 'java/io/FileNotFoundException'> (0x0000000796190be0) thrown at [/Users/java_re/workspace/8-2-build-macosx-x86_64/jdk8u144/9417/hotspot/src/share/vm/prims/jni.cpp, line 709]
Event: 3.972 Thread 0x00007fba7b2e4800 Exception <a 'java/io/FileNotFoundException'> (0x000000079619a508) thrown at [/Users/java_re/workspace/8-2-build-macosx-x86_64/jdk8u144/9417/hotspot/src/share/vm/prims/jni.cpp, line 709]
Event: 3.972 Thread 0x00007fba7b2e4800 Implicit null exception at 0x0000000113e4a1f6 to 0x0000000113e4a5b9
Event: 4.363 Thread 0x00007fba7b2e4800 Implicit null exception at 0x000000011405a386 to 0x000000011405a5cd

Events (10 events):
Event: 8.294 loading class com/jogamp/nativewindow/awt/JAWTWindow$JAWTComponentListener$2
Event: 8.294 loading class com/jogamp/nativewindow/awt/JAWTWindow$JAWTComponentListener$2 done
Event: 8.296 loading class jogamp/nativewindow/jawt/macosx/MacOSXJAWTWindow$1
Event: 8.296 loading class jogamp/nativewindow/jawt/macosx/MacOSXJAWTWindow$1 done
Event: 8.297 loading class java/awt/LightweightDispatcher$2
Event: 8.297 loading class java/awt/LightweightDispatcher$2 done
Event: 8.298 loading class java/awt/event/AWTEventListenerProxy
Event: 8.298 loading class java/awt/event/AWTEventListenerProxy done
Event: 8.298 loading class java/awt/Toolkit$ToolkitEventMulticaster
Event: 8.298 loading class java/awt/Toolkit$ToolkitEventMulticaster done


Dynamic libraries:
0x0000000002b1d000 	/System/Library/Frameworks/Cocoa.framework/Versions/A/Cocoa
0x0000000002b1d000 	/System/Library/Frameworks/Security.framework/Versions/A/Security
0x0000000002b1d000 	/System/Library/Frameworks/ApplicationServices.framework/Versions/A/ApplicationServices
0x0000000002b1d000 	/usr/lib/libz.1.dylib
0x0000000002b1d000 	/usr/lib/libSystem.B.dylib
0x0000000002b1d000 	/usr/lib/libobjc.A.dylib
0x0000000002b1d000 	/System/Library/Frameworks/CoreFoundation.framework/Versions/A/CoreFoundation
0x0000000002b1d000 	/System/Library/Frameworks/Foundation.framework/Versions/C/Foundation
0x0000000002b1d000 	/System/Library/Frameworks/AppKit.framework/Versions/C/AppKit
0x0000000002b1d000 	/System/Library/Frameworks/CoreData.framework/Versions/A/CoreData
0x0000000002b1d000 	/System/Library/PrivateFrameworks/RemoteViewServices.framework/Versions/A/RemoteViewServices
0x0000000002b1d000 	/System/Library/PrivateFrameworks/UIFoundation.framework/Versions/A/UIFoundation
0x0000000002b1d000 	/System/Library/PrivateFrameworks/DFRFoundation.framework/Versions/A/DFRFoundation
0x0000000002b1d000 	/usr/lib/libenergytrace.dylib
0x0000000002b1d000 	/System/Library/PrivateFrameworks/SkyLight.framework/Versions/A/SkyLight
0x0000000002b1d000 	/System/Library/Frameworks/CoreGraphics.framework/Versions/A/CoreGraphics
0x0000000002b1d000 	/usr/lib/libScreenReader.dylib
0x0000000002b1d000 	/System/Library/Frameworks/Accelerate.framework/Versions/A/Accelerate
0x0000000002b1d000 	/System/Library/Frameworks/IOSurface.framework/Versions/A/IOSurface
0x0000000002b1d000 	/System/Library/Frameworks/AudioToolbox.framework/Versions/A/AudioToolbox
0x0000000002b1d000 	/System/Library/Frameworks/AudioUnit.framework/Versions/A/AudioUnit
0x0000000002b1d000 	/System/Library/PrivateFrameworks/DataDetectorsCore.framework/Versions/A/DataDetectorsCore
0x0000000002b1d000 	/System/Library/PrivateFrameworks/DesktopServicesPriv.framework/Versions/A/DesktopServicesPriv
0x0000000002b1d000 	/System/Library/Frameworks/Carbon.framework/Versions/A/Frameworks/HIToolbox.framework/Versions/A/HIToolbox
0x0000000002b1d000 	/usr/lib/libicucore.A.dylib
0x0000000002b1d000 	/System/Library/Frameworks/QuartzCore.framework/Versions/A/QuartzCore
0x0000000002b1d000 	/System/Library/Frameworks/Carbon.framework/Versions/A/Frameworks/SpeechRecognition.framework/Versions/A/SpeechRecognition
0x0000000002b1d000 	/usr/lib/libauto.dylib
0x0000000002b1d000 	/usr/lib/libxml2.2.dylib
0x0000000002b1d000 	/System/Library/PrivateFrameworks/CoreUI.framework/Versions/A/CoreUI
0x0000000002b1d000 	/System/Library/Frameworks/CoreAudio.framework/Versions/A/CoreAudio
0x0000000002b1d000 	/System/Library/Frameworks/DiskArbitration.framework/Versions/A/DiskArbitration
0x0000000002b1d000 	/usr/lib/liblangid.dylib
0x0000000002b1d000 	/System/Library/PrivateFrameworks/MultitouchSupport.framework/Versions/A/MultitouchSupport
0x0000000002b1d000 	/System/Library/Frameworks/IOKit.framework/Versions/A/IOKit
0x0000000002b1d000 	/usr/lib/libDiagnosticMessagesClient.dylib
0x0000000002b1d000 	/System/Library/Frameworks/CoreServices.framework/Versions/A/CoreServices
0x0000000002b1d000 	/System/Library/PrivateFrameworks/PerformanceAnalysis.framework/Versions/A/PerformanceAnalysis
0x0000000002b1d000 	/System/Library/PrivateFrameworks/GenerationalStorage.framework/Versions/A/GenerationalStorage
0x0000000002b1d000 	/System/Library/Frameworks/OpenGL.framework/Versions/A/OpenGL
0x0000000002b1d000 	/System/Library/Frameworks/CoreImage.framework/Versions/A/CoreImage
0x0000000002b1d000 	/System/Library/Frameworks/CoreText.framework/Versions/A/CoreText
0x0000000002b1d000 	/System/Library/Frameworks/ImageIO.framework/Versions/A/ImageIO
0x0000000002b1d000 	/System/Library/PrivateFrameworks/Backup.framework/Versions/A/Backup
0x0000000002b1d000 	/usr/lib/libarchive.2.dylib
0x0000000002b1d000 	/System/Library/Frameworks/CFNetwork.framework/Versions/A/CFNetwork
0x0000000002b1d000 	/System/Library/Frameworks/SystemConfiguration.framework/Versions/A/SystemConfiguration
0x0000000002b1d000 	/usr/lib/libCRFSuite.dylib
0x0000000002b1d000 	/usr/lib/libc++.1.dylib
0x0000000002b1d000 	/usr/lib/libc++abi.dylib
0x0000000002b1d000 	/usr/lib/system/libcache.dylib
0x0000000002b1d000 	/usr/lib/system/libcommonCrypto.dylib
0x0000000002b1d000 	/usr/lib/system/libcompiler_rt.dylib
0x0000000002b1d000 	/usr/lib/system/libcopyfile.dylib
0x0000000002b1d000 	/usr/lib/system/libcorecrypto.dylib
0x0000000002b1d000 	/usr/lib/system/libdispatch.dylib
0x0000000002b1d000 	/usr/lib/system/libdyld.dylib
0x0000000002b1d000 	/usr/lib/system/libkeymgr.dylib
0x0000000002b1d000 	/usr/lib/system/liblaunch.dylib
0x0000000002b1d000 	/usr/lib/system/libmacho.dylib
0x0000000002b1d000 	/usr/lib/system/libquarantine.dylib
0x0000000002b1d000 	/usr/lib/system/libremovefile.dylib
0x0000000002b1d000 	/usr/lib/system/libsystem_asl.dylib
0x0000000002b1d000 	/usr/lib/system/libsystem_blocks.dylib
0x0000000002b1d000 	/usr/lib/system/libsystem_c.dylib
0x0000000002b1d000 	/usr/lib/system/libsystem_configuration.dylib
0x0000000002b1d000 	/usr/lib/system/libsystem_coreservices.dylib
0x0000000002b1d000 	/usr/lib/system/libsystem_coretls.dylib
0x0000000002b1d000 	/usr/lib/system/libsystem_dnssd.dylib
0x0000000002b1d000 	/usr/lib/system/libsystem_info.dylib
0x0000000002b1d000 	/usr/lib/system/libsystem_kernel.dylib
0x0000000002b1d000 	/usr/lib/system/libsystem_m.dylib
0x0000000002b1d000 	/usr/lib/system/libsystem_malloc.dylib
0x0000000002b1d000 	/usr/lib/system/libsystem_network.dylib
0x0000000002b1d000 	/usr/lib/system/libsystem_networkextension.dylib
0x0000000002b1d000 	/usr/lib/system/libsystem_notify.dylib
0x0000000002b1d000 	/usr/lib/system/libsystem_platform.dylib
0x0000000002b1d000 	/usr/lib/system/libsystem_pthread.dylib
0x0000000002b1d000 	/usr/lib/system/libsystem_sandbox.dylib
0x0000000002b1d000 	/usr/lib/system/libsystem_secinit.dylib
0x0000000002b1d000 	/usr/lib/system/libsystem_symptoms.dylib
0x0000000002b1d000 	/usr/lib/system/libsystem_trace.dylib
0x0000000002b1d000 	/usr/lib/system/libunwind.dylib
0x0000000002b1d000 	/usr/lib/system/libxpc.dylib
0x0000000002b1d000 	/usr/lib/libbsm.0.dylib
0x0000000002b1d000 	/usr/lib/system/libkxld.dylib
0x0000000002b1d000 	/usr/lib/libcoretls.dylib
0x0000000002b1d000 	/usr/lib/libcoretls_cfhelpers.dylib
0x0000000002b1d000 	/usr/lib/libOpenScriptingUtil.dylib
0x0000000002b1d000 	/usr/lib/libpam.2.dylib
0x0000000002b1d000 	/usr/lib/libsqlite3.dylib
0x0000000002b1d000 	/usr/lib/libxar.1.dylib
0x0000000002b1d000 	/usr/lib/libbz2.1.0.dylib
0x0000000002b1d000 	/usr/lib/liblzma.5.dylib
0x0000000002b1d000 	/usr/lib/libnetwork.dylib
0x0000000002b1d000 	/usr/lib/libpcap.A.dylib
0x0000000002b1d000 	/System/Library/Frameworks/CoreServices.framework/Versions/A/Frameworks/FSEvents.framework/Versions/A/FSEvents
0x0000000002b1d000 	/System/Library/Frameworks/CoreServices.framework/Versions/A/Frameworks/CarbonCore.framework/Versions/A/CarbonCore
0x0000000002b1d000 	/System/Library/Frameworks/CoreServices.framework/Versions/A/Frameworks/Metadata.framework/Versions/A/Metadata
0x0000000002b1d000 	/System/Library/Frameworks/CoreServices.framework/Versions/A/Frameworks/OSServices.framework/Versions/A/OSServices
0x0000000002b1d000 	/System/Library/Frameworks/CoreServices.framework/Versions/A/Frameworks/SearchKit.framework/Versions/A/SearchKit
0x0000000002b1d000 	/System/Library/Frameworks/CoreServices.framework/Versions/A/Frameworks/AE.framework/Versions/A/AE
0x0000000002b1d000 	/System/Library/Frameworks/CoreServices.framework/Versions/A/Frameworks/LaunchServices.framework/Versions/A/LaunchServices
0x0000000002b1d000 	/System/Library/Frameworks/CoreServices.framework/Versions/A/Frameworks/DictionaryServices.framework/Versions/A/DictionaryServices
0x0000000002b1d000 	/System/Library/Frameworks/CoreServices.framework/Versions/A/Frameworks/SharedFileList.framework/Versions/A/SharedFileList
0x0000000002b1d000 	/System/Library/Frameworks/NetFS.framework/Versions/A/NetFS
0x0000000002b1d000 	/System/Library/PrivateFrameworks/NetAuth.framework/Versions/A/NetAuth
0x0000000002b1d000 	/System/Library/PrivateFrameworks/login.framework/Versions/A/Frameworks/loginsupport.framework/Versions/A/loginsupport
0x0000000002b1d000 	/System/Library/PrivateFrameworks/TCC.framework/Versions/A/TCC
0x0000000002b1d000 	/usr/lib/libmecabra.dylib
0x0000000002b1d000 	/System/Library/Frameworks/ApplicationServices.framework/Versions/A/Frameworks/ATS.framework/Versions/A/ATS
0x0000000002b1d000 	/System/Library/Frameworks/ApplicationServices.framework/Versions/A/Frameworks/ColorSync.framework/Versions/A/ColorSync
0x0000000002b1d000 	/System/Library/Frameworks/ApplicationServices.framework/Versions/A/Frameworks/HIServices.framework/Versions/A/HIServices
0x0000000002b1d000 	/System/Library/Frameworks/ApplicationServices.framework/Versions/A/Frameworks/LangAnalysis.framework/Versions/A/LangAnalysis
0x0000000002b1d000 	/System/Library/Frameworks/ApplicationServices.framework/Versions/A/Frameworks/PrintCore.framework/Versions/A/PrintCore
0x0000000002b1d000 	/System/Library/Frameworks/ApplicationServices.framework/Versions/A/Frameworks/QD.framework/Versions/A/QD
0x0000000002b1d000 	/System/Library/Frameworks/ApplicationServices.framework/Versions/A/Frameworks/SpeechSynthesis.framework/Versions/A/SpeechSynthesis
0x0000000002b1d000 	/System/Library/Frameworks/Accelerate.framework/Versions/A/Frameworks/vImage.framework/Versions/A/vImage
0x0000000002b1d000 	/System/Library/Frameworks/Accelerate.framework/Versions/A/Frameworks/vecLib.framework/Versions/A/vecLib
0x0000000002b1d000 	/System/Library/Frameworks/Accelerate.framework/Versions/A/Frameworks/vecLib.framework/Versions/A/libvDSP.dylib
0x0000000002b1d000 	/System/Library/Frameworks/Accelerate.framework/Versions/A/Frameworks/vecLib.framework/Versions/A/libBNNS.dylib
0x0000000002b1d000 	/System/Library/Frameworks/Accelerate.framework/Versions/A/Frameworks/vecLib.framework/Versions/A/libQuadrature.dylib
0x0000000002b1d000 	/System/Library/Frameworks/Accelerate.framework/Versions/A/Frameworks/vecLib.framework/Versions/A/libvMisc.dylib
0x0000000002b1d000 	/System/Library/Frameworks/Accelerate.framework/Versions/A/Frameworks/vecLib.framework/Versions/A/libLAPACK.dylib
0x0000000002b1d000 	/System/Library/Frameworks/Accelerate.framework/Versions/A/Frameworks/vecLib.framework/Versions/A/libBLAS.dylib
0x0000000002b1d000 	/System/Library/Frameworks/Accelerate.framework/Versions/A/Frameworks/vecLib.framework/Versions/A/libLinearAlgebra.dylib
0x0000000002b1d000 	/System/Library/Frameworks/Accelerate.framework/Versions/A/Frameworks/vecLib.framework/Versions/A/libSparseBLAS.dylib
0x0000000002b1d000 	/System/Library/Frameworks/ApplicationServices.framework/Versions/A/Frameworks/ATS.framework/Versions/A/Resources/libFontParser.dylib
0x0000000002b1d000 	/System/Library/Frameworks/ApplicationServices.framework/Versions/A/Frameworks/ATS.framework/Versions/A/Resources/libFontRegistry.dylib
0x0000000002b1d000 	/System/Library/Frameworks/ImageIO.framework/Versions/A/Resources/libJPEG.dylib
0x0000000002b1d000 	/System/Library/Frameworks/ImageIO.framework/Versions/A/Resources/libTIFF.dylib
0x0000000002b1d000 	/System/Library/Frameworks/ImageIO.framework/Versions/A/Resources/libPng.dylib
0x0000000002b1d000 	/System/Library/Frameworks/ImageIO.framework/Versions/A/Resources/libGIF.dylib
0x0000000002b1d000 	/System/Library/Frameworks/ImageIO.framework/Versions/A/Resources/libJP2.dylib
0x0000000002b1d000 	/System/Library/Frameworks/ImageIO.framework/Versions/A/Resources/libRadiance.dylib
0x0000000002b1d000 	/usr/lib/libcompression.dylib
0x0000000002b1d000 	/System/Library/PrivateFrameworks/AppleJPEG.framework/Versions/A/AppleJPEG
0x0000000002b1d000 	/usr/lib/libcups.2.dylib
0x0000000002b1d000 	/System/Library/Frameworks/Kerberos.framework/Versions/A/Kerberos
0x0000000002b1d000 	/System/Library/Frameworks/GSS.framework/Versions/A/GSS
0x0000000002b1d000 	/usr/lib/libresolv.9.dylib
0x0000000002b1d000 	/usr/lib/libiconv.2.dylib
0x0000000002b1d000 	/System/Library/PrivateFrameworks/Heimdal.framework/Versions/A/Heimdal
0x0000000002b1d000 	/usr/lib/libheimdal-asn1.dylib
0x0000000002b1d000 	/System/Library/Frameworks/OpenDirectory.framework/Versions/A/OpenDirectory
0x0000000002b1d000 	/System/Library/PrivateFrameworks/CommonAuth.framework/Versions/A/CommonAuth
0x0000000002b1d000 	/System/Library/Frameworks/OpenDirectory.framework/Versions/A/Frameworks/CFOpenDirectory.framework/Versions/A/CFOpenDirectory
0x0000000002b1d000 	/System/Library/Frameworks/SecurityFoundation.framework/Versions/A/SecurityFoundation
0x0000000002b1d000 	/System/Library/PrivateFrameworks/LanguageModeling.framework/Versions/A/LanguageModeling
0x0000000002b1d000 	/usr/lib/libmarisa.dylib
0x0000000002b1d000 	/usr/lib/libChineseTokenizer.dylib
0x0000000002b1d000 	/usr/lib/libcmph.dylib
0x0000000002b1d000 	/System/Library/PrivateFrameworks/CoreEmoji.framework/Versions/A/CoreEmoji
0x0000000002b1d000 	/System/Library/Frameworks/ServiceManagement.framework/Versions/A/ServiceManagement
0x0000000002b1d000 	/usr/lib/libxslt.1.dylib
0x0000000002b1d000 	/System/Library/Frameworks/Carbon.framework/Versions/A/Frameworks/Ink.framework/Versions/A/Ink
0x0000000002b1d000 	/System/Library/PrivateFrameworks/TextureIO.framework/Versions/A/TextureIO
0x0000000002b1d000 	/System/Library/Frameworks/Metal.framework/Versions/A/Metal
0x0000000002b1d000 	/usr/lib/libate.dylib
0x0000000002b1d000 	/System/Library/PrivateFrameworks/GPUCompiler.framework/libmetal_timestamp.dylib
0x0000000002b1d000 	/System/Library/Frameworks/OpenGL.framework/Versions/A/Libraries/libCoreFSCache.dylib
0x0000000002b1d000 	/System/Library/PrivateFrameworks/IOAccelerator.framework/Versions/A/IOAccelerator
0x0000000002b1d000 	/System/Library/Frameworks/CoreVideo.framework/Versions/A/CoreVideo
0x0000000002b1d000 	/usr/lib/libFosl_dynamic.dylib
0x0000000002b1d000 	/System/Library/PrivateFrameworks/MetalPerformanceShaders.framework/Versions/A/MetalPerformanceShaders
0x0000000002b1d000 	/System/Library/PrivateFrameworks/FaceCore.framework/Versions/A/FaceCore
0x0000000002b1d000 	/System/Library/Frameworks/OpenCL.framework/Versions/A/OpenCL
0x0000000002b1d000 	/System/Library/Frameworks/OpenGL.framework/Versions/A/Libraries/libGLU.dylib
0x0000000002b1d000 	/System/Library/Frameworks/OpenGL.framework/Versions/A/Libraries/libGFXShared.dylib
0x0000000002b1d000 	/System/Library/Frameworks/OpenGL.framework/Versions/A/Libraries/libGL.dylib
0x0000000002b1d000 	/System/Library/Frameworks/OpenGL.framework/Versions/A/Libraries/libGLImage.dylib
0x0000000002b1d000 	/System/Library/Frameworks/OpenGL.framework/Versions/A/Libraries/libCVMSPluginSupport.dylib
0x0000000002b1d000 	/System/Library/Frameworks/OpenGL.framework/Versions/A/Libraries/libCoreVMClient.dylib
0x0000000002b1d000 	/System/Library/PrivateFrameworks/CrashReporterSupport.framework/Versions/A/CrashReporterSupport
0x0000000002b1d000 	/System/Library/PrivateFrameworks/Sharing.framework/Versions/A/Sharing
0x0000000002b1d000 	/System/Library/PrivateFrameworks/IconServices.framework/Versions/A/IconServices
0x0000000002b1d000 	/System/Library/PrivateFrameworks/ProtocolBuffer.framework/Versions/A/ProtocolBuffer
0x0000000002b1d000 	/System/Library/PrivateFrameworks/Apple80211.framework/Versions/A/Apple80211
0x0000000002b1d000 	/System/Library/Frameworks/CoreWLAN.framework/Versions/A/CoreWLAN
0x0000000002b1d000 	/System/Library/PrivateFrameworks/CoreUtils.framework/Versions/A/CoreUtils
0x0000000002b1d000 	/System/Library/Frameworks/IOBluetooth.framework/Versions/A/IOBluetooth
0x0000000002b1d000 	/System/Library/PrivateFrameworks/CoreWiFi.framework/Versions/A/CoreWiFi
0x0000000002b1d000 	/System/Library/Frameworks/CoreBluetooth.framework/Versions/A/CoreBluetooth
0x0000000002b1d000 	/System/Library/Frameworks/CoreDisplay.framework/Versions/A/CoreDisplay
0x0000000002b1d000 	/System/Library/PrivateFrameworks/IOPresentment.framework/Versions/A/IOPresentment
0x0000000002b1d000 	/System/Library/PrivateFrameworks/DSExternalDisplay.framework/Versions/A/DSExternalDisplay
0x0000000002b1d000 	/System/Library/PrivateFrameworks/DebugSymbols.framework/Versions/A/DebugSymbols
0x0000000002b1d000 	/System/Library/PrivateFrameworks/CoreSymbolication.framework/Versions/A/CoreSymbolication
0x0000000002b1d000 	/System/Library/PrivateFrameworks/Symbolication.framework/Versions/A/Symbolication
0x0000000002b1d000 	/System/Library/PrivateFrameworks/AppleFSCompression.framework/Versions/A/AppleFSCompression
0x0000000002b1d000 	/System/Library/PrivateFrameworks/SpeechRecognitionCore.framework/Versions/A/SpeechRecognitionCore
0x0000000002b1d000 	/System/Library/PrivateFrameworks/ChunkingLibrary.framework/Versions/A/ChunkingLibrary
0x000000010fa00000 	/Library/Java/JavaVirtualMachines/jdk1.8.0_144.jdk/Contents/Home/jre/lib/server/libjvm.dylib
0x0000000002b1d000 	/usr/lib/libstdc++.6.dylib
0x000000010f136000 	/Library/Java/JavaVirtualMachines/jdk1.8.0_144.jdk/Contents/Home/jre/lib/libverify.dylib
0x000000010f144000 	/Library/Java/JavaVirtualMachines/jdk1.8.0_144.jdk/Contents/Home/jre/lib/libjava.dylib
0x000000010f183000 	/Library/Java/JavaVirtualMachines/jdk1.8.0_144.jdk/Contents/Home/jre/lib/libzip.dylib
0x000000011329b000 	/System/Library/Frameworks/JavaVM.framework/Frameworks/JavaRuntimeSupport.framework/JavaRuntimeSupport
0x00000001132b5000 	/System/Library/Frameworks/JavaVM.framework/Versions/A/Frameworks/JavaNativeFoundation.framework/Versions/A/JavaNativeFoundation
0x00000001132ca000 	/System/Library/Frameworks/JavaVM.framework/Versions/A/JavaVM
0x0000000002b1d000 	/System/Library/Frameworks/Carbon.framework/Versions/A/Carbon
0x00000001132d7000 	/System/Library/PrivateFrameworks/JavaLaunching.framework/Versions/A/JavaLaunching
0x0000000002b1d000 	/System/Library/Frameworks/Carbon.framework/Versions/A/Frameworks/CommonPanels.framework/Versions/A/CommonPanels
0x0000000002b1d000 	/System/Library/Frameworks/Carbon.framework/Versions/A/Frameworks/Help.framework/Versions/A/Help
0x0000000002b1d000 	/System/Library/Frameworks/Carbon.framework/Versions/A/Frameworks/ImageCapture.framework/Versions/A/ImageCapture
0x0000000002b1d000 	/System/Library/Frameworks/Carbon.framework/Versions/A/Frameworks/OpenScripting.framework/Versions/A/OpenScripting
0x0000000002b1d000 	/System/Library/Frameworks/Carbon.framework/Versions/A/Frameworks/Print.framework/Versions/A/Print
0x0000000002b1d000 	/System/Library/Frameworks/Carbon.framework/Versions/A/Frameworks/SecurityHI.framework/Versions/A/SecurityHI
0x000000011332b000 	/Library/Java/JavaVirtualMachines/jdk1.8.0_144.jdk/Contents/Home/jre/lib/libawt.dylib
0x00000001133d3000 	/Library/Java/JavaVirtualMachines/jdk1.8.0_144.jdk/Contents/Home/jre/lib/./libmlib_image.dylib
0x000000011349f000 	/Library/Java/JavaVirtualMachines/jdk1.8.0_144.jdk/Contents/Home/jre/lib/libawt_lwawt.dylib
0x0000000113556000 	/Library/Java/JavaVirtualMachines/jdk1.8.0_144.jdk/Contents/Home/jre/lib/./libosxapp.dylib
0x0000000002b1d000 	/System/Library/Frameworks/ExceptionHandling.framework/Versions/A/ExceptionHandling
0x0000000002b1d000 	/System/Library/PrivateFrameworks/CoreServicesInternal.framework/Versions/A/CoreServicesInternal
0x0000000002b1d000 	/System/Library/CoreServices/RawCamera.bundle/Contents/MacOS/RawCamera
0x0000000002b1d000 	/System/Library/Frameworks/Accelerate.framework/Versions/A/Frameworks/vImage.framework/Versions/A/Libraries/libCGInterfaces.dylib
0x0000000002b1d000 	/System/Library/Frameworks/ApplicationServices.framework/Versions/A/Frameworks/ATS.framework/Versions/A/Resources/libTrueTypeScaler.dylib
0x0000000129ba1000 	/System/Library/Frameworks/OpenGL.framework/Resources/GLEngine.bundle/GLEngine
0x0000000002b1d000 	/System/Library/Frameworks/OpenGL.framework/Versions/A/Libraries/libGLProgrammability.dylib
0x0000000129d86000 	/System/Library/Extensions/AppleIntelBDWGraphicsGLDriver.bundle/Contents/MacOS/AppleIntelBDWGraphicsGLDriver
0x0000000002b1d000 	/System/Library/PrivateFrameworks/GPUSupport.framework/Versions/A/Libraries/libGPUSupportMercury.dylib
0x000000012a4f0000 	/System/Library/Frameworks/OpenGL.framework/Resources//GLRendererFloat.bundle/GLRendererFloat
0x0000000002b1d000 	/System/Library/Frameworks/OpenCL.framework/Versions/A/Libraries/libcldcpuengine.dylib
0x0000000002b1d000 	/usr/lib/libcrypto.0.9.8.dylib
0x0000000002b1d000 	/System/Library/PrivateFrameworks/TrustEvaluationAgent.framework/Versions/A/TrustEvaluationAgent
0x000000012a524000 	/System/Library/Extensions/AppleIntelBDWGraphicsMTLDriver.bundle/Contents/MacOS/AppleIntelBDWGraphicsMTLDriver
0x0000000002b1d000 	/System/Library/PrivateFrameworks/FamilyControls.framework/Versions/A/FamilyControls
0x0000000002b1d000 	/System/Library/PrivateFrameworks/CommerceKit.framework/Versions/A/Frameworks/CommerceCore.framework/Versions/A/CommerceCore
0x0000000002b1d000 	/System/Library/PrivateFrameworks/SystemAdministration.framework/Versions/A/SystemAdministration
0x0000000002b1d000 	/System/Library/PrivateFrameworks/AppContainer.framework/Versions/A/AppContainer
0x0000000002b1d000 	/System/Library/PrivateFrameworks/SecCodeWrapper.framework/Versions/A/SecCodeWrapper
0x0000000002b1d000 	/System/Library/Frameworks/DirectoryService.framework/Versions/A/DirectoryService
0x0000000002b1d000 	/System/Library/PrivateFrameworks/DiskImages.framework/Versions/A/DiskImages
0x0000000002b1d000 	/System/Library/PrivateFrameworks/LoginUIKit.framework/Versions/A/Frameworks/LoginUICore.framework/Versions/A/LoginUICore
0x0000000002b1d000 	/usr/lib/libCoreStorage.dylib
0x0000000002b1d000 	/usr/lib/libcsfde.dylib
0x0000000002b1d000 	/usr/lib/libodfde.dylib
0x0000000002b1d000 	/System/Library/Frameworks/DiscRecording.framework/Versions/A/DiscRecording
0x0000000002b1d000 	/usr/lib/libcurl.4.dylib
0x0000000002b1d000 	/System/Library/PrivateFrameworks/MediaKit.framework/Versions/A/MediaKit
0x0000000002b1d000 	/System/Library/PrivateFrameworks/ProtectedCloudStorage.framework/Versions/A/ProtectedCloudStorage
0x0000000002b1d000 	/System/Library/PrivateFrameworks/EFILogin.framework/Versions/A/EFILogin
0x0000000002b1d000 	/usr/lib/libutil.dylib
0x0000000002b1d000 	/System/Library/Frameworks/LDAP.framework/Versions/A/LDAP
0x0000000002b1d000 	/usr/lib/libsasl2.2.dylib
0x0000000002b1d000 	/System/Library/PrivateFrameworks/CoreDaemon.framework/Versions/B/CoreDaemon
0x0000000002b1d000 	/System/Library/PrivateFrameworks/AppleSRP.framework/Versions/A/AppleSRP
0x0000000002b1d000 	/System/Library/PrivateFrameworks/APFS.framework/Versions/A/APFS
0x000000012c47e000 	/Library/Java/JavaVirtualMachines/jdk1.8.0_144.jdk/Contents/Home/jre/lib/libfontmanager.dylib
0x0000000002b1d000 	/System/Library/PrivateFrameworks/ViewBridge.framework/Versions/A/ViewBridge
0x0000000002b1d000 	/System/Library/PrivateFrameworks/XPCService.framework/Versions/A/XPCService
0x0000000002b1d000 	/System/Library/PrivateFrameworks/AppSandbox.framework/Versions/A/AppSandbox
0x0000000002b1d000 	/usr/lib/libsandbox.1.dylib
0x0000000002b1d000 	/usr/lib/libMatch.1.dylib
0x000000012d7f9000 	/Library/Java/JavaVirtualMachines/jdk1.8.0_144.jdk/Contents/Home/jre/lib/libosxui.dylib
0x000000012e5a8000 	/Library/Java/JavaVirtualMachines/jdk1.8.0_144.jdk/Contents/Home/jre/lib/libnet.dylib
0x000000012e5bf000 	/Library/Java/JavaVirtualMachines/jdk1.8.0_144.jdk/Contents/Home/jre/lib/libnio.dylib
0x000000012d508000 	/private/var/folders/4g/xxzpq2px2tg5jwrm0_jx44dc0000gn/T/jogamp_0000/file_cache/jln1220140998343435971/jln4997515994674215472/libgluegen-rt.jnilib
0x00000001996ba000 	/private/var/folders/4g/xxzpq2px2tg5jwrm0_jx44dc0000gn/T/jogamp_0000/file_cache/jln1220140998343435971/jln4997515994674215472/libnativewindow_awt.jnilib
0x00000001996bd000 	/Library/Java/JavaVirtualMachines/jdk1.8.0_144.jdk/Contents/Home/jre/lib/libjawt.dylib
0x00000001996c0000 	/private/var/folders/4g/xxzpq2px2tg5jwrm0_jx44dc0000gn/T/jogamp_0000/file_cache/jln1220140998343435971/jln4997515994674215472/libnativewindow_macosx.jnilib
0x000000019b307000 	/private/var/folders/4g/xxzpq2px2tg5jwrm0_jx44dc0000gn/T/jogamp_0000/file_cache/jln1220140998343435971/jln4997515994674215472/libjogl_desktop.jnilib
0x000000019cfd6000 	/Library/Java/JavaVirtualMachines/jdk1.8.0_144.jdk/Contents/Home/jre/lib/libt2k.dylib

VM Arguments:
jvm_args: -Djava.security.policy=java.policy.applet -Dfile.encoding=UTF-8 
java_command: sun.applet.AppletViewer module4.EarthquakeCityMap1506030771640.html
java_class_path (initial): /Users/BeenWu/Library/Mobile Documents/com~apple~CloudDocs/Eclipse Project/UCSDUnfoldingMaps/build:/Users/BeenWu/Library/Mobile Documents/com~apple~CloudDocs/Eclipse Project/UCSDUnfoldingMaps/lib/core.jar:/Users/BeenWu/Library/Mobile Documents/com~apple~CloudDocs/Eclipse Project/UCSDUnfoldingMaps/lib/gluegen-rt.jar:/Users/BeenWu/Library/Mobile Documents/com~apple~CloudDocs/Eclipse Project/UCSDUnfoldingMaps/lib/jogl-all.jar:/Users/BeenWu/Library/Mobile Documents/com~apple~CloudDocs/Eclipse Project/UCSDUnfoldingMaps/lib/log4j-1.2.15.jar:/Users/BeenWu/Library/Mobile Documents/com~apple~CloudDocs/Eclipse Project/UCSDUnfoldingMaps/lib/sqlite-jdbc-3.7.2.jar:/Users/BeenWu/Library/Mobile Documents/com~apple~CloudDocs/Eclipse Project/UCSDUnfoldingMaps/lib/json4processing.jar:/Users/BeenWu/Library/Mobile Documents/com~apple~CloudDocs/Eclipse Project/UCSDUnfoldingMaps/lib/libTUIO.jar:/Users/BeenWu/Library/Mobile Documents/com~apple~CloudDocs/Eclipse Project/UCSDUnfoldingMaps/lib/unfolding.0.9.7-uscd.jar
Launcher Type: SUN_STANDARD

Environment Variables:
PATH=/usr/bin:/bin:/usr/sbin:/sbin
SHELL=/bin/bash

Signal Handlers:
SIGSEGV: [libjvm.dylib+0x5b26e5], sa_mask[0]=11111111011111110111111111111111, sa_flags=SA_ONSTACK|SA_RESTART|SA_SIGINFO
SIGBUS: [libjvm.dylib+0x5b26e5], sa_mask[0]=11111111011111110111111111111111, sa_flags=SA_RESTART|SA_SIGINFO
SIGFPE: [libjvm.dylib+0x489100], sa_mask[0]=11111111011111110111111111111111, sa_flags=SA_RESTART|SA_SIGINFO
SIGPIPE: [libjvm.dylib+0x489100], sa_mask[0]=11111111011111110111111111111111, sa_flags=SA_RESTART|SA_SIGINFO
SIGXFSZ: [libjvm.dylib+0x489100], sa_mask[0]=11111111011111110111111111111111, sa_flags=SA_RESTART|SA_SIGINFO
SIGILL: [libjvm.dylib+0x489100], sa_mask[0]=11111111011111110111111111111111, sa_flags=SA_RESTART|SA_SIGINFO
SIGUSR1: SIG_DFL, sa_mask[0]=00000000000000000000000000000000, sa_flags=none
SIGUSR2: [libjvm.dylib+0x488c1e], sa_mask[0]=00100000000000000000000000000000, sa_flags=SA_RESTART|SA_SIGINFO
SIGHUP: [libjvm.dylib+0x4871f5], sa_mask[0]=11111111011111110111111111111111, sa_flags=SA_RESTART|SA_SIGINFO
SIGINT: [libjvm.dylib+0x4871f5], sa_mask[0]=11111111011111110111111111111111, sa_flags=SA_RESTART|SA_SIGINFO
SIGTERM: [libjvm.dylib+0x4871f5], sa_mask[0]=11111111011111110111111111111111, sa_flags=SA_RESTART|SA_SIGINFO
SIGQUIT: [libjvm.dylib+0x4871f5], sa_mask[0]=11111111011111110111111111111111, sa_flags=SA_RESTART|SA_SIGINFO


---------------  S Y S T E M  ---------------

OS:Bsduname:Darwin 16.7.0 Darwin Kernel Version 16.7.0: Thu Jun 15 17:36:27 PDT 2017; root:xnu-3789.70.16~2/RELEASE_X86_64 x86_64
rlimit: STACK 8192k, CORE 0k, NPROC 709, NOFILE 10240, AS infinity
load average:1.79 1.62 1.55

CPU:total 4 (initial active 4) (2 cores per cpu, 2 threads per core) family 6 model 61 stepping 4, cmov, cx8, fxsr, mmx, sse, sse2, sse3, ssse3, sse4.1, sse4.2, popcnt, avx, avx2, aes, clmul, erms, 3dnowpref, lzcnt, ht, tsc, tscinvbit, bmi1, bmi2, adx

Memory: 4k page, physical 8388608k(1067740k free)

/proc/meminfo:


vm_info: Java HotSpot(TM) 64-Bit Server VM (25.144-b01) for bsd-amd64 JRE (1.8.0_144-b01), built on Jul 21 2017 22:07:42 by "java_re" with gcc 4.2.1 (Based on Apple Inc. build 5658) (LLVM build 2336.11.00)

time: Thu Sep 21 17:52:59 2017
elapsed time: 8 seconds (0d 0h 0m 8s)

