#
# A fatal error has been detected by the Java Runtime Environment:
#
#  SIGSEGV (0xb) at pc=0x00007fffd055405d, pid=3311, tid=0x0000000000000307
#
# JRE version: Java(TM) SE Runtime Environment (8.0_144-b01) (build 1.8.0_144-b01)
# Java VM: Java HotSpot(TM) 64-Bit Server VM (25.144-b01 mixed mode bsd-amd64 compressed oops)
# Problematic frame:
# C  [libobjc.A.dylib+0x705d]  objc_msgSend+0x1d
#
# Failed to write core dump. Core dumps have been disabled. To enable core dumping, try "ulimit -c unlimited" before starting Java again
#
# If you would like to submit a bug report, please visit:
#   http://bugreport.java.com/bugreport/crash.jsp
# The crash happened outside the Java Virtual Machine in native code.
# See problematic frame for where to report the bug.
#

---------------  T H R E A D  ---------------

Current thread (0x00007fbcbe88b000):  JavaThread "AWT-AppKit" daemon [_thread_in_native, id=775, stack(0x00007fff5233a000,0x00007fff52b3a000)]

siginfo: si_signo: 11 (SIGSEGV), si_code: 1 (SEGV_MAPERR), si_addr: 0x0000000000000018

Registers:
RAX=0x00007fbcc349f8a0, RBX=0x0000000197734450, RCX=0x00007fbcc05003c0, RDX=0x0000000000000000
RSP=0x00007fff52b35208, RBP=0x00007fff52b352c0, RSI=0x00007fffb9de0116, RDI=0x00007fbcc07a61b0
R8 =0x0000000000000018, R9 =0x00007fbcc0500410, R10=0x0000000000000000, R11=0x00007fffb9de0116
R12=0x0000000000000000, R13=0x0000000198ef44e8, R14=0x0000000197734440, R15=0x00007fbcbe88b000
RIP=0x00007fffd055405d, EFLAGS=0x0000000000010246, ERR=0x0000000000000004
  TRAPNO=0x000000000000000e

Top of Stack: (sp=0x00007fff52b35208)
0x00007fff52b35208:   0000000197732157 00007fff52b35260
0x00007fff52b35218:   0000000000000003 00007fff52b35240
0x00007fff52b35228:   000000010dbf368e 0000000198ef44e8
0x00007fff52b35238:   0000000198ef44e8 00007fbcc349f8a0
0x00007fff52b35248:   00000001977346a0 0000000197734710
0x00007fff52b35258:   00007fffd65b96d0 00007fffd71e91e0
0x00007fff52b35268:   0000000197734450 0000000197734690
0x00007fff52b35278:   00007fbcc349f8a0 00007fbcc07a61b0
0x00007fff52b35288:   00007fbcc301d0f0 00007fbcc349f8a0
0x00007fff52b35298:   00007fbcc07a61b0 00007fff52b35348
0x00007fff52b352a8:   00007fbcbe88b1f8 0000000198ef44e8
0x00007fff52b352b8:   00007fff52b35370 00007fff52b35338
0x00007fff52b352c8:   00000001147d49f4 0000000198ef44e8
0x00007fff52b352d8:   00007fff52b35370 00007fff52b35338
0x00007fff52b352e8:   00000001147d4787 00000001147d4742
0x00007fff52b352f8:   00007fff52b352f8 0000000198ef44e8
0x00007fff52b35308:   00007fff52b35370 0000000198ef7120
0x00007fff52b35318:   0000000000000000 0000000198ef44e8
0x00007fff52b35328:   0000000000000000 00007fff52b35358
0x00007fff52b35338:   00007fff52b353b8 00000001147c52bd
0x00007fff52b35348:   00000007404a9ed8 00000001147ce538
0x00007fff52b35358:   00007fbcc349f8a0 00007fff52b353b8
0x00007fff52b35368:   00007fbcc07a61b0 00000001147cfe02
0x00007fff52b35378:   00007fff52b35378 0000000198ef46b2
0x00007fff52b35388:   00007fff52b353e0 0000000198ef7120
0x00007fff52b35398:   0000000000000000 0000000198ef46c0
0x00007fff52b353a8:   00007fff52b35358 00007fff52b353c8
0x00007fff52b353b8:   00007fff52b35428 00000001147c52bd
0x00007fff52b353c8:   00007fbcc349f8a0 0000000740413d00
0x00007fff52b353d8:   00007fbcc07a61b0 0000000740413d00
0x00007fff52b353e8:   00007fff52b353e8 000000019fa048e6
0x00007fff52b353f8:   00007fff52b35438 000000019fa049a0 

Instructions: (pc=0x00007fffd055405d)
0x00007fffd055403d:   0f 1f 00 48 85 ff 2e 74 62 40 f6 c7 01 2e 75 66
0x00007fffd055404d:   49 ba f8 ff ff ff ff 7f 00 00 4c 23 17 49 89 f3
0x00007fffd055405d:   45 23 5a 18 49 c1 e3 04 4d 03 5a 10 49 3b 33 75
0x00007fffd055406d:   04 41 ff 63 08 49 83 3b 01 76 0d 49 83 c3 10 49 

Register to memory mapping:

RAX=0x00007fbcc349f8a0 is an unknown value
RBX=0x0000000197734450: Java_jogamp_nativewindow_macosx_OSXUtil_GetScreenRefreshRate0+0x1cf0 in /private/var/folders/4g/xxzpq2px2tg5jwrm0_jx44dc0000gn/T/jogamp_0000/file_cache/jln8120010822934263880/jln5025284306501821801/libnativewindow_macosx.jnilib at 0x000000019772d000
RCX=0x00007fbcc05003c0 is an unknown value
RDX=0x0000000000000000 is an unknown value
RSP=0x00007fff52b35208 is pointing into the stack for thread: 0x00007fbcbe88b000
RBP=0x00007fff52b352c0 is pointing into the stack for thread: 0x00007fbcbe88b000
RSI=0x00007fffb9de0116: __NSStyleNameIndexTable+0x7fd5e in /System/Library/Frameworks/AppKit.framework/Versions/C/AppKit at 0x00007fffb9173000
RDI=0x00007fbcc07a61b0 is an unknown value
R8 =0x0000000000000018 is an unknown value
R9 =0x00007fbcc0500410 is an unknown value
R10=0x0000000000000000 is an unknown value
R11=0x00007fffb9de0116: __NSStyleNameIndexTable+0x7fd5e in /System/Library/Frameworks/AppKit.framework/Versions/C/AppKit at 0x00007fffb9173000
R12=0x0000000000000000 is an unknown value
R13={method} {0x0000000198ef44e8} 'UnsetJAWTRootSurfaceLayer0' '(JJ)V' in 'jogamp/nativewindow/jawt/macosx/MacOSXJAWTWindow'
R14=0x0000000197734440: Java_jogamp_nativewindow_macosx_OSXUtil_GetScreenRefreshRate0+0x1ce0 in /private/var/folders/4g/xxzpq2px2tg5jwrm0_jx44dc0000gn/T/jogamp_0000/file_cache/jln8120010822934263880/jln5025284306501821801/libnativewindow_macosx.jnilib at 0x000000019772d000
R15=0x00007fbcbe88b000 is a thread


Stack: [0x00007fff5233a000,0x00007fff52b3a000],  sp=0x00007fff52b35208,  free space=8172k
Native frames: (J=compiled Java code, j=interpreted, Vv=VM code, C=native code)
C  [libobjc.A.dylib+0x705d]  objc_msgSend+0x1d
j  jogamp.nativewindow.jawt.macosx.MacOSXJAWTWindow.UnsetJAWTRootSurfaceLayer0(JJ)V+0
j  jogamp.nativewindow.jawt.macosx.MacOSXJAWTWindow.access$200(JJ)V+2
j  jogamp.nativewindow.jawt.macosx.MacOSXJAWTWindow$1.run()V+38
J 3039 C1 com.jogamp.common.util.RunnableTask.run()V (345 bytes) @ 0x00000001150c5bb4 [0x00000001150c5a20+0x194]
v  ~StubRoutines::call_stub
V  [libjvm.dylib+0x2ee70a]  JavaCalls::call_helper(JavaValue*, methodHandle*, JavaCallArguments*, Thread*)+0x6ae
V  [libjvm.dylib+0x3258b9]  jni_invoke_nonstatic(JNIEnv_*, JavaValue*, _jobject*, JNICallType, _jmethodID*, JNI_ArgumentPusher*, Thread*)+0x2ec
V  [libjvm.dylib+0x318087]  jni_CallVoidMethod+0x16b
C  [libnativewindow_macosx.jnilib+0x5326]  Java_jogamp_nativewindow_jawt_macosx_MacOSXJAWTWindow_UnsetJAWTRootSurfaceLayer0+0x2b6
C  [Foundation+0x7152a]  __NSThreadPerformPerform+0x146
C  [CoreFoundation+0xa7321]  __CFRUNLOOP_IS_CALLING_OUT_TO_A_SOURCE0_PERFORM_FUNCTION__+0x11
C  [CoreFoundation+0x8821d]  __CFRunLoopDoSources0+0x22d
C  [CoreFoundation+0x87716]  __CFRunLoopRun+0x3a6
C  [CoreFoundation+0x87114]  CFRunLoopRunSpecific+0x1a4
C  [HIToolbox+0x30ebc]  RunCurrentEventLoopInMode+0xf0
C  [HIToolbox+0x30cf1]  ReceiveNextEventCommon+0x1b0
C  [HIToolbox+0x30b26]  _BlockUntilNextEventMatchingListInModeWithFilter+0x47
C  [AppKit+0x46a54]  _DPSNextEvent+0x460
C  [AppKit+0x7c27ee]  -[NSApplication(NSEvent) _nextEventMatchingEventMask:untilDate:inMode:dequeue:]+0xaec
C  [libosxapp.dylib+0x23aa]  -[NSApplicationAWT nextEventMatchingMask:untilDate:inMode:dequeue:]+0x7c
C  [AppKit+0x3b3db]  -[NSApplication run]+0x39e
C  [libosxapp.dylib+0x214d]  +[NSApplicationAWT runAWTLoopWithApp:]+0x9c
C  [libawt_lwawt.dylib+0x45edf]  -[AWTStarter starter:]+0x389
C  [Foundation+0x7152a]  __NSThreadPerformPerform+0x146
C  [CoreFoundation+0xa7321]  __CFRUNLOOP_IS_CALLING_OUT_TO_A_SOURCE0_PERFORM_FUNCTION__+0x11
C  [CoreFoundation+0x8821d]  __CFRunLoopDoSources0+0x22d
C  [CoreFoundation+0x87716]  __CFRunLoopRun+0x3a6
C  [CoreFoundation+0x87114]  CFRunLoopRunSpecific+0x1a4
C  [java+0x6465]  CreateExecutionEnvironment+0x367
C  [java+0x218c]  JLI_Launch+0x7a0
C  [java+0x84c2]  main+0x65
C  [java+0x19e4]  start+0x34
C  0x0000000000000007

Java frames: (J=compiled Java code, j=interpreted, Vv=VM code)
j  jogamp.nativewindow.jawt.macosx.MacOSXJAWTWindow.UnsetJAWTRootSurfaceLayer0(JJ)V+0
j  jogamp.nativewindow.jawt.macosx.MacOSXJAWTWindow.access$200(JJ)V+2
j  jogamp.nativewindow.jawt.macosx.MacOSXJAWTWindow$1.run()V+38
J 3039 C1 com.jogamp.common.util.RunnableTask.run()V (345 bytes) @ 0x00000001150c5bb4 [0x00000001150c5a20+0x194]
v  ~StubRoutines::call_stub

---------------  P R O C E S S  ---------------

Java Threads: ( => current thread )
  0x00007fbcbf91c000 JavaThread "Thread-54" [_thread_blocked, id=74607, stack(0x0000700003e7c000,0x0000700003f7c000)]
  0x00007fbcbf268800 JavaThread "AWT-EventQueue-1" [_thread_in_native, id=69655, stack(0x000070000564d000,0x000070000574d000)]
  0x00007fbcbf2d5800 JavaThread "DestroyJavaVM" [_thread_blocked, id=7171, stack(0x0000700003f82000,0x0000700004082000)]
  0x00007fbcbf196800 JavaThread "AWT-EventQueue-0" [_thread_blocked, id=61203, stack(0x0000700005447000,0x0000700005547000)]
  0x00007fbcbf137000 JavaThread "Java2D Disposer" daemon [_thread_blocked, id=57871, stack(0x00007000051be000,0x00007000052be000)]
  0x00007fbcbe9cb000 JavaThread "Java2D Queue Flusher" daemon [_thread_blocked, id=55815, stack(0x00007000050bb000,0x00007000051bb000)]
  0x00007fbcbe964000 JavaThread "AWT-Shutdown" [_thread_blocked, id=30495, stack(0x0000700004e2f000,0x0000700004f2f000)]
=>0x00007fbcbe88b000 JavaThread "AWT-AppKit" daemon [_thread_in_native, id=775, stack(0x00007fff5233a000,0x00007fff52b3a000)]
  0x00007fbcbf81d800 JavaThread "Service Thread" daemon [_thread_blocked, id=18691, stack(0x0000700004ba6000,0x0000700004ca6000)]
  0x00007fbcbe023000 JavaThread "C1 CompilerThread2" daemon [_thread_blocked, id=18179, stack(0x0000700004aa3000,0x0000700004ba3000)]
  0x00007fbcbe022000 JavaThread "C2 CompilerThread1" daemon [_thread_blocked, id=17667, stack(0x00007000049a0000,0x0000700004aa0000)]
  0x00007fbcbe024800 JavaThread "C2 CompilerThread0" daemon [_thread_blocked, id=17155, stack(0x000070000489d000,0x000070000499d000)]
  0x00007fbcbe024000 JavaThread "Signal Dispatcher" daemon [_thread_blocked, id=16643, stack(0x000070000479a000,0x000070000489a000)]
  0x00007fbcbe803000 JavaThread "Finalizer" daemon [_thread_blocked, id=12547, stack(0x0000700004697000,0x0000700004797000)]
  0x00007fbcbe01c800 JavaThread "Reference Handler" daemon [_thread_blocked, id=12035, stack(0x0000700004594000,0x0000700004694000)]

Other Threads:
  0x00007fbcbf819000 VMThread [stack: 0x0000700004491000,0x0000700004591000] [id=11523]
  0x00007fbcbf82d000 WatcherThread [stack: 0x0000700004ca9000,0x0000700004da9000] [id=19203]

VM state:not at safepoint (normal execution)

VM Mutex/Monitor currently owned by a thread: None

Heap:
 PSYoungGen      total 107520K, used 101282K [0x0000000795580000, 0x00000007a0100000, 0x00000007c0000000)
  eden space 93184K, 94% used [0x0000000795580000,0x000000079ab9c648,0x000000079b080000)
  from space 14336K, 91% used [0x000000079b080000,0x000000079bd4c390,0x000000079be80000)
  to   space 15872K, 0% used [0x000000079f180000,0x000000079f180000,0x00000007a0100000)
 ParOldGen       total 52736K, used 17051K [0x0000000740000000, 0x0000000743380000, 0x0000000795580000)
  object space 52736K, 32% used [0x0000000740000000,0x00000007410a6cc0,0x0000000743380000)
 Metaspace       used 25028K, capacity 25435K, committed 25728K, reserved 1073152K
  class space    used 2499K, capacity 2626K, committed 2688K, reserved 1048576K

Card table byte_map: [0x000000010ed67000,0x000000010f168000] byte_map_base: 0x000000010b367000

Marking Bits: (ParMarkBitMap*) 0x000000010e2f35d0
 Begin Bits: [0x000000010f413000, 0x0000000111413000)
 End Bits:   [0x0000000111413000, 0x0000000113413000)

Polling page: 0x000000010d186000

CodeCache: size=245760Kb used=10598Kb max_used=10616Kb free=235161Kb
 bounds [0x00000001147bd000, 0x000000011523d000, 0x00000001237bd000]
 total_blobs=4099 nmethods=3147 adapters=865
 compilation: enabled

Compilation events (10 events):
Event: 38.211 Thread 0x00007fbcbe022000 3706       4       java.util.HashMap::putVal (300 bytes)
Event: 38.212 Thread 0x00007fbcbe023000 3707       3       sun.java2d.SunGraphics2D::setColor (108 bytes)
Event: 38.212 Thread 0x00007fbcbe023000 nmethod 3707 0x00000001151907d0 code [0x0000000115190960, 0x0000000115190e98]
Event: 38.212 Thread 0x00007fbcbe023000 3708       1       sun.java2d.SurfaceData::isValid (5 bytes)
Event: 38.212 Thread 0x00007fbcbe023000 nmethod 3708 0x000000011518f890 code [0x000000011518f9e0, 0x000000011518faf0]
Event: 38.214 Thread 0x00007fbcbe024800 3709  s!   4       sun.misc.URLClassPath::getLoader (243 bytes)
Event: 38.220 Thread 0x00007fbcbe024800 nmethod 3709 0x00000001151e0fd0 code [0x00000001151e1140, 0x00000001151e1918]
Event: 38.222 Thread 0x00007fbcbe022000 nmethod 3706 0x00000001151e02d0 code [0x00000001151e0480, 0x00000001151e0a48]
Event: 38.224 Thread 0x00007fbcbe023000 3710       3       java.util.LinkedHashMap::afterNodeRemoval (65 bytes)
Event: 38.225 Thread 0x00007fbcbe023000 nmethod 3710 0x00000001151900d0 code [0x0000000115190240, 0x00000001151905f0]

GC Heap History (10 events):
Event: 4.775 GC heap before
{Heap before GC invocations=4 (full 1):
 PSYoungGen      total 38400K, used 5090K [0x0000000795580000, 0x000000079a080000, 0x00000007c0000000)
  eden space 33280K, 0% used [0x0000000795580000,0x0000000795580000,0x0000000797600000)
  from space 5120K, 99% used [0x0000000797600000,0x0000000797af8be0,0x0000000797b00000)
  to   space 5120K, 0% used [0x0000000799b80000,0x0000000799b80000,0x000000079a080000)
 ParOldGen       total 87552K, used 3586K [0x0000000740000000, 0x0000000745580000, 0x0000000795580000)
  object space 87552K, 4% used [0x0000000740000000,0x00000007403808f0,0x0000000745580000)
 Metaspace       used 20807K, capacity 21207K, committed 21248K, reserved 1069056K
  class space    used 2166K, capacity 2294K, committed 2304K, reserved 1048576K
Event: 4.812 GC heap after
Heap after GC invocations=4 (full 1):
 PSYoungGen      total 38400K, used 0K [0x0000000795580000, 0x000000079a080000, 0x00000007c0000000)
  eden space 33280K, 0% used [0x0000000795580000,0x0000000795580000,0x0000000797600000)
  from space 5120K, 0% used [0x0000000797600000,0x0000000797600000,0x0000000797b00000)
  to   space 5120K, 0% used [0x0000000799b80000,0x0000000799b80000,0x000000079a080000)
 ParOldGen       total 52736K, used 7373K [0x0000000740000000, 0x0000000743380000, 0x0000000795580000)
  object space 52736K, 13% used [0x0000000740000000,0x00000007407337e0,0x0000000743380000)
 Metaspace       used 20806K, capacity 21205K, committed 21248K, reserved 1069056K
  class space    used 2166K, capacity 2293K, committed 2304K, reserved 1048576K
}
Event: 5.567 GC heap before
{Heap before GC invocations=5 (full 1):
 PSYoungGen      total 38400K, used 33280K [0x0000000795580000, 0x000000079a080000, 0x00000007c0000000)
  eden space 33280K, 100% used [0x0000000795580000,0x0000000797600000,0x0000000797600000)
  from space 5120K, 0% used [0x0000000797600000,0x0000000797600000,0x0000000797b00000)
  to   space 5120K, 0% used [0x0000000799b80000,0x0000000799b80000,0x000000079a080000)
 ParOldGen       total 52736K, used 7373K [0x0000000740000000, 0x0000000743380000, 0x0000000795580000)
  object space 52736K, 13% used [0x0000000740000000,0x00000007407337e0,0x0000000743380000)
 Metaspace       used 23838K, capacity 24201K, committed 24320K, reserved 1071104K
  class space    used 2450K, capacity 2559K, committed 2560K, reserved 1048576K
Event: 5.575 GC heap after
Heap after GC invocations=5 (full 1):
 PSYoungGen      total 62464K, used 5088K [0x0000000795580000, 0x000000079a080000, 0x00000007c0000000)
  eden space 57344K, 0% used [0x0000000795580000,0x0000000795580000,0x0000000798d80000)
  from space 5120K, 99% used [0x0000000799b80000,0x000000079a078200,0x000000079a080000)
  to   space 5120K, 0% used [0x0000000799680000,0x0000000799680000,0x0000000799b80000)
 ParOldGen       total 52736K, used 14794K [0x0000000740000000, 0x0000000743380000, 0x0000000795580000)
  object space 52736K, 28% used [0x0000000740000000,0x0000000740e72b58,0x0000000743380000)
 Metaspace       used 23838K, capacity 24201K, committed 24320K, reserved 1071104K
  class space    used 2450K, capacity 2559K, committed 2560K, reserved 1048576K
}
Event: 9.626 GC heap before
{Heap before GC invocations=6 (full 1):
 PSYoungGen      total 62464K, used 62432K [0x0000000795580000, 0x000000079a080000, 0x00000007c0000000)
  eden space 57344K, 100% used [0x0000000795580000,0x0000000798d80000,0x0000000798d80000)
  from space 5120K, 99% used [0x0000000799b80000,0x000000079a078200,0x000000079a080000)
  to   space 5120K, 0% used [0x0000000799680000,0x0000000799680000,0x0000000799b80000)
 ParOldGen       total 52736K, used 14794K [0x0000000740000000, 0x0000000743380000, 0x0000000795580000)
  object space 52736K, 28% used [0x0000000740000000,0x0000000740e72b58,0x0000000743380000)
 Metaspace       used 24546K, capacity 24955K, committed 25216K, reserved 1071104K
  class space    used 2488K, capacity 2594K, committed 2688K, reserved 1048576K
Event: 9.633 GC heap after
Heap after GC invocations=6 (full 1):
 PSYoungGen      total 71680K, used 5088K [0x0000000795580000, 0x000000079ca80000, 0x00000007c0000000)
  eden space 66560K, 0% used [0x0000000795580000,0x0000000795580000,0x0000000799680000)
  from space 5120K, 99% used [0x0000000799680000,0x0000000799b781c0,0x0000000799b80000)
  to   space 12288K, 0% used [0x000000079be80000,0x000000079be80000,0x000000079ca80000)
 ParOldGen       total 52736K, used 16267K [0x0000000740000000, 0x0000000743380000, 0x0000000795580000)
  object space 52736K, 30% used [0x0000000740000000,0x0000000740fe2c90,0x0000000743380000)
 Metaspace       used 24546K, capacity 24955K, committed 25216K, reserved 1071104K
  class space    used 2488K, capacity 2594K, committed 2688K, reserved 1048576K
}
Event: 11.858 GC heap before
{Heap before GC invocations=7 (full 1):
 PSYoungGen      total 71680K, used 71648K [0x0000000795580000, 0x000000079ca80000, 0x00000007c0000000)
  eden space 66560K, 100% used [0x0000000795580000,0x0000000799680000,0x0000000799680000)
  from space 5120K, 99% used [0x0000000799680000,0x0000000799b781c0,0x0000000799b80000)
  to   space 12288K, 0% used [0x000000079be80000,0x000000079be80000,0x000000079ca80000)
 ParOldGen       total 52736K, used 16267K [0x0000000740000000, 0x0000000743380000, 0x0000000795580000)
  object space 52736K, 30% used [0x0000000740000000,0x0000000740fe2c90,0x0000000743380000)
 Metaspace       used 24722K, capacity 25083K, committed 25216K, reserved 1071104K
  class space    used 2488K, capacity 2594K, committed 2688K, reserved 1048576K
Event: 11.866 GC heap after
Heap after GC invocations=7 (full 1):
 PSYoungGen      total 105472K, used 12080K [0x0000000795580000, 0x000000079da80000, 0x00000007c0000000)
  eden space 93184K, 0% used [0x0000000795580000,0x0000000795580000,0x000000079b080000)
  from space 12288K, 98% used [0x000000079be80000,0x000000079ca4c360,0x000000079ca80000)
  to   space 14336K, 0% used [0x000000079b080000,0x000000079b080000,0x000000079be80000)
 ParOldGen       total 52736K, used 17043K [0x0000000740000000, 0x0000000743380000, 0x0000000795580000)
  object space 52736K, 32% used [0x0000000740000000,0x00000007410a4cc0,0x0000000743380000)
 Metaspace       used 24722K, capacity 25083K, committed 25216K, reserved 1071104K
  class space    used 2488K, capacity 2594K, committed 2688K, reserved 1048576K
}
Event: 22.567 GC heap before
{Heap before GC invocations=8 (full 1):
 PSYoungGen      total 105472K, used 105264K [0x0000000795580000, 0x000000079da80000, 0x00000007c0000000)
  eden space 93184K, 100% used [0x0000000795580000,0x000000079b080000,0x000000079b080000)
  from space 12288K, 98% used [0x000000079be80000,0x000000079ca4c360,0x000000079ca80000)
  to   space 14336K, 0% used [0x000000079b080000,0x000000079b080000,0x000000079be80000)
 ParOldGen       total 52736K, used 17043K [0x0000000740000000, 0x0000000743380000, 0x0000000795580000)
  object space 52736K, 32% used [0x0000000740000000,0x00000007410a4cc0,0x0000000743380000)
 Metaspace       used 24988K, capacity 25435K, committed 25728K, reserved 1073152K
  class space    used 2491K, capacity 2626K, committed 2688K, reserved 1048576K
Event: 22.577 GC heap after
Heap after GC invocations=8 (full 1):
 PSYoungGen      total 107520K, used 13104K [0x0000000795580000, 0x00000007a0100000, 0x00000007c0000000)
  eden space 93184K, 0% used [0x0000000795580000,0x0000000795580000,0x000000079b080000)
  from space 14336K, 91% used [0x000000079b080000,0x000000079bd4c390,0x000000079be80000)
  to   space 15872K, 0% used [0x000000079f180000,0x000000079f180000,0x00000007a0100000)
 ParOldGen       total 52736K, used 17051K [0x0000000740000000, 0x0000000743380000, 0x0000000795580000)
  object space 52736K, 32% used [0x0000000740000000,0x00000007410a6cc0,0x0000000743380000)
 Metaspace       used 24988K, capacity 25435K, committed 25728K, reserved 1073152K
  class space    used 2491K, capacity 2626K, committed 2688K, reserved 1048576K
}

Deoptimization events (10 events):
Event: 38.180 Thread 0x00007fbcbf268800 Uncommon trap: reason=unstable_if action=reinterpret pc=0x000000011518e320 method=java.awt.EventQueue.uncacheEQItem(Lsun/awt/EventQueueItem;)V @ 23
Event: 38.181 Thread 0x00007fbcbf196800 Uncommon trap: reason=unstable_if action=reinterpret pc=0x00000001152267e4 method=sun.java2d.pipe.Region.intersectsQuickCheck(Lsun/java2d/pipe/Region;)Z @ 41
Event: 38.182 Thread 0x00007fbcbf196800 Uncommon trap: reason=unstable_if action=reinterpret pc=0x0000000115009654 method=java.awt.Font.equals(Ljava/lang/Object;)Z @ 2
Event: 38.211 Thread 0x00007fbcbf916800 Uncommon trap: reason=bimorphic action=maybe_recompile pc=0x0000000114d2abd4 method=java.util.HashMap.putVal(ILjava/lang/Object;Ljava/lang/Object;ZZ)Ljava/lang/Object; @ 91
Event: 38.211 Thread 0x00007fbcbf916800 Uncommon trap: reason=bimorphic action=maybe_recompile pc=0x0000000114d2abd4 method=java.util.HashMap.putVal(ILjava/lang/Object;Ljava/lang/Object;ZZ)Ljava/lang/Object; @ 91
Event: 38.211 Thread 0x00007fbcbf916800 Uncommon trap: reason=bimorphic action=maybe_recompile pc=0x0000000114d2abd4 method=java.util.HashMap.putVal(ILjava/lang/Object;Ljava/lang/Object;ZZ)Ljava/lang/Object; @ 91
Event: 38.211 Thread 0x00007fbcbf916800 Uncommon trap: reason=bimorphic action=maybe_recompile pc=0x0000000114d2abd4 method=java.util.HashMap.putVal(ILjava/lang/Object;Ljava/lang/Object;ZZ)Ljava/lang/Object; @ 91
Event: 38.211 Thread 0x00007fbcbf916800 Uncommon trap: reason=class_check action=maybe_recompile pc=0x0000000114c58944 method=java.util.HashMap.putVal(ILjava/lang/Object;Ljava/lang/Object;ZZ)Ljava/lang/Object; @ 91
Event: 38.226 Thread 0x00007fbcbf268800 Uncommon trap: reason=unstable_if action=reinterpret pc=0x0000000114f0ef18 method=java.util.LinkedList$ListItr.<init>(Ljava/util/LinkedList;I)V @ 26
Event: 38.227 Thread 0x00007fbcbf268800 Uncommon trap: reason=unstable_if action=reinterpret pc=0x00000001151202e0 method=java.security.AccessControlContext.optimize()Ljava/security/AccessControlContext; @ 233

Internal exceptions (10 events):
Event: 0.348 Thread 0x00007fbcbe003800 Exception <a 'java/io/FileNotFoundException'> (0x0000000795810ed8) thrown at [/Users/java_re/workspace/8-2-build-macosx-x86_64/jdk8u144/9417/hotspot/src/share/vm/prims/jni.cpp, line 709]
Event: 0.348 Thread 0x00007fbcbe003800 Exception <a 'java/io/FileNotFoundException'> (0x0000000795811a40) thrown at [/Users/java_re/workspace/8-2-build-macosx-x86_64/jdk8u144/9417/hotspot/src/share/vm/prims/jni.cpp, line 709]
Event: 0.437 Thread 0x00007fbcbe003800 Exception <a 'java/io/FileNotFoundException'> (0x00000007959584b0) thrown at [/Users/java_re/workspace/8-2-build-macosx-x86_64/jdk8u144/9417/hotspot/src/share/vm/prims/jni.cpp, line 709]
Event: 3.292 Thread 0x00007fbcbf4df000 Exception <a 'java/lang/UnsatisfiedLinkError': com.jogamp.common.util.JarUtil.fixNativeLibAttribs(Ljava/lang/String;)Z> (0x0000000796ce9fd0) thrown at [/Users/java_re/workspace/8-2-build-macosx-x86_64/jdk8u144/9417/hotspot/src/share/vm/prims/nativeLookup.
Event: 3.535 Thread 0x00007fbcbe803000 Exception <a 'java/lang/NullPointerException'> (0x00000007956a16f8) thrown at [/Users/java_re/workspace/8-2-build-macosx-x86_64/jdk8u144/9417/hotspot/src/share/vm/interpreter/linkResolver.cpp, line 1197]
Event: 4.255 Thread 0x00007fbcbf268800 Exception <a 'java/io/FileNotFoundException'> (0x000000079618dbc8) thrown at [/Users/java_re/workspace/8-2-build-macosx-x86_64/jdk8u144/9417/hotspot/src/share/vm/prims/jni.cpp, line 709]
Event: 4.255 Thread 0x00007fbcbf268800 Exception <a 'java/io/FileNotFoundException'> (0x00000007961974f0) thrown at [/Users/java_re/workspace/8-2-build-macosx-x86_64/jdk8u144/9417/hotspot/src/share/vm/prims/jni.cpp, line 709]
Event: 4.255 Thread 0x00007fbcbf268800 Implicit null exception at 0x0000000114998e76 to 0x0000000114999239
Event: 4.647 Thread 0x00007fbcbf268800 Implicit null exception at 0x0000000114baab86 to 0x0000000114baadcd
Event: 14.161 Thread 0x00007fbcbf91c000 Exception <a 'java/security/PrivilegedActionException'> (0x00000007971f1f08) thrown at [/Users/java_re/workspace/8-2-build-macosx-x86_64/jdk8u144/9417/hotspot/src/share/vm/prims/jvm.cpp, line 1390]

Events (10 events):
Event: 38.227 Thread 0x00007fbcbf268800 Uncommon trap: trap_request=0xffffff65 fr.pc=0x00000001151202e0
Event: 38.227 Thread 0x00007fbcbf268800 DEOPT PACKING pc=0x00000001151202e0 sp=0x000070000574a900
Event: 38.227 Thread 0x00007fbcbf268800 DEOPT UNPACKING pc=0x00000001147c2229 sp=0x000070000574a8d0 mode 2
Event: 38.227 loading class java/awt/LightweightDispatcher$2
Event: 38.227 loading class java/awt/LightweightDispatcher$2 done
Event: 38.227 loading class java/awt/event/AWTEventListenerProxy
Event: 38.228 loading class java/awt/event/AWTEventListenerProxy done
Event: 38.228 Executing VM operation: Deoptimize
Event: 38.228 Executing VM operation: Deoptimize done
Event: 38.228 loading class java/awt/Toolkit$ToolkitEventMulticaster


Dynamic libraries:
0x00000000462c2000 	/System/Library/Frameworks/Cocoa.framework/Versions/A/Cocoa
0x00000000462c2000 	/System/Library/Frameworks/Security.framework/Versions/A/Security
0x00000000462c2000 	/System/Library/Frameworks/ApplicationServices.framework/Versions/A/ApplicationServices
0x00000000462c2000 	/usr/lib/libz.1.dylib
0x00000000462c2000 	/usr/lib/libSystem.B.dylib
0x00000000462c2000 	/usr/lib/libobjc.A.dylib
0x00000000462c2000 	/System/Library/Frameworks/CoreFoundation.framework/Versions/A/CoreFoundation
0x00000000462c2000 	/System/Library/Frameworks/Foundation.framework/Versions/C/Foundation
0x00000000462c2000 	/System/Library/Frameworks/AppKit.framework/Versions/C/AppKit
0x00000000462c2000 	/System/Library/Frameworks/CoreData.framework/Versions/A/CoreData
0x00000000462c2000 	/System/Library/PrivateFrameworks/RemoteViewServices.framework/Versions/A/RemoteViewServices
0x00000000462c2000 	/System/Library/PrivateFrameworks/UIFoundation.framework/Versions/A/UIFoundation
0x00000000462c2000 	/System/Library/PrivateFrameworks/DFRFoundation.framework/Versions/A/DFRFoundation
0x00000000462c2000 	/usr/lib/libenergytrace.dylib
0x00000000462c2000 	/System/Library/PrivateFrameworks/SkyLight.framework/Versions/A/SkyLight
0x00000000462c2000 	/System/Library/Frameworks/CoreGraphics.framework/Versions/A/CoreGraphics
0x00000000462c2000 	/usr/lib/libScreenReader.dylib
0x00000000462c2000 	/System/Library/Frameworks/Accelerate.framework/Versions/A/Accelerate
0x00000000462c2000 	/System/Library/Frameworks/IOSurface.framework/Versions/A/IOSurface
0x00000000462c2000 	/System/Library/Frameworks/AudioToolbox.framework/Versions/A/AudioToolbox
0x00000000462c2000 	/System/Library/Frameworks/AudioUnit.framework/Versions/A/AudioUnit
0x00000000462c2000 	/System/Library/PrivateFrameworks/DataDetectorsCore.framework/Versions/A/DataDetectorsCore
0x00000000462c2000 	/System/Library/PrivateFrameworks/DesktopServicesPriv.framework/Versions/A/DesktopServicesPriv
0x00000000462c2000 	/System/Library/Frameworks/Carbon.framework/Versions/A/Frameworks/HIToolbox.framework/Versions/A/HIToolbox
0x00000000462c2000 	/usr/lib/libicucore.A.dylib
0x00000000462c2000 	/System/Library/Frameworks/QuartzCore.framework/Versions/A/QuartzCore
0x00000000462c2000 	/System/Library/Frameworks/Carbon.framework/Versions/A/Frameworks/SpeechRecognition.framework/Versions/A/SpeechRecognition
0x00000000462c2000 	/usr/lib/libauto.dylib
0x00000000462c2000 	/usr/lib/libxml2.2.dylib
0x00000000462c2000 	/System/Library/PrivateFrameworks/CoreUI.framework/Versions/A/CoreUI
0x00000000462c2000 	/System/Library/Frameworks/CoreAudio.framework/Versions/A/CoreAudio
0x00000000462c2000 	/System/Library/Frameworks/DiskArbitration.framework/Versions/A/DiskArbitration
0x00000000462c2000 	/usr/lib/liblangid.dylib
0x00000000462c2000 	/System/Library/PrivateFrameworks/MultitouchSupport.framework/Versions/A/MultitouchSupport
0x00000000462c2000 	/System/Library/Frameworks/IOKit.framework/Versions/A/IOKit
0x00000000462c2000 	/usr/lib/libDiagnosticMessagesClient.dylib
0x00000000462c2000 	/System/Library/Frameworks/CoreServices.framework/Versions/A/CoreServices
0x00000000462c2000 	/System/Library/PrivateFrameworks/PerformanceAnalysis.framework/Versions/A/PerformanceAnalysis
0x00000000462c2000 	/System/Library/PrivateFrameworks/GenerationalStorage.framework/Versions/A/GenerationalStorage
0x00000000462c2000 	/System/Library/Frameworks/OpenGL.framework/Versions/A/OpenGL
0x00000000462c2000 	/System/Library/Frameworks/CoreImage.framework/Versions/A/CoreImage
0x00000000462c2000 	/System/Library/Frameworks/CoreText.framework/Versions/A/CoreText
0x00000000462c2000 	/System/Library/Frameworks/ImageIO.framework/Versions/A/ImageIO
0x00000000462c2000 	/System/Library/PrivateFrameworks/Backup.framework/Versions/A/Backup
0x00000000462c2000 	/usr/lib/libarchive.2.dylib
0x00000000462c2000 	/System/Library/Frameworks/CFNetwork.framework/Versions/A/CFNetwork
0x00000000462c2000 	/System/Library/Frameworks/SystemConfiguration.framework/Versions/A/SystemConfiguration
0x00000000462c2000 	/usr/lib/libCRFSuite.dylib
0x00000000462c2000 	/usr/lib/libc++.1.dylib
0x00000000462c2000 	/usr/lib/libc++abi.dylib
0x00000000462c2000 	/usr/lib/system/libcache.dylib
0x00000000462c2000 	/usr/lib/system/libcommonCrypto.dylib
0x00000000462c2000 	/usr/lib/system/libcompiler_rt.dylib
0x00000000462c2000 	/usr/lib/system/libcopyfile.dylib
0x00000000462c2000 	/usr/lib/system/libcorecrypto.dylib
0x00000000462c2000 	/usr/lib/system/libdispatch.dylib
0x00000000462c2000 	/usr/lib/system/libdyld.dylib
0x00000000462c2000 	/usr/lib/system/libkeymgr.dylib
0x00000000462c2000 	/usr/lib/system/liblaunch.dylib
0x00000000462c2000 	/usr/lib/system/libmacho.dylib
0x00000000462c2000 	/usr/lib/system/libquarantine.dylib
0x00000000462c2000 	/usr/lib/system/libremovefile.dylib
0x00000000462c2000 	/usr/lib/system/libsystem_asl.dylib
0x00000000462c2000 	/usr/lib/system/libsystem_blocks.dylib
0x00000000462c2000 	/usr/lib/system/libsystem_c.dylib
0x00000000462c2000 	/usr/lib/system/libsystem_configuration.dylib
0x00000000462c2000 	/usr/lib/system/libsystem_coreservices.dylib
0x00000000462c2000 	/usr/lib/system/libsystem_coretls.dylib
0x00000000462c2000 	/usr/lib/system/libsystem_dnssd.dylib
0x00000000462c2000 	/usr/lib/system/libsystem_info.dylib
0x00000000462c2000 	/usr/lib/system/libsystem_kernel.dylib
0x00000000462c2000 	/usr/lib/system/libsystem_m.dylib
0x00000000462c2000 	/usr/lib/system/libsystem_malloc.dylib
0x00000000462c2000 	/usr/lib/system/libsystem_network.dylib
0x00000000462c2000 	/usr/lib/system/libsystem_networkextension.dylib
0x00000000462c2000 	/usr/lib/system/libsystem_notify.dylib
0x00000000462c2000 	/usr/lib/system/libsystem_platform.dylib
0x00000000462c2000 	/usr/lib/system/libsystem_pthread.dylib
0x00000000462c2000 	/usr/lib/system/libsystem_sandbox.dylib
0x00000000462c2000 	/usr/lib/system/libsystem_secinit.dylib
0x00000000462c2000 	/usr/lib/system/libsystem_symptoms.dylib
0x00000000462c2000 	/usr/lib/system/libsystem_trace.dylib
0x00000000462c2000 	/usr/lib/system/libunwind.dylib
0x00000000462c2000 	/usr/lib/system/libxpc.dylib
0x00000000462c2000 	/usr/lib/libbsm.0.dylib
0x00000000462c2000 	/usr/lib/system/libkxld.dylib
0x00000000462c2000 	/usr/lib/libcoretls.dylib
0x00000000462c2000 	/usr/lib/libcoretls_cfhelpers.dylib
0x00000000462c2000 	/usr/lib/libOpenScriptingUtil.dylib
0x00000000462c2000 	/usr/lib/libpam.2.dylib
0x00000000462c2000 	/usr/lib/libsqlite3.dylib
0x00000000462c2000 	/usr/lib/libxar.1.dylib
0x00000000462c2000 	/usr/lib/libbz2.1.0.dylib
0x00000000462c2000 	/usr/lib/liblzma.5.dylib
0x00000000462c2000 	/usr/lib/libnetwork.dylib
0x00000000462c2000 	/usr/lib/libpcap.A.dylib
0x00000000462c2000 	/System/Library/Frameworks/CoreServices.framework/Versions/A/Frameworks/FSEvents.framework/Versions/A/FSEvents
0x00000000462c2000 	/System/Library/Frameworks/CoreServices.framework/Versions/A/Frameworks/CarbonCore.framework/Versions/A/CarbonCore
0x00000000462c2000 	/System/Library/Frameworks/CoreServices.framework/Versions/A/Frameworks/Metadata.framework/Versions/A/Metadata
0x00000000462c2000 	/System/Library/Frameworks/CoreServices.framework/Versions/A/Frameworks/OSServices.framework/Versions/A/OSServices
0x00000000462c2000 	/System/Library/Frameworks/CoreServices.framework/Versions/A/Frameworks/SearchKit.framework/Versions/A/SearchKit
0x00000000462c2000 	/System/Library/Frameworks/CoreServices.framework/Versions/A/Frameworks/AE.framework/Versions/A/AE
0x00000000462c2000 	/System/Library/Frameworks/CoreServices.framework/Versions/A/Frameworks/LaunchServices.framework/Versions/A/LaunchServices
0x00000000462c2000 	/System/Library/Frameworks/CoreServices.framework/Versions/A/Frameworks/DictionaryServices.framework/Versions/A/DictionaryServices
0x00000000462c2000 	/System/Library/Frameworks/CoreServices.framework/Versions/A/Frameworks/SharedFileList.framework/Versions/A/SharedFileList
0x00000000462c2000 	/System/Library/Frameworks/NetFS.framework/Versions/A/NetFS
0x00000000462c2000 	/System/Library/PrivateFrameworks/NetAuth.framework/Versions/A/NetAuth
0x00000000462c2000 	/System/Library/PrivateFrameworks/login.framework/Versions/A/Frameworks/loginsupport.framework/Versions/A/loginsupport
0x00000000462c2000 	/System/Library/PrivateFrameworks/TCC.framework/Versions/A/TCC
0x00000000462c2000 	/usr/lib/libmecabra.dylib
0x00000000462c2000 	/System/Library/Frameworks/ApplicationServices.framework/Versions/A/Frameworks/ATS.framework/Versions/A/ATS
0x00000000462c2000 	/System/Library/Frameworks/ApplicationServices.framework/Versions/A/Frameworks/ColorSync.framework/Versions/A/ColorSync
0x00000000462c2000 	/System/Library/Frameworks/ApplicationServices.framework/Versions/A/Frameworks/HIServices.framework/Versions/A/HIServices
0x00000000462c2000 	/System/Library/Frameworks/ApplicationServices.framework/Versions/A/Frameworks/LangAnalysis.framework/Versions/A/LangAnalysis
0x00000000462c2000 	/System/Library/Frameworks/ApplicationServices.framework/Versions/A/Frameworks/PrintCore.framework/Versions/A/PrintCore
0x00000000462c2000 	/System/Library/Frameworks/ApplicationServices.framework/Versions/A/Frameworks/QD.framework/Versions/A/QD
0x00000000462c2000 	/System/Library/Frameworks/ApplicationServices.framework/Versions/A/Frameworks/SpeechSynthesis.framework/Versions/A/SpeechSynthesis
0x00000000462c2000 	/System/Library/Frameworks/Accelerate.framework/Versions/A/Frameworks/vImage.framework/Versions/A/vImage
0x00000000462c2000 	/System/Library/Frameworks/Accelerate.framework/Versions/A/Frameworks/vecLib.framework/Versions/A/vecLib
0x00000000462c2000 	/System/Library/Frameworks/Accelerate.framework/Versions/A/Frameworks/vecLib.framework/Versions/A/libvDSP.dylib
0x00000000462c2000 	/System/Library/Frameworks/Accelerate.framework/Versions/A/Frameworks/vecLib.framework/Versions/A/libBNNS.dylib
0x00000000462c2000 	/System/Library/Frameworks/Accelerate.framework/Versions/A/Frameworks/vecLib.framework/Versions/A/libQuadrature.dylib
0x00000000462c2000 	/System/Library/Frameworks/Accelerate.framework/Versions/A/Frameworks/vecLib.framework/Versions/A/libvMisc.dylib
0x00000000462c2000 	/System/Library/Frameworks/Accelerate.framework/Versions/A/Frameworks/vecLib.framework/Versions/A/libLAPACK.dylib
0x00000000462c2000 	/System/Library/Frameworks/Accelerate.framework/Versions/A/Frameworks/vecLib.framework/Versions/A/libBLAS.dylib
0x00000000462c2000 	/System/Library/Frameworks/Accelerate.framework/Versions/A/Frameworks/vecLib.framework/Versions/A/libLinearAlgebra.dylib
0x00000000462c2000 	/System/Library/Frameworks/Accelerate.framework/Versions/A/Frameworks/vecLib.framework/Versions/A/libSparseBLAS.dylib
0x00000000462c2000 	/System/Library/Frameworks/ApplicationServices.framework/Versions/A/Frameworks/ATS.framework/Versions/A/Resources/libFontParser.dylib
0x00000000462c2000 	/System/Library/Frameworks/ApplicationServices.framework/Versions/A/Frameworks/ATS.framework/Versions/A/Resources/libFontRegistry.dylib
0x00000000462c2000 	/System/Library/Frameworks/ImageIO.framework/Versions/A/Resources/libJPEG.dylib
0x00000000462c2000 	/System/Library/Frameworks/ImageIO.framework/Versions/A/Resources/libTIFF.dylib
0x00000000462c2000 	/System/Library/Frameworks/ImageIO.framework/Versions/A/Resources/libPng.dylib
0x00000000462c2000 	/System/Library/Frameworks/ImageIO.framework/Versions/A/Resources/libGIF.dylib
0x00000000462c2000 	/System/Library/Frameworks/ImageIO.framework/Versions/A/Resources/libJP2.dylib
0x00000000462c2000 	/System/Library/Frameworks/ImageIO.framework/Versions/A/Resources/libRadiance.dylib
0x00000000462c2000 	/usr/lib/libcompression.dylib
0x00000000462c2000 	/System/Library/PrivateFrameworks/AppleJPEG.framework/Versions/A/AppleJPEG
0x00000000462c2000 	/usr/lib/libcups.2.dylib
0x00000000462c2000 	/System/Library/Frameworks/Kerberos.framework/Versions/A/Kerberos
0x00000000462c2000 	/System/Library/Frameworks/GSS.framework/Versions/A/GSS
0x00000000462c2000 	/usr/lib/libresolv.9.dylib
0x00000000462c2000 	/usr/lib/libiconv.2.dylib
0x00000000462c2000 	/System/Library/PrivateFrameworks/Heimdal.framework/Versions/A/Heimdal
0x00000000462c2000 	/usr/lib/libheimdal-asn1.dylib
0x00000000462c2000 	/System/Library/Frameworks/OpenDirectory.framework/Versions/A/OpenDirectory
0x00000000462c2000 	/System/Library/PrivateFrameworks/CommonAuth.framework/Versions/A/CommonAuth
0x00000000462c2000 	/System/Library/Frameworks/OpenDirectory.framework/Versions/A/Frameworks/CFOpenDirectory.framework/Versions/A/CFOpenDirectory
0x00000000462c2000 	/System/Library/Frameworks/SecurityFoundation.framework/Versions/A/SecurityFoundation
0x00000000462c2000 	/System/Library/PrivateFrameworks/LanguageModeling.framework/Versions/A/LanguageModeling
0x00000000462c2000 	/usr/lib/libmarisa.dylib
0x00000000462c2000 	/usr/lib/libChineseTokenizer.dylib
0x00000000462c2000 	/usr/lib/libcmph.dylib
0x00000000462c2000 	/System/Library/PrivateFrameworks/CoreEmoji.framework/Versions/A/CoreEmoji
0x00000000462c2000 	/System/Library/Frameworks/ServiceManagement.framework/Versions/A/ServiceManagement
0x00000000462c2000 	/usr/lib/libxslt.1.dylib
0x00000000462c2000 	/System/Library/Frameworks/Carbon.framework/Versions/A/Frameworks/Ink.framework/Versions/A/Ink
0x00000000462c2000 	/System/Library/PrivateFrameworks/TextureIO.framework/Versions/A/TextureIO
0x00000000462c2000 	/System/Library/Frameworks/Metal.framework/Versions/A/Metal
0x00000000462c2000 	/usr/lib/libate.dylib
0x00000000462c2000 	/System/Library/PrivateFrameworks/GPUCompiler.framework/libmetal_timestamp.dylib
0x00000000462c2000 	/System/Library/Frameworks/OpenGL.framework/Versions/A/Libraries/libCoreFSCache.dylib
0x00000000462c2000 	/System/Library/PrivateFrameworks/IOAccelerator.framework/Versions/A/IOAccelerator
0x00000000462c2000 	/System/Library/Frameworks/CoreVideo.framework/Versions/A/CoreVideo
0x00000000462c2000 	/usr/lib/libFosl_dynamic.dylib
0x00000000462c2000 	/System/Library/PrivateFrameworks/MetalPerformanceShaders.framework/Versions/A/MetalPerformanceShaders
0x00000000462c2000 	/System/Library/PrivateFrameworks/FaceCore.framework/Versions/A/FaceCore
0x00000000462c2000 	/System/Library/Frameworks/OpenCL.framework/Versions/A/OpenCL
0x00000000462c2000 	/System/Library/Frameworks/OpenGL.framework/Versions/A/Libraries/libGLU.dylib
0x00000000462c2000 	/System/Library/Frameworks/OpenGL.framework/Versions/A/Libraries/libGFXShared.dylib
0x00000000462c2000 	/System/Library/Frameworks/OpenGL.framework/Versions/A/Libraries/libGL.dylib
0x00000000462c2000 	/System/Library/Frameworks/OpenGL.framework/Versions/A/Libraries/libGLImage.dylib
0x00000000462c2000 	/System/Library/Frameworks/OpenGL.framework/Versions/A/Libraries/libCVMSPluginSupport.dylib
0x00000000462c2000 	/System/Library/Frameworks/OpenGL.framework/Versions/A/Libraries/libCoreVMClient.dylib
0x00000000462c2000 	/System/Library/PrivateFrameworks/CrashReporterSupport.framework/Versions/A/CrashReporterSupport
0x00000000462c2000 	/System/Library/PrivateFrameworks/Sharing.framework/Versions/A/Sharing
0x00000000462c2000 	/System/Library/PrivateFrameworks/IconServices.framework/Versions/A/IconServices
0x00000000462c2000 	/System/Library/PrivateFrameworks/ProtocolBuffer.framework/Versions/A/ProtocolBuffer
0x00000000462c2000 	/System/Library/PrivateFrameworks/Apple80211.framework/Versions/A/Apple80211
0x00000000462c2000 	/System/Library/Frameworks/CoreWLAN.framework/Versions/A/CoreWLAN
0x00000000462c2000 	/System/Library/PrivateFrameworks/CoreUtils.framework/Versions/A/CoreUtils
0x00000000462c2000 	/System/Library/Frameworks/IOBluetooth.framework/Versions/A/IOBluetooth
0x00000000462c2000 	/System/Library/PrivateFrameworks/CoreWiFi.framework/Versions/A/CoreWiFi
0x00000000462c2000 	/System/Library/Frameworks/CoreBluetooth.framework/Versions/A/CoreBluetooth
0x00000000462c2000 	/System/Library/Frameworks/CoreDisplay.framework/Versions/A/CoreDisplay
0x00000000462c2000 	/System/Library/PrivateFrameworks/IOPresentment.framework/Versions/A/IOPresentment
0x00000000462c2000 	/System/Library/PrivateFrameworks/DSExternalDisplay.framework/Versions/A/DSExternalDisplay
0x00000000462c2000 	/System/Library/PrivateFrameworks/DebugSymbols.framework/Versions/A/DebugSymbols
0x00000000462c2000 	/System/Library/PrivateFrameworks/CoreSymbolication.framework/Versions/A/CoreSymbolication
0x00000000462c2000 	/System/Library/PrivateFrameworks/Symbolication.framework/Versions/A/Symbolication
0x00000000462c2000 	/System/Library/PrivateFrameworks/AppleFSCompression.framework/Versions/A/AppleFSCompression
0x00000000462c2000 	/System/Library/PrivateFrameworks/SpeechRecognitionCore.framework/Versions/A/SpeechRecognitionCore
0x00000000462c2000 	/System/Library/PrivateFrameworks/ChunkingLibrary.framework/Versions/A/ChunkingLibrary
0x000000010da00000 	/Library/Java/JavaVirtualMachines/jdk1.8.0_144.jdk/Contents/Home/jre/lib/server/libjvm.dylib
0x00000000462c2000 	/usr/lib/libstdc++.6.dylib
0x000000010d143000 	/Library/Java/JavaVirtualMachines/jdk1.8.0_144.jdk/Contents/Home/jre/lib/libverify.dylib
0x000000010d151000 	/Library/Java/JavaVirtualMachines/jdk1.8.0_144.jdk/Contents/Home/jre/lib/libjava.dylib
0x000000010d190000 	/Library/Java/JavaVirtualMachines/jdk1.8.0_144.jdk/Contents/Home/jre/lib/libzip.dylib
0x000000012435d000 	/System/Library/Frameworks/JavaVM.framework/Frameworks/JavaRuntimeSupport.framework/JavaRuntimeSupport
0x000000010d1ea000 	/System/Library/Frameworks/JavaVM.framework/Versions/A/Frameworks/JavaNativeFoundation.framework/Versions/A/JavaNativeFoundation
0x000000011471b000 	/System/Library/Frameworks/JavaVM.framework/Versions/A/JavaVM
0x00000000462c2000 	/System/Library/Frameworks/Carbon.framework/Versions/A/Carbon
0x0000000124377000 	/System/Library/PrivateFrameworks/JavaLaunching.framework/Versions/A/JavaLaunching
0x00000000462c2000 	/System/Library/Frameworks/Carbon.framework/Versions/A/Frameworks/CommonPanels.framework/Versions/A/CommonPanels
0x00000000462c2000 	/System/Library/Frameworks/Carbon.framework/Versions/A/Frameworks/Help.framework/Versions/A/Help
0x00000000462c2000 	/System/Library/Frameworks/Carbon.framework/Versions/A/Frameworks/ImageCapture.framework/Versions/A/ImageCapture
0x00000000462c2000 	/System/Library/Frameworks/Carbon.framework/Versions/A/Frameworks/OpenScripting.framework/Versions/A/OpenScripting
0x00000000462c2000 	/System/Library/Frameworks/Carbon.framework/Versions/A/Frameworks/Print.framework/Versions/A/Print
0x00000000462c2000 	/System/Library/Frameworks/Carbon.framework/Versions/A/Frameworks/SecurityHI.framework/Versions/A/SecurityHI
0x0000000125c7c000 	/Library/Java/JavaVirtualMachines/jdk1.8.0_144.jdk/Contents/Home/jre/lib/libawt.dylib
0x0000000125d24000 	/Library/Java/JavaVirtualMachines/jdk1.8.0_144.jdk/Contents/Home/jre/lib/./libmlib_image.dylib
0x0000000125df0000 	/Library/Java/JavaVirtualMachines/jdk1.8.0_144.jdk/Contents/Home/jre/lib/libawt_lwawt.dylib
0x0000000125ea7000 	/Library/Java/JavaVirtualMachines/jdk1.8.0_144.jdk/Contents/Home/jre/lib/./libosxapp.dylib
0x00000000462c2000 	/System/Library/Frameworks/ExceptionHandling.framework/Versions/A/ExceptionHandling
0x00000000462c2000 	/System/Library/PrivateFrameworks/CoreServicesInternal.framework/Versions/A/CoreServicesInternal
0x00000000462c2000 	/System/Library/CoreServices/RawCamera.bundle/Contents/MacOS/RawCamera
0x00000000462c2000 	/System/Library/Frameworks/Accelerate.framework/Versions/A/Frameworks/vImage.framework/Versions/A/Libraries/libCGInterfaces.dylib
0x00000000462c2000 	/System/Library/Frameworks/ApplicationServices.framework/Versions/A/Frameworks/ATS.framework/Versions/A/Resources/libTrueTypeScaler.dylib
0x0000000127c74000 	/System/Library/Frameworks/OpenGL.framework/Resources/GLEngine.bundle/GLEngine
0x00000000462c2000 	/System/Library/Frameworks/OpenGL.framework/Versions/A/Libraries/libGLProgrammability.dylib
0x0000000127e59000 	/System/Library/Extensions/AppleIntelBDWGraphicsGLDriver.bundle/Contents/MacOS/AppleIntelBDWGraphicsGLDriver
0x00000000462c2000 	/System/Library/PrivateFrameworks/GPUSupport.framework/Versions/A/Libraries/libGPUSupportMercury.dylib
0x0000000127152000 	/System/Library/Frameworks/OpenGL.framework/Resources//GLRendererFloat.bundle/GLRendererFloat
0x00000000462c2000 	/System/Library/Frameworks/OpenCL.framework/Versions/A/Libraries/libcldcpuengine.dylib
0x00000000462c2000 	/usr/lib/libcrypto.0.9.8.dylib
0x00000000462c2000 	/System/Library/PrivateFrameworks/TrustEvaluationAgent.framework/Versions/A/TrustEvaluationAgent
0x00000001285c3000 	/System/Library/Extensions/AppleIntelBDWGraphicsMTLDriver.bundle/Contents/MacOS/AppleIntelBDWGraphicsMTLDriver
0x00000000462c2000 	/System/Library/PrivateFrameworks/FamilyControls.framework/Versions/A/FamilyControls
0x00000000462c2000 	/System/Library/PrivateFrameworks/CommerceKit.framework/Versions/A/Frameworks/CommerceCore.framework/Versions/A/CommerceCore
0x00000000462c2000 	/System/Library/PrivateFrameworks/SystemAdministration.framework/Versions/A/SystemAdministration
0x00000000462c2000 	/System/Library/PrivateFrameworks/AppContainer.framework/Versions/A/AppContainer
0x00000000462c2000 	/System/Library/PrivateFrameworks/SecCodeWrapper.framework/Versions/A/SecCodeWrapper
0x00000000462c2000 	/System/Library/Frameworks/DirectoryService.framework/Versions/A/DirectoryService
0x00000000462c2000 	/System/Library/PrivateFrameworks/DiskImages.framework/Versions/A/DiskImages
0x00000000462c2000 	/System/Library/PrivateFrameworks/LoginUIKit.framework/Versions/A/Frameworks/LoginUICore.framework/Versions/A/LoginUICore
0x00000000462c2000 	/usr/lib/libCoreStorage.dylib
0x00000000462c2000 	/usr/lib/libcsfde.dylib
0x00000000462c2000 	/usr/lib/libodfde.dylib
0x00000000462c2000 	/System/Library/Frameworks/DiscRecording.framework/Versions/A/DiscRecording
0x00000000462c2000 	/usr/lib/libcurl.4.dylib
0x00000000462c2000 	/System/Library/PrivateFrameworks/MediaKit.framework/Versions/A/MediaKit
0x00000000462c2000 	/System/Library/PrivateFrameworks/ProtectedCloudStorage.framework/Versions/A/ProtectedCloudStorage
0x00000000462c2000 	/System/Library/PrivateFrameworks/EFILogin.framework/Versions/A/EFILogin
0x00000000462c2000 	/usr/lib/libutil.dylib
0x00000000462c2000 	/System/Library/Frameworks/LDAP.framework/Versions/A/LDAP
0x00000000462c2000 	/usr/lib/libsasl2.2.dylib
0x00000000462c2000 	/System/Library/PrivateFrameworks/CoreDaemon.framework/Versions/B/CoreDaemon
0x00000000462c2000 	/System/Library/PrivateFrameworks/AppleSRP.framework/Versions/A/AppleSRP
0x00000000462c2000 	/System/Library/PrivateFrameworks/APFS.framework/Versions/A/APFS
0x000000012a49d000 	/Library/Java/JavaVirtualMachines/jdk1.8.0_144.jdk/Contents/Home/jre/lib/libfontmanager.dylib
0x000000012b818000 	/Library/Java/JavaVirtualMachines/jdk1.8.0_144.jdk/Contents/Home/jre/lib/libosxui.dylib
0x00000000462c2000 	/System/Library/PrivateFrameworks/ViewBridge.framework/Versions/A/ViewBridge
0x00000000462c2000 	/System/Library/PrivateFrameworks/XPCService.framework/Versions/A/XPCService
0x00000000462c2000 	/System/Library/PrivateFrameworks/AppSandbox.framework/Versions/A/AppSandbox
0x00000000462c2000 	/usr/lib/libsandbox.1.dylib
0x00000000462c2000 	/usr/lib/libMatch.1.dylib
0x000000012c3d3000 	/Library/Java/JavaVirtualMachines/jdk1.8.0_144.jdk/Contents/Home/jre/lib/libnet.dylib
0x000000012c3ea000 	/Library/Java/JavaVirtualMachines/jdk1.8.0_144.jdk/Contents/Home/jre/lib/libnio.dylib
0x000000012b528000 	/private/var/folders/4g/xxzpq2px2tg5jwrm0_jx44dc0000gn/T/jogamp_0000/file_cache/jln8120010822934263880/jln5025284306501821801/libgluegen-rt.jnilib
0x0000000197727000 	/private/var/folders/4g/xxzpq2px2tg5jwrm0_jx44dc0000gn/T/jogamp_0000/file_cache/jln8120010822934263880/jln5025284306501821801/libnativewindow_awt.jnilib
0x000000019772a000 	/Library/Java/JavaVirtualMachines/jdk1.8.0_144.jdk/Contents/Home/jre/lib/libjawt.dylib
0x000000019772d000 	/private/var/folders/4g/xxzpq2px2tg5jwrm0_jx44dc0000gn/T/jogamp_0000/file_cache/jln8120010822934263880/jln5025284306501821801/libnativewindow_macosx.jnilib
0x000000019902a000 	/private/var/folders/4g/xxzpq2px2tg5jwrm0_jx44dc0000gn/T/jogamp_0000/file_cache/jln8120010822934263880/jln5025284306501821801/libjogl_desktop.jnilib
0x000000019af1c000 	/Library/Java/JavaVirtualMachines/jdk1.8.0_144.jdk/Contents/Home/jre/lib/libsunec.dylib
0x000000019b0ad000 	/Library/Java/JavaVirtualMachines/jdk1.8.0_144.jdk/Contents/Home/jre/lib/libt2k.dylib
0x000000019d218000 	/Library/Java/JavaVirtualMachines/jdk1.8.0_144.jdk/Contents/Home/jre/lib/libjpeg.dylib

VM Arguments:
jvm_args: -Djava.security.policy=java.policy.applet -Dfile.encoding=UTF-8 
java_command: sun.applet.AppletViewer module5.EarthquakeCityMap1506309483941.html
java_class_path (initial): /Users/BeenWu/Library/Mobile Documents/com~apple~CloudDocs/Eclipse Project/UCSDUnfoldingMaps/build:/Users/BeenWu/Library/Mobile Documents/com~apple~CloudDocs/Eclipse Project/UCSDUnfoldingMaps/lib/core.jar:/Users/BeenWu/Library/Mobile Documents/com~apple~CloudDocs/Eclipse Project/UCSDUnfoldingMaps/lib/gluegen-rt.jar:/Users/BeenWu/Library/Mobile Documents/com~apple~CloudDocs/Eclipse Project/UCSDUnfoldingMaps/lib/jogl-all.jar:/Users/BeenWu/Library/Mobile Documents/com~apple~CloudDocs/Eclipse Project/UCSDUnfoldingMaps/lib/log4j-1.2.15.jar:/Users/BeenWu/Library/Mobile Documents/com~apple~CloudDocs/Eclipse Project/UCSDUnfoldingMaps/lib/sqlite-jdbc-3.7.2.jar:/Users/BeenWu/Library/Mobile Documents/com~apple~CloudDocs/Eclipse Project/UCSDUnfoldingMaps/lib/json4processing.jar:/Users/BeenWu/Library/Mobile Documents/com~apple~CloudDocs/Eclipse Project/UCSDUnfoldingMaps/lib/libTUIO.jar:/Users/BeenWu/Library/Mobile Documents/com~apple~CloudDocs/Eclipse Project/UCSDUnfoldingMaps/lib/unfolding.0.9.7-uscd.jar
Launcher Type: SUN_STANDARD

Environment Variables:
PATH=/usr/bin:/bin:/usr/sbin:/sbin
SHELL=/bin/zsh

Signal Handlers:
SIGSEGV: [libjvm.dylib+0x5b26e5], sa_mask[0]=11111111011111110111111111111111, sa_flags=SA_ONSTACK|SA_RESTART|SA_SIGINFO
SIGBUS: [libjvm.dylib+0x5b26e5], sa_mask[0]=11111111011111110111111111111111, sa_flags=SA_RESTART|SA_SIGINFO
SIGFPE: [libjvm.dylib+0x489100], sa_mask[0]=11111111011111110111111111111111, sa_flags=SA_RESTART|SA_SIGINFO
SIGPIPE: [libjvm.dylib+0x489100], sa_mask[0]=11111111011111110111111111111111, sa_flags=SA_RESTART|SA_SIGINFO
SIGXFSZ: [libjvm.dylib+0x489100], sa_mask[0]=11111111011111110111111111111111, sa_flags=SA_RESTART|SA_SIGINFO
SIGILL: [libjvm.dylib+0x489100], sa_mask[0]=11111111011111110111111111111111, sa_flags=SA_RESTART|SA_SIGINFO
SIGUSR1: SIG_DFL, sa_mask[0]=00000000000000000000000000000000, sa_flags=none
SIGUSR2: [libjvm.dylib+0x488c1e], sa_mask[0]=00100000000000000000000000000000, sa_flags=SA_RESTART|SA_SIGINFO
SIGHUP: [libjvm.dylib+0x4871f5], sa_mask[0]=11111111011111110111111111111111, sa_flags=SA_RESTART|SA_SIGINFO
SIGINT: [libjvm.dylib+0x4871f5], sa_mask[0]=11111111011111110111111111111111, sa_flags=SA_RESTART|SA_SIGINFO
SIGTERM: [libjvm.dylib+0x4871f5], sa_mask[0]=11111111011111110111111111111111, sa_flags=SA_RESTART|SA_SIGINFO
SIGQUIT: [libjvm.dylib+0x4871f5], sa_mask[0]=11111111011111110111111111111111, sa_flags=SA_RESTART|SA_SIGINFO


---------------  S Y S T E M  ---------------

OS:Bsduname:Darwin 16.7.0 Darwin Kernel Version 16.7.0: Thu Jun 15 17:36:27 PDT 2017; root:xnu-3789.70.16~2/RELEASE_X86_64 x86_64
rlimit: STACK 8192k, CORE 0k, NPROC 709, NOFILE 10240, AS infinity
load average:1.94 1.58 1.47

CPU:total 4 (initial active 4) (2 cores per cpu, 2 threads per core) family 6 model 61 stepping 4, cmov, cx8, fxsr, mmx, sse, sse2, sse3, ssse3, sse4.1, sse4.2, popcnt, avx, avx2, aes, clmul, erms, 3dnowpref, lzcnt, ht, tsc, tscinvbit, bmi1, bmi2, adx

Memory: 4k page, physical 8388608k(20044k free)

/proc/meminfo:


vm_info: Java HotSpot(TM) 64-Bit Server VM (25.144-b01) for bsd-amd64 JRE (1.8.0_144-b01), built on Jul 21 2017 22:07:42 by "java_re" with gcc 4.2.1 (Based on Apple Inc. build 5658) (LLVM build 2336.11.00)

time: Sun Sep 24 23:18:42 2017
elapsed time: 38 seconds (0d 0h 0m 38s)

