#
# A fatal error has been detected by the Java Runtime Environment:
#
#  SIGSEGV (0xb) at pc=0x00007fff8cdaf05d, pid=897, tid=0x0000000000000307
#
# JRE version: Java(TM) SE Runtime Environment (8.0_144-b01) (build 1.8.0_144-b01)
# Java VM: Java HotSpot(TM) 64-Bit Server VM (25.144-b01 mixed mode bsd-amd64 compressed oops)
# Problematic frame:
# C  [libobjc.A.dylib+0x705d]  objc_msgSend+0x1d
#
# Failed to write core dump. Core dumps have been disabled. To enable core dumping, try "ulimit -c unlimited" before starting Java again
#
# If you would like to submit a bug report, please visit:
#   http://bugreport.java.com/bugreport/crash.jsp
# The crash happened outside the Java Virtual Machine in native code.
# See problematic frame for where to report the bug.
#

---------------  T H R E A D  ---------------

Current thread (0x00007ff8f90c4000):  JavaThread "AWT-AppKit" daemon [_thread_in_native, id=775, stack(0x00007fff5e42c000,0x00007fff5ec2c000)]

siginfo: si_signo: 11 (SIGSEGV), si_code: 1 (SEGV_MAPERR), si_addr: 0x0000000000000018

Registers:
RAX=0x00007ff8f778dc30, RBX=0x000000018b62e450, RCX=0x00007ff8f9c01d20, RDX=0x0000000000000000
RSP=0x00007fff5ec27208, RBP=0x00007fff5ec272c0, RSI=0x00007fff7663b116, RDI=0x00007ff8fb814600
R8 =0x0000000000000018, R9 =0x00007ff8f9c01d00, R10=0x0000000000000000, R11=0x00007fff7663b116
R12=0x0000000000000000, R13=0x000000018ce1d818, R14=0x000000018b62e440, R15=0x00007ff8f90c4000
RIP=0x00007fff8cdaf05d, EFLAGS=0x0000000000010246, ERR=0x0000000000000004
  TRAPNO=0x000000000000000e

Top of Stack: (sp=0x00007fff5ec27208)
0x00007fff5ec27208:   000000018b62c157 00007fff5ec27260
0x00007fff5ec27218:   0000000000000003 00007fff5ec27240
0x00007fff5ec27228:   000000010124468e 000000018ce1d818
0x00007fff5ec27238:   000000018ce1d818 00007ff8f778dc30
0x00007fff5ec27248:   000000018b62e6a0 000000018b62e710
0x00007fff5ec27258:   00007fff92e146d0 00007fff93a441e0
0x00007fff5ec27268:   000000018b62e450 000000018b62e690
0x00007fff5ec27278:   00007ff8f778dc30 00007ff8fb814600
0x00007fff5ec27288:   00007ff8f763d750 00007ff8f778dc30
0x00007fff5ec27298:   00007ff8fb814600 00007fff5ec27348
0x00007fff5ec272a8:   00007ff8f90c41f8 000000018ce1d818
0x00007fff5ec272b8:   00007fff5ec27370 00007fff5ec27338
0x00007fff5ec272c8:   00000001040b39f4 000000018ce1d818
0x00007fff5ec272d8:   00007fff5ec27370 00007fff5ec27338
0x00007fff5ec272e8:   00000001040b3787 00000001040b3742
0x00007fff5ec272f8:   00007fff5ec272f8 000000018ce1d818
0x00007fff5ec27308:   00007fff5ec27370 000000018ce20450
0x00007fff5ec27318:   0000000000000000 000000018ce1d818
0x00007fff5ec27328:   0000000000000000 00007fff5ec27358
0x00007fff5ec27338:   00007fff5ec273b8 00000001040a42bd
0x00007fff5ec27348:   0000000740006c38 00000001040ad538
0x00007fff5ec27358:   00007ff8f778dc30 00007fff5ec273b8
0x00007fff5ec27368:   00007ff8fb814600 00000001040aee02
0x00007fff5ec27378:   00007fff5ec27378 000000018ce1d9e2
0x00007fff5ec27388:   00007fff5ec273e0 000000018ce20450
0x00007fff5ec27398:   0000000000000000 000000018ce1d9f0
0x00007fff5ec273a8:   00007fff5ec27358 00007fff5ec273c8
0x00007fff5ec273b8:   00007fff5ec27428 00000001040a42bd
0x00007fff5ec273c8:   00007ff8f778dc30 0000000740ddf240
0x00007fff5ec273d8:   00007ff8fb814600 0000000740ddf240
0x00007fff5ec273e8:   00007fff5ec273e8 00000001912feb36
0x00007fff5ec273f8:   00007fff5ec27438 00000001912febf0 

Instructions: (pc=0x00007fff8cdaf05d)
0x00007fff8cdaf03d:   0f 1f 00 48 85 ff 2e 74 62 40 f6 c7 01 2e 75 66
0x00007fff8cdaf04d:   49 ba f8 ff ff ff ff 7f 00 00 4c 23 17 49 89 f3
0x00007fff8cdaf05d:   45 23 5a 18 49 c1 e3 04 4d 03 5a 10 49 3b 33 75
0x00007fff8cdaf06d:   04 41 ff 63 08 49 83 3b 01 76 0d 49 83 c3 10 49 

Register to memory mapping:

RAX=0x00007ff8f778dc30 is an unknown value
RBX=0x000000018b62e450: Java_jogamp_nativewindow_macosx_OSXUtil_GetScreenRefreshRate0+0x1cf0 in /private/var/folders/4g/xxzpq2px2tg5jwrm0_jx44dc0000gn/T/jogamp_0000/file_cache/jln8003033038996661290/jln9061143953409396582/libnativewindow_macosx.jnilib at 0x000000018b627000
RCX=0x00007ff8f9c01d20 is an unknown value
RDX=0x0000000000000000 is an unknown value
RSP=0x00007fff5ec27208 is pointing into the stack for thread: 0x00007ff8f90c4000
RBP=0x00007fff5ec272c0 is pointing into the stack for thread: 0x00007ff8f90c4000
RSI=0x00007fff7663b116: __NSStyleNameIndexTable+0x7fd5e in /System/Library/Frameworks/AppKit.framework/Versions/C/AppKit at 0x00007fff759ce000
RDI=0x00007ff8fb814600 is an unknown value
R8 =0x0000000000000018 is an unknown value
R9 =0x00007ff8f9c01d00 is an unknown value
R10=0x0000000000000000 is an unknown value
R11=0x00007fff7663b116: __NSStyleNameIndexTable+0x7fd5e in /System/Library/Frameworks/AppKit.framework/Versions/C/AppKit at 0x00007fff759ce000
R12=0x0000000000000000 is an unknown value
R13={method} {0x000000018ce1d818} 'UnsetJAWTRootSurfaceLayer0' '(JJ)V' in 'jogamp/nativewindow/jawt/macosx/MacOSXJAWTWindow'
R14=0x000000018b62e440: Java_jogamp_nativewindow_macosx_OSXUtil_GetScreenRefreshRate0+0x1ce0 in /private/var/folders/4g/xxzpq2px2tg5jwrm0_jx44dc0000gn/T/jogamp_0000/file_cache/jln8003033038996661290/jln9061143953409396582/libnativewindow_macosx.jnilib at 0x000000018b627000
R15=0x00007ff8f90c4000 is a thread


Stack: [0x00007fff5e42c000,0x00007fff5ec2c000],  sp=0x00007fff5ec27208,  free space=8172k
Native frames: (J=compiled Java code, j=interpreted, Vv=VM code, C=native code)
C  [libobjc.A.dylib+0x705d]  objc_msgSend+0x1d
j  jogamp.nativewindow.jawt.macosx.MacOSXJAWTWindow.UnsetJAWTRootSurfaceLayer0(JJ)V+0
j  jogamp.nativewindow.jawt.macosx.MacOSXJAWTWindow.access$200(JJ)V+2
j  jogamp.nativewindow.jawt.macosx.MacOSXJAWTWindow$1.run()V+38
J 2378 C1 com.jogamp.common.util.RunnableTask.run()V (345 bytes) @ 0x00000001048954f4 [0x0000000104895360+0x194]
v  ~StubRoutines::call_stub
V  [libjvm.dylib+0x2ee70a]  JavaCalls::call_helper(JavaValue*, methodHandle*, JavaCallArguments*, Thread*)+0x6ae
V  [libjvm.dylib+0x3258b9]  jni_invoke_nonstatic(JNIEnv_*, JavaValue*, _jobject*, JNICallType, _jmethodID*, JNI_ArgumentPusher*, Thread*)+0x2ec
V  [libjvm.dylib+0x318087]  jni_CallVoidMethod+0x16b
C  [libnativewindow_macosx.jnilib+0x5326]  Java_jogamp_nativewindow_jawt_macosx_MacOSXJAWTWindow_UnsetJAWTRootSurfaceLayer0+0x2b6
C  [Foundation+0x7152a]  __NSThreadPerformPerform+0x146
C  [CoreFoundation+0xa7321]  __CFRUNLOOP_IS_CALLING_OUT_TO_A_SOURCE0_PERFORM_FUNCTION__+0x11
C  [CoreFoundation+0x8821d]  __CFRunLoopDoSources0+0x22d
C  [CoreFoundation+0x87716]  __CFRunLoopRun+0x3a6
C  [CoreFoundation+0x87114]  CFRunLoopRunSpecific+0x1a4
C  [HIToolbox+0x30ebc]  RunCurrentEventLoopInMode+0xf0
C  [HIToolbox+0x30bf9]  ReceiveNextEventCommon+0xb8
C  [HIToolbox+0x30b26]  _BlockUntilNextEventMatchingListInModeWithFilter+0x47
C  [AppKit+0x46a54]  _DPSNextEvent+0x460
C  [AppKit+0x7c27ee]  -[NSApplication(NSEvent) _nextEventMatchingEventMask:untilDate:inMode:dequeue:]+0xaec
C  [libosxapp.dylib+0x23aa]  -[NSApplicationAWT nextEventMatchingMask:untilDate:inMode:dequeue:]+0x7c
C  [AppKit+0x3b3db]  -[NSApplication run]+0x39e
C  [libosxapp.dylib+0x214d]  +[NSApplicationAWT runAWTLoopWithApp:]+0x9c
C  [libawt_lwawt.dylib+0x45edf]  -[AWTStarter starter:]+0x389
C  [Foundation+0x7152a]  __NSThreadPerformPerform+0x146
C  [CoreFoundation+0xa7321]  __CFRUNLOOP_IS_CALLING_OUT_TO_A_SOURCE0_PERFORM_FUNCTION__+0x11
C  [CoreFoundation+0x8821d]  __CFRunLoopDoSources0+0x22d
C  [CoreFoundation+0x87716]  __CFRunLoopRun+0x3a6
C  [CoreFoundation+0x87114]  CFRunLoopRunSpecific+0x1a4
C  [java+0x6465]  CreateExecutionEnvironment+0x367
C  [java+0x218c]  JLI_Launch+0x7a0
C  [java+0x84c2]  main+0x65
C  [java+0x19e4]  start+0x34
C  0x0000000000000007

Java frames: (J=compiled Java code, j=interpreted, Vv=VM code)
j  jogamp.nativewindow.jawt.macosx.MacOSXJAWTWindow.UnsetJAWTRootSurfaceLayer0(JJ)V+0
j  jogamp.nativewindow.jawt.macosx.MacOSXJAWTWindow.access$200(JJ)V+2
j  jogamp.nativewindow.jawt.macosx.MacOSXJAWTWindow$1.run()V+38
J 2378 C1 com.jogamp.common.util.RunnableTask.run()V (345 bytes) @ 0x00000001048954f4 [0x0000000104895360+0x194]
v  ~StubRoutines::call_stub

---------------  P R O C E S S  ---------------

Java Threads: ( => current thread )
  0x00007ff8f9562800 JavaThread "Thread-19" [_thread_blocked, id=74119, stack(0x0000700006da3000,0x0000700006ea3000)]
  0x00007ff8f8aa0000 JavaThread "AWT-EventQueue-1" [_thread_in_native, id=69407, stack(0x0000700006c1d000,0x0000700006d1d000)]
  0x00007ff8f89ee800 JavaThread "DestroyJavaVM" [_thread_blocked, id=3587, stack(0x000070000544c000,0x000070000554c000)]
  0x00007ff8f7954800 JavaThread "AWT-EventQueue-0" [_thread_blocked, id=60947, stack(0x0000700006a17000,0x0000700006b17000)]
  0x00007ff8f792b000 JavaThread "Java2D Disposer" daemon [_thread_blocked, id=57611, stack(0x000070000678e000,0x000070000688e000)]
  0x00007ff8f8912000 JavaThread "Java2D Queue Flusher" daemon [_thread_blocked, id=48451, stack(0x000070000668b000,0x000070000678b000)]
  0x00007ff8f792d800 JavaThread "AWT-Shutdown" [_thread_blocked, id=30495, stack(0x0000700006482000,0x0000700006582000)]
=>0x00007ff8f90c4000 JavaThread "AWT-AppKit" daemon [_thread_in_native, id=775, stack(0x00007fff5e42c000,0x00007fff5ec2c000)]
  0x00007ff8f785d000 JavaThread "Service Thread" daemon [_thread_blocked, id=18691, stack(0x00007000061f9000,0x00007000062f9000)]
  0x00007ff8f7823800 JavaThread "C1 CompilerThread2" daemon [_thread_blocked, id=18179, stack(0x00007000060f6000,0x00007000061f6000)]
  0x00007ff8f800b800 JavaThread "C2 CompilerThread1" daemon [_thread_blocked, id=17667, stack(0x0000700005ff3000,0x00007000060f3000)]
  0x00007ff8f8825800 JavaThread "C2 CompilerThread0" daemon [_thread_blocked, id=17155, stack(0x0000700005ef0000,0x0000700005ff0000)]
  0x00007ff8f8812000 JavaThread "Signal Dispatcher" daemon [_thread_blocked, id=16643, stack(0x0000700005ded000,0x0000700005eed000)]
  0x00007ff8f7819800 JavaThread "Finalizer" daemon [_thread_blocked, id=12547, stack(0x0000700005cea000,0x0000700005dea000)]
  0x00007ff8f7816800 JavaThread "Reference Handler" daemon [_thread_blocked, id=12035, stack(0x0000700005be7000,0x0000700005ce7000)]

Other Threads:
  0x00007ff8f7812000 VMThread [stack: 0x0000700005ae4000,0x0000700005be4000] [id=11523]
  0x00007ff8f8804800 WatcherThread [stack: 0x00007000062fc000,0x00007000063fc000] [id=19203]

VM state:not at safepoint (normal execution)

VM Mutex/Monitor currently owned by a thread: None

Heap:
 PSYoungGen      total 38400K, used 20371K [0x0000000795580000, 0x0000000798980000, 0x00000007c0000000)
  eden space 33280K, 60% used [0x0000000795580000,0x0000000796944ec8,0x0000000797600000)
  from space 5120K, 2% used [0x0000000797b00000,0x0000000797b20000,0x0000000798000000)
  to   space 5120K, 0% used [0x0000000797600000,0x0000000797600000,0x0000000797b00000)
 ParOldGen       total 79872K, used 16447K [0x0000000740000000, 0x0000000744e00000, 0x0000000795580000)
  object space 79872K, 20% used [0x0000000740000000,0x000000074100fd10,0x0000000744e00000)
 Metaspace       used 21344K, capacity 21697K, committed 22016K, reserved 1069056K
  class space    used 2115K, capacity 2219K, committed 2304K, reserved 1048576K

Card table byte_map: [0x0000000102dc0000,0x00000001031c1000] byte_map_base: 0x00000000ff3c0000

Marking Bits: (ParMarkBitMap*) 0x00000001019445d0
 Begin Bits: [0x000000011309c000, 0x000000011509c000)
 End Bits:   [0x000000011509c000, 0x000000011709c000)

Polling page: 0x000000010203b000

CodeCache: size=245760Kb used=9354Kb max_used=9365Kb free=236405Kb
 bounds [0x000000010409c000, 0x00000001049cc000, 0x000000011309c000]
 total_blobs=3643 nmethods=2730 adapters=826
 compilation: enabled

Compilation events (10 events):
Event: 15.536 Thread 0x00007ff8f800b800 2737       4       processing.opengl.PJOGL::depthMask (11 bytes)
Event: 15.536 Thread 0x00007ff8f7823800 nmethod 2736 0x00000001049b4150 code [0x00000001049b4300, 0x00000001049b4c08]
Event: 15.536 Thread 0x00007ff8f7823800 2738       1       sun.java2d.SurfaceData::isValid (5 bytes)
Event: 15.536 Thread 0x00007ff8f7823800 nmethod 2738 0x00000001049b2290 code [0x00000001049b23e0, 0x00000001049b24f0]
Event: 15.539 Thread 0x00007ff8f800b800 nmethod 2737 0x00000001049be890 code [0x00000001049bea00, 0x00000001049beb68]
Event: 15.565 Thread 0x00007ff8f8825800 2739       4       java.util.HashMap::newNode (13 bytes)
Event: 15.567 Thread 0x00007ff8f800b800 2740  s!   4       sun.misc.URLClassPath::getLoader (243 bytes)
Event: 15.567 Thread 0x00007ff8f8825800 nmethod 2739 0x00000001049bd090 code [0x00000001049bd1e0, 0x00000001049bd2f8]
Event: 15.572 Thread 0x00007ff8f800b800 nmethod 2740 0x00000001049bee90 code [0x00000001049bf000, 0x00000001049bf7d8]
Event: 15.577 Thread 0x00007ff8f7823800 2741       3       sun.net.www.protocol.jar.Handler::parseContextSpec (154 bytes)

GC Heap History (10 events):
Event: 2.827 GC heap before
{Heap before GC invocations=1 (full 0):
 PSYoungGen      total 38400K, used 33280K [0x0000000795580000, 0x0000000798000000, 0x00000007c0000000)
  eden space 33280K, 100% used [0x0000000795580000,0x0000000797600000,0x0000000797600000)
  from space 5120K, 0% used [0x0000000797b00000,0x0000000797b00000,0x0000000798000000)
  to   space 5120K, 0% used [0x0000000797600000,0x0000000797600000,0x0000000797b00000)
 ParOldGen       total 87552K, used 0K [0x0000000740000000, 0x0000000745580000, 0x0000000795580000)
  object space 87552K, 0% used [0x0000000740000000,0x0000000740000000,0x0000000745580000)
 Metaspace       used 15996K, capacity 16321K, committed 16384K, reserved 1064960K
  class space    used 1644K, capacity 1759K, committed 1792K, reserved 1048576K
Event: 2.834 GC heap after
Heap after GC invocations=1 (full 0):
 PSYoungGen      total 38400K, used 5094K [0x0000000795580000, 0x0000000798000000, 0x00000007c0000000)
  eden space 33280K, 0% used [0x0000000795580000,0x0000000795580000,0x0000000797600000)
  from space 5120K, 99% used [0x0000000797600000,0x0000000797af98d8,0x0000000797b00000)
  to   space 5120K, 0% used [0x0000000797b00000,0x0000000797b00000,0x0000000798000000)
 ParOldGen       total 87552K, used 16K [0x0000000740000000, 0x0000000745580000, 0x0000000795580000)
  object space 87552K, 0% used [0x0000000740000000,0x0000000740004000,0x0000000745580000)
 Metaspace       used 15996K, capacity 16321K, committed 16384K, reserved 1064960K
  class space    used 1644K, capacity 1759K, committed 1792K, reserved 1048576K
}
Event: 3.883 GC heap before
{Heap before GC invocations=2 (full 0):
 PSYoungGen      total 38400K, used 38374K [0x0000000795580000, 0x0000000798000000, 0x00000007c0000000)
  eden space 33280K, 100% used [0x0000000795580000,0x0000000797600000,0x0000000797600000)
  from space 5120K, 99% used [0x0000000797600000,0x0000000797af98d8,0x0000000797b00000)
  to   space 5120K, 0% used [0x0000000797b00000,0x0000000797b00000,0x0000000798000000)
 ParOldGen       total 87552K, used 16K [0x0000000740000000, 0x0000000745580000, 0x0000000795580000)
  object space 87552K, 0% used [0x0000000740000000,0x0000000740004000,0x0000000745580000)
 Metaspace       used 19692K, capacity 19965K, committed 20096K, reserved 1067008K
  class space    used 2029K, capacity 2117K, committed 2176K, reserved 1048576K
Event: 3.894 GC heap after
Heap after GC invocations=2 (full 0):
 PSYoungGen      total 38400K, used 5117K [0x0000000795580000, 0x0000000798000000, 0x00000007c0000000)
  eden space 33280K, 0% used [0x0000000795580000,0x0000000795580000,0x0000000797600000)
  from space 5120K, 99% used [0x0000000797b00000,0x0000000797fff460,0x0000000798000000)
  to   space 5120K, 0% used [0x0000000797600000,0x0000000797600000,0x0000000797b00000)
 ParOldGen       total 87552K, used 7738K [0x0000000740000000, 0x0000000745580000, 0x0000000795580000)
  object space 87552K, 8% used [0x0000000740000000,0x000000074078e9d8,0x0000000745580000)
 Metaspace       used 19692K, capacity 19965K, committed 20096K, reserved 1067008K
  class space    used 2029K, capacity 2117K, committed 2176K, reserved 1048576K
}
Event: 5.060 GC heap before
{Heap before GC invocations=3 (full 0):
 PSYoungGen      total 38400K, used 30949K [0x0000000795580000, 0x0000000798000000, 0x00000007c0000000)
  eden space 33280K, 77% used [0x0000000795580000,0x0000000796eba040,0x0000000797600000)
  from space 5120K, 99% used [0x0000000797b00000,0x0000000797fff460,0x0000000798000000)
  to   space 5120K, 0% used [0x0000000797600000,0x0000000797600000,0x0000000797b00000)
 ParOldGen       total 87552K, used 7738K [0x0000000740000000, 0x0000000745580000, 0x0000000795580000)
  object space 87552K, 8% used [0x0000000740000000,0x000000074078e9d8,0x0000000745580000)
 Metaspace       used 20813K, capacity 21147K, committed 21248K, reserved 1069056K
  class space    used 2110K, capacity 2228K, committed 2304K, reserved 1048576K
Event: 5.069 GC heap after
Heap after GC invocations=3 (full 0):
 PSYoungGen      total 38400K, used 5117K [0x0000000795580000, 0x0000000798000000, 0x00000007c0000000)
  eden space 33280K, 0% used [0x0000000795580000,0x0000000795580000,0x0000000797600000)
  from space 5120K, 99% used [0x0000000797600000,0x0000000797aff4b0,0x0000000797b00000)
  to   space 5120K, 0% used [0x0000000797b00000,0x0000000797b00000,0x0000000798000000)
 ParOldGen       total 87552K, used 11798K [0x0000000740000000, 0x0000000745580000, 0x0000000795580000)
  object space 87552K, 13% used [0x0000000740000000,0x0000000740b85940,0x0000000745580000)
 Metaspace       used 20813K, capacity 21147K, committed 21248K, reserved 1069056K
  class space    used 2110K, capacity 2228K, committed 2304K, reserved 1048576K
}
Event: 5.069 GC heap before
{Heap before GC invocations=4 (full 1):
 PSYoungGen      total 38400K, used 5117K [0x0000000795580000, 0x0000000798000000, 0x00000007c0000000)
  eden space 33280K, 0% used [0x0000000795580000,0x0000000795580000,0x0000000797600000)
  from space 5120K, 99% used [0x0000000797600000,0x0000000797aff4b0,0x0000000797b00000)
  to   space 5120K, 0% used [0x0000000797b00000,0x0000000797b00000,0x0000000798000000)
 ParOldGen       total 87552K, used 11798K [0x0000000740000000, 0x0000000745580000, 0x0000000795580000)
  object space 87552K, 13% used [0x0000000740000000,0x0000000740b85940,0x0000000745580000)
 Metaspace       used 20813K, capacity 21147K, committed 21248K, reserved 1069056K
  class space    used 2110K, capacity 2228K, committed 2304K, reserved 1048576K
Event: 5.132 GC heap after
Heap after GC invocations=4 (full 1):
 PSYoungGen      total 38400K, used 0K [0x0000000795580000, 0x0000000798000000, 0x00000007c0000000)
  eden space 33280K, 0% used [0x0000000795580000,0x0000000795580000,0x0000000797600000)
  from space 5120K, 0% used [0x0000000797600000,0x0000000797600000,0x0000000797b00000)
  to   space 5120K, 0% used [0x0000000797b00000,0x0000000797b00000,0x0000000798000000)
 ParOldGen       total 79872K, used 16439K [0x0000000740000000, 0x0000000744e00000, 0x0000000795580000)
  object space 79872K, 20% used [0x0000000740000000,0x000000074100dd10,0x0000000744e00000)
 Metaspace       used 20799K, capacity 21115K, committed 21248K, reserved 1069056K
  class space    used 2105K, capacity 2218K, committed 2304K, reserved 1048576K
}
Event: 11.663 GC heap before
{Heap before GC invocations=5 (full 1):
 PSYoungGen      total 38400K, used 33280K [0x0000000795580000, 0x0000000798000000, 0x00000007c0000000)
  eden space 33280K, 100% used [0x0000000795580000,0x0000000797600000,0x0000000797600000)
  from space 5120K, 0% used [0x0000000797600000,0x0000000797600000,0x0000000797b00000)
  to   space 5120K, 0% used [0x0000000797b00000,0x0000000797b00000,0x0000000798000000)
 ParOldGen       total 79872K, used 16439K [0x0000000740000000, 0x0000000744e00000, 0x0000000795580000)
  object space 79872K, 20% used [0x0000000740000000,0x000000074100dd10,0x0000000744e00000)
 Metaspace       used 21239K, capacity 21569K, committed 21760K, reserved 1069056K
  class space    used 2108K, capacity 2219K, committed 2304K, reserved 1048576K
Event: 11.665 GC heap after
Heap after GC invocations=5 (full 1):
 PSYoungGen      total 38400K, used 128K [0x0000000795580000, 0x0000000798980000, 0x00000007c0000000)
  eden space 33280K, 0% used [0x0000000795580000,0x0000000795580000,0x0000000797600000)
  from space 5120K, 2% used [0x0000000797b00000,0x0000000797b20000,0x0000000798000000)
  to   space 5120K, 0% used [0x0000000797600000,0x0000000797600000,0x0000000797b00000)
 ParOldGen       total 79872K, used 16447K [0x0000000740000000, 0x0000000744e00000, 0x0000000795580000)
  object space 79872K, 20% used [0x0000000740000000,0x000000074100fd10,0x0000000744e00000)
 Metaspace       used 21239K, capacity 21569K, committed 21760K, reserved 1069056K
  class space    used 2108K, capacity 2219K, committed 2304K, reserved 1048576K
}

Deoptimization events (10 events):
Event: 3.868 Thread 0x00007ff8f8aa0000 Uncommon trap: reason=unstable_if action=reinterpret pc=0x0000000104553fbc method=com.jogamp.common.util.IntIntHashMap.get(I)I @ 28
Event: 3.905 Thread 0x00007ff8f8aa0000 Uncommon trap: reason=unstable_if action=reinterpret pc=0x00000001044ab390 method=java.lang.String.trim()Ljava/lang/String; @ 23
Event: 4.000 Thread 0x00007ff8f91d8800 Uncommon trap: reason=unstable_if action=reinterpret pc=0x000000010450ea14 method=java.lang.String.regionMatches(ZILjava/lang/String;II)Z @ 123
Event: 15.533 Thread 0x00007ff8f8aa0000 Uncommon trap: reason=unstable_if action=reinterpret pc=0x000000010485e3e8 method=java.util.WeakHashMap.get(Ljava/lang/Object;)Ljava/lang/Object; @ 35
Event: 15.535 Thread 0x00007ff8f7954800 Uncommon trap: reason=unstable_if action=reinterpret pc=0x00000001047e72b0 method=java.awt.font.FontRenderContext.equals(Ljava/awt/font/FontRenderContext;)Z @ 2
Event: 15.536 Thread 0x00007ff8f7954800 Uncommon trap: reason=unstable_if action=reinterpret pc=0x00000001047e0f14 method=java.awt.Font.equals(Ljava/lang/Object;)Z @ 2
Event: 15.564 Thread 0x00007ff8f820c000 Uncommon trap: reason=unstable_if action=reinterpret pc=0x0000000104666d40 method=java.util.HashMap.putVal(ILjava/lang/Object;Ljava/lang/Object;ZZ)Ljava/lang/Object; @ 81
Event: 15.565 Thread 0x00007ff8f820c000 Uncommon trap: reason=unstable_if action=reinterpret pc=0x0000000104662114 method=java.util.HashMap.putVal(ILjava/lang/Object;Ljava/lang/Object;ZZ)Ljava/lang/Object; @ 81
Event: 15.566 Thread 0x00007ff8f7954800 Uncommon trap: reason=unstable_if action=reinterpret pc=0x00000001041a8038 method=java.awt.font.FontRenderContext.equals(Ljava/awt/font/FontRenderContext;)Z @ 2
Event: 15.578 Thread 0x00007ff8f8aa0000 Uncommon trap: reason=unstable_if action=reinterpret pc=0x0000000104978b74 method=java.security.AccessControlContext.optimize()Ljava/security/AccessControlContext; @ 233

Internal exceptions (10 events):
Event: 0.182 Thread 0x00007ff8f8000800 Exception <a 'java/lang/NoSuchFieldError': method resolution failed> (0x00000007957959f8) thrown at [/Users/java_re/workspace/8-2-build-macosx-x86_64/jdk8u144/9417/hotspot/src/share/vm/prims/methodHandles.cpp, line 1146]
Event: 0.341 Thread 0x00007ff8f8000800 Exception <a 'java/io/FileNotFoundException'> (0x0000000795810ed0) thrown at [/Users/java_re/workspace/8-2-build-macosx-x86_64/jdk8u144/9417/hotspot/src/share/vm/prims/jni.cpp, line 709]
Event: 0.341 Thread 0x00007ff8f8000800 Exception <a 'java/io/FileNotFoundException'> (0x0000000795811a38) thrown at [/Users/java_re/workspace/8-2-build-macosx-x86_64/jdk8u144/9417/hotspot/src/share/vm/prims/jni.cpp, line 709]
Event: 0.447 Thread 0x00007ff8f8000800 Exception <a 'java/io/FileNotFoundException'> (0x0000000795958498) thrown at [/Users/java_re/workspace/8-2-build-macosx-x86_64/jdk8u144/9417/hotspot/src/share/vm/prims/jni.cpp, line 709]
Event: 2.616 Thread 0x00007ff8f89c4800 Exception <a 'java/lang/UnsatisfiedLinkError': com.jogamp.common.util.JarUtil.fixNativeLibAttribs(Ljava/lang/String;)Z> (0x0000000796c5f8c8) thrown at [/Users/java_re/workspace/8-2-build-macosx-x86_64/jdk8u144/9417/hotspot/src/share/vm/prims/nativeLookup.
Event: 2.835 Thread 0x00007ff8f7819800 Exception <a 'java/lang/NullPointerException'> (0x00000007956a2d90) thrown at [/Users/java_re/workspace/8-2-build-macosx-x86_64/jdk8u144/9417/hotspot/src/share/vm/interpreter/linkResolver.cpp, line 1197]
Event: 3.499 Thread 0x00007ff8f8aa0000 Exception <a 'java/io/FileNotFoundException'> (0x00000007960b16d0) thrown at [/Users/java_re/workspace/8-2-build-macosx-x86_64/jdk8u144/9417/hotspot/src/share/vm/prims/jni.cpp, line 709]
Event: 3.499 Thread 0x00007ff8f8aa0000 Exception <a 'java/io/FileNotFoundException'> (0x00000007960baff8) thrown at [/Users/java_re/workspace/8-2-build-macosx-x86_64/jdk8u144/9417/hotspot/src/share/vm/prims/jni.cpp, line 709]
Event: 3.499 Thread 0x00007ff8f8aa0000 Implicit null exception at 0x000000010427ec76 to 0x000000010427f069
Event: 3.828 Thread 0x00007ff8f8aa0000 Implicit null exception at 0x0000000104481b06 to 0x0000000104481d4d

Events (10 events):
Event: 15.578 Thread 0x00007ff8f8aa0000 Uncommon trap: trap_request=0xffffff65 fr.pc=0x0000000104978b74
Event: 15.578 Thread 0x00007ff8f8aa0000 DEOPT PACKING pc=0x0000000104978b74 sp=0x0000700006d1a8b0
Event: 15.578 Thread 0x00007ff8f8aa0000 DEOPT UNPACKING pc=0x00000001040a1229 sp=0x0000700006d1a880 mode 2
Event: 15.578 loading class java/awt/LightweightDispatcher$2
Event: 15.578 loading class java/awt/LightweightDispatcher$2 done
Event: 15.579 loading class java/awt/event/AWTEventListenerProxy
Event: 15.579 loading class java/awt/event/AWTEventListenerProxy done
Event: 15.579 loading class java/awt/Toolkit$ToolkitEventMulticaster
Event: 15.579 loading class java/awt/Toolkit$ToolkitEventMulticaster done
Event: 15.579 Thread 0x00007ff8f820c000 Thread exited: 0x00007ff8f820c000


Dynamic libraries:
0x0000000002b1d000 	/System/Library/Frameworks/Cocoa.framework/Versions/A/Cocoa
0x0000000002b1d000 	/System/Library/Frameworks/Security.framework/Versions/A/Security
0x0000000002b1d000 	/System/Library/Frameworks/ApplicationServices.framework/Versions/A/ApplicationServices
0x0000000002b1d000 	/usr/lib/libz.1.dylib
0x0000000002b1d000 	/usr/lib/libSystem.B.dylib
0x0000000002b1d000 	/usr/lib/libobjc.A.dylib
0x0000000002b1d000 	/System/Library/Frameworks/CoreFoundation.framework/Versions/A/CoreFoundation
0x0000000002b1d000 	/System/Library/Frameworks/Foundation.framework/Versions/C/Foundation
0x0000000002b1d000 	/System/Library/Frameworks/AppKit.framework/Versions/C/AppKit
0x0000000002b1d000 	/System/Library/Frameworks/CoreData.framework/Versions/A/CoreData
0x0000000002b1d000 	/System/Library/PrivateFrameworks/RemoteViewServices.framework/Versions/A/RemoteViewServices
0x0000000002b1d000 	/System/Library/PrivateFrameworks/UIFoundation.framework/Versions/A/UIFoundation
0x0000000002b1d000 	/System/Library/PrivateFrameworks/DFRFoundation.framework/Versions/A/DFRFoundation
0x0000000002b1d000 	/usr/lib/libenergytrace.dylib
0x0000000002b1d000 	/System/Library/PrivateFrameworks/SkyLight.framework/Versions/A/SkyLight
0x0000000002b1d000 	/System/Library/Frameworks/CoreGraphics.framework/Versions/A/CoreGraphics
0x0000000002b1d000 	/usr/lib/libScreenReader.dylib
0x0000000002b1d000 	/System/Library/Frameworks/Accelerate.framework/Versions/A/Accelerate
0x0000000002b1d000 	/System/Library/Frameworks/IOSurface.framework/Versions/A/IOSurface
0x0000000002b1d000 	/System/Library/Frameworks/AudioToolbox.framework/Versions/A/AudioToolbox
0x0000000002b1d000 	/System/Library/Frameworks/AudioUnit.framework/Versions/A/AudioUnit
0x0000000002b1d000 	/System/Library/PrivateFrameworks/DataDetectorsCore.framework/Versions/A/DataDetectorsCore
0x0000000002b1d000 	/System/Library/PrivateFrameworks/DesktopServicesPriv.framework/Versions/A/DesktopServicesPriv
0x0000000002b1d000 	/System/Library/Frameworks/Carbon.framework/Versions/A/Frameworks/HIToolbox.framework/Versions/A/HIToolbox
0x0000000002b1d000 	/usr/lib/libicucore.A.dylib
0x0000000002b1d000 	/System/Library/Frameworks/QuartzCore.framework/Versions/A/QuartzCore
0x0000000002b1d000 	/System/Library/Frameworks/Carbon.framework/Versions/A/Frameworks/SpeechRecognition.framework/Versions/A/SpeechRecognition
0x0000000002b1d000 	/usr/lib/libauto.dylib
0x0000000002b1d000 	/usr/lib/libxml2.2.dylib
0x0000000002b1d000 	/System/Library/PrivateFrameworks/CoreUI.framework/Versions/A/CoreUI
0x0000000002b1d000 	/System/Library/Frameworks/CoreAudio.framework/Versions/A/CoreAudio
0x0000000002b1d000 	/System/Library/Frameworks/DiskArbitration.framework/Versions/A/DiskArbitration
0x0000000002b1d000 	/usr/lib/liblangid.dylib
0x0000000002b1d000 	/System/Library/PrivateFrameworks/MultitouchSupport.framework/Versions/A/MultitouchSupport
0x0000000002b1d000 	/System/Library/Frameworks/IOKit.framework/Versions/A/IOKit
0x0000000002b1d000 	/usr/lib/libDiagnosticMessagesClient.dylib
0x0000000002b1d000 	/System/Library/Frameworks/CoreServices.framework/Versions/A/CoreServices
0x0000000002b1d000 	/System/Library/PrivateFrameworks/PerformanceAnalysis.framework/Versions/A/PerformanceAnalysis
0x0000000002b1d000 	/System/Library/PrivateFrameworks/GenerationalStorage.framework/Versions/A/GenerationalStorage
0x0000000002b1d000 	/System/Library/Frameworks/OpenGL.framework/Versions/A/OpenGL
0x0000000002b1d000 	/System/Library/Frameworks/CoreImage.framework/Versions/A/CoreImage
0x0000000002b1d000 	/System/Library/Frameworks/CoreText.framework/Versions/A/CoreText
0x0000000002b1d000 	/System/Library/Frameworks/ImageIO.framework/Versions/A/ImageIO
0x0000000002b1d000 	/System/Library/PrivateFrameworks/Backup.framework/Versions/A/Backup
0x0000000002b1d000 	/usr/lib/libarchive.2.dylib
0x0000000002b1d000 	/System/Library/Frameworks/CFNetwork.framework/Versions/A/CFNetwork
0x0000000002b1d000 	/System/Library/Frameworks/SystemConfiguration.framework/Versions/A/SystemConfiguration
0x0000000002b1d000 	/usr/lib/libCRFSuite.dylib
0x0000000002b1d000 	/usr/lib/libc++.1.dylib
0x0000000002b1d000 	/usr/lib/libc++abi.dylib
0x0000000002b1d000 	/usr/lib/system/libcache.dylib
0x0000000002b1d000 	/usr/lib/system/libcommonCrypto.dylib
0x0000000002b1d000 	/usr/lib/system/libcompiler_rt.dylib
0x0000000002b1d000 	/usr/lib/system/libcopyfile.dylib
0x0000000002b1d000 	/usr/lib/system/libcorecrypto.dylib
0x0000000002b1d000 	/usr/lib/system/libdispatch.dylib
0x0000000002b1d000 	/usr/lib/system/libdyld.dylib
0x0000000002b1d000 	/usr/lib/system/libkeymgr.dylib
0x0000000002b1d000 	/usr/lib/system/liblaunch.dylib
0x0000000002b1d000 	/usr/lib/system/libmacho.dylib
0x0000000002b1d000 	/usr/lib/system/libquarantine.dylib
0x0000000002b1d000 	/usr/lib/system/libremovefile.dylib
0x0000000002b1d000 	/usr/lib/system/libsystem_asl.dylib
0x0000000002b1d000 	/usr/lib/system/libsystem_blocks.dylib
0x0000000002b1d000 	/usr/lib/system/libsystem_c.dylib
0x0000000002b1d000 	/usr/lib/system/libsystem_configuration.dylib
0x0000000002b1d000 	/usr/lib/system/libsystem_coreservices.dylib
0x0000000002b1d000 	/usr/lib/system/libsystem_coretls.dylib
0x0000000002b1d000 	/usr/lib/system/libsystem_dnssd.dylib
0x0000000002b1d000 	/usr/lib/system/libsystem_info.dylib
0x0000000002b1d000 	/usr/lib/system/libsystem_kernel.dylib
0x0000000002b1d000 	/usr/lib/system/libsystem_m.dylib
0x0000000002b1d000 	/usr/lib/system/libsystem_malloc.dylib
0x0000000002b1d000 	/usr/lib/system/libsystem_network.dylib
0x0000000002b1d000 	/usr/lib/system/libsystem_networkextension.dylib
0x0000000002b1d000 	/usr/lib/system/libsystem_notify.dylib
0x0000000002b1d000 	/usr/lib/system/libsystem_platform.dylib
0x0000000002b1d000 	/usr/lib/system/libsystem_pthread.dylib
0x0000000002b1d000 	/usr/lib/system/libsystem_sandbox.dylib
0x0000000002b1d000 	/usr/lib/system/libsystem_secinit.dylib
0x0000000002b1d000 	/usr/lib/system/libsystem_symptoms.dylib
0x0000000002b1d000 	/usr/lib/system/libsystem_trace.dylib
0x0000000002b1d000 	/usr/lib/system/libunwind.dylib
0x0000000002b1d000 	/usr/lib/system/libxpc.dylib
0x0000000002b1d000 	/usr/lib/libbsm.0.dylib
0x0000000002b1d000 	/usr/lib/system/libkxld.dylib
0x0000000002b1d000 	/usr/lib/libcoretls.dylib
0x0000000002b1d000 	/usr/lib/libcoretls_cfhelpers.dylib
0x0000000002b1d000 	/usr/lib/libOpenScriptingUtil.dylib
0x0000000002b1d000 	/usr/lib/libpam.2.dylib
0x0000000002b1d000 	/usr/lib/libsqlite3.dylib
0x0000000002b1d000 	/usr/lib/libxar.1.dylib
0x0000000002b1d000 	/usr/lib/libbz2.1.0.dylib
0x0000000002b1d000 	/usr/lib/liblzma.5.dylib
0x0000000002b1d000 	/usr/lib/libnetwork.dylib
0x0000000002b1d000 	/usr/lib/libpcap.A.dylib
0x0000000002b1d000 	/System/Library/Frameworks/CoreServices.framework/Versions/A/Frameworks/FSEvents.framework/Versions/A/FSEvents
0x0000000002b1d000 	/System/Library/Frameworks/CoreServices.framework/Versions/A/Frameworks/CarbonCore.framework/Versions/A/CarbonCore
0x0000000002b1d000 	/System/Library/Frameworks/CoreServices.framework/Versions/A/Frameworks/Metadata.framework/Versions/A/Metadata
0x0000000002b1d000 	/System/Library/Frameworks/CoreServices.framework/Versions/A/Frameworks/OSServices.framework/Versions/A/OSServices
0x0000000002b1d000 	/System/Library/Frameworks/CoreServices.framework/Versions/A/Frameworks/SearchKit.framework/Versions/A/SearchKit
0x0000000002b1d000 	/System/Library/Frameworks/CoreServices.framework/Versions/A/Frameworks/AE.framework/Versions/A/AE
0x0000000002b1d000 	/System/Library/Frameworks/CoreServices.framework/Versions/A/Frameworks/LaunchServices.framework/Versions/A/LaunchServices
0x0000000002b1d000 	/System/Library/Frameworks/CoreServices.framework/Versions/A/Frameworks/DictionaryServices.framework/Versions/A/DictionaryServices
0x0000000002b1d000 	/System/Library/Frameworks/CoreServices.framework/Versions/A/Frameworks/SharedFileList.framework/Versions/A/SharedFileList
0x0000000002b1d000 	/System/Library/Frameworks/NetFS.framework/Versions/A/NetFS
0x0000000002b1d000 	/System/Library/PrivateFrameworks/NetAuth.framework/Versions/A/NetAuth
0x0000000002b1d000 	/System/Library/PrivateFrameworks/login.framework/Versions/A/Frameworks/loginsupport.framework/Versions/A/loginsupport
0x0000000002b1d000 	/System/Library/PrivateFrameworks/TCC.framework/Versions/A/TCC
0x0000000002b1d000 	/usr/lib/libmecabra.dylib
0x0000000002b1d000 	/System/Library/Frameworks/ApplicationServices.framework/Versions/A/Frameworks/ATS.framework/Versions/A/ATS
0x0000000002b1d000 	/System/Library/Frameworks/ApplicationServices.framework/Versions/A/Frameworks/ColorSync.framework/Versions/A/ColorSync
0x0000000002b1d000 	/System/Library/Frameworks/ApplicationServices.framework/Versions/A/Frameworks/HIServices.framework/Versions/A/HIServices
0x0000000002b1d000 	/System/Library/Frameworks/ApplicationServices.framework/Versions/A/Frameworks/LangAnalysis.framework/Versions/A/LangAnalysis
0x0000000002b1d000 	/System/Library/Frameworks/ApplicationServices.framework/Versions/A/Frameworks/PrintCore.framework/Versions/A/PrintCore
0x0000000002b1d000 	/System/Library/Frameworks/ApplicationServices.framework/Versions/A/Frameworks/QD.framework/Versions/A/QD
0x0000000002b1d000 	/System/Library/Frameworks/ApplicationServices.framework/Versions/A/Frameworks/SpeechSynthesis.framework/Versions/A/SpeechSynthesis
0x0000000002b1d000 	/System/Library/Frameworks/Accelerate.framework/Versions/A/Frameworks/vImage.framework/Versions/A/vImage
0x0000000002b1d000 	/System/Library/Frameworks/Accelerate.framework/Versions/A/Frameworks/vecLib.framework/Versions/A/vecLib
0x0000000002b1d000 	/System/Library/Frameworks/Accelerate.framework/Versions/A/Frameworks/vecLib.framework/Versions/A/libvDSP.dylib
0x0000000002b1d000 	/System/Library/Frameworks/Accelerate.framework/Versions/A/Frameworks/vecLib.framework/Versions/A/libBNNS.dylib
0x0000000002b1d000 	/System/Library/Frameworks/Accelerate.framework/Versions/A/Frameworks/vecLib.framework/Versions/A/libQuadrature.dylib
0x0000000002b1d000 	/System/Library/Frameworks/Accelerate.framework/Versions/A/Frameworks/vecLib.framework/Versions/A/libvMisc.dylib
0x0000000002b1d000 	/System/Library/Frameworks/Accelerate.framework/Versions/A/Frameworks/vecLib.framework/Versions/A/libLAPACK.dylib
0x0000000002b1d000 	/System/Library/Frameworks/Accelerate.framework/Versions/A/Frameworks/vecLib.framework/Versions/A/libBLAS.dylib
0x0000000002b1d000 	/System/Library/Frameworks/Accelerate.framework/Versions/A/Frameworks/vecLib.framework/Versions/A/libLinearAlgebra.dylib
0x0000000002b1d000 	/System/Library/Frameworks/Accelerate.framework/Versions/A/Frameworks/vecLib.framework/Versions/A/libSparseBLAS.dylib
0x0000000002b1d000 	/System/Library/Frameworks/ApplicationServices.framework/Versions/A/Frameworks/ATS.framework/Versions/A/Resources/libFontParser.dylib
0x0000000002b1d000 	/System/Library/Frameworks/ApplicationServices.framework/Versions/A/Frameworks/ATS.framework/Versions/A/Resources/libFontRegistry.dylib
0x0000000002b1d000 	/System/Library/Frameworks/ImageIO.framework/Versions/A/Resources/libJPEG.dylib
0x0000000002b1d000 	/System/Library/Frameworks/ImageIO.framework/Versions/A/Resources/libTIFF.dylib
0x0000000002b1d000 	/System/Library/Frameworks/ImageIO.framework/Versions/A/Resources/libPng.dylib
0x0000000002b1d000 	/System/Library/Frameworks/ImageIO.framework/Versions/A/Resources/libGIF.dylib
0x0000000002b1d000 	/System/Library/Frameworks/ImageIO.framework/Versions/A/Resources/libJP2.dylib
0x0000000002b1d000 	/System/Library/Frameworks/ImageIO.framework/Versions/A/Resources/libRadiance.dylib
0x0000000002b1d000 	/usr/lib/libcompression.dylib
0x0000000002b1d000 	/System/Library/PrivateFrameworks/AppleJPEG.framework/Versions/A/AppleJPEG
0x0000000002b1d000 	/usr/lib/libcups.2.dylib
0x0000000002b1d000 	/System/Library/Frameworks/Kerberos.framework/Versions/A/Kerberos
0x0000000002b1d000 	/System/Library/Frameworks/GSS.framework/Versions/A/GSS
0x0000000002b1d000 	/usr/lib/libresolv.9.dylib
0x0000000002b1d000 	/usr/lib/libiconv.2.dylib
0x0000000002b1d000 	/System/Library/PrivateFrameworks/Heimdal.framework/Versions/A/Heimdal
0x0000000002b1d000 	/usr/lib/libheimdal-asn1.dylib
0x0000000002b1d000 	/System/Library/Frameworks/OpenDirectory.framework/Versions/A/OpenDirectory
0x0000000002b1d000 	/System/Library/PrivateFrameworks/CommonAuth.framework/Versions/A/CommonAuth
0x0000000002b1d000 	/System/Library/Frameworks/OpenDirectory.framework/Versions/A/Frameworks/CFOpenDirectory.framework/Versions/A/CFOpenDirectory
0x0000000002b1d000 	/System/Library/Frameworks/SecurityFoundation.framework/Versions/A/SecurityFoundation
0x0000000002b1d000 	/System/Library/PrivateFrameworks/LanguageModeling.framework/Versions/A/LanguageModeling
0x0000000002b1d000 	/usr/lib/libmarisa.dylib
0x0000000002b1d000 	/usr/lib/libChineseTokenizer.dylib
0x0000000002b1d000 	/usr/lib/libcmph.dylib
0x0000000002b1d000 	/System/Library/PrivateFrameworks/CoreEmoji.framework/Versions/A/CoreEmoji
0x0000000002b1d000 	/System/Library/Frameworks/ServiceManagement.framework/Versions/A/ServiceManagement
0x0000000002b1d000 	/usr/lib/libxslt.1.dylib
0x0000000002b1d000 	/System/Library/Frameworks/Carbon.framework/Versions/A/Frameworks/Ink.framework/Versions/A/Ink
0x0000000002b1d000 	/System/Library/PrivateFrameworks/TextureIO.framework/Versions/A/TextureIO
0x0000000002b1d000 	/System/Library/Frameworks/Metal.framework/Versions/A/Metal
0x0000000002b1d000 	/usr/lib/libate.dylib
0x0000000002b1d000 	/System/Library/PrivateFrameworks/GPUCompiler.framework/libmetal_timestamp.dylib
0x0000000002b1d000 	/System/Library/Frameworks/OpenGL.framework/Versions/A/Libraries/libCoreFSCache.dylib
0x0000000002b1d000 	/System/Library/PrivateFrameworks/IOAccelerator.framework/Versions/A/IOAccelerator
0x0000000002b1d000 	/System/Library/Frameworks/CoreVideo.framework/Versions/A/CoreVideo
0x0000000002b1d000 	/usr/lib/libFosl_dynamic.dylib
0x0000000002b1d000 	/System/Library/PrivateFrameworks/MetalPerformanceShaders.framework/Versions/A/MetalPerformanceShaders
0x0000000002b1d000 	/System/Library/PrivateFrameworks/FaceCore.framework/Versions/A/FaceCore
0x0000000002b1d000 	/System/Library/Frameworks/OpenCL.framework/Versions/A/OpenCL
0x0000000002b1d000 	/System/Library/Frameworks/OpenGL.framework/Versions/A/Libraries/libGLU.dylib
0x0000000002b1d000 	/System/Library/Frameworks/OpenGL.framework/Versions/A/Libraries/libGFXShared.dylib
0x0000000002b1d000 	/System/Library/Frameworks/OpenGL.framework/Versions/A/Libraries/libGL.dylib
0x0000000002b1d000 	/System/Library/Frameworks/OpenGL.framework/Versions/A/Libraries/libGLImage.dylib
0x0000000002b1d000 	/System/Library/Frameworks/OpenGL.framework/Versions/A/Libraries/libCVMSPluginSupport.dylib
0x0000000002b1d000 	/System/Library/Frameworks/OpenGL.framework/Versions/A/Libraries/libCoreVMClient.dylib
0x0000000002b1d000 	/System/Library/PrivateFrameworks/CrashReporterSupport.framework/Versions/A/CrashReporterSupport
0x0000000002b1d000 	/System/Library/PrivateFrameworks/Sharing.framework/Versions/A/Sharing
0x0000000002b1d000 	/System/Library/PrivateFrameworks/IconServices.framework/Versions/A/IconServices
0x0000000002b1d000 	/System/Library/PrivateFrameworks/ProtocolBuffer.framework/Versions/A/ProtocolBuffer
0x0000000002b1d000 	/System/Library/PrivateFrameworks/Apple80211.framework/Versions/A/Apple80211
0x0000000002b1d000 	/System/Library/Frameworks/CoreWLAN.framework/Versions/A/CoreWLAN
0x0000000002b1d000 	/System/Library/PrivateFrameworks/CoreUtils.framework/Versions/A/CoreUtils
0x0000000002b1d000 	/System/Library/Frameworks/IOBluetooth.framework/Versions/A/IOBluetooth
0x0000000002b1d000 	/System/Library/PrivateFrameworks/CoreWiFi.framework/Versions/A/CoreWiFi
0x0000000002b1d000 	/System/Library/Frameworks/CoreBluetooth.framework/Versions/A/CoreBluetooth
0x0000000002b1d000 	/System/Library/Frameworks/CoreDisplay.framework/Versions/A/CoreDisplay
0x0000000002b1d000 	/System/Library/PrivateFrameworks/IOPresentment.framework/Versions/A/IOPresentment
0x0000000002b1d000 	/System/Library/PrivateFrameworks/DSExternalDisplay.framework/Versions/A/DSExternalDisplay
0x0000000002b1d000 	/System/Library/PrivateFrameworks/DebugSymbols.framework/Versions/A/DebugSymbols
0x0000000002b1d000 	/System/Library/PrivateFrameworks/CoreSymbolication.framework/Versions/A/CoreSymbolication
0x0000000002b1d000 	/System/Library/PrivateFrameworks/Symbolication.framework/Versions/A/Symbolication
0x0000000002b1d000 	/System/Library/PrivateFrameworks/AppleFSCompression.framework/Versions/A/AppleFSCompression
0x0000000002b1d000 	/System/Library/PrivateFrameworks/SpeechRecognitionCore.framework/Versions/A/SpeechRecognitionCore
0x0000000002b1d000 	/System/Library/PrivateFrameworks/ChunkingLibrary.framework/Versions/A/ChunkingLibrary
0x0000000101051000 	/Library/Java/JavaVirtualMachines/jdk1.8.0_144.jdk/Contents/Home/jre/lib/server/libjvm.dylib
0x0000000002b1d000 	/usr/lib/libstdc++.6.dylib
0x0000000101ff8000 	/Library/Java/JavaVirtualMachines/jdk1.8.0_144.jdk/Contents/Home/jre/lib/libverify.dylib
0x0000000102006000 	/Library/Java/JavaVirtualMachines/jdk1.8.0_144.jdk/Contents/Home/jre/lib/libjava.dylib
0x0000000102045000 	/Library/Java/JavaVirtualMachines/jdk1.8.0_144.jdk/Contents/Home/jre/lib/libzip.dylib
0x00000001021e1000 	/System/Library/Frameworks/JavaVM.framework/Frameworks/JavaRuntimeSupport.framework/JavaRuntimeSupport
0x0000000103fd2000 	/System/Library/Frameworks/JavaVM.framework/Versions/A/Frameworks/JavaNativeFoundation.framework/Versions/A/JavaNativeFoundation
0x0000000103fe7000 	/System/Library/Frameworks/JavaVM.framework/Versions/A/JavaVM
0x0000000002b1d000 	/System/Library/Frameworks/Carbon.framework/Versions/A/Carbon
0x0000000103ff4000 	/System/Library/PrivateFrameworks/JavaLaunching.framework/Versions/A/JavaLaunching
0x0000000002b1d000 	/System/Library/Frameworks/Carbon.framework/Versions/A/Frameworks/CommonPanels.framework/Versions/A/CommonPanels
0x0000000002b1d000 	/System/Library/Frameworks/Carbon.framework/Versions/A/Frameworks/Help.framework/Versions/A/Help
0x0000000002b1d000 	/System/Library/Frameworks/Carbon.framework/Versions/A/Frameworks/ImageCapture.framework/Versions/A/ImageCapture
0x0000000002b1d000 	/System/Library/Frameworks/Carbon.framework/Versions/A/Frameworks/OpenScripting.framework/Versions/A/OpenScripting
0x0000000002b1d000 	/System/Library/Frameworks/Carbon.framework/Versions/A/Frameworks/Print.framework/Versions/A/Print
0x0000000002b1d000 	/System/Library/Frameworks/Carbon.framework/Versions/A/Frameworks/SecurityHI.framework/Versions/A/SecurityHI
0x0000000119b95000 	/Library/Java/JavaVirtualMachines/jdk1.8.0_144.jdk/Contents/Home/jre/lib/libawt.dylib
0x0000000119c3d000 	/Library/Java/JavaVirtualMachines/jdk1.8.0_144.jdk/Contents/Home/jre/lib/./libmlib_image.dylib
0x0000000119d09000 	/Library/Java/JavaVirtualMachines/jdk1.8.0_144.jdk/Contents/Home/jre/lib/libawt_lwawt.dylib
0x0000000119dc0000 	/Library/Java/JavaVirtualMachines/jdk1.8.0_144.jdk/Contents/Home/jre/lib/./libosxapp.dylib
0x0000000002b1d000 	/System/Library/Frameworks/ExceptionHandling.framework/Versions/A/ExceptionHandling
0x0000000002b1d000 	/System/Library/PrivateFrameworks/CoreServicesInternal.framework/Versions/A/CoreServicesInternal
0x0000000002b1d000 	/System/Library/CoreServices/RawCamera.bundle/Contents/MacOS/RawCamera
0x0000000002b1d000 	/System/Library/Frameworks/Accelerate.framework/Versions/A/Frameworks/vImage.framework/Versions/A/Libraries/libCGInterfaces.dylib
0x0000000002b1d000 	/System/Library/Frameworks/ApplicationServices.framework/Versions/A/Frameworks/ATS.framework/Versions/A/Resources/libTrueTypeScaler.dylib
0x000000011bbc2000 	/System/Library/Frameworks/OpenGL.framework/Resources/GLEngine.bundle/GLEngine
0x0000000002b1d000 	/System/Library/Frameworks/OpenGL.framework/Versions/A/Libraries/libGLProgrammability.dylib
0x000000011bda7000 	/System/Library/Extensions/AppleIntelBDWGraphicsGLDriver.bundle/Contents/MacOS/AppleIntelBDWGraphicsGLDriver
0x0000000002b1d000 	/System/Library/PrivateFrameworks/GPUSupport.framework/Versions/A/Libraries/libGPUSupportMercury.dylib
0x000000011b044000 	/System/Library/Frameworks/OpenGL.framework/Resources//GLRendererFloat.bundle/GLRendererFloat
0x0000000002b1d000 	/System/Library/Frameworks/OpenCL.framework/Versions/A/Libraries/libcldcpuengine.dylib
0x0000000002b1d000 	/usr/lib/libcrypto.0.9.8.dylib
0x0000000002b1d000 	/System/Library/PrivateFrameworks/TrustEvaluationAgent.framework/Versions/A/TrustEvaluationAgent
0x000000011c511000 	/System/Library/Extensions/AppleIntelBDWGraphicsMTLDriver.bundle/Contents/MacOS/AppleIntelBDWGraphicsMTLDriver
0x0000000002b1d000 	/System/Library/PrivateFrameworks/FamilyControls.framework/Versions/A/FamilyControls
0x0000000002b1d000 	/System/Library/PrivateFrameworks/CommerceKit.framework/Versions/A/Frameworks/CommerceCore.framework/Versions/A/CommerceCore
0x0000000002b1d000 	/System/Library/PrivateFrameworks/SystemAdministration.framework/Versions/A/SystemAdministration
0x0000000002b1d000 	/System/Library/PrivateFrameworks/AppContainer.framework/Versions/A/AppContainer
0x0000000002b1d000 	/System/Library/PrivateFrameworks/SecCodeWrapper.framework/Versions/A/SecCodeWrapper
0x0000000002b1d000 	/System/Library/Frameworks/DirectoryService.framework/Versions/A/DirectoryService
0x0000000002b1d000 	/System/Library/PrivateFrameworks/DiskImages.framework/Versions/A/DiskImages
0x0000000002b1d000 	/System/Library/PrivateFrameworks/LoginUIKit.framework/Versions/A/Frameworks/LoginUICore.framework/Versions/A/LoginUICore
0x0000000002b1d000 	/usr/lib/libCoreStorage.dylib
0x0000000002b1d000 	/usr/lib/libcsfde.dylib
0x0000000002b1d000 	/usr/lib/libodfde.dylib
0x0000000002b1d000 	/System/Library/Frameworks/DiscRecording.framework/Versions/A/DiscRecording
0x0000000002b1d000 	/usr/lib/libcurl.4.dylib
0x0000000002b1d000 	/System/Library/PrivateFrameworks/MediaKit.framework/Versions/A/MediaKit
0x0000000002b1d000 	/System/Library/PrivateFrameworks/ProtectedCloudStorage.framework/Versions/A/ProtectedCloudStorage
0x0000000002b1d000 	/System/Library/PrivateFrameworks/EFILogin.framework/Versions/A/EFILogin
0x0000000002b1d000 	/usr/lib/libutil.dylib
0x0000000002b1d000 	/System/Library/Frameworks/LDAP.framework/Versions/A/LDAP
0x0000000002b1d000 	/usr/lib/libsasl2.2.dylib
0x0000000002b1d000 	/System/Library/PrivateFrameworks/CoreDaemon.framework/Versions/B/CoreDaemon
0x0000000002b1d000 	/System/Library/PrivateFrameworks/AppleSRP.framework/Versions/A/AppleSRP
0x0000000002b1d000 	/System/Library/PrivateFrameworks/APFS.framework/Versions/A/APFS
0x000000011e399000 	/Library/Java/JavaVirtualMachines/jdk1.8.0_144.jdk/Contents/Home/jre/lib/libfontmanager.dylib
0x000000011f713000 	/Library/Java/JavaVirtualMachines/jdk1.8.0_144.jdk/Contents/Home/jre/lib/libosxui.dylib
0x0000000002b1d000 	/System/Library/PrivateFrameworks/ViewBridge.framework/Versions/A/ViewBridge
0x0000000002b1d000 	/System/Library/PrivateFrameworks/XPCService.framework/Versions/A/XPCService
0x0000000002b1d000 	/System/Library/PrivateFrameworks/AppSandbox.framework/Versions/A/AppSandbox
0x0000000002b1d000 	/usr/lib/libsandbox.1.dylib
0x0000000002b1d000 	/usr/lib/libMatch.1.dylib
0x00000001202ca000 	/Library/Java/JavaVirtualMachines/jdk1.8.0_144.jdk/Contents/Home/jre/lib/libnet.dylib
0x00000001202e1000 	/Library/Java/JavaVirtualMachines/jdk1.8.0_144.jdk/Contents/Home/jre/lib/libnio.dylib
0x000000011f422000 	/private/var/folders/4g/xxzpq2px2tg5jwrm0_jx44dc0000gn/T/jogamp_0000/file_cache/jln8003033038996661290/jln9061143953409396582/libgluegen-rt.jnilib
0x000000012221f000 	/private/var/folders/4g/xxzpq2px2tg5jwrm0_jx44dc0000gn/T/jogamp_0000/file_cache/jln8003033038996661290/jln9061143953409396582/libnativewindow_awt.jnilib
0x000000018b624000 	/Library/Java/JavaVirtualMachines/jdk1.8.0_144.jdk/Contents/Home/jre/lib/libjawt.dylib
0x000000018b627000 	/private/var/folders/4g/xxzpq2px2tg5jwrm0_jx44dc0000gn/T/jogamp_0000/file_cache/jln8003033038996661290/jln9061143953409396582/libnativewindow_macosx.jnilib
0x000000018cf53000 	/private/var/folders/4g/xxzpq2px2tg5jwrm0_jx44dc0000gn/T/jogamp_0000/file_cache/jln8003033038996661290/jln9061143953409396582/libjogl_desktop.jnilib
0x000000011ba8c000 	/Library/Java/JavaVirtualMachines/jdk1.8.0_144.jdk/Contents/Home/jre/lib/libt2k.dylib

VM Arguments:
jvm_args: -Djava.security.policy=java.policy.applet -Dfile.encoding=UTF-8 
java_command: sun.applet.AppletViewer module4.EarthquakeCityMap1506029313078.html
java_class_path (initial): /Users/BeenWu/Library/Mobile Documents/com~apple~CloudDocs/Eclipse Project/UCSDUnfoldingMaps/build:/Users/BeenWu/Library/Mobile Documents/com~apple~CloudDocs/Eclipse Project/UCSDUnfoldingMaps/lib/core.jar:/Users/BeenWu/Library/Mobile Documents/com~apple~CloudDocs/Eclipse Project/UCSDUnfoldingMaps/lib/gluegen-rt.jar:/Users/BeenWu/Library/Mobile Documents/com~apple~CloudDocs/Eclipse Project/UCSDUnfoldingMaps/lib/jogl-all.jar:/Users/BeenWu/Library/Mobile Documents/com~apple~CloudDocs/Eclipse Project/UCSDUnfoldingMaps/lib/log4j-1.2.15.jar:/Users/BeenWu/Library/Mobile Documents/com~apple~CloudDocs/Eclipse Project/UCSDUnfoldingMaps/lib/sqlite-jdbc-3.7.2.jar:/Users/BeenWu/Library/Mobile Documents/com~apple~CloudDocs/Eclipse Project/UCSDUnfoldingMaps/lib/json4processing.jar:/Users/BeenWu/Library/Mobile Documents/com~apple~CloudDocs/Eclipse Project/UCSDUnfoldingMaps/lib/libTUIO.jar:/Users/BeenWu/Library/Mobile Documents/com~apple~CloudDocs/Eclipse Project/UCSDUnfoldingMaps/lib/unfolding.0.9.7-uscd.jar
Launcher Type: SUN_STANDARD

Environment Variables:
PATH=/usr/bin:/bin:/usr/sbin:/sbin
SHELL=/bin/bash

Signal Handlers:
SIGSEGV: [libjvm.dylib+0x5b26e5], sa_mask[0]=11111111011111110111111111111111, sa_flags=SA_ONSTACK|SA_RESTART|SA_SIGINFO
SIGBUS: [libjvm.dylib+0x5b26e5], sa_mask[0]=11111111011111110111111111111111, sa_flags=SA_RESTART|SA_SIGINFO
SIGFPE: [libjvm.dylib+0x489100], sa_mask[0]=11111111011111110111111111111111, sa_flags=SA_RESTART|SA_SIGINFO
SIGPIPE: [libjvm.dylib+0x489100], sa_mask[0]=11111111011111110111111111111111, sa_flags=SA_RESTART|SA_SIGINFO
SIGXFSZ: [libjvm.dylib+0x489100], sa_mask[0]=11111111011111110111111111111111, sa_flags=SA_RESTART|SA_SIGINFO
SIGILL: [libjvm.dylib+0x489100], sa_mask[0]=11111111011111110111111111111111, sa_flags=SA_RESTART|SA_SIGINFO
SIGUSR1: SIG_DFL, sa_mask[0]=00000000000000000000000000000000, sa_flags=none
SIGUSR2: [libjvm.dylib+0x488c1e], sa_mask[0]=00100000000000000000000000000000, sa_flags=SA_RESTART|SA_SIGINFO
SIGHUP: [libjvm.dylib+0x4871f5], sa_mask[0]=11111111011111110111111111111111, sa_flags=SA_RESTART|SA_SIGINFO
SIGINT: [libjvm.dylib+0x4871f5], sa_mask[0]=11111111011111110111111111111111, sa_flags=SA_RESTART|SA_SIGINFO
SIGTERM: [libjvm.dylib+0x4871f5], sa_mask[0]=11111111011111110111111111111111, sa_flags=SA_RESTART|SA_SIGINFO
SIGQUIT: [libjvm.dylib+0x4871f5], sa_mask[0]=11111111011111110111111111111111, sa_flags=SA_RESTART|SA_SIGINFO


---------------  S Y S T E M  ---------------

OS:Bsduname:Darwin 16.7.0 Darwin Kernel Version 16.7.0: Thu Jun 15 17:36:27 PDT 2017; root:xnu-3789.70.16~2/RELEASE_X86_64 x86_64
rlimit: STACK 8192k, CORE 0k, NPROC 709, NOFILE 10240, AS infinity
load average:1.76 1.59 1.61

CPU:total 4 (initial active 4) (2 cores per cpu, 2 threads per core) family 6 model 61 stepping 4, cmov, cx8, fxsr, mmx, sse, sse2, sse3, ssse3, sse4.1, sse4.2, popcnt, avx, avx2, aes, clmul, erms, 3dnowpref, lzcnt, ht, tsc, tscinvbit, bmi1, bmi2, adx

Memory: 4k page, physical 8388608k(1588360k free)

/proc/meminfo:


vm_info: Java HotSpot(TM) 64-Bit Server VM (25.144-b01) for bsd-amd64 JRE (1.8.0_144-b01), built on Jul 21 2017 22:07:42 by "java_re" with gcc 4.2.1 (Based on Apple Inc. build 5658) (LLVM build 2336.11.00)

time: Thu Sep 21 17:28:48 2017
elapsed time: 15 seconds (0d 0h 0m 15s)

