#
# A fatal error has been detected by the Java Runtime Environment:
#
#  SIGSEGV (0xb) at pc=0x00007fffd055405d, pid=3355, tid=0x0000000000000307
#
# JRE version: Java(TM) SE Runtime Environment (8.0_144-b01) (build 1.8.0_144-b01)
# Java VM: Java HotSpot(TM) 64-Bit Server VM (25.144-b01 mixed mode bsd-amd64 compressed oops)
# Problematic frame:
# C  [libobjc.A.dylib+0x705d]  objc_msgSend+0x1d
#
# Failed to write core dump. Core dumps have been disabled. To enable core dumping, try "ulimit -c unlimited" before starting Java again
#
# If you would like to submit a bug report, please visit:
#   http://bugreport.java.com/bugreport/crash.jsp
# The crash happened outside the Java Virtual Machine in native code.
# See problematic frame for where to report the bug.
#

---------------  T H R E A D  ---------------

Current thread (0x00007f9429844000):  JavaThread "AWT-AppKit" daemon [_thread_in_native, id=775, stack(0x00007fff50026000,0x00007fff50826000)]

siginfo: si_signo: 11 (SIGSEGV), si_code: 1 (SEGV_MAPERR), si_addr: 0x0000000000000018

Registers:
RAX=0x00007f9427eee950, RBX=0x00000001999db450, RCX=0x00007f942a402130, RDX=0x0000000000000000
RSP=0x00007fff50821208, RBP=0x00007fff508212c0, RSI=0x00007fffb9de0116, RDI=0x00007f9427e37540
R8 =0x0000000000000018, R9 =0x00007f942a400ee0, R10=0x0000000000000000, R11=0x00007fffb9de0116
R12=0x0000000000000000, R13=0x000000019b4e44f0, R14=0x00000001999db440, R15=0x00007f9429844000
RIP=0x00007fffd055405d, EFLAGS=0x0000000000010246, ERR=0x0000000000000004
  TRAPNO=0x000000000000000e

Top of Stack: (sp=0x00007fff50821208)
0x00007fff50821208:   00000001999d9157 00007fff50821260
0x00007fff50821218:   0000000000000003 00007fff50821240
0x00007fff50821228:   000000010fff368e 000000019b4e44f0
0x00007fff50821238:   000000019b4e44f0 00007f9427eee950
0x00007fff50821248:   00000001999db6a0 00000001999db710
0x00007fff50821258:   00007fffd65b96d0 00007fffd71e91e0
0x00007fff50821268:   00000001999db450 00000001999db690
0x00007fff50821278:   00007f9427eee950 00007f9427e37540
0x00007fff50821288:   00007f9427d655d0 00007f9427eee950
0x00007fff50821298:   00007f9427e37540 00007fff50821348
0x00007fff508212a8:   00007f94298441f8 000000019b4e44f0
0x00007fff508212b8:   00007fff50821370 00007fff50821338
0x00007fff508212c8:   00000001169be9f4 000000019b4e44f0
0x00007fff508212d8:   00007fff50821370 00007fff50821338
0x00007fff508212e8:   00000001169be787 00000001169be742
0x00007fff508212f8:   00007fff508212f8 000000019b4e44f0
0x00007fff50821308:   00007fff50821370 000000019b4e7128
0x00007fff50821318:   0000000000000000 000000019b4e44f0
0x00007fff50821328:   0000000000000000 00007fff50821358
0x00007fff50821338:   00007fff508213b8 00000001169af2bd
0x00007fff50821348:   0000000740436ec8 00000001169b8538
0x00007fff50821358:   00007f9427eee950 00007fff508213b8
0x00007fff50821368:   00007f9427e37540 00000001169b9e02
0x00007fff50821378:   00007fff50821378 000000019b4e46ba
0x00007fff50821388:   00007fff508213e0 000000019b4e7128
0x00007fff50821398:   0000000000000000 000000019b4e46c8
0x00007fff508213a8:   00007fff50821358 00007fff508213c8
0x00007fff508213b8:   00007fff50821428 00000001169af2bd
0x00007fff508213c8:   00007f9427eee950 00000007402e5650
0x00007fff508213d8:   00007f9427e37540 00000007402e5650
0x00007fff508213e8:   00007fff508213e8 00000001a102cc56
0x00007fff508213f8:   00007fff50821438 00000001a102cd10 

Instructions: (pc=0x00007fffd055405d)
0x00007fffd055403d:   0f 1f 00 48 85 ff 2e 74 62 40 f6 c7 01 2e 75 66
0x00007fffd055404d:   49 ba f8 ff ff ff ff 7f 00 00 4c 23 17 49 89 f3
0x00007fffd055405d:   45 23 5a 18 49 c1 e3 04 4d 03 5a 10 49 3b 33 75
0x00007fffd055406d:   04 41 ff 63 08 49 83 3b 01 76 0d 49 83 c3 10 49 

Register to memory mapping:

RAX=0x00007f9427eee950 is an unknown value
RBX=0x00000001999db450: Java_jogamp_nativewindow_macosx_OSXUtil_GetScreenRefreshRate0+0x1cf0 in /private/var/folders/4g/xxzpq2px2tg5jwrm0_jx44dc0000gn/T/jogamp_0000/file_cache/jln7958925868538919586/jln5555469827932837347/libnativewindow_macosx.jnilib at 0x00000001999d4000
RCX=0x00007f942a402130 is an unknown value
RDX=0x0000000000000000 is an unknown value
RSP=0x00007fff50821208 is pointing into the stack for thread: 0x00007f9429844000
RBP=0x00007fff508212c0 is pointing into the stack for thread: 0x00007f9429844000
RSI=0x00007fffb9de0116: __NSStyleNameIndexTable+0x7fd5e in /System/Library/Frameworks/AppKit.framework/Versions/C/AppKit at 0x00007fffb9173000
RDI=0x00007f9427e37540 is an unknown value
R8 =0x0000000000000018 is an unknown value
R9 =0x00007f942a400ee0 is an unknown value
R10=0x0000000000000000 is an unknown value
R11=0x00007fffb9de0116: __NSStyleNameIndexTable+0x7fd5e in /System/Library/Frameworks/AppKit.framework/Versions/C/AppKit at 0x00007fffb9173000
R12=0x0000000000000000 is an unknown value
R13={method} {0x000000019b4e44f0} 'UnsetJAWTRootSurfaceLayer0' '(JJ)V' in 'jogamp/nativewindow/jawt/macosx/MacOSXJAWTWindow'
R14=0x00000001999db440: Java_jogamp_nativewindow_macosx_OSXUtil_GetScreenRefreshRate0+0x1ce0 in /private/var/folders/4g/xxzpq2px2tg5jwrm0_jx44dc0000gn/T/jogamp_0000/file_cache/jln7958925868538919586/jln5555469827932837347/libnativewindow_macosx.jnilib at 0x00000001999d4000
R15=0x00007f9429844000 is a thread


Stack: [0x00007fff50026000,0x00007fff50826000],  sp=0x00007fff50821208,  free space=8172k
Native frames: (J=compiled Java code, j=interpreted, Vv=VM code, C=native code)
C  [libobjc.A.dylib+0x705d]  objc_msgSend+0x1d
j  jogamp.nativewindow.jawt.macosx.MacOSXJAWTWindow.UnsetJAWTRootSurfaceLayer0(JJ)V+0
j  jogamp.nativewindow.jawt.macosx.MacOSXJAWTWindow.access$200(JJ)V+2
j  jogamp.nativewindow.jawt.macosx.MacOSXJAWTWindow$1.run()V+38
J 3057 C1 com.jogamp.common.util.RunnableTask.run()V (345 bytes) @ 0x00000001172b0f34 [0x00000001172b0da0+0x194]
v  ~StubRoutines::call_stub
V  [libjvm.dylib+0x2ee70a]
V  [libjvm.dylib+0x3258b9]
V  [libjvm.dylib+0x318087]
C  [libnativewindow_macosx.jnilib+0x5326]  Java_jogamp_nativewindow_jawt_macosx_MacOSXJAWTWindow_UnsetJAWTRootSurfaceLayer0+0x2b6
C  [Foundation+0x7152a]  __NSThreadPerformPerform+0x146
C  [CoreFoundation+0xa7321]  __CFRUNLOOP_IS_CALLING_OUT_TO_A_SOURCE0_PERFORM_FUNCTION__+0x11
C  [CoreFoundation+0x8821d]  __CFRunLoopDoSources0+0x22d
C  [CoreFoundation+0x87716]  __CFRunLoopRun+0x3a6
C  [CoreFoundation+0x87114]  CFRunLoopRunSpecific+0x1a4
C  [HIToolbox+0x30ebc]  RunCurrentEventLoopInMode+0xf0
C  [HIToolbox+0x30cf1]  ReceiveNextEventCommon+0x1b0
C  [HIToolbox+0x30b26]  _BlockUntilNextEventMatchingListInModeWithFilter+0x47
C  [AppKit+0x46a54]  _DPSNextEvent+0x460
C  [AppKit+0x7c27ee]  -[NSApplication(NSEvent) _nextEventMatchingEventMask:untilDate:inMode:dequeue:]+0xaec
C  [libosxapp.dylib+0x23aa]  -[NSApplicationAWT nextEventMatchingMask:untilDate:inMode:dequeue:]+0x7c
C  [AppKit+0x3b3db]  -[NSApplication run]+0x39e
C  [libosxapp.dylib+0x214d]  +[NSApplicationAWT runAWTLoopWithApp:]+0x9c
C  [libawt_lwawt.dylib+0x45edf]  -[AWTStarter starter:]+0x389
C  [Foundation+0x7152a]  __NSThreadPerformPerform+0x146
C  [CoreFoundation+0xa7321]  __CFRUNLOOP_IS_CALLING_OUT_TO_A_SOURCE0_PERFORM_FUNCTION__+0x11
C  [CoreFoundation+0x8821d]  __CFRunLoopDoSources0+0x22d
C  [CoreFoundation+0x87716]  __CFRunLoopRun+0x3a6
C  [CoreFoundation+0x87114]  CFRunLoopRunSpecific+0x1a4
C  [java+0x6465]  CreateExecutionEnvironment+0x367
C  [java+0x218c]  JLI_Launch+0x7a0
C  [java+0x84c2]  main+0x65
C  [java+0x19e4]  start+0x34
C  0x0000000000000007

Java frames: (J=compiled Java code, j=interpreted, Vv=VM code)
j  jogamp.nativewindow.jawt.macosx.MacOSXJAWTWindow.UnsetJAWTRootSurfaceLayer0(JJ)V+0
j  jogamp.nativewindow.jawt.macosx.MacOSXJAWTWindow.access$200(JJ)V+2
j  jogamp.nativewindow.jawt.macosx.MacOSXJAWTWindow$1.run()V+38
J 3057 C1 com.jogamp.common.util.RunnableTask.run()V (345 bytes) @ 0x00000001172b0f34 [0x00000001172b0da0+0x194]
v  ~StubRoutines::call_stub

---------------  P R O C E S S  ---------------

Java Threads: ( => current thread )
  0x00007f9429fa4000 JavaThread "Thread-49" [_thread_blocked, id=76359, stack(0x000070000c945000,0x000070000ca45000)]
  0x00007f942844c800 JavaThread "Image Fetcher 1" daemon [_thread_blocked, id=74359, stack(0x000070000d6f5000,0x000070000d7f5000)]
  0x00007f9429992800 JavaThread "Image Fetcher 0" daemon [_thread_blocked, id=35307, stack(0x000070000d5f2000,0x000070000d6f2000)]
  0x00007f9428867800 JavaThread "Keep-Alive-Timer" daemon [_thread_blocked, id=35855, stack(0x000070000d3ec000,0x000070000d4ec000)]
  0x00007f942924e800 JavaThread "AWT-EventQueue-1" [_thread_in_native, id=69547, stack(0x000070000d060000,0x000070000d160000)]
  0x00007f9428169800 JavaThread "DestroyJavaVM" [_thread_blocked, id=7171, stack(0x000070000b995000,0x000070000ba95000)]
  0x00007f9429265800 JavaThread "AWT-EventQueue-0" [_thread_blocked, id=61203, stack(0x000070000ce5a000,0x000070000cf5a000)]
  0x00007f942922c800 JavaThread "Java2D Disposer" daemon [_thread_blocked, id=55051, stack(0x000070000cbd1000,0x000070000ccd1000)]
  0x00007f9428139000 JavaThread "Java2D Queue Flusher" daemon [_thread_blocked, id=55815, stack(0x000070000cace000,0x000070000cbce000)]
  0x00007f9429167000 JavaThread "AWT-Shutdown" [_thread_blocked, id=30495, stack(0x000070000c842000,0x000070000c942000)]
=>0x00007f9429844000 JavaThread "AWT-AppKit" daemon [_thread_in_native, id=775, stack(0x00007fff50026000,0x00007fff50826000)]
  0x00007f9429000800 JavaThread "Service Thread" daemon [_thread_blocked, id=18691, stack(0x000070000c5b9000,0x000070000c6b9000)]
  0x00007f9428851800 JavaThread "C1 CompilerThread2" daemon [_thread_blocked, id=18179, stack(0x000070000c4b6000,0x000070000c5b6000)]
  0x00007f9428850800 JavaThread "C2 CompilerThread1" daemon [_thread_blocked, id=17667, stack(0x000070000c3b3000,0x000070000c4b3000)]
  0x00007f942800f800 JavaThread "C2 CompilerThread0" daemon [_thread_blocked, id=17155, stack(0x000070000c2b0000,0x000070000c3b0000)]
  0x00007f9429006000 JavaThread "Signal Dispatcher" daemon [_thread_blocked, id=16643, stack(0x000070000c1ad000,0x000070000c2ad000)]
  0x00007f9429004800 JavaThread "Finalizer" daemon [_thread_blocked, id=12547, stack(0x000070000c0aa000,0x000070000c1aa000)]
  0x00007f9428003800 JavaThread "Reference Handler" daemon [_thread_blocked, id=12035, stack(0x000070000bfa7000,0x000070000c0a7000)]

Other Threads:
  0x00007f9429842800 VMThread [stack: 0x000070000bea4000,0x000070000bfa4000] [id=11523]
  0x00007f942901e800 WatcherThread [stack: 0x000070000c6bc000,0x000070000c7bc000] [id=19203]

VM state:not at safepoint (normal execution)

VM Mutex/Monitor currently owned by a thread: None

Heap:
 PSYoungGen      total 107520K, used 80616K [0x0000000795580000, 0x000000079ff00000, 0x00000007c0000000)
  eden space 95232K, 72% used [0x0000000795580000,0x000000079991acd8,0x000000079b280000)
  from space 12288K, 92% used [0x000000079b280000,0x000000079bd9f680,0x000000079be80000)
  to   space 13824K, 0% used [0x000000079f180000,0x000000079f180000,0x000000079ff00000)
 ParOldGen       total 52736K, used 16254K [0x0000000740000000, 0x0000000743380000, 0x0000000795580000)
  object space 52736K, 30% used [0x0000000740000000,0x0000000740fdf900,0x0000000743380000)
 Metaspace       used 25000K, capacity 25425K, committed 25728K, reserved 1073152K
  class space    used 2493K, capacity 2623K, committed 2688K, reserved 1048576K

Card table byte_map: [0x0000000111167000,0x0000000111568000] byte_map_base: 0x000000010d767000

Marking Bits: (ParMarkBitMap*) 0x00000001106f35d0
 Begin Bits: [0x0000000111813000, 0x0000000113813000)
 End Bits:   [0x0000000113813000, 0x0000000115813000)

Polling page: 0x000000010f49a000

CodeCache: size=245760Kb used=11430Kb max_used=11452Kb free=234329Kb
 bounds [0x00000001169a7000, 0x00000001174f7000, 0x00000001259a7000]
 total_blobs=4259 nmethods=3307 adapters=865
 compilation: enabled

Compilation events (10 events):
Event: 29.628 Thread 0x00007f942800f800 3671       4       java.awt.EventQueue::getNextEventPrivate (76 bytes)
Event: 29.634 Thread 0x00007f942800f800 nmethod 3671 0x00000001170c0490 code [0x00000001170c0600, 0x00000001170c0898]
Event: 29.723 Thread 0x00007f9428850800 nmethod 3670 0x00000001174def10 code [0x00000001174df420, 0x00000001174e3e68]
Event: 29.781 Thread 0x00007f9428851800 3672       3       sun.java2d.SunGraphics2D::setColor (108 bytes)
Event: 29.781 Thread 0x00007f9428851800 nmethod 3672 0x00000001170bfd10 code [0x00000001170bfea0, 0x00000001170c03d8]
Event: 29.781 Thread 0x00007f9428851800 3673       1       sun.java2d.SurfaceData::isValid (5 bytes)
Event: 29.781 Thread 0x00007f9428851800 nmethod 3673 0x00000001170bfa50 code [0x00000001170bfba0, 0x00000001170bfcb0]
Event: 29.819 Thread 0x00007f942800f800 3674  s    4       sun.misc.URLClassPath::getNextLoader (88 bytes)
Event: 29.821 Thread 0x00007f9428851800 3675       3       java.util.LinkedHashMap::afterNodeRemoval (65 bytes)
Event: 29.821 Thread 0x00007f9428851800 nmethod 3675 0x00000001170bf410 code [0x00000001170bf580, 0x00000001170bf930]

GC Heap History (10 events):
Event: 4.089 GC heap before
{Heap before GC invocations=4 (full 1):
 PSYoungGen      total 38400K, used 5089K [0x0000000795580000, 0x000000079a080000, 0x00000007c0000000)
  eden space 33280K, 0% used [0x0000000795580000,0x0000000795580000,0x0000000797600000)
  from space 5120K, 99% used [0x0000000797600000,0x0000000797af8780,0x0000000797b00000)
  to   space 5120K, 0% used [0x0000000799b80000,0x0000000799b80000,0x000000079a080000)
 ParOldGen       total 87552K, used 3553K [0x0000000740000000, 0x0000000745580000, 0x0000000795580000)
  object space 87552K, 4% used [0x0000000740000000,0x0000000740378580,0x0000000745580000)
 Metaspace       used 20795K, capacity 21205K, committed 21248K, reserved 1069056K
  class space    used 2162K, capacity 2293K, committed 2304K, reserved 1048576K
Event: 4.127 GC heap after
Heap after GC invocations=4 (full 1):
 PSYoungGen      total 38400K, used 0K [0x0000000795580000, 0x000000079a080000, 0x00000007c0000000)
  eden space 33280K, 0% used [0x0000000795580000,0x0000000795580000,0x0000000797600000)
  from space 5120K, 0% used [0x0000000797600000,0x0000000797600000,0x0000000797b00000)
  to   space 5120K, 0% used [0x0000000799b80000,0x0000000799b80000,0x000000079a080000)
 ParOldGen       total 52736K, used 7374K [0x0000000740000000, 0x0000000743380000, 0x0000000795580000)
  object space 52736K, 13% used [0x0000000740000000,0x0000000740733838,0x0000000743380000)
 Metaspace       used 20795K, capacity 21205K, committed 21248K, reserved 1069056K
  class space    used 2162K, capacity 2293K, committed 2304K, reserved 1048576K
}
Event: 4.957 GC heap before
{Heap before GC invocations=5 (full 1):
 PSYoungGen      total 38400K, used 33280K [0x0000000795580000, 0x000000079a080000, 0x00000007c0000000)
  eden space 33280K, 100% used [0x0000000795580000,0x0000000797600000,0x0000000797600000)
  from space 5120K, 0% used [0x0000000797600000,0x0000000797600000,0x0000000797b00000)
  to   space 5120K, 0% used [0x0000000799b80000,0x0000000799b80000,0x000000079a080000)
 ParOldGen       total 52736K, used 7374K [0x0000000740000000, 0x0000000743380000, 0x0000000795580000)
  object space 52736K, 13% used [0x0000000740000000,0x0000000740733838,0x0000000743380000)
 Metaspace       used 23801K, capacity 24187K, committed 24320K, reserved 1071104K
  class space    used 2443K, capacity 2556K, committed 2560K, reserved 1048576K
Event: 4.967 GC heap after
Heap after GC invocations=5 (full 1):
 PSYoungGen      total 62464K, used 5117K [0x0000000795580000, 0x000000079a080000, 0x00000007c0000000)
  eden space 57344K, 0% used [0x0000000795580000,0x0000000795580000,0x0000000798d80000)
  from space 5120K, 99% used [0x0000000799b80000,0x000000079a07f540,0x000000079a080000)
  to   space 5120K, 0% used [0x0000000799680000,0x0000000799680000,0x0000000799b80000)
 ParOldGen       total 52736K, used 14182K [0x0000000740000000, 0x0000000743380000, 0x0000000795580000)
  object space 52736K, 26% used [0x0000000740000000,0x0000000740dd9880,0x0000000743380000)
 Metaspace       used 23801K, capacity 24187K, committed 24320K, reserved 1071104K
  class space    used 2443K, capacity 2556K, committed 2560K, reserved 1048576K
}
Event: 8.411 GC heap before
{Heap before GC invocations=6 (full 1):
 PSYoungGen      total 62464K, used 62461K [0x0000000795580000, 0x000000079a080000, 0x00000007c0000000)
  eden space 57344K, 100% used [0x0000000795580000,0x0000000798d80000,0x0000000798d80000)
  from space 5120K, 99% used [0x0000000799b80000,0x000000079a07f540,0x000000079a080000)
  to   space 5120K, 0% used [0x0000000799680000,0x0000000799680000,0x0000000799b80000)
 ParOldGen       total 52736K, used 14182K [0x0000000740000000, 0x0000000743380000, 0x0000000795580000)
  object space 52736K, 26% used [0x0000000740000000,0x0000000740dd9880,0x0000000743380000)
 Metaspace       used 24388K, capacity 24779K, committed 25088K, reserved 1071104K
  class space    used 2448K, capacity 2558K, committed 2560K, reserved 1048576K
Event: 8.416 GC heap after
Heap after GC invocations=6 (full 1):
 PSYoungGen      total 71680K, used 5085K [0x0000000795580000, 0x000000079ca80000, 0x00000007c0000000)
  eden space 66560K, 0% used [0x0000000795580000,0x0000000795580000,0x0000000799680000)
  from space 5120K, 99% used [0x0000000799680000,0x0000000799b77520,0x0000000799b80000)
  to   space 12288K, 0% used [0x000000079be80000,0x000000079be80000,0x000000079ca80000)
 ParOldGen       total 52736K, used 16238K [0x0000000740000000, 0x0000000743380000, 0x0000000795580000)
  object space 52736K, 30% used [0x0000000740000000,0x0000000740fdb900,0x0000000743380000)
 Metaspace       used 24388K, capacity 24779K, committed 25088K, reserved 1071104K
  class space    used 2448K, capacity 2558K, committed 2560K, reserved 1048576K
}
Event: 13.416 GC heap before
{Heap before GC invocations=7 (full 1):
 PSYoungGen      total 71680K, used 71645K [0x0000000795580000, 0x000000079ca80000, 0x00000007c0000000)
  eden space 66560K, 100% used [0x0000000795580000,0x0000000799680000,0x0000000799680000)
  from space 5120K, 99% used [0x0000000799680000,0x0000000799b77520,0x0000000799b80000)
  to   space 12288K, 0% used [0x000000079be80000,0x000000079be80000,0x000000079ca80000)
 ParOldGen       total 52736K, used 16238K [0x0000000740000000, 0x0000000743380000, 0x0000000795580000)
  object space 52736K, 30% used [0x0000000740000000,0x0000000740fdb900,0x0000000743380000)
 Metaspace       used 24653K, capacity 25035K, committed 25344K, reserved 1073152K
  class space    used 2448K, capacity 2558K, committed 2560K, reserved 1048576K
Event: 13.421 GC heap after
Heap after GC invocations=7 (full 1):
 PSYoungGen      total 107520K, used 5117K [0x0000000795580000, 0x000000079d580000, 0x00000007c0000000)
  eden space 95232K, 0% used [0x0000000795580000,0x0000000795580000,0x000000079b280000)
  from space 12288K, 41% used [0x000000079be80000,0x000000079c37f520,0x000000079ca80000)
  to   space 12288K, 0% used [0x000000079b280000,0x000000079b280000,0x000000079be80000)
 ParOldGen       total 52736K, used 16246K [0x0000000740000000, 0x0000000743380000, 0x0000000795580000)
  object space 52736K, 30% used [0x0000000740000000,0x0000000740fdd900,0x0000000743380000)
 Metaspace       used 24653K, capacity 25035K, committed 25344K, reserved 1073152K
  class space    used 2448K, capacity 2558K, committed 2560K, reserved 1048576K
}
Event: 21.601 GC heap before
{Heap before GC invocations=8 (full 1):
 PSYoungGen      total 107520K, used 100267K [0x0000000795580000, 0x000000079d580000, 0x00000007c0000000)
  eden space 95232K, 99% used [0x0000000795580000,0x000000079b26b840,0x000000079b280000)
  from space 12288K, 41% used [0x000000079be80000,0x000000079c37f520,0x000000079ca80000)
  to   space 12288K, 0% used [0x000000079b280000,0x000000079b280000,0x000000079be80000)
 ParOldGen       total 52736K, used 16246K [0x0000000740000000, 0x0000000743380000, 0x0000000795580000)
  object space 52736K, 30% used [0x0000000740000000,0x0000000740fdd900,0x0000000743380000)
 Metaspace       used 24927K, capacity 25329K, committed 25728K, reserved 1073152K
  class space    used 2482K, capacity 2591K, committed 2688K, reserved 1048576K
Event: 21.608 GC heap after
Heap after GC invocations=8 (full 1):
 PSYoungGen      total 107520K, used 11389K [0x0000000795580000, 0x000000079ff00000, 0x00000007c0000000)
  eden space 95232K, 0% used [0x0000000795580000,0x0000000795580000,0x000000079b280000)
  from space 12288K, 92% used [0x000000079b280000,0x000000079bd9f680,0x000000079be80000)
  to   space 13824K, 0% used [0x000000079f180000,0x000000079f180000,0x000000079ff00000)
 ParOldGen       total 52736K, used 16254K [0x0000000740000000, 0x0000000743380000, 0x0000000795580000)
  object space 52736K, 30% used [0x0000000740000000,0x0000000740fdf900,0x0000000743380000)
 Metaspace       used 24927K, capacity 25329K, committed 25728K, reserved 1073152K
  class space    used 2482K, capacity 2591K, committed 2688K, reserved 1048576K
}

Deoptimization events (10 events):
Event: 22.022 Thread 0x00007f942924e800 Uncommon trap: reason=unstable_if action=reinterpret pc=0x00000001171cf8f8 method=java.lang.Math.round(F)I @ 36
Event: 22.022 Thread 0x00007f942924e800 Uncommon trap: reason=unstable_if action=reinterpret pc=0x0000000116ef2764 method=java.lang.Math.round(F)I @ 36
Event: 29.778 Thread 0x00007f942924e800 Uncommon trap: reason=unstable_if action=reinterpret pc=0x00000001170baa6c method=sun.awt.SunToolkit.getAppContext(Ljava/lang/Object;)Lsun/awt/AppContext; @ 4
Event: 29.778 Thread 0x00007f9429d00000 Uncommon trap: reason=unstable_if action=reinterpret pc=0x00000001174e1940 method=java.awt.EventQueue.getPriority(Ljava/awt/AWTEvent;)I @ 22
Event: 29.778 Thread 0x00007f942924e800 Uncommon trap: reason=unstable_if action=reinterpret pc=0x0000000116bf3628 method=com.jogamp.common.util.VersionNumber.compareTo(Lcom/jogamp/common/util/VersionNumber;)I @ 21
Event: 29.779 Thread 0x00007f942924e800 Uncommon trap: reason=unstable_if action=reinterpret pc=0x00000001170c0820 method=java.awt.EventQueue.uncacheEQItem(Lsun/awt/EventQueueItem;)V @ 23
Event: 29.780 Thread 0x00007f9429265800 Uncommon trap: reason=unstable_if action=reinterpret pc=0x0000000117172894 method=java.awt.Font.equals(Ljava/lang/Object;)Z @ 2
Event: 29.809 Thread 0x00007f94288f3000 Uncommon trap: reason=class_check action=maybe_recompile pc=0x0000000116e86540 method=java.util.HashMap.putVal(ILjava/lang/Object;Ljava/lang/Object;ZZ)Ljava/lang/Object; @ 91
Event: 29.809 Thread 0x00007f94288f3000 Uncommon trap: reason=class_check action=maybe_recompile pc=0x0000000116e4d590 method=java.util.HashMap.putVal(ILjava/lang/Object;Ljava/lang/Object;ZZ)Ljava/lang/Object; @ 91
Event: 29.822 Thread 0x00007f942924e800 Uncommon trap: reason=unstable_if action=reinterpret pc=0x00000001172b7140 method=java.security.AccessControlContext.optimize()Ljava/security/AccessControlContext; @ 233

Internal exceptions (10 events):
Event: 0.407 Thread 0x00007f9429806000 Exception <a 'java/io/FileNotFoundException'> (0x0000000795810ed8) thrown at [/Users/java_re/workspace/8-2-build-macosx-x86_64/jdk8u144/9417/hotspot/src/share/vm/prims/jni.cpp, line 709]
Event: 0.407 Thread 0x00007f9429806000 Exception <a 'java/io/FileNotFoundException'> (0x0000000795811a40) thrown at [/Users/java_re/workspace/8-2-build-macosx-x86_64/jdk8u144/9417/hotspot/src/share/vm/prims/jni.cpp, line 709]
Event: 0.509 Thread 0x00007f9429806000 Exception <a 'java/io/FileNotFoundException'> (0x00000007959584b0) thrown at [/Users/java_re/workspace/8-2-build-macosx-x86_64/jdk8u144/9417/hotspot/src/share/vm/prims/jni.cpp, line 709]
Event: 2.696 Thread 0x00007f9429d00000 Exception <a 'java/lang/UnsatisfiedLinkError': com.jogamp.common.util.JarUtil.fixNativeLibAttribs(Ljava/lang/String;)Z> (0x0000000796cef3b0) thrown at [/Users/java_re/workspace/8-2-build-macosx-x86_64/jdk8u144/9417/hotspot/src/share/vm/prims/nativeLookup.
Event: 2.935 Thread 0x00007f9429004800 Exception <a 'java/lang/NullPointerException'> (0x00000007956a3f68) thrown at [/Users/java_re/workspace/8-2-build-macosx-x86_64/jdk8u144/9417/hotspot/src/share/vm/interpreter/linkResolver.cpp, line 1197]
Event: 3.621 Thread 0x00007f942924e800 Exception <a 'java/io/FileNotFoundException'> (0x0000000796143bf8) thrown at [/Users/java_re/workspace/8-2-build-macosx-x86_64/jdk8u144/9417/hotspot/src/share/vm/prims/jni.cpp, line 709]
Event: 3.622 Thread 0x00007f942924e800 Exception <a 'java/io/FileNotFoundException'> (0x000000079614d520) thrown at [/Users/java_re/workspace/8-2-build-macosx-x86_64/jdk8u144/9417/hotspot/src/share/vm/prims/jni.cpp, line 709]
Event: 3.622 Thread 0x00007f942924e800 Implicit null exception at 0x0000000116b8e474 to 0x0000000116b8e86d
Event: 3.970 Thread 0x00007f942924e800 Implicit null exception at 0x0000000116d91c06 to 0x0000000116d91e4d
Event: 28.178 Thread 0x00007f94291c6000 Exception <a 'java/security/PrivilegedActionException'> (0x0000000798f87048) thrown at [/Users/java_re/workspace/8-2-build-macosx-x86_64/jdk8u144/9417/hotspot/src/share/vm/prims/jvm.cpp, line 1390]

Events (10 events):
Event: 29.822 Thread 0x00007f942924e800 Uncommon trap: trap_request=0xffffff65 fr.pc=0x00000001172b7140
Event: 29.822 Thread 0x00007f942924e800 DEOPT PACKING pc=0x00000001172b7140 sp=0x000070000d15d8b0
Event: 29.822 Thread 0x00007f942924e800 DEOPT UNPACKING pc=0x00000001169ac229 sp=0x000070000d15d880 mode 2
Event: 29.822 loading class java/awt/LightweightDispatcher$2
Event: 29.822 loading class java/awt/LightweightDispatcher$2 done
Event: 29.822 loading class java/awt/event/AWTEventListenerProxy
Event: 29.822 loading class java/awt/event/AWTEventListenerProxy done
Event: 29.822 Executing VM operation: Deoptimize
Event: 29.823 Executing VM operation: Deoptimize done
Event: 29.823 loading class java/awt/Toolkit$ToolkitEventMulticaster


Dynamic libraries:
0x00000000462c2000 	/System/Library/Frameworks/Cocoa.framework/Versions/A/Cocoa
0x00000000462c2000 	/System/Library/Frameworks/Security.framework/Versions/A/Security
0x00000000462c2000 	/System/Library/Frameworks/ApplicationServices.framework/Versions/A/ApplicationServices
0x00000000462c2000 	/usr/lib/libz.1.dylib
0x00000000462c2000 	/usr/lib/libSystem.B.dylib
0x00000000462c2000 	/usr/lib/libobjc.A.dylib
0x00000000462c2000 	/System/Library/Frameworks/CoreFoundation.framework/Versions/A/CoreFoundation
0x00000000462c2000 	/System/Library/Frameworks/Foundation.framework/Versions/C/Foundation
0x00000000462c2000 	/System/Library/Frameworks/AppKit.framework/Versions/C/AppKit
0x00000000462c2000 	/System/Library/Frameworks/CoreData.framework/Versions/A/CoreData
0x00000000462c2000 	/System/Library/PrivateFrameworks/RemoteViewServices.framework/Versions/A/RemoteViewServices
0x00000000462c2000 	/System/Library/PrivateFrameworks/UIFoundation.framework/Versions/A/UIFoundation
0x00000000462c2000 	/System/Library/PrivateFrameworks/DFRFoundation.framework/Versions/A/DFRFoundation
0x00000000462c2000 	/usr/lib/libenergytrace.dylib
0x00000000462c2000 	/System/Library/PrivateFrameworks/SkyLight.framework/Versions/A/SkyLight
0x00000000462c2000 	/System/Library/Frameworks/CoreGraphics.framework/Versions/A/CoreGraphics
0x00000000462c2000 	/usr/lib/libScreenReader.dylib
0x00000000462c2000 	/System/Library/Frameworks/Accelerate.framework/Versions/A/Accelerate
0x00000000462c2000 	/System/Library/Frameworks/IOSurface.framework/Versions/A/IOSurface
0x00000000462c2000 	/System/Library/Frameworks/AudioToolbox.framework/Versions/A/AudioToolbox
0x00000000462c2000 	/System/Library/Frameworks/AudioUnit.framework/Versions/A/AudioUnit
0x00000000462c2000 	/System/Library/PrivateFrameworks/DataDetectorsCore.framework/Versions/A/DataDetectorsCore
0x00000000462c2000 	/System/Library/PrivateFrameworks/DesktopServicesPriv.framework/Versions/A/DesktopServicesPriv
0x00000000462c2000 	/System/Library/Frameworks/Carbon.framework/Versions/A/Frameworks/HIToolbox.framework/Versions/A/HIToolbox
0x00000000462c2000 	/usr/lib/libicucore.A.dylib
0x00000000462c2000 	/System/Library/Frameworks/QuartzCore.framework/Versions/A/QuartzCore
0x00000000462c2000 	/System/Library/Frameworks/Carbon.framework/Versions/A/Frameworks/SpeechRecognition.framework/Versions/A/SpeechRecognition
0x00000000462c2000 	/usr/lib/libauto.dylib
0x00000000462c2000 	/usr/lib/libxml2.2.dylib
0x00000000462c2000 	/System/Library/PrivateFrameworks/CoreUI.framework/Versions/A/CoreUI
0x00000000462c2000 	/System/Library/Frameworks/CoreAudio.framework/Versions/A/CoreAudio
0x00000000462c2000 	/System/Library/Frameworks/DiskArbitration.framework/Versions/A/DiskArbitration
0x00000000462c2000 	/usr/lib/liblangid.dylib
0x00000000462c2000 	/System/Library/PrivateFrameworks/MultitouchSupport.framework/Versions/A/MultitouchSupport
0x00000000462c2000 	/System/Library/Frameworks/IOKit.framework/Versions/A/IOKit
0x00000000462c2000 	/usr/lib/libDiagnosticMessagesClient.dylib
0x00000000462c2000 	/System/Library/Frameworks/CoreServices.framework/Versions/A/CoreServices
0x00000000462c2000 	/System/Library/PrivateFrameworks/PerformanceAnalysis.framework/Versions/A/PerformanceAnalysis
0x00000000462c2000 	/System/Library/PrivateFrameworks/GenerationalStorage.framework/Versions/A/GenerationalStorage
0x00000000462c2000 	/System/Library/Frameworks/OpenGL.framework/Versions/A/OpenGL
0x00000000462c2000 	/System/Library/Frameworks/CoreImage.framework/Versions/A/CoreImage
0x00000000462c2000 	/System/Library/Frameworks/CoreText.framework/Versions/A/CoreText
0x00000000462c2000 	/System/Library/Frameworks/ImageIO.framework/Versions/A/ImageIO
0x00000000462c2000 	/System/Library/PrivateFrameworks/Backup.framework/Versions/A/Backup
0x00000000462c2000 	/usr/lib/libarchive.2.dylib
0x00000000462c2000 	/System/Library/Frameworks/CFNetwork.framework/Versions/A/CFNetwork
0x00000000462c2000 	/System/Library/Frameworks/SystemConfiguration.framework/Versions/A/SystemConfiguration
0x00000000462c2000 	/usr/lib/libCRFSuite.dylib
0x00000000462c2000 	/usr/lib/libc++.1.dylib
0x00000000462c2000 	/usr/lib/libc++abi.dylib
0x00000000462c2000 	/usr/lib/system/libcache.dylib
0x00000000462c2000 	/usr/lib/system/libcommonCrypto.dylib
0x00000000462c2000 	/usr/lib/system/libcompiler_rt.dylib
0x00000000462c2000 	/usr/lib/system/libcopyfile.dylib
0x00000000462c2000 	/usr/lib/system/libcorecrypto.dylib
0x00000000462c2000 	/usr/lib/system/libdispatch.dylib
0x00000000462c2000 	/usr/lib/system/libdyld.dylib
0x00000000462c2000 	/usr/lib/system/libkeymgr.dylib
0x00000000462c2000 	/usr/lib/system/liblaunch.dylib
0x00000000462c2000 	/usr/lib/system/libmacho.dylib
0x00000000462c2000 	/usr/lib/system/libquarantine.dylib
0x00000000462c2000 	/usr/lib/system/libremovefile.dylib
0x00000000462c2000 	/usr/lib/system/libsystem_asl.dylib
0x00000000462c2000 	/usr/lib/system/libsystem_blocks.dylib
0x00000000462c2000 	/usr/lib/system/libsystem_c.dylib
0x00000000462c2000 	/usr/lib/system/libsystem_configuration.dylib
0x00000000462c2000 	/usr/lib/system/libsystem_coreservices.dylib
0x00000000462c2000 	/usr/lib/system/libsystem_coretls.dylib
0x00000000462c2000 	/usr/lib/system/libsystem_dnssd.dylib
0x00000000462c2000 	/usr/lib/system/libsystem_info.dylib
0x00000000462c2000 	/usr/lib/system/libsystem_kernel.dylib
0x00000000462c2000 	/usr/lib/system/libsystem_m.dylib
0x00000000462c2000 	/usr/lib/system/libsystem_malloc.dylib
0x00000000462c2000 	/usr/lib/system/libsystem_network.dylib
0x00000000462c2000 	/usr/lib/system/libsystem_networkextension.dylib
0x00000000462c2000 	/usr/lib/system/libsystem_notify.dylib
0x00000000462c2000 	/usr/lib/system/libsystem_platform.dylib
0x00000000462c2000 	/usr/lib/system/libsystem_pthread.dylib
0x00000000462c2000 	/usr/lib/system/libsystem_sandbox.dylib
0x00000000462c2000 	/usr/lib/system/libsystem_secinit.dylib
0x00000000462c2000 	/usr/lib/system/libsystem_symptoms.dylib
0x00000000462c2000 	/usr/lib/system/libsystem_trace.dylib
0x00000000462c2000 	/usr/lib/system/libunwind.dylib
0x00000000462c2000 	/usr/lib/system/libxpc.dylib
0x00000000462c2000 	/usr/lib/libbsm.0.dylib
0x00000000462c2000 	/usr/lib/system/libkxld.dylib
0x00000000462c2000 	/usr/lib/libcoretls.dylib
0x00000000462c2000 	/usr/lib/libcoretls_cfhelpers.dylib
0x00000000462c2000 	/usr/lib/libOpenScriptingUtil.dylib
0x00000000462c2000 	/usr/lib/libpam.2.dylib
0x00000000462c2000 	/usr/lib/libsqlite3.dylib
0x00000000462c2000 	/usr/lib/libxar.1.dylib
0x00000000462c2000 	/usr/lib/libbz2.1.0.dylib
0x00000000462c2000 	/usr/lib/liblzma.5.dylib
0x00000000462c2000 	/usr/lib/libnetwork.dylib
0x00000000462c2000 	/usr/lib/libpcap.A.dylib
0x00000000462c2000 	/System/Library/Frameworks/CoreServices.framework/Versions/A/Frameworks/FSEvents.framework/Versions/A/FSEvents
0x00000000462c2000 	/System/Library/Frameworks/CoreServices.framework/Versions/A/Frameworks/CarbonCore.framework/Versions/A/CarbonCore
0x00000000462c2000 	/System/Library/Frameworks/CoreServices.framework/Versions/A/Frameworks/Metadata.framework/Versions/A/Metadata
0x00000000462c2000 	/System/Library/Frameworks/CoreServices.framework/Versions/A/Frameworks/OSServices.framework/Versions/A/OSServices
0x00000000462c2000 	/System/Library/Frameworks/CoreServices.framework/Versions/A/Frameworks/SearchKit.framework/Versions/A/SearchKit
0x00000000462c2000 	/System/Library/Frameworks/CoreServices.framework/Versions/A/Frameworks/AE.framework/Versions/A/AE
0x00000000462c2000 	/System/Library/Frameworks/CoreServices.framework/Versions/A/Frameworks/LaunchServices.framework/Versions/A/LaunchServices
0x00000000462c2000 	/System/Library/Frameworks/CoreServices.framework/Versions/A/Frameworks/DictionaryServices.framework/Versions/A/DictionaryServices
0x00000000462c2000 	/System/Library/Frameworks/CoreServices.framework/Versions/A/Frameworks/SharedFileList.framework/Versions/A/SharedFileList
0x00000000462c2000 	/System/Library/Frameworks/NetFS.framework/Versions/A/NetFS
0x00000000462c2000 	/System/Library/PrivateFrameworks/NetAuth.framework/Versions/A/NetAuth
0x00000000462c2000 	/System/Library/PrivateFrameworks/login.framework/Versions/A/Frameworks/loginsupport.framework/Versions/A/loginsupport
0x00000000462c2000 	/System/Library/PrivateFrameworks/TCC.framework/Versions/A/TCC
0x00000000462c2000 	/usr/lib/libmecabra.dylib
0x00000000462c2000 	/System/Library/Frameworks/ApplicationServices.framework/Versions/A/Frameworks/ATS.framework/Versions/A/ATS
0x00000000462c2000 	/System/Library/Frameworks/ApplicationServices.framework/Versions/A/Frameworks/ColorSync.framework/Versions/A/ColorSync
0x00000000462c2000 	/System/Library/Frameworks/ApplicationServices.framework/Versions/A/Frameworks/HIServices.framework/Versions/A/HIServices
0x00000000462c2000 	/System/Library/Frameworks/ApplicationServices.framework/Versions/A/Frameworks/LangAnalysis.framework/Versions/A/LangAnalysis
0x00000000462c2000 	/System/Library/Frameworks/ApplicationServices.framework/Versions/A/Frameworks/PrintCore.framework/Versions/A/PrintCore
0x00000000462c2000 	/System/Library/Frameworks/ApplicationServices.framework/Versions/A/Frameworks/QD.framework/Versions/A/QD
0x00000000462c2000 	/System/Library/Frameworks/ApplicationServices.framework/Versions/A/Frameworks/SpeechSynthesis.framework/Versions/A/SpeechSynthesis
0x00000000462c2000 	/System/Library/Frameworks/Accelerate.framework/Versions/A/Frameworks/vImage.framework/Versions/A/vImage
0x00000000462c2000 	/System/Library/Frameworks/Accelerate.framework/Versions/A/Frameworks/vecLib.framework/Versions/A/vecLib
0x00000000462c2000 	/System/Library/Frameworks/Accelerate.framework/Versions/A/Frameworks/vecLib.framework/Versions/A/libvDSP.dylib
0x00000000462c2000 	/System/Library/Frameworks/Accelerate.framework/Versions/A/Frameworks/vecLib.framework/Versions/A/libBNNS.dylib
0x00000000462c2000 	/System/Library/Frameworks/Accelerate.framework/Versions/A/Frameworks/vecLib.framework/Versions/A/libQuadrature.dylib
0x00000000462c2000 	/System/Library/Frameworks/Accelerate.framework/Versions/A/Frameworks/vecLib.framework/Versions/A/libvMisc.dylib
0x00000000462c2000 	/System/Library/Frameworks/Accelerate.framework/Versions/A/Frameworks/vecLib.framework/Versions/A/libLAPACK.dylib
0x00000000462c2000 	/System/Library/Frameworks/Accelerate.framework/Versions/A/Frameworks/vecLib.framework/Versions/A/libBLAS.dylib
0x00000000462c2000 	/System/Library/Frameworks/Accelerate.framework/Versions/A/Frameworks/vecLib.framework/Versions/A/libLinearAlgebra.dylib
0x00000000462c2000 	/System/Library/Frameworks/Accelerate.framework/Versions/A/Frameworks/vecLib.framework/Versions/A/libSparseBLAS.dylib
0x00000000462c2000 	/System/Library/Frameworks/ApplicationServices.framework/Versions/A/Frameworks/ATS.framework/Versions/A/Resources/libFontParser.dylib
0x00000000462c2000 	/System/Library/Frameworks/ApplicationServices.framework/Versions/A/Frameworks/ATS.framework/Versions/A/Resources/libFontRegistry.dylib
0x00000000462c2000 	/System/Library/Frameworks/ImageIO.framework/Versions/A/Resources/libJPEG.dylib
0x00000000462c2000 	/System/Library/Frameworks/ImageIO.framework/Versions/A/Resources/libTIFF.dylib
0x00000000462c2000 	/System/Library/Frameworks/ImageIO.framework/Versions/A/Resources/libPng.dylib
0x00000000462c2000 	/System/Library/Frameworks/ImageIO.framework/Versions/A/Resources/libGIF.dylib
0x00000000462c2000 	/System/Library/Frameworks/ImageIO.framework/Versions/A/Resources/libJP2.dylib
0x00000000462c2000 	/System/Library/Frameworks/ImageIO.framework/Versions/A/Resources/libRadiance.dylib
0x00000000462c2000 	/usr/lib/libcompression.dylib
0x00000000462c2000 	/System/Library/PrivateFrameworks/AppleJPEG.framework/Versions/A/AppleJPEG
0x00000000462c2000 	/usr/lib/libcups.2.dylib
0x00000000462c2000 	/System/Library/Frameworks/Kerberos.framework/Versions/A/Kerberos
0x00000000462c2000 	/System/Library/Frameworks/GSS.framework/Versions/A/GSS
0x00000000462c2000 	/usr/lib/libresolv.9.dylib
0x00000000462c2000 	/usr/lib/libiconv.2.dylib
0x00000000462c2000 	/System/Library/PrivateFrameworks/Heimdal.framework/Versions/A/Heimdal
0x00000000462c2000 	/usr/lib/libheimdal-asn1.dylib
0x00000000462c2000 	/System/Library/Frameworks/OpenDirectory.framework/Versions/A/OpenDirectory
0x00000000462c2000 	/System/Library/PrivateFrameworks/CommonAuth.framework/Versions/A/CommonAuth
0x00000000462c2000 	/System/Library/Frameworks/OpenDirectory.framework/Versions/A/Frameworks/CFOpenDirectory.framework/Versions/A/CFOpenDirectory
0x00000000462c2000 	/System/Library/Frameworks/SecurityFoundation.framework/Versions/A/SecurityFoundation
0x00000000462c2000 	/System/Library/PrivateFrameworks/LanguageModeling.framework/Versions/A/LanguageModeling
0x00000000462c2000 	/usr/lib/libmarisa.dylib
0x00000000462c2000 	/usr/lib/libChineseTokenizer.dylib
0x00000000462c2000 	/usr/lib/libcmph.dylib
0x00000000462c2000 	/System/Library/PrivateFrameworks/CoreEmoji.framework/Versions/A/CoreEmoji
0x00000000462c2000 	/System/Library/Frameworks/ServiceManagement.framework/Versions/A/ServiceManagement
0x00000000462c2000 	/usr/lib/libxslt.1.dylib
0x00000000462c2000 	/System/Library/Frameworks/Carbon.framework/Versions/A/Frameworks/Ink.framework/Versions/A/Ink
0x00000000462c2000 	/System/Library/PrivateFrameworks/TextureIO.framework/Versions/A/TextureIO
0x00000000462c2000 	/System/Library/Frameworks/Metal.framework/Versions/A/Metal
0x00000000462c2000 	/usr/lib/libate.dylib
0x00000000462c2000 	/System/Library/PrivateFrameworks/GPUCompiler.framework/libmetal_timestamp.dylib
0x00000000462c2000 	/System/Library/Frameworks/OpenGL.framework/Versions/A/Libraries/libCoreFSCache.dylib
0x00000000462c2000 	/System/Library/PrivateFrameworks/IOAccelerator.framework/Versions/A/IOAccelerator
0x00000000462c2000 	/System/Library/Frameworks/CoreVideo.framework/Versions/A/CoreVideo
0x00000000462c2000 	/usr/lib/libFosl_dynamic.dylib
0x00000000462c2000 	/System/Library/PrivateFrameworks/MetalPerformanceShaders.framework/Versions/A/MetalPerformanceShaders
0x00000000462c2000 	/System/Library/PrivateFrameworks/FaceCore.framework/Versions/A/FaceCore
0x00000000462c2000 	/System/Library/Frameworks/OpenCL.framework/Versions/A/OpenCL
0x00000000462c2000 	/System/Library/Frameworks/OpenGL.framework/Versions/A/Libraries/libGLU.dylib
0x00000000462c2000 	/System/Library/Frameworks/OpenGL.framework/Versions/A/Libraries/libGFXShared.dylib
0x00000000462c2000 	/System/Library/Frameworks/OpenGL.framework/Versions/A/Libraries/libGL.dylib
0x00000000462c2000 	/System/Library/Frameworks/OpenGL.framework/Versions/A/Libraries/libGLImage.dylib
0x00000000462c2000 	/System/Library/Frameworks/OpenGL.framework/Versions/A/Libraries/libCVMSPluginSupport.dylib
0x00000000462c2000 	/System/Library/Frameworks/OpenGL.framework/Versions/A/Libraries/libCoreVMClient.dylib
0x00000000462c2000 	/System/Library/PrivateFrameworks/CrashReporterSupport.framework/Versions/A/CrashReporterSupport
0x00000000462c2000 	/System/Library/PrivateFrameworks/Sharing.framework/Versions/A/Sharing
0x00000000462c2000 	/System/Library/PrivateFrameworks/IconServices.framework/Versions/A/IconServices
0x00000000462c2000 	/System/Library/PrivateFrameworks/ProtocolBuffer.framework/Versions/A/ProtocolBuffer
0x00000000462c2000 	/System/Library/PrivateFrameworks/Apple80211.framework/Versions/A/Apple80211
0x00000000462c2000 	/System/Library/Frameworks/CoreWLAN.framework/Versions/A/CoreWLAN
0x00000000462c2000 	/System/Library/PrivateFrameworks/CoreUtils.framework/Versions/A/CoreUtils
0x00000000462c2000 	/System/Library/Frameworks/IOBluetooth.framework/Versions/A/IOBluetooth
0x00000000462c2000 	/System/Library/PrivateFrameworks/CoreWiFi.framework/Versions/A/CoreWiFi
0x00000000462c2000 	/System/Library/Frameworks/CoreBluetooth.framework/Versions/A/CoreBluetooth
0x00000000462c2000 	/System/Library/Frameworks/CoreDisplay.framework/Versions/A/CoreDisplay
0x00000000462c2000 	/System/Library/PrivateFrameworks/IOPresentment.framework/Versions/A/IOPresentment
0x00000000462c2000 	/System/Library/PrivateFrameworks/DSExternalDisplay.framework/Versions/A/DSExternalDisplay
0x00000000462c2000 	/System/Library/PrivateFrameworks/DebugSymbols.framework/Versions/A/DebugSymbols
0x00000000462c2000 	/System/Library/PrivateFrameworks/CoreSymbolication.framework/Versions/A/CoreSymbolication
0x00000000462c2000 	/System/Library/PrivateFrameworks/Symbolication.framework/Versions/A/Symbolication
0x00000000462c2000 	/System/Library/PrivateFrameworks/AppleFSCompression.framework/Versions/A/AppleFSCompression
0x00000000462c2000 	/System/Library/PrivateFrameworks/SpeechRecognitionCore.framework/Versions/A/SpeechRecognitionCore
0x00000000462c2000 	/System/Library/PrivateFrameworks/ChunkingLibrary.framework/Versions/A/ChunkingLibrary
0x000000010fe00000 	/Library/Java/JavaVirtualMachines/jdk1.8.0_144.jdk/Contents/Home/jre/lib/server/libjvm.dylib
0x00000000462c2000 	/usr/lib/libstdc++.6.dylib
0x000000010f457000 	/Library/Java/JavaVirtualMachines/jdk1.8.0_144.jdk/Contents/Home/jre/lib/libverify.dylib
0x000000010f465000 	/Library/Java/JavaVirtualMachines/jdk1.8.0_144.jdk/Contents/Home/jre/lib/libjava.dylib
0x000000010f4a4000 	/Library/Java/JavaVirtualMachines/jdk1.8.0_144.jdk/Contents/Home/jre/lib/libzip.dylib
0x00000001168ca000 	/System/Library/Frameworks/JavaVM.framework/Frameworks/JavaRuntimeSupport.framework/JavaRuntimeSupport
0x00000001168e4000 	/System/Library/Frameworks/JavaVM.framework/Versions/A/Frameworks/JavaNativeFoundation.framework/Versions/A/JavaNativeFoundation
0x000000010f5ef000 	/System/Library/Frameworks/JavaVM.framework/Versions/A/JavaVM
0x00000000462c2000 	/System/Library/Frameworks/Carbon.framework/Versions/A/Carbon
0x00000001168f9000 	/System/Library/PrivateFrameworks/JavaLaunching.framework/Versions/A/JavaLaunching
0x00000000462c2000 	/System/Library/Frameworks/Carbon.framework/Versions/A/Frameworks/CommonPanels.framework/Versions/A/CommonPanels
0x00000000462c2000 	/System/Library/Frameworks/Carbon.framework/Versions/A/Frameworks/Help.framework/Versions/A/Help
0x00000000462c2000 	/System/Library/Frameworks/Carbon.framework/Versions/A/Frameworks/ImageCapture.framework/Versions/A/ImageCapture
0x00000000462c2000 	/System/Library/Frameworks/Carbon.framework/Versions/A/Frameworks/OpenScripting.framework/Versions/A/OpenScripting
0x00000000462c2000 	/System/Library/Frameworks/Carbon.framework/Versions/A/Frameworks/Print.framework/Versions/A/Print
0x00000000462c2000 	/System/Library/Frameworks/Carbon.framework/Versions/A/Frameworks/SecurityHI.framework/Versions/A/SecurityHI
0x0000000127fa0000 	/Library/Java/JavaVirtualMachines/jdk1.8.0_144.jdk/Contents/Home/jre/lib/libawt.dylib
0x0000000128048000 	/Library/Java/JavaVirtualMachines/jdk1.8.0_144.jdk/Contents/Home/jre/lib/./libmlib_image.dylib
0x0000000128114000 	/Library/Java/JavaVirtualMachines/jdk1.8.0_144.jdk/Contents/Home/jre/lib/libawt_lwawt.dylib
0x00000001281cb000 	/Library/Java/JavaVirtualMachines/jdk1.8.0_144.jdk/Contents/Home/jre/lib/./libosxapp.dylib
0x00000000462c2000 	/System/Library/Frameworks/ExceptionHandling.framework/Versions/A/ExceptionHandling
0x00000000462c2000 	/System/Library/PrivateFrameworks/CoreServicesInternal.framework/Versions/A/CoreServicesInternal
0x00000000462c2000 	/System/Library/CoreServices/RawCamera.bundle/Contents/MacOS/RawCamera
0x00000000462c2000 	/System/Library/Frameworks/Accelerate.framework/Versions/A/Frameworks/vImage.framework/Versions/A/Libraries/libCGInterfaces.dylib
0x00000000462c2000 	/System/Library/Frameworks/ApplicationServices.framework/Versions/A/Frameworks/ATS.framework/Versions/A/Resources/libTrueTypeScaler.dylib
0x0000000129eaf000 	/System/Library/Frameworks/OpenGL.framework/Resources/GLEngine.bundle/GLEngine
0x00000000462c2000 	/System/Library/Frameworks/OpenGL.framework/Versions/A/Libraries/libGLProgrammability.dylib
0x000000012a094000 	/System/Library/Extensions/AppleIntelBDWGraphicsGLDriver.bundle/Contents/MacOS/AppleIntelBDWGraphicsGLDriver
0x00000000462c2000 	/System/Library/PrivateFrameworks/GPUSupport.framework/Versions/A/Libraries/libGPUSupportMercury.dylib
0x000000012a7fe000 	/System/Library/Frameworks/OpenGL.framework/Resources//GLRendererFloat.bundle/GLRendererFloat
0x00000000462c2000 	/System/Library/Frameworks/OpenCL.framework/Versions/A/Libraries/libcldcpuengine.dylib
0x00000000462c2000 	/usr/lib/libcrypto.0.9.8.dylib
0x00000000462c2000 	/System/Library/PrivateFrameworks/TrustEvaluationAgent.framework/Versions/A/TrustEvaluationAgent
0x000000012a832000 	/System/Library/Extensions/AppleIntelBDWGraphicsMTLDriver.bundle/Contents/MacOS/AppleIntelBDWGraphicsMTLDriver
0x00000000462c2000 	/System/Library/PrivateFrameworks/FamilyControls.framework/Versions/A/FamilyControls
0x00000000462c2000 	/System/Library/PrivateFrameworks/CommerceKit.framework/Versions/A/Frameworks/CommerceCore.framework/Versions/A/CommerceCore
0x00000000462c2000 	/System/Library/PrivateFrameworks/SystemAdministration.framework/Versions/A/SystemAdministration
0x00000000462c2000 	/System/Library/PrivateFrameworks/AppContainer.framework/Versions/A/AppContainer
0x00000000462c2000 	/System/Library/PrivateFrameworks/SecCodeWrapper.framework/Versions/A/SecCodeWrapper
0x00000000462c2000 	/System/Library/Frameworks/DirectoryService.framework/Versions/A/DirectoryService
0x00000000462c2000 	/System/Library/PrivateFrameworks/DiskImages.framework/Versions/A/DiskImages
0x00000000462c2000 	/System/Library/PrivateFrameworks/LoginUIKit.framework/Versions/A/Frameworks/LoginUICore.framework/Versions/A/LoginUICore
0x00000000462c2000 	/usr/lib/libCoreStorage.dylib
0x00000000462c2000 	/usr/lib/libcsfde.dylib
0x00000000462c2000 	/usr/lib/libodfde.dylib
0x00000000462c2000 	/System/Library/Frameworks/DiscRecording.framework/Versions/A/DiscRecording
0x00000000462c2000 	/usr/lib/libcurl.4.dylib
0x00000000462c2000 	/System/Library/PrivateFrameworks/MediaKit.framework/Versions/A/MediaKit
0x00000000462c2000 	/System/Library/PrivateFrameworks/ProtectedCloudStorage.framework/Versions/A/ProtectedCloudStorage
0x00000000462c2000 	/System/Library/PrivateFrameworks/EFILogin.framework/Versions/A/EFILogin
0x00000000462c2000 	/usr/lib/libutil.dylib
0x00000000462c2000 	/System/Library/Frameworks/LDAP.framework/Versions/A/LDAP
0x00000000462c2000 	/usr/lib/libsasl2.2.dylib
0x00000000462c2000 	/System/Library/PrivateFrameworks/CoreDaemon.framework/Versions/B/CoreDaemon
0x00000000462c2000 	/System/Library/PrivateFrameworks/AppleSRP.framework/Versions/A/AppleSRP
0x00000000462c2000 	/System/Library/PrivateFrameworks/APFS.framework/Versions/A/APFS
0x000000012c793000 	/Library/Java/JavaVirtualMachines/jdk1.8.0_144.jdk/Contents/Home/jre/lib/libfontmanager.dylib
0x000000012db0e000 	/Library/Java/JavaVirtualMachines/jdk1.8.0_144.jdk/Contents/Home/jre/lib/libosxui.dylib
0x00000000462c2000 	/System/Library/PrivateFrameworks/ViewBridge.framework/Versions/A/ViewBridge
0x00000000462c2000 	/System/Library/PrivateFrameworks/XPCService.framework/Versions/A/XPCService
0x00000000462c2000 	/System/Library/PrivateFrameworks/AppSandbox.framework/Versions/A/AppSandbox
0x00000000462c2000 	/usr/lib/libsandbox.1.dylib
0x00000000462c2000 	/usr/lib/libMatch.1.dylib
0x000000012e6cb000 	/Library/Java/JavaVirtualMachines/jdk1.8.0_144.jdk/Contents/Home/jre/lib/libnet.dylib
0x000000012e6e2000 	/Library/Java/JavaVirtualMachines/jdk1.8.0_144.jdk/Contents/Home/jre/lib/libnio.dylib
0x000000012d81d000 	/private/var/folders/4g/xxzpq2px2tg5jwrm0_jx44dc0000gn/T/jogamp_0000/file_cache/jln7958925868538919586/jln5555469827932837347/libgluegen-rt.jnilib
0x00000001999ce000 	/private/var/folders/4g/xxzpq2px2tg5jwrm0_jx44dc0000gn/T/jogamp_0000/file_cache/jln7958925868538919586/jln5555469827932837347/libnativewindow_awt.jnilib
0x00000001999d1000 	/Library/Java/JavaVirtualMachines/jdk1.8.0_144.jdk/Contents/Home/jre/lib/libjawt.dylib
0x00000001999d4000 	/private/var/folders/4g/xxzpq2px2tg5jwrm0_jx44dc0000gn/T/jogamp_0000/file_cache/jln7958925868538919586/jln5555469827932837347/libnativewindow_macosx.jnilib
0x000000019b61b000 	/private/var/folders/4g/xxzpq2px2tg5jwrm0_jx44dc0000gn/T/jogamp_0000/file_cache/jln7958925868538919586/jln5555469827932837347/libjogl_desktop.jnilib
0x000000019d1b8000 	/Library/Java/JavaVirtualMachines/jdk1.8.0_144.jdk/Contents/Home/jre/lib/libsunec.dylib
0x00000001999de000 	/Library/Java/JavaVirtualMachines/jdk1.8.0_144.jdk/Contents/Home/jre/lib/libjpeg.dylib
0x000000019d151000 	/Library/Java/JavaVirtualMachines/jdk1.8.0_144.jdk/Contents/Home/jre/lib/libt2k.dylib

VM Arguments:
jvm_args: -Djava.security.policy=java.policy.applet -Dfile.encoding=UTF-8 
java_command: sun.applet.AppletViewer module5.EarthquakeCityMap1506312537250.html
java_class_path (initial): /Users/BeenWu/Library/Mobile Documents/com~apple~CloudDocs/Eclipse Project/UCSDUnfoldingMaps/build:/Users/BeenWu/Library/Mobile Documents/com~apple~CloudDocs/Eclipse Project/UCSDUnfoldingMaps/lib/core.jar:/Users/BeenWu/Library/Mobile Documents/com~apple~CloudDocs/Eclipse Project/UCSDUnfoldingMaps/lib/gluegen-rt.jar:/Users/BeenWu/Library/Mobile Documents/com~apple~CloudDocs/Eclipse Project/UCSDUnfoldingMaps/lib/jogl-all.jar:/Users/BeenWu/Library/Mobile Documents/com~apple~CloudDocs/Eclipse Project/UCSDUnfoldingMaps/lib/log4j-1.2.15.jar:/Users/BeenWu/Library/Mobile Documents/com~apple~CloudDocs/Eclipse Project/UCSDUnfoldingMaps/lib/sqlite-jdbc-3.7.2.jar:/Users/BeenWu/Library/Mobile Documents/com~apple~CloudDocs/Eclipse Project/UCSDUnfoldingMaps/lib/json4processing.jar:/Users/BeenWu/Library/Mobile Documents/com~apple~CloudDocs/Eclipse Project/UCSDUnfoldingMaps/lib/libTUIO.jar:/Users/BeenWu/Library/Mobile Documents/com~apple~CloudDocs/Eclipse Project/UCSDUnfoldingMaps/lib/unfolding.0.9.7-uscd.jar
Launcher Type: SUN_STANDARD

Environment Variables:
PATH=/usr/bin:/bin:/usr/sbin:/sbin
SHELL=/bin/zsh

Signal Handlers:
SIGSEGV: [libjvm.dylib+0x5b26e5], sa_mask[0]=11111111011111110111111111111111, sa_flags=SA_ONSTACK|SA_RESTART|SA_SIGINFO
SIGBUS: [libjvm.dylib+0x5b26e5], sa_mask[0]=11111111011111110111111111111111, sa_flags=SA_RESTART|SA_SIGINFO
SIGFPE: [libjvm.dylib+0x489100], sa_mask[0]=11111111011111110111111111111111, sa_flags=SA_RESTART|SA_SIGINFO
SIGPIPE: [libjvm.dylib+0x489100], sa_mask[0]=11111111011111110111111111111111, sa_flags=SA_RESTART|SA_SIGINFO
SIGXFSZ: [libjvm.dylib+0x489100], sa_mask[0]=11111111011111110111111111111111, sa_flags=SA_RESTART|SA_SIGINFO
SIGILL: [libjvm.dylib+0x489100], sa_mask[0]=11111111011111110111111111111111, sa_flags=SA_RESTART|SA_SIGINFO
SIGUSR1: SIG_DFL, sa_mask[0]=00000000000000000000000000000000, sa_flags=none
SIGUSR2: [libjvm.dylib+0x488c1e], sa_mask[0]=00100000000000000000000000000000, sa_flags=SA_RESTART|SA_SIGINFO
SIGHUP: [libjvm.dylib+0x4871f5], sa_mask[0]=11111111011111110111111111111111, sa_flags=SA_RESTART|SA_SIGINFO
SIGINT: [libjvm.dylib+0x4871f5], sa_mask[0]=11111111011111110111111111111111, sa_flags=SA_RESTART|SA_SIGINFO
SIGTERM: [libjvm.dylib+0x4871f5], sa_mask[0]=11111111011111110111111111111111, sa_flags=SA_RESTART|SA_SIGINFO
SIGQUIT: [libjvm.dylib+0x4871f5], sa_mask[0]=11111111011111110111111111111111, sa_flags=SA_RESTART|SA_SIGINFO


---------------  S Y S T E M  ---------------

OS:Bsduname:Darwin 16.7.0 Darwin Kernel Version 16.7.0: Thu Jun 15 17:36:27 PDT 2017; root:xnu-3789.70.16~2/RELEASE_X86_64 x86_64
rlimit: STACK 8192k, CORE 0k, NPROC 709, NOFILE 10240, AS infinity
load average:2.15 1.87 1.68

CPU:total 4 (initial active 4) (2 cores per cpu, 2 threads per core) family 6 model 61 stepping 4, cmov, cx8, fxsr, mmx, sse, sse2, sse3, ssse3, sse4.1, sse4.2, popcnt, avx, avx2, aes, clmul, erms, 3dnowpref, lzcnt, ht, tsc, tscinvbit, bmi1, bmi2, adx

Memory: 4k page, physical 8388608k(821880k free)

/proc/meminfo:


vm_info: Java HotSpot(TM) 64-Bit Server VM (25.144-b01) for bsd-amd64 JRE (1.8.0_144-b01), built on Jul 21 2017 22:07:42 by "java_re" with gcc 4.2.1 (Based on Apple Inc. build 5658) (LLVM build 2336.11.00)

time: Mon Sep 25 00:09:27 2017
elapsed time: 29 seconds (0d 0h 0m 29s)

